INFO: [v++ 60-1306] Additional information associated with this v++ link can be found at:
	Reports: /home/user/yanlun/RAE/inside_func/build_dir.hw.xilinx_u55c_gen3x16_xdma_3_202210_1/reports/link
	Log files: /home/user/yanlun/RAE/inside_func/build_dir.hw.xilinx_u55c_gen3x16_xdma_3_202210_1/logs/link
WARNING: [v++ 60-2441] The option '--advanced.prop solution.hls_pre_tcl' is being deprecated. Please use '--hls.pre_tcl' option instead
INFO: [v++ 60-1548] Creating build summary session with primary output /home/user/yanlun/RAE/inside_func/build_dir.hw.xilinx_u55c_gen3x16_xdma_3_202210_1/alveo_hls4ml.xclbin.link_summary, at Thu Sep  7 01:11:39 2023
INFO: [v++ 60-1315] Creating rulecheck session with output '/home/user/yanlun/RAE/inside_func/build_dir.hw.xilinx_u55c_gen3x16_xdma_3_202210_1/reports/link/v++_link_alveo_hls4ml_guidance.html', at Thu Sep  7 01:11:39 2023
INFO: [v++ 60-895]   Target platform: /opt/xilinx/platforms/xilinx_u55c_gen3x16_xdma_3_202210_1/xilinx_u55c_gen3x16_xdma_3_202210_1.xpfm
INFO: [v++ 60-1578]   This platform contains Xilinx Shell Archive '/opt/xilinx/platforms/xilinx_u55c_gen3x16_xdma_3_202210_1/hw/hw.xsa'
INFO: [v++ 74-78] Compiler Version string: 2022.2
INFO: [v++ 60-629] Linking for hardware target
INFO: [v++ 60-423]   Target device: xilinx_u55c_gen3x16_xdma_3_202210_1
INFO: [v++ 60-1332] Run 'run_link' status: Not started
INFO: [v++ 60-1443] [01:11:44] Run run_link: Step system_link: Started
INFO: [v++ 60-1453] Command Line: system_link --xo /home/user/yanlun/RAE/inside_func/_x.hw.xilinx_u55c_gen3x16_xdma_3_202210_1/alveo_hls4ml.xo -keep --config /home/user/yanlun/RAE/inside_func/build_dir.hw.xilinx_u55c_gen3x16_xdma_3_202210_1/link/int/syslinkConfig.ini --xpfm /opt/xilinx/platforms/xilinx_u55c_gen3x16_xdma_3_202210_1/xilinx_u55c_gen3x16_xdma_3_202210_1.xpfm --target hw --output_dir /home/user/yanlun/RAE/inside_func/build_dir.hw.xilinx_u55c_gen3x16_xdma_3_202210_1/link/int --temp_dir /home/user/yanlun/RAE/inside_func/build_dir.hw.xilinx_u55c_gen3x16_xdma_3_202210_1/link/sys_link
INFO: [v++ 60-1454] Run Directory: /home/user/yanlun/RAE/inside_func/build_dir.hw.xilinx_u55c_gen3x16_xdma_3_202210_1/link/run_link
INFO: [SYSTEM_LINK 82-70] Extracting xo v3 file /home/user/yanlun/RAE/inside_func/_x.hw.xilinx_u55c_gen3x16_xdma_3_202210_1/alveo_hls4ml.xo
INFO: [SYSTEM_LINK 82-53] Creating IP database /home/user/yanlun/RAE/inside_func/build_dir.hw.xilinx_u55c_gen3x16_xdma_3_202210_1/link/sys_link/_sysl/.cdb/xd_ip_db.xml
INFO: [SYSTEM_LINK 82-38] [01:11:46] build_xd_ip_db started: /tools/Xilinx/Vitis/2022.2/bin/build_xd_ip_db -ip_search 0  -sds-pf /home/user/yanlun/RAE/inside_func/build_dir.hw.xilinx_u55c_gen3x16_xdma_3_202210_1/link/sys_link/hw.hpfm -clkid 0 -ip /home/user/yanlun/RAE/inside_func/build_dir.hw.xilinx_u55c_gen3x16_xdma_3_202210_1/link/sys_link/iprepo/xilinx_com_hls_alveo_hls4ml_1_0,alveo_hls4ml -o /home/user/yanlun/RAE/inside_func/build_dir.hw.xilinx_u55c_gen3x16_xdma_3_202210_1/link/sys_link/_sysl/.cdb/xd_ip_db.xml
INFO: [SYSTEM_LINK 82-37] [01:11:51] build_xd_ip_db finished successfully
Time (s): cpu = 00:00:04 ; elapsed = 00:00:04 . Memory (MB): peak = 429.328 ; gain = 0.000 ; free physical = 231968 ; free virtual = 296752
INFO: [SYSTEM_LINK 82-51] Create system connectivity graph
INFO: [SYSTEM_LINK 82-102] Applying explicit connections to the system connectivity graph: /home/user/yanlun/RAE/inside_func/build_dir.hw.xilinx_u55c_gen3x16_xdma_3_202210_1/link/sys_link/cfgraph/cfgen_cfgraph.xml
INFO: [SYSTEM_LINK 82-38] [01:11:51] cfgen started: /tools/Xilinx/Vitis/2022.2/bin/cfgen  -sp alveo_hls4ml_1.in:HBM[0] -sp alveo_hls4ml_1.initial:HBM[1] -sp alveo_hls4ml_1.in_w12:HBM[2] -sp alveo_hls4ml_1.in_wr12:HBM[3] -sp alveo_hls4ml_1.out:HBM[4] -dpa_mem_offload false -dmclkid 0 -r /home/user/yanlun/RAE/inside_func/build_dir.hw.xilinx_u55c_gen3x16_xdma_3_202210_1/link/sys_link/_sysl/.cdb/xd_ip_db.xml -o /home/user/yanlun/RAE/inside_func/build_dir.hw.xilinx_u55c_gen3x16_xdma_3_202210_1/link/sys_link/cfgraph/cfgen_cfgraph.xml
INFO: [CFGEN 83-0] Kernel Specs: 
INFO: [CFGEN 83-0]   kernel: alveo_hls4ml, num: 1  {alveo_hls4ml_1}
INFO: [CFGEN 83-0] Port Specs: 
INFO: [CFGEN 83-0]   kernel: alveo_hls4ml_1, k_port: in, sptag: HBM[0]
INFO: [CFGEN 83-0]   kernel: alveo_hls4ml_1, k_port: initial, sptag: HBM[1]
INFO: [CFGEN 83-0]   kernel: alveo_hls4ml_1, k_port: in_w12, sptag: HBM[2]
INFO: [CFGEN 83-0]   kernel: alveo_hls4ml_1, k_port: in_wr12, sptag: HBM[3]
INFO: [CFGEN 83-0]   kernel: alveo_hls4ml_1, k_port: out, sptag: HBM[4]
INFO: [SYSTEM_LINK 82-37] [01:12:00] cfgen finished successfully
Time (s): cpu = 00:00:09 ; elapsed = 00:00:10 . Memory (MB): peak = 429.328 ; gain = 0.000 ; free physical = 231686 ; free virtual = 294642
INFO: [SYSTEM_LINK 82-52] Create top-level block diagram
INFO: [SYSTEM_LINK 82-38] [01:12:00] cf2bd started: /tools/Xilinx/Vitis/2022.2/bin/cf2bd  --linux --trace_buffer 1024 --input_file /home/user/yanlun/RAE/inside_func/build_dir.hw.xilinx_u55c_gen3x16_xdma_3_202210_1/link/sys_link/cfgraph/cfgen_cfgraph.xml --ip_db /home/user/yanlun/RAE/inside_func/build_dir.hw.xilinx_u55c_gen3x16_xdma_3_202210_1/link/sys_link/_sysl/.cdb/xd_ip_db.xml --cf_name dr --working_dir /home/user/yanlun/RAE/inside_func/build_dir.hw.xilinx_u55c_gen3x16_xdma_3_202210_1/link/sys_link/_sysl/.xsd --temp_dir /home/user/yanlun/RAE/inside_func/build_dir.hw.xilinx_u55c_gen3x16_xdma_3_202210_1/link/sys_link --output_dir /home/user/yanlun/RAE/inside_func/build_dir.hw.xilinx_u55c_gen3x16_xdma_3_202210_1/link/int --target_bd ulp.bd
INFO: [CF2BD 82-31] Launching cf2xd: cf2xd -linux -trace-buffer 1024 -i /home/user/yanlun/RAE/inside_func/build_dir.hw.xilinx_u55c_gen3x16_xdma_3_202210_1/link/sys_link/cfgraph/cfgen_cfgraph.xml -r /home/user/yanlun/RAE/inside_func/build_dir.hw.xilinx_u55c_gen3x16_xdma_3_202210_1/link/sys_link/_sysl/.cdb/xd_ip_db.xml -o dr.xml
INFO: [CF2BD 82-28] cf2xd finished successfully
INFO: [CF2BD 82-31] Launching cf_xsd: cf_xsd -disable-address-gen -bd ulp.bd -dn dr -dp /home/user/yanlun/RAE/inside_func/build_dir.hw.xilinx_u55c_gen3x16_xdma_3_202210_1/link/sys_link/_sysl/.xsd
INFO: [CF2BD 82-28] cf_xsd finished successfully
INFO: [SYSTEM_LINK 82-37] [01:12:04] cf2bd finished successfully
Time (s): cpu = 00:00:04 ; elapsed = 00:00:04 . Memory (MB): peak = 429.328 ; gain = 0.000 ; free physical = 232205 ; free virtual = 297833
INFO: [v++ 60-1441] [01:12:04] Run run_link: Step system_link: Completed
Time (s): cpu = 00:00:20 ; elapsed = 00:00:21 . Memory (MB): peak = 450.570 ; gain = 0.000 ; free physical = 232269 ; free virtual = 297897
INFO: [v++ 60-1443] [01:12:05] Run run_link: Step cf2sw: Started
INFO: [v++ 60-1453] Command Line: cf2sw -sdsl /home/user/yanlun/RAE/inside_func/build_dir.hw.xilinx_u55c_gen3x16_xdma_3_202210_1/link/int/sdsl.dat -rtd /home/user/yanlun/RAE/inside_func/build_dir.hw.xilinx_u55c_gen3x16_xdma_3_202210_1/link/int/cf2sw.rtd -nofilter /home/user/yanlun/RAE/inside_func/build_dir.hw.xilinx_u55c_gen3x16_xdma_3_202210_1/link/int/cf2sw_full.rtd -xclbin /home/user/yanlun/RAE/inside_func/build_dir.hw.xilinx_u55c_gen3x16_xdma_3_202210_1/link/int/xclbin_orig.xml -o /home/user/yanlun/RAE/inside_func/build_dir.hw.xilinx_u55c_gen3x16_xdma_3_202210_1/link/int/xclbin_orig.1.xml
INFO: [v++ 60-1454] Run Directory: /home/user/yanlun/RAE/inside_func/build_dir.hw.xilinx_u55c_gen3x16_xdma_3_202210_1/link/run_link
INFO: [v++ 60-1441] [01:12:10] Run run_link: Step cf2sw: Completed
Time (s): cpu = 00:00:06 ; elapsed = 00:00:06 . Memory (MB): peak = 450.570 ; gain = 0.000 ; free physical = 229214 ; free virtual = 293909
INFO: [v++ 60-1443] [01:12:10] Run run_link: Step rtd2_system_diagram: Started
INFO: [v++ 60-1453] Command Line: rtd2SystemDiagram
INFO: [v++ 60-1454] Run Directory: /home/user/yanlun/RAE/inside_func/build_dir.hw.xilinx_u55c_gen3x16_xdma_3_202210_1/link/run_link
INFO: [v++ 60-1441] [01:12:11] Run run_link: Step rtd2_system_diagram: Completed
Time (s): cpu = 00:00:00.01 ; elapsed = 00:00:00.39 . Memory (MB): peak = 450.570 ; gain = 0.000 ; free physical = 228632 ; free virtual = 293443
INFO: [v++ 60-1443] [01:12:11] Run run_link: Step vpl: Started
INFO: [v++ 60-1453] Command Line: vpl -t hw -f xilinx_u55c_gen3x16_xdma_3_202210_1 -s --kernel_frequency 100 --remote_ip_cache /home/user/yanlun/RAE/inside_func/.ipcache --output_dir /home/user/yanlun/RAE/inside_func/build_dir.hw.xilinx_u55c_gen3x16_xdma_3_202210_1/link/int --log_dir /home/user/yanlun/RAE/inside_func/build_dir.hw.xilinx_u55c_gen3x16_xdma_3_202210_1/logs/link --report_dir /home/user/yanlun/RAE/inside_func/build_dir.hw.xilinx_u55c_gen3x16_xdma_3_202210_1/reports/link --config /home/user/yanlun/RAE/inside_func/build_dir.hw.xilinx_u55c_gen3x16_xdma_3_202210_1/link/int/vplConfig.ini -k /home/user/yanlun/RAE/inside_func/build_dir.hw.xilinx_u55c_gen3x16_xdma_3_202210_1/link/int/kernel_info.dat --webtalk_flag Vitis --temp_dir /home/user/yanlun/RAE/inside_func/build_dir.hw.xilinx_u55c_gen3x16_xdma_3_202210_1/link --no-info --iprepo /home/user/yanlun/RAE/inside_func/build_dir.hw.xilinx_u55c_gen3x16_xdma_3_202210_1/link/int/xo/ip_repo/xilinx_com_hls_alveo_hls4ml_1_0 --messageDb /home/user/yanlun/RAE/inside_func/build_dir.hw.xilinx_u55c_gen3x16_xdma_3_202210_1/link/run_link/vpl.pb /home/user/yanlun/RAE/inside_func/build_dir.hw.xilinx_u55c_gen3x16_xdma_3_202210_1/link/int/dr.bd.tcl
INFO: [v++ 60-1454] Run Directory: /home/user/yanlun/RAE/inside_func/build_dir.hw.xilinx_u55c_gen3x16_xdma_3_202210_1/link/run_link

****** vpl v2022.2 (64-bit)
  **** SW Build 3671529 on 2022-10-13-17:52:11
    ** Copyright 1986-2022 Xilinx, Inc. All Rights Reserved.

INFO: [VPL 60-839] Read in kernel information from file '/home/user/yanlun/RAE/inside_func/build_dir.hw.xilinx_u55c_gen3x16_xdma_3_202210_1/link/int/kernel_info.dat'.
INFO: [VPL 74-78] Compiler Version string: 2022.2
INFO: [VPL 60-423]   Target device: xilinx_u55c_gen3x16_xdma_3_202210_1
INFO: [VPL 60-1032] Extracting hardware platform to /home/user/yanlun/RAE/inside_func/build_dir.hw.xilinx_u55c_gen3x16_xdma_3_202210_1/link/vivado/vpl/.local/hw_platform
[01:12:24] Run vpl: Step create_project: Started
Creating Vivado project.
[01:12:38] Run vpl: Step create_project: Completed
[01:12:38] Run vpl: Step create_bd: Started
[01:13:11] Run vpl: Step create_bd: Completed
[01:13:11] Run vpl: Step update_bd: Started
[01:13:11] Run vpl: Step update_bd: Completed
[01:13:11] Run vpl: Step generate_target: Started
[01:14:09] Run vpl: Step generate_target: Completed
[01:14:09] Run vpl: Step config_hw_runs: Started
[01:15:24] Run vpl: Step config_hw_runs: RUNNING...
[01:16:28] Run vpl: Step config_hw_runs: Completed
[01:16:28] Run vpl: Step synth: Started
[01:16:58] Block-level synthesis in progress, 0 of 146 jobs complete, 8 jobs running.
[01:17:28] Block-level synthesis in progress, 0 of 146 jobs complete, 8 jobs running.
[01:17:59] Block-level synthesis in progress, 0 of 146 jobs complete, 8 jobs running.
[01:18:29] Block-level synthesis in progress, 0 of 146 jobs complete, 8 jobs running.
[01:18:59] Block-level synthesis in progress, 5 of 146 jobs complete, 3 jobs running.
[01:19:29] Block-level synthesis in progress, 12 of 146 jobs complete, 5 jobs running.
[01:19:59] Block-level synthesis in progress, 17 of 146 jobs complete, 7 jobs running.
[01:20:29] Block-level synthesis in progress, 18 of 146 jobs complete, 8 jobs running.
[01:21:00] Block-level synthesis in progress, 18 of 146 jobs complete, 8 jobs running.
[01:21:30] Block-level synthesis in progress, 20 of 146 jobs complete, 7 jobs running.
[01:22:00] Block-level synthesis in progress, 22 of 146 jobs complete, 6 jobs running.
[01:22:30] Block-level synthesis in progress, 26 of 146 jobs complete, 7 jobs running.
[01:23:00] Block-level synthesis in progress, 26 of 146 jobs complete, 8 jobs running.
[01:23:30] Block-level synthesis in progress, 28 of 146 jobs complete, 7 jobs running.
[01:24:01] Block-level synthesis in progress, 30 of 146 jobs complete, 6 jobs running.
[01:24:31] Block-level synthesis in progress, 34 of 146 jobs complete, 5 jobs running.
[01:25:01] Block-level synthesis in progress, 34 of 146 jobs complete, 8 jobs running.
[01:25:31] Block-level synthesis in progress, 35 of 146 jobs complete, 8 jobs running.
[01:26:01] Block-level synthesis in progress, 37 of 146 jobs complete, 6 jobs running.
[01:26:32] Block-level synthesis in progress, 42 of 146 jobs complete, 4 jobs running.
[01:27:02] Block-level synthesis in progress, 46 of 146 jobs complete, 7 jobs running.
[01:27:32] Block-level synthesis in progress, 54 of 146 jobs complete, 4 jobs running.
[01:28:02] Block-level synthesis in progress, 59 of 146 jobs complete, 4 jobs running.
[01:28:32] Block-level synthesis in progress, 64 of 146 jobs complete, 3 jobs running.
[01:29:03] Block-level synthesis in progress, 66 of 146 jobs complete, 8 jobs running.
[01:29:33] Block-level synthesis in progress, 70 of 146 jobs complete, 5 jobs running.
[01:30:03] Block-level synthesis in progress, 73 of 146 jobs complete, 6 jobs running.
[01:30:33] Block-level synthesis in progress, 79 of 146 jobs complete, 4 jobs running.
[01:31:04] Block-level synthesis in progress, 88 of 146 jobs complete, 4 jobs running.
[01:31:34] Block-level synthesis in progress, 92 of 146 jobs complete, 8 jobs running.
[01:32:04] Block-level synthesis in progress, 92 of 146 jobs complete, 8 jobs running.
[01:32:35] Block-level synthesis in progress, 92 of 146 jobs complete, 8 jobs running.
[01:33:05] Block-level synthesis in progress, 96 of 146 jobs complete, 6 jobs running.
[01:33:35] Block-level synthesis in progress, 99 of 146 jobs complete, 7 jobs running.
[01:34:06] Block-level synthesis in progress, 103 of 146 jobs complete, 6 jobs running.
[01:34:36] Block-level synthesis in progress, 106 of 146 jobs complete, 6 jobs running.
[01:35:06] Block-level synthesis in progress, 110 of 146 jobs complete, 7 jobs running.
[01:35:36] Block-level synthesis in progress, 113 of 146 jobs complete, 8 jobs running.
[01:36:07] Block-level synthesis in progress, 113 of 146 jobs complete, 8 jobs running.
[01:36:37] Block-level synthesis in progress, 116 of 146 jobs complete, 6 jobs running.
[01:37:07] Block-level synthesis in progress, 118 of 146 jobs complete, 7 jobs running.
[01:37:38] Block-level synthesis in progress, 121 of 146 jobs complete, 8 jobs running.
[01:38:08] Block-level synthesis in progress, 121 of 146 jobs complete, 8 jobs running.
[01:38:38] Block-level synthesis in progress, 124 of 146 jobs complete, 6 jobs running.
[01:39:09] Block-level synthesis in progress, 126 of 146 jobs complete, 7 jobs running.
[01:39:39] Block-level synthesis in progress, 129 of 146 jobs complete, 8 jobs running.
[01:40:09] Block-level synthesis in progress, 133 of 146 jobs complete, 7 jobs running.
[01:40:40] Block-level synthesis in progress, 136 of 146 jobs complete, 6 jobs running.
[01:41:10] Block-level synthesis in progress, 139 of 146 jobs complete, 5 jobs running.
[01:41:41] Block-level synthesis in progress, 141 of 146 jobs complete, 5 jobs running.
[01:42:11] Block-level synthesis in progress, 143 of 146 jobs complete, 3 jobs running.
[01:42:41] Block-level synthesis in progress, 145 of 146 jobs complete, 1 job running.
[01:43:12] Block-level synthesis in progress, 145 of 146 jobs complete, 1 job running.
[01:43:42] Block-level synthesis in progress, 145 of 146 jobs complete, 1 job running.
[01:44:13] Block-level synthesis in progress, 145 of 146 jobs complete, 1 job running.
[01:44:43] Block-level synthesis in progress, 145 of 146 jobs complete, 1 job running.
[01:45:13] Block-level synthesis in progress, 145 of 146 jobs complete, 1 job running.
[01:45:44] Block-level synthesis in progress, 145 of 146 jobs complete, 1 job running.
[01:46:14] Block-level synthesis in progress, 145 of 146 jobs complete, 1 job running.
[01:46:45] Block-level synthesis in progress, 145 of 146 jobs complete, 1 job running.
[01:47:15] Block-level synthesis in progress, 145 of 146 jobs complete, 1 job running.
[01:47:45] Block-level synthesis in progress, 145 of 146 jobs complete, 1 job running.
[01:48:16] Block-level synthesis in progress, 145 of 146 jobs complete, 1 job running.
[01:48:46] Block-level synthesis in progress, 145 of 146 jobs complete, 1 job running.
[01:49:17] Block-level synthesis in progress, 145 of 146 jobs complete, 1 job running.
[01:49:47] Block-level synthesis in progress, 145 of 146 jobs complete, 1 job running.
[01:50:17] Block-level synthesis in progress, 145 of 146 jobs complete, 1 job running.
[01:50:48] Block-level synthesis in progress, 145 of 146 jobs complete, 1 job running.
[01:51:18] Block-level synthesis in progress, 145 of 146 jobs complete, 1 job running.
[01:51:49] Block-level synthesis in progress, 145 of 146 jobs complete, 1 job running.
[01:52:19] Block-level synthesis in progress, 145 of 146 jobs complete, 1 job running.
[01:52:49] Block-level synthesis in progress, 145 of 146 jobs complete, 1 job running.
[01:53:20] Block-level synthesis in progress, 145 of 146 jobs complete, 1 job running.
[01:53:50] Block-level synthesis in progress, 145 of 146 jobs complete, 1 job running.
[01:54:21] Block-level synthesis in progress, 145 of 146 jobs complete, 1 job running.
[01:54:51] Block-level synthesis in progress, 145 of 146 jobs complete, 1 job running.
[01:55:21] Block-level synthesis in progress, 145 of 146 jobs complete, 1 job running.
[01:55:52] Block-level synthesis in progress, 145 of 146 jobs complete, 1 job running.
[01:56:22] Block-level synthesis in progress, 145 of 146 jobs complete, 1 job running.
[01:56:52] Block-level synthesis in progress, 145 of 146 jobs complete, 1 job running.
[01:57:23] Block-level synthesis in progress, 145 of 146 jobs complete, 1 job running.
[01:57:53] Block-level synthesis in progress, 145 of 146 jobs complete, 1 job running.
[01:58:24] Block-level synthesis in progress, 145 of 146 jobs complete, 1 job running.
[01:58:54] Block-level synthesis in progress, 145 of 146 jobs complete, 1 job running.
[01:59:24] Block-level synthesis in progress, 145 of 146 jobs complete, 1 job running.
[01:59:55] Block-level synthesis in progress, 145 of 146 jobs complete, 1 job running.
[02:00:25] Block-level synthesis in progress, 145 of 146 jobs complete, 1 job running.
[02:00:56] Block-level synthesis in progress, 145 of 146 jobs complete, 1 job running.
[02:01:26] Block-level synthesis in progress, 145 of 146 jobs complete, 1 job running.
[02:01:56] Block-level synthesis in progress, 145 of 146 jobs complete, 1 job running.
[02:02:27] Block-level synthesis in progress, 145 of 146 jobs complete, 1 job running.
[02:02:57] Block-level synthesis in progress, 145 of 146 jobs complete, 1 job running.
[02:03:28] Block-level synthesis in progress, 145 of 146 jobs complete, 1 job running.
[02:03:58] Block-level synthesis in progress, 145 of 146 jobs complete, 1 job running.
[02:04:28] Block-level synthesis in progress, 145 of 146 jobs complete, 1 job running.
[02:04:59] Block-level synthesis in progress, 145 of 146 jobs complete, 1 job running.
[02:05:29] Block-level synthesis in progress, 145 of 146 jobs complete, 1 job running.
[02:05:59] Block-level synthesis in progress, 145 of 146 jobs complete, 1 job running.
[02:06:30] Block-level synthesis in progress, 145 of 146 jobs complete, 1 job running.
[02:07:00] Block-level synthesis in progress, 145 of 146 jobs complete, 1 job running.
[02:07:31] Block-level synthesis in progress, 145 of 146 jobs complete, 1 job running.
[02:08:01] Block-level synthesis in progress, 145 of 146 jobs complete, 1 job running.
[02:08:31] Block-level synthesis in progress, 145 of 146 jobs complete, 1 job running.
[02:09:02] Block-level synthesis in progress, 145 of 146 jobs complete, 1 job running.
[02:09:32] Block-level synthesis in progress, 145 of 146 jobs complete, 1 job running.
[02:10:03] Block-level synthesis in progress, 145 of 146 jobs complete, 1 job running.
[02:10:33] Block-level synthesis in progress, 145 of 146 jobs complete, 1 job running.
[02:11:03] Block-level synthesis in progress, 145 of 146 jobs complete, 1 job running.
[02:11:34] Block-level synthesis in progress, 145 of 146 jobs complete, 1 job running.
[02:12:04] Block-level synthesis in progress, 145 of 146 jobs complete, 1 job running.
[02:12:35] Block-level synthesis in progress, 145 of 146 jobs complete, 1 job running.
[02:13:05] Block-level synthesis in progress, 145 of 146 jobs complete, 1 job running.
[02:13:35] Block-level synthesis in progress, 145 of 146 jobs complete, 1 job running.
[02:14:06] Block-level synthesis in progress, 145 of 146 jobs complete, 1 job running.
[02:14:36] Block-level synthesis in progress, 145 of 146 jobs complete, 1 job running.
[02:15:07] Block-level synthesis in progress, 145 of 146 jobs complete, 1 job running.
[02:15:37] Block-level synthesis in progress, 145 of 146 jobs complete, 1 job running.
[02:16:07] Block-level synthesis in progress, 145 of 146 jobs complete, 1 job running.
[02:16:38] Block-level synthesis in progress, 145 of 146 jobs complete, 1 job running.
[02:17:08] Block-level synthesis in progress, 145 of 146 jobs complete, 1 job running.
[02:17:38] Block-level synthesis in progress, 145 of 146 jobs complete, 1 job running.
[02:18:09] Block-level synthesis in progress, 145 of 146 jobs complete, 1 job running.
[02:18:39] Block-level synthesis in progress, 145 of 146 jobs complete, 1 job running.
[02:19:10] Block-level synthesis in progress, 145 of 146 jobs complete, 1 job running.
[02:19:40] Block-level synthesis in progress, 145 of 146 jobs complete, 1 job running.
[02:20:10] Block-level synthesis in progress, 145 of 146 jobs complete, 1 job running.
[02:20:41] Block-level synthesis in progress, 145 of 146 jobs complete, 1 job running.
[02:21:11] Block-level synthesis in progress, 145 of 146 jobs complete, 1 job running.
[02:21:42] Block-level synthesis in progress, 145 of 146 jobs complete, 1 job running.
[02:22:12] Block-level synthesis in progress, 145 of 146 jobs complete, 1 job running.
[02:22:42] Block-level synthesis in progress, 145 of 146 jobs complete, 1 job running.
[02:23:13] Block-level synthesis in progress, 145 of 146 jobs complete, 1 job running.
[02:23:43] Block-level synthesis in progress, 145 of 146 jobs complete, 1 job running.
[02:24:13] Block-level synthesis in progress, 145 of 146 jobs complete, 1 job running.
[02:24:44] Block-level synthesis in progress, 145 of 146 jobs complete, 1 job running.
[02:25:14] Block-level synthesis in progress, 145 of 146 jobs complete, 1 job running.
[02:25:45] Block-level synthesis in progress, 145 of 146 jobs complete, 1 job running.
[02:26:15] Block-level synthesis in progress, 145 of 146 jobs complete, 1 job running.
[02:26:45] Block-level synthesis in progress, 145 of 146 jobs complete, 1 job running.
[02:27:16] Block-level synthesis in progress, 145 of 146 jobs complete, 1 job running.
[02:27:46] Block-level synthesis in progress, 145 of 146 jobs complete, 1 job running.
[02:28:17] Block-level synthesis in progress, 145 of 146 jobs complete, 1 job running.
[02:28:47] Block-level synthesis in progress, 145 of 146 jobs complete, 1 job running.
[02:29:17] Block-level synthesis in progress, 145 of 146 jobs complete, 1 job running.
[02:29:48] Block-level synthesis in progress, 145 of 146 jobs complete, 1 job running.
[02:30:18] Block-level synthesis in progress, 145 of 146 jobs complete, 1 job running.
[02:30:49] Block-level synthesis in progress, 145 of 146 jobs complete, 1 job running.
[02:31:19] Block-level synthesis in progress, 145 of 146 jobs complete, 1 job running.
[02:31:49] Block-level synthesis in progress, 145 of 146 jobs complete, 1 job running.
[02:32:20] Block-level synthesis in progress, 145 of 146 jobs complete, 1 job running.
[02:32:50] Block-level synthesis in progress, 145 of 146 jobs complete, 1 job running.
[02:33:21] Block-level synthesis in progress, 145 of 146 jobs complete, 1 job running.
[02:33:51] Block-level synthesis in progress, 145 of 146 jobs complete, 1 job running.
[02:34:21] Block-level synthesis in progress, 145 of 146 jobs complete, 1 job running.
[02:34:52] Block-level synthesis in progress, 145 of 146 jobs complete, 1 job running.
[02:35:22] Block-level synthesis in progress, 145 of 146 jobs complete, 1 job running.
[02:35:53] Block-level synthesis in progress, 145 of 146 jobs complete, 1 job running.
[02:36:23] Block-level synthesis in progress, 145 of 146 jobs complete, 1 job running.
[02:36:53] Block-level synthesis in progress, 145 of 146 jobs complete, 1 job running.
[02:37:24] Block-level synthesis in progress, 145 of 146 jobs complete, 1 job running.
[02:37:54] Block-level synthesis in progress, 145 of 146 jobs complete, 1 job running.
[02:38:25] Block-level synthesis in progress, 145 of 146 jobs complete, 1 job running.
[02:38:55] Block-level synthesis in progress, 145 of 146 jobs complete, 1 job running.
[02:39:25] Block-level synthesis in progress, 145 of 146 jobs complete, 1 job running.
[02:39:56] Block-level synthesis in progress, 145 of 146 jobs complete, 1 job running.
[02:40:26] Block-level synthesis in progress, 145 of 146 jobs complete, 1 job running.
[02:40:57] Block-level synthesis in progress, 145 of 146 jobs complete, 1 job running.
[02:41:27] Block-level synthesis in progress, 145 of 146 jobs complete, 1 job running.
[02:41:57] Block-level synthesis in progress, 145 of 146 jobs complete, 1 job running.
[02:42:28] Block-level synthesis in progress, 145 of 146 jobs complete, 1 job running.
[02:42:58] Block-level synthesis in progress, 145 of 146 jobs complete, 1 job running.
[02:43:28] Block-level synthesis in progress, 145 of 146 jobs complete, 1 job running.
[02:43:59] Block-level synthesis in progress, 145 of 146 jobs complete, 1 job running.
[02:44:29] Block-level synthesis in progress, 145 of 146 jobs complete, 1 job running.
[02:45:00] Block-level synthesis in progress, 145 of 146 jobs complete, 1 job running.
[02:45:30] Block-level synthesis in progress, 145 of 146 jobs complete, 1 job running.
[02:46:00] Block-level synthesis in progress, 145 of 146 jobs complete, 1 job running.
[02:46:31] Block-level synthesis in progress, 145 of 146 jobs complete, 1 job running.
[02:47:01] Block-level synthesis in progress, 145 of 146 jobs complete, 1 job running.
[02:47:32] Block-level synthesis in progress, 145 of 146 jobs complete, 1 job running.
[02:48:02] Block-level synthesis in progress, 145 of 146 jobs complete, 1 job running.
[02:48:32] Block-level synthesis in progress, 145 of 146 jobs complete, 1 job running.
[02:49:03] Block-level synthesis in progress, 145 of 146 jobs complete, 1 job running.
[02:49:33] Block-level synthesis in progress, 145 of 146 jobs complete, 1 job running.
[02:50:04] Block-level synthesis in progress, 145 of 146 jobs complete, 1 job running.
[02:50:34] Block-level synthesis in progress, 145 of 146 jobs complete, 1 job running.
[02:51:04] Block-level synthesis in progress, 145 of 146 jobs complete, 1 job running.
[02:51:35] Block-level synthesis in progress, 145 of 146 jobs complete, 1 job running.
[02:52:05] Block-level synthesis in progress, 145 of 146 jobs complete, 1 job running.
[02:52:36] Block-level synthesis in progress, 145 of 146 jobs complete, 1 job running.
[02:53:06] Block-level synthesis in progress, 145 of 146 jobs complete, 1 job running.
[02:53:36] Block-level synthesis in progress, 145 of 146 jobs complete, 1 job running.
[02:54:07] Block-level synthesis in progress, 145 of 146 jobs complete, 1 job running.
[02:54:37] Block-level synthesis in progress, 145 of 146 jobs complete, 1 job running.
[02:55:08] Block-level synthesis in progress, 145 of 146 jobs complete, 1 job running.
[02:55:38] Block-level synthesis in progress, 145 of 146 jobs complete, 1 job running.
[02:56:08] Block-level synthesis in progress, 145 of 146 jobs complete, 1 job running.
[02:56:39] Block-level synthesis in progress, 145 of 146 jobs complete, 1 job running.
[02:57:09] Block-level synthesis in progress, 145 of 146 jobs complete, 1 job running.
[02:57:39] Block-level synthesis in progress, 145 of 146 jobs complete, 1 job running.
[02:58:10] Block-level synthesis in progress, 145 of 146 jobs complete, 1 job running.
[02:58:40] Block-level synthesis in progress, 145 of 146 jobs complete, 1 job running.
[02:59:11] Block-level synthesis in progress, 145 of 146 jobs complete, 1 job running.
[02:59:41] Block-level synthesis in progress, 145 of 146 jobs complete, 1 job running.
[03:00:11] Block-level synthesis in progress, 145 of 146 jobs complete, 1 job running.
[03:00:42] Block-level synthesis in progress, 145 of 146 jobs complete, 1 job running.
[03:01:12] Block-level synthesis in progress, 145 of 146 jobs complete, 1 job running.
[03:01:43] Block-level synthesis in progress, 145 of 146 jobs complete, 1 job running.
[03:02:13] Block-level synthesis in progress, 145 of 146 jobs complete, 1 job running.
[03:02:43] Block-level synthesis in progress, 145 of 146 jobs complete, 1 job running.
[03:03:14] Block-level synthesis in progress, 145 of 146 jobs complete, 1 job running.
[03:03:44] Block-level synthesis in progress, 145 of 146 jobs complete, 1 job running.
[03:04:15] Block-level synthesis in progress, 145 of 146 jobs complete, 1 job running.
[03:04:45] Block-level synthesis in progress, 145 of 146 jobs complete, 1 job running.
[03:05:15] Block-level synthesis in progress, 145 of 146 jobs complete, 1 job running.
[03:05:46] Block-level synthesis in progress, 145 of 146 jobs complete, 1 job running.
[03:06:16] Block-level synthesis in progress, 145 of 146 jobs complete, 1 job running.
[03:06:47] Block-level synthesis in progress, 145 of 146 jobs complete, 1 job running.
[03:07:17] Block-level synthesis in progress, 145 of 146 jobs complete, 1 job running.
[03:07:47] Block-level synthesis in progress, 145 of 146 jobs complete, 1 job running.
[03:08:18] Block-level synthesis in progress, 145 of 146 jobs complete, 1 job running.
[03:08:48] Block-level synthesis in progress, 145 of 146 jobs complete, 1 job running.
[03:09:18] Block-level synthesis in progress, 145 of 146 jobs complete, 1 job running.
[03:09:49] Block-level synthesis in progress, 145 of 146 jobs complete, 1 job running.
[03:10:19] Block-level synthesis in progress, 145 of 146 jobs complete, 1 job running.
[03:10:50] Block-level synthesis in progress, 145 of 146 jobs complete, 1 job running.
[03:11:20] Block-level synthesis in progress, 145 of 146 jobs complete, 1 job running.
[03:11:50] Block-level synthesis in progress, 145 of 146 jobs complete, 1 job running.
[03:12:21] Block-level synthesis in progress, 145 of 146 jobs complete, 1 job running.
[03:12:51] Block-level synthesis in progress, 145 of 146 jobs complete, 1 job running.
[03:13:21] Block-level synthesis in progress, 145 of 146 jobs complete, 1 job running.
[03:13:52] Block-level synthesis in progress, 145 of 146 jobs complete, 1 job running.
[03:14:22] Block-level synthesis in progress, 145 of 146 jobs complete, 1 job running.
[03:14:53] Block-level synthesis in progress, 145 of 146 jobs complete, 1 job running.
[03:15:23] Block-level synthesis in progress, 145 of 146 jobs complete, 1 job running.
[03:15:53] Block-level synthesis in progress, 145 of 146 jobs complete, 1 job running.
[03:16:24] Block-level synthesis in progress, 145 of 146 jobs complete, 1 job running.
[03:16:54] Block-level synthesis in progress, 145 of 146 jobs complete, 1 job running.
[03:17:25] Block-level synthesis in progress, 145 of 146 jobs complete, 1 job running.
[03:17:55] Block-level synthesis in progress, 145 of 146 jobs complete, 1 job running.
[03:18:25] Block-level synthesis in progress, 145 of 146 jobs complete, 1 job running.
[03:18:56] Block-level synthesis in progress, 145 of 146 jobs complete, 1 job running.
[03:19:26] Block-level synthesis in progress, 145 of 146 jobs complete, 1 job running.
[03:19:57] Block-level synthesis in progress, 145 of 146 jobs complete, 1 job running.
[03:20:27] Block-level synthesis in progress, 145 of 146 jobs complete, 1 job running.
[03:20:57] Block-level synthesis in progress, 145 of 146 jobs complete, 1 job running.
[03:21:28] Block-level synthesis in progress, 145 of 146 jobs complete, 1 job running.
[03:21:58] Block-level synthesis in progress, 145 of 146 jobs complete, 1 job running.
[03:22:29] Block-level synthesis in progress, 145 of 146 jobs complete, 1 job running.
[03:22:59] Block-level synthesis in progress, 145 of 146 jobs complete, 1 job running.
[03:23:29] Block-level synthesis in progress, 145 of 146 jobs complete, 1 job running.
[03:24:00] Block-level synthesis in progress, 145 of 146 jobs complete, 1 job running.
[03:24:30] Block-level synthesis in progress, 145 of 146 jobs complete, 1 job running.
[03:25:00] Block-level synthesis in progress, 145 of 146 jobs complete, 1 job running.
[03:25:31] Block-level synthesis in progress, 145 of 146 jobs complete, 1 job running.
[03:26:01] Block-level synthesis in progress, 145 of 146 jobs complete, 1 job running.
[03:26:32] Block-level synthesis in progress, 145 of 146 jobs complete, 1 job running.
[03:27:02] Block-level synthesis in progress, 145 of 146 jobs complete, 1 job running.
[03:27:32] Block-level synthesis in progress, 145 of 146 jobs complete, 1 job running.
[03:28:03] Block-level synthesis in progress, 145 of 146 jobs complete, 1 job running.
[03:28:33] Block-level synthesis in progress, 145 of 146 jobs complete, 1 job running.
[03:29:04] Block-level synthesis in progress, 145 of 146 jobs complete, 1 job running.
[03:29:34] Block-level synthesis in progress, 145 of 146 jobs complete, 1 job running.
[03:30:04] Block-level synthesis in progress, 145 of 146 jobs complete, 1 job running.
[03:30:35] Block-level synthesis in progress, 145 of 146 jobs complete, 1 job running.
[03:31:05] Block-level synthesis in progress, 145 of 146 jobs complete, 1 job running.
[03:31:36] Block-level synthesis in progress, 145 of 146 jobs complete, 1 job running.
[03:32:06] Block-level synthesis in progress, 145 of 146 jobs complete, 1 job running.
[03:32:36] Block-level synthesis in progress, 145 of 146 jobs complete, 1 job running.
[03:33:07] Block-level synthesis in progress, 145 of 146 jobs complete, 1 job running.
[03:33:37] Block-level synthesis in progress, 145 of 146 jobs complete, 1 job running.
[03:34:08] Block-level synthesis in progress, 145 of 146 jobs complete, 1 job running.
[03:34:38] Block-level synthesis in progress, 145 of 146 jobs complete, 1 job running.
[03:35:08] Block-level synthesis in progress, 145 of 146 jobs complete, 1 job running.
[03:35:39] Block-level synthesis in progress, 145 of 146 jobs complete, 1 job running.
[03:36:09] Block-level synthesis in progress, 145 of 146 jobs complete, 1 job running.
[03:36:40] Block-level synthesis in progress, 145 of 146 jobs complete, 1 job running.
[03:37:10] Block-level synthesis in progress, 145 of 146 jobs complete, 1 job running.
[03:37:40] Block-level synthesis in progress, 145 of 146 jobs complete, 1 job running.
[03:38:11] Block-level synthesis in progress, 145 of 146 jobs complete, 1 job running.
[03:38:41] Block-level synthesis in progress, 145 of 146 jobs complete, 1 job running.
[03:39:11] Block-level synthesis in progress, 145 of 146 jobs complete, 1 job running.
[03:39:42] Block-level synthesis in progress, 145 of 146 jobs complete, 1 job running.
[03:40:12] Block-level synthesis in progress, 145 of 146 jobs complete, 1 job running.
[03:40:43] Block-level synthesis in progress, 145 of 146 jobs complete, 1 job running.
[03:41:13] Block-level synthesis in progress, 145 of 146 jobs complete, 1 job running.
[03:41:43] Block-level synthesis in progress, 145 of 146 jobs complete, 1 job running.
[03:42:14] Block-level synthesis in progress, 145 of 146 jobs complete, 1 job running.
[03:42:44] Block-level synthesis in progress, 145 of 146 jobs complete, 1 job running.
[03:43:15] Block-level synthesis in progress, 145 of 146 jobs complete, 1 job running.
[03:43:45] Block-level synthesis in progress, 145 of 146 jobs complete, 1 job running.
[03:44:15] Block-level synthesis in progress, 145 of 146 jobs complete, 1 job running.
[03:44:46] Block-level synthesis in progress, 145 of 146 jobs complete, 1 job running.
[03:45:16] Block-level synthesis in progress, 145 of 146 jobs complete, 1 job running.
[03:45:47] Block-level synthesis in progress, 145 of 146 jobs complete, 1 job running.
[03:46:17] Block-level synthesis in progress, 145 of 146 jobs complete, 1 job running.
[03:46:47] Block-level synthesis in progress, 145 of 146 jobs complete, 1 job running.
[03:47:18] Block-level synthesis in progress, 145 of 146 jobs complete, 1 job running.
[03:47:48] Block-level synthesis in progress, 145 of 146 jobs complete, 1 job running.
[03:48:18] Block-level synthesis in progress, 145 of 146 jobs complete, 1 job running.
[03:48:49] Block-level synthesis in progress, 145 of 146 jobs complete, 1 job running.
[03:49:19] Block-level synthesis in progress, 145 of 146 jobs complete, 1 job running.
[03:49:50] Block-level synthesis in progress, 145 of 146 jobs complete, 1 job running.
[03:50:20] Block-level synthesis in progress, 145 of 146 jobs complete, 1 job running.
[03:50:50] Block-level synthesis in progress, 145 of 146 jobs complete, 1 job running.
[03:51:21] Block-level synthesis in progress, 145 of 146 jobs complete, 1 job running.
[03:51:51] Block-level synthesis in progress, 145 of 146 jobs complete, 1 job running.
[03:52:22] Block-level synthesis in progress, 145 of 146 jobs complete, 1 job running.
[03:52:52] Block-level synthesis in progress, 145 of 146 jobs complete, 1 job running.
[03:53:22] Block-level synthesis in progress, 145 of 146 jobs complete, 1 job running.
[03:53:53] Block-level synthesis in progress, 145 of 146 jobs complete, 1 job running.
[03:54:23] Block-level synthesis in progress, 145 of 146 jobs complete, 1 job running.
[03:54:54] Block-level synthesis in progress, 145 of 146 jobs complete, 1 job running.
[03:55:24] Block-level synthesis in progress, 145 of 146 jobs complete, 1 job running.
[03:55:54] Block-level synthesis in progress, 145 of 146 jobs complete, 1 job running.
[03:56:25] Block-level synthesis in progress, 145 of 146 jobs complete, 1 job running.
[03:56:55] Block-level synthesis in progress, 145 of 146 jobs complete, 1 job running.
[03:57:26] Block-level synthesis in progress, 145 of 146 jobs complete, 1 job running.
[03:57:56] Block-level synthesis in progress, 145 of 146 jobs complete, 1 job running.
[03:58:26] Block-level synthesis in progress, 145 of 146 jobs complete, 1 job running.
[03:58:57] Block-level synthesis in progress, 145 of 146 jobs complete, 1 job running.
[03:59:27] Block-level synthesis in progress, 145 of 146 jobs complete, 1 job running.
[03:59:57] Block-level synthesis in progress, 145 of 146 jobs complete, 1 job running.
[04:00:28] Block-level synthesis in progress, 145 of 146 jobs complete, 1 job running.
[04:00:58] Block-level synthesis in progress, 145 of 146 jobs complete, 1 job running.
[04:01:29] Block-level synthesis in progress, 145 of 146 jobs complete, 1 job running.
[04:01:59] Block-level synthesis in progress, 145 of 146 jobs complete, 1 job running.
[04:02:29] Block-level synthesis in progress, 145 of 146 jobs complete, 1 job running.
[04:03:00] Block-level synthesis in progress, 145 of 146 jobs complete, 1 job running.
[04:03:30] Block-level synthesis in progress, 145 of 146 jobs complete, 1 job running.
[04:04:01] Block-level synthesis in progress, 145 of 146 jobs complete, 1 job running.
[04:04:31] Block-level synthesis in progress, 145 of 146 jobs complete, 1 job running.
[04:05:01] Block-level synthesis in progress, 145 of 146 jobs complete, 1 job running.
[04:05:32] Block-level synthesis in progress, 145 of 146 jobs complete, 1 job running.
[04:06:02] Block-level synthesis in progress, 145 of 146 jobs complete, 1 job running.
[04:06:32] Block-level synthesis in progress, 145 of 146 jobs complete, 1 job running.
[04:07:03] Block-level synthesis in progress, 145 of 146 jobs complete, 1 job running.
[04:07:33] Block-level synthesis in progress, 145 of 146 jobs complete, 1 job running.
[04:08:04] Block-level synthesis in progress, 145 of 146 jobs complete, 1 job running.
[04:08:34] Block-level synthesis in progress, 145 of 146 jobs complete, 1 job running.
[04:09:04] Block-level synthesis in progress, 145 of 146 jobs complete, 1 job running.
[04:09:35] Block-level synthesis in progress, 145 of 146 jobs complete, 1 job running.
[04:10:05] Block-level synthesis in progress, 145 of 146 jobs complete, 1 job running.
[04:10:36] Block-level synthesis in progress, 145 of 146 jobs complete, 1 job running.
[04:11:06] Block-level synthesis in progress, 145 of 146 jobs complete, 1 job running.
[04:11:36] Block-level synthesis in progress, 145 of 146 jobs complete, 1 job running.
[04:12:07] Block-level synthesis in progress, 145 of 146 jobs complete, 1 job running.
[04:12:37] Block-level synthesis in progress, 145 of 146 jobs complete, 1 job running.
[04:13:07] Block-level synthesis in progress, 145 of 146 jobs complete, 1 job running.
[04:13:38] Block-level synthesis in progress, 145 of 146 jobs complete, 1 job running.
[04:14:08] Block-level synthesis in progress, 145 of 146 jobs complete, 1 job running.
[04:14:39] Block-level synthesis in progress, 145 of 146 jobs complete, 1 job running.
[04:15:09] Block-level synthesis in progress, 145 of 146 jobs complete, 1 job running.
[04:15:39] Block-level synthesis in progress, 145 of 146 jobs complete, 1 job running.
[04:16:10] Block-level synthesis in progress, 145 of 146 jobs complete, 1 job running.
[04:16:40] Block-level synthesis in progress, 145 of 146 jobs complete, 1 job running.
[04:17:10] Block-level synthesis in progress, 145 of 146 jobs complete, 1 job running.
[04:17:41] Block-level synthesis in progress, 145 of 146 jobs complete, 1 job running.
[04:18:11] Block-level synthesis in progress, 145 of 146 jobs complete, 1 job running.
[04:18:41] Block-level synthesis in progress, 145 of 146 jobs complete, 1 job running.
[04:19:12] Block-level synthesis in progress, 145 of 146 jobs complete, 1 job running.
[04:19:42] Block-level synthesis in progress, 145 of 146 jobs complete, 1 job running.
[04:20:13] Block-level synthesis in progress, 145 of 146 jobs complete, 1 job running.
[04:20:43] Block-level synthesis in progress, 145 of 146 jobs complete, 1 job running.
[04:21:13] Block-level synthesis in progress, 145 of 146 jobs complete, 1 job running.
[04:21:44] Block-level synthesis in progress, 145 of 146 jobs complete, 1 job running.
[04:22:14] Block-level synthesis in progress, 145 of 146 jobs complete, 1 job running.
[04:22:44] Block-level synthesis in progress, 145 of 146 jobs complete, 1 job running.
[04:23:15] Block-level synthesis in progress, 145 of 146 jobs complete, 1 job running.
[04:23:45] Block-level synthesis in progress, 145 of 146 jobs complete, 1 job running.
[04:24:16] Block-level synthesis in progress, 145 of 146 jobs complete, 1 job running.
[04:24:46] Block-level synthesis in progress, 145 of 146 jobs complete, 1 job running.
[04:25:16] Block-level synthesis in progress, 145 of 146 jobs complete, 1 job running.
[04:25:47] Block-level synthesis in progress, 145 of 146 jobs complete, 1 job running.
[04:26:17] Block-level synthesis in progress, 145 of 146 jobs complete, 1 job running.
[04:26:48] Block-level synthesis in progress, 145 of 146 jobs complete, 1 job running.
[04:27:18] Block-level synthesis in progress, 145 of 146 jobs complete, 1 job running.
[04:27:48] Block-level synthesis in progress, 145 of 146 jobs complete, 1 job running.
[04:28:19] Block-level synthesis in progress, 145 of 146 jobs complete, 1 job running.
[04:28:49] Block-level synthesis in progress, 145 of 146 jobs complete, 1 job running.
[04:29:20] Block-level synthesis in progress, 145 of 146 jobs complete, 1 job running.
[04:29:50] Block-level synthesis in progress, 145 of 146 jobs complete, 1 job running.
[04:30:20] Block-level synthesis in progress, 145 of 146 jobs complete, 1 job running.
[04:30:51] Block-level synthesis in progress, 145 of 146 jobs complete, 1 job running.
[04:31:21] Block-level synthesis in progress, 145 of 146 jobs complete, 1 job running.
[04:31:52] Block-level synthesis in progress, 145 of 146 jobs complete, 1 job running.
[04:32:22] Block-level synthesis in progress, 145 of 146 jobs complete, 1 job running.
[04:32:52] Block-level synthesis in progress, 145 of 146 jobs complete, 1 job running.
[04:33:23] Block-level synthesis in progress, 145 of 146 jobs complete, 1 job running.
[04:33:53] Block-level synthesis in progress, 145 of 146 jobs complete, 1 job running.
[04:34:24] Block-level synthesis in progress, 145 of 146 jobs complete, 1 job running.
[04:34:54] Block-level synthesis in progress, 145 of 146 jobs complete, 1 job running.
[04:35:24] Block-level synthesis in progress, 145 of 146 jobs complete, 1 job running.
[04:35:55] Block-level synthesis in progress, 145 of 146 jobs complete, 1 job running.
[04:36:25] Block-level synthesis in progress, 145 of 146 jobs complete, 1 job running.
[04:36:56] Block-level synthesis in progress, 145 of 146 jobs complete, 1 job running.
[04:37:26] Block-level synthesis in progress, 145 of 146 jobs complete, 1 job running.
[04:37:56] Block-level synthesis in progress, 145 of 146 jobs complete, 1 job running.
[04:38:27] Block-level synthesis in progress, 145 of 146 jobs complete, 1 job running.
[04:38:57] Block-level synthesis in progress, 145 of 146 jobs complete, 1 job running.
[04:39:28] Block-level synthesis in progress, 145 of 146 jobs complete, 1 job running.
[04:39:58] Block-level synthesis in progress, 145 of 146 jobs complete, 1 job running.
[04:40:28] Block-level synthesis in progress, 145 of 146 jobs complete, 1 job running.
[04:40:59] Block-level synthesis in progress, 145 of 146 jobs complete, 1 job running.
[04:41:29] Block-level synthesis in progress, 145 of 146 jobs complete, 1 job running.
[04:41:59] Block-level synthesis in progress, 145 of 146 jobs complete, 1 job running.
[04:42:30] Block-level synthesis in progress, 145 of 146 jobs complete, 1 job running.
[04:43:00] Block-level synthesis in progress, 145 of 146 jobs complete, 1 job running.
[04:43:31] Block-level synthesis in progress, 145 of 146 jobs complete, 1 job running.
[04:44:01] Block-level synthesis in progress, 145 of 146 jobs complete, 1 job running.
[04:44:31] Block-level synthesis in progress, 145 of 146 jobs complete, 1 job running.
[04:45:02] Block-level synthesis in progress, 145 of 146 jobs complete, 1 job running.
[04:45:32] Block-level synthesis in progress, 145 of 146 jobs complete, 1 job running.
[04:46:03] Block-level synthesis in progress, 145 of 146 jobs complete, 1 job running.
[04:46:33] Block-level synthesis in progress, 145 of 146 jobs complete, 1 job running.
[04:47:03] Block-level synthesis in progress, 145 of 146 jobs complete, 1 job running.
[04:47:34] Block-level synthesis in progress, 145 of 146 jobs complete, 1 job running.
[04:48:04] Block-level synthesis in progress, 145 of 146 jobs complete, 1 job running.
[04:48:35] Block-level synthesis in progress, 145 of 146 jobs complete, 1 job running.
[04:49:05] Block-level synthesis in progress, 145 of 146 jobs complete, 1 job running.
[04:49:35] Block-level synthesis in progress, 145 of 146 jobs complete, 1 job running.
[04:50:06] Block-level synthesis in progress, 145 of 146 jobs complete, 1 job running.
[04:50:36] Block-level synthesis in progress, 145 of 146 jobs complete, 1 job running.
[04:51:07] Block-level synthesis in progress, 145 of 146 jobs complete, 1 job running.
[04:51:37] Block-level synthesis in progress, 145 of 146 jobs complete, 1 job running.
[04:52:07] Block-level synthesis in progress, 145 of 146 jobs complete, 1 job running.
[04:52:38] Block-level synthesis in progress, 145 of 146 jobs complete, 1 job running.
[04:53:08] Block-level synthesis in progress, 145 of 146 jobs complete, 1 job running.
[04:53:38] Block-level synthesis in progress, 145 of 146 jobs complete, 1 job running.
[04:54:09] Block-level synthesis in progress, 145 of 146 jobs complete, 1 job running.
[04:54:39] Block-level synthesis in progress, 145 of 146 jobs complete, 1 job running.
[04:55:10] Block-level synthesis in progress, 145 of 146 jobs complete, 1 job running.
[04:55:40] Block-level synthesis in progress, 145 of 146 jobs complete, 1 job running.
[04:56:10] Block-level synthesis in progress, 145 of 146 jobs complete, 1 job running.
[04:56:41] Block-level synthesis in progress, 145 of 146 jobs complete, 1 job running.
[04:57:11] Block-level synthesis in progress, 145 of 146 jobs complete, 1 job running.
[04:57:42] Block-level synthesis in progress, 145 of 146 jobs complete, 1 job running.
[04:58:12] Block-level synthesis in progress, 145 of 146 jobs complete, 1 job running.
[04:58:42] Block-level synthesis in progress, 145 of 146 jobs complete, 1 job running.
[04:59:13] Block-level synthesis in progress, 145 of 146 jobs complete, 1 job running.
[04:59:43] Block-level synthesis in progress, 145 of 146 jobs complete, 1 job running.
[05:00:14] Block-level synthesis in progress, 145 of 146 jobs complete, 1 job running.
[05:00:44] Block-level synthesis in progress, 145 of 146 jobs complete, 1 job running.
[05:01:14] Block-level synthesis in progress, 145 of 146 jobs complete, 1 job running.
[05:01:45] Block-level synthesis in progress, 145 of 146 jobs complete, 1 job running.
[05:02:15] Block-level synthesis in progress, 145 of 146 jobs complete, 1 job running.
[05:02:45] Block-level synthesis in progress, 145 of 146 jobs complete, 1 job running.
[05:03:16] Block-level synthesis in progress, 145 of 146 jobs complete, 1 job running.
[05:03:46] Block-level synthesis in progress, 145 of 146 jobs complete, 1 job running.
[05:04:17] Block-level synthesis in progress, 145 of 146 jobs complete, 1 job running.
[05:04:47] Block-level synthesis in progress, 145 of 146 jobs complete, 1 job running.
[05:05:17] Block-level synthesis in progress, 145 of 146 jobs complete, 1 job running.
[05:05:48] Block-level synthesis in progress, 145 of 146 jobs complete, 1 job running.
[05:06:18] Block-level synthesis in progress, 145 of 146 jobs complete, 1 job running.
[05:06:49] Block-level synthesis in progress, 145 of 146 jobs complete, 1 job running.
[05:07:19] Block-level synthesis in progress, 145 of 146 jobs complete, 1 job running.
[05:07:49] Block-level synthesis in progress, 145 of 146 jobs complete, 1 job running.
[05:08:20] Block-level synthesis in progress, 145 of 146 jobs complete, 1 job running.
[05:08:50] Block-level synthesis in progress, 145 of 146 jobs complete, 1 job running.
[05:09:21] Block-level synthesis in progress, 145 of 146 jobs complete, 1 job running.
[05:09:51] Block-level synthesis in progress, 145 of 146 jobs complete, 1 job running.
[05:10:21] Block-level synthesis in progress, 145 of 146 jobs complete, 1 job running.
[05:10:52] Block-level synthesis in progress, 145 of 146 jobs complete, 1 job running.
[05:11:22] Block-level synthesis in progress, 145 of 146 jobs complete, 1 job running.
[05:11:52] Block-level synthesis in progress, 145 of 146 jobs complete, 1 job running.
[05:12:23] Block-level synthesis in progress, 145 of 146 jobs complete, 1 job running.
[05:12:53] Block-level synthesis in progress, 145 of 146 jobs complete, 1 job running.
[05:13:24] Block-level synthesis in progress, 145 of 146 jobs complete, 1 job running.
[05:13:54] Block-level synthesis in progress, 145 of 146 jobs complete, 1 job running.
[05:14:24] Block-level synthesis in progress, 146 of 146 jobs complete, 0 jobs running.
[05:14:55] Top-level synthesis in progress.
[05:15:25] Top-level synthesis in progress.
[05:15:56] Top-level synthesis in progress.
[05:16:26] Top-level synthesis in progress.
[05:16:56] Run vpl: Step synth: Completed
[05:16:56] Run vpl: Step impl: Started
[05:30:38] Finished 2nd of 6 tasks (FPGA linking synthesized kernels to platform). Elapsed time: 04h 18m 25s 

[05:30:38] Starting logic optimization..
[05:32:09] Phase 1 Retarget
[05:32:39] Phase 2 Constant propagation
[05:33:10] Phase 3 Sweep
[05:33:40] Phase 4 BUFG optimization
[05:34:10] Phase 5 Shift Register Optimization
[05:34:10] Phase 6 Post Processing Netlist
[05:35:42] Finished 3rd of 6 tasks (FPGA logic optimization). Elapsed time: 00h 05m 04s 

[05:35:42] Starting logic placement..
[05:36:42] Phase 1 Placer Initialization
[05:36:42] Phase 1.1 Placer Initialization Netlist Sorting
[05:40:15] Phase 1.2 IO Placement/ Clock Placement/ Build Placer Device
[05:41:16] Phase 1.3 Build Placer Netlist Model
[05:44:18] Phase 1.4 Constrain Clocks/Macros
[05:44:49] Phase 2 Global Placement
[05:44:49] Phase 2.1 Floorplanning
[05:45:50] Phase 2.1.1 Partition Driven Placement
[05:45:50] Phase 2.1.1.1 PBP: Partition Driven Placement
[05:48:22] Phase 2.1.1.2 PBP: Clock Region Placement
[05:49:23] Phase 2.1.1.3 PBP: Discrete Incremental
[05:49:23] Phase 2.1.1.4 PBP: Compute Congestion
[05:49:23] Phase 2.1.1.5 PBP: Macro Placement
[05:49:54] Phase 2.1.1.6 PBP: UpdateTiming
[05:50:25] Phase 2.1.1.7 PBP: Add part constraints
[05:50:25] Phase 2.2 Physical Synthesis After Floorplan
[05:50:55] Phase 2.3 Update Timing before SLR Path Opt
[05:51:26] Phase 2.4 Post-Processing in Floorplanning
[05:51:26] Phase 2.5 Global Placement Core
[06:02:09] Phase 2.5.1 UpdateTiming Before Physical Synthesis
[06:02:40] Phase 2.5.2 Physical Synthesis In Placer
[06:08:17] Phase 3 Detail Placement
[06:08:48] Phase 3.1 Commit Multi Column Macros
[06:08:48] Phase 3.2 Commit Most Macros & LUTRAMs
[06:10:50] Phase 3.3 Small Shape DP
[06:10:50] Phase 3.3.1 Small Shape Clustering
[06:11:21] Phase 3.3.2 Flow Legalize Slice Clusters
[06:11:21] Phase 3.3.3 Slice Area Swap
[06:11:21] Phase 3.3.3.1 Slice Area Swap Initial
[06:13:24] Phase 3.4 Place Remaining
[06:13:24] Phase 3.5 Re-assign LUT pins
[06:13:54] Phase 3.6 Pipeline Register Optimization
[06:13:54] Phase 3.7 Fast Optimization
[06:15:26] Phase 4 Post Placement Optimization and Clean-Up
[06:15:26] Phase 4.1 Post Commit Optimization
[06:17:29] Phase 4.1.1 Post Placement Optimization
[06:17:59] Phase 4.1.1.1 BUFG Insertion
[06:17:59] Phase 1 Physical Synthesis Initialization
[06:19:01] Phase 4.1.1.2 BUFG Replication
[06:19:31] Phase 4.1.1.3 Post Placement Timing Optimization
[06:22:05] Phase 4.1.1.4 Replication
[06:23:37] Phase 4.2 Post Placement Cleanup
[06:23:37] Phase 4.3 Placer Reporting
[06:23:37] Phase 4.3.1 Print Estimated Congestion
[06:23:37] Phase 4.4 Final Placement Cleanup
[06:28:43] Finished 4th of 6 tasks (FPGA logic placement). Elapsed time: 00h 53m 01s 

[06:28:43] Starting logic routing..
[06:29:44] Phase 1 Build RT Design
[06:33:50] Phase 2 Router Initialization
[06:33:50] Phase 2.1 Fix Topology Constraints
[06:33:50] Phase 2.2 Pre Route Cleanup
[06:34:51] Phase 2.3 Global Clock Net Routing
[06:35:52] Phase 2.4 Update Timing
[06:40:28] Phase 2.5 Update Timing for Bus Skew
[06:40:28] Phase 2.5.1 Update Timing
[06:42:31] Phase 3 Initial Routing
[06:42:31] Phase 3.1 Global Routing
[06:46:05] Phase 4 Rip-up And Reroute
[06:46:05] Phase 4.1 Global Iteration 0
[07:01:25] Phase 4.2 Global Iteration 1
[07:04:29] Phase 4.3 Global Iteration 2
[07:06:01] Phase 5 Delay and Skew Optimization
[07:06:01] Phase 5.1 Delay CleanUp
[07:06:32] Phase 5.1.1 Update Timing
[07:08:04] Phase 5.1.2 Update Timing
[07:10:06] Phase 5.2 Clock Skew Optimization
[07:10:37] Phase 6 Post Hold Fix
[07:10:37] Phase 6.1 Hold Fix Iter
[07:10:37] Phase 6.1.1 Update Timing
[07:13:10] Phase 7 Leaf Clock Prog Delay Opt
[07:36:10] Phase 7.1 Delay CleanUp
[07:36:10] Phase 7.1.1 Update Timing
[07:37:42] Phase 7.1.2 Update Timing
[07:39:45] Phase 7.2 Hold Fix Iter
[07:39:45] Phase 7.2.1 Update Timing
[07:43:50] Phase 8 Route finalize
[07:44:21] Phase 9 Verifying routed nets
[07:44:51] Phase 10 Depositing Routes
[07:45:53] Phase 11 Resolve XTalk
[07:46:23] Phase 12 Post Router Timing
[07:48:56] Finished 5th of 6 tasks (FPGA routing). Elapsed time: 01h 20m 13s 

[07:48:56] Starting bitstream generation..
[08:05:48] Creating bitmap...
[08:24:12] Writing bitstream ./level0_i_ulp_my_rm_partial.bit...
[08:24:12] Finished 6th of 6 tasks (FPGA bitstream generation). Elapsed time: 00h 35m 15s 
Check VPL, containing 1 checks, has run: 0 errors
[08:26:41] Run vpl: Step impl: Completed
[08:26:42] Run vpl: FINISHED. Run Status: impl Complete!
INFO: [v++ 60-1441] [08:26:43] Run run_link: Step vpl: Completed
Time (s): cpu = 00:06:07 ; elapsed = 07:14:32 . Memory (MB): peak = 450.570 ; gain = 0.000 ; free physical = 246522 ; free virtual = 303382
INFO: [v++ 60-1443] [08:26:43] Run run_link: Step rtdgen: Started
INFO: [v++ 60-1453] Command Line: rtdgen
INFO: [v++ 60-1454] Run Directory: /home/user/yanlun/RAE/inside_func/build_dir.hw.xilinx_u55c_gen3x16_xdma_3_202210_1/link/run_link
INFO: [v++ 60-991] clock name 'ulp_ucs/aclk_kernel_01' (clock ID '1') is being mapped to clock name 'KERNEL_CLK' in the xclbin
INFO: [v++ 60-991] clock name 'ulp_ucs/aclk_kernel_00' (clock ID '0') is being mapped to clock name 'DATA_CLK' in the xclbin
INFO: [v++ 60-991] clock name 'hbm_aclk' (clock ID '') is being mapped to clock name 'hbm_aclk' in the xclbin
INFO: [v++ 60-1230] The compiler selected the following frequencies for the runtime controllable kernel clock(s) and scalable system clock(s): System (SYSTEM) clock: hbm_aclk = 450, Kernel (KERNEL) clock: ulp_ucs/aclk_kernel_01 = 500, Kernel (DATA) clock: ulp_ucs/aclk_kernel_00 = 100
INFO: [v++ 60-1453] Command Line: cf2sw -a /home/user/yanlun/RAE/inside_func/build_dir.hw.xilinx_u55c_gen3x16_xdma_3_202210_1/link/int/address_map.xml -sdsl /home/user/yanlun/RAE/inside_func/build_dir.hw.xilinx_u55c_gen3x16_xdma_3_202210_1/link/int/sdsl.dat -xclbin /home/user/yanlun/RAE/inside_func/build_dir.hw.xilinx_u55c_gen3x16_xdma_3_202210_1/link/int/xclbin_orig.xml -rtd /home/user/yanlun/RAE/inside_func/build_dir.hw.xilinx_u55c_gen3x16_xdma_3_202210_1/link/int/alveo_hls4ml.rtd -o /home/user/yanlun/RAE/inside_func/build_dir.hw.xilinx_u55c_gen3x16_xdma_3_202210_1/link/int/alveo_hls4ml.xml
INFO: [v++ 60-1652] Cf2sw returned exit code: 0
INFO: [v++ 60-1441] [08:26:52] Run run_link: Step rtdgen: Completed
Time (s): cpu = 00:00:05 ; elapsed = 00:00:09 . Memory (MB): peak = 450.570 ; gain = 0.000 ; free physical = 241016 ; free virtual = 299576
INFO: [v++ 60-1443] [08:26:52] Run run_link: Step xclbinutil: Started
INFO: [v++ 60-1453] Command Line: xclbinutil --add-section BITSTREAM:RAW:/home/user/yanlun/RAE/inside_func/build_dir.hw.xilinx_u55c_gen3x16_xdma_3_202210_1/link/int/partial.bit --force --target hw --key-value SYS:dfx_enable:true --add-section :JSON:/home/user/yanlun/RAE/inside_func/build_dir.hw.xilinx_u55c_gen3x16_xdma_3_202210_1/link/int/alveo_hls4ml.rtd --append-section :JSON:/home/user/yanlun/RAE/inside_func/build_dir.hw.xilinx_u55c_gen3x16_xdma_3_202210_1/link/int/appendSection.rtd --add-section CLOCK_FREQ_TOPOLOGY:JSON:/home/user/yanlun/RAE/inside_func/build_dir.hw.xilinx_u55c_gen3x16_xdma_3_202210_1/link/int/alveo_hls4ml_xml.rtd --add-section BUILD_METADATA:JSON:/home/user/yanlun/RAE/inside_func/build_dir.hw.xilinx_u55c_gen3x16_xdma_3_202210_1/link/int/alveo_hls4ml_build.rtd --add-section EMBEDDED_METADATA:RAW:/home/user/yanlun/RAE/inside_func/build_dir.hw.xilinx_u55c_gen3x16_xdma_3_202210_1/link/int/alveo_hls4ml.xml --add-section SYSTEM_METADATA:RAW:/home/user/yanlun/RAE/inside_func/build_dir.hw.xilinx_u55c_gen3x16_xdma_3_202210_1/link/int/systemDiagramModelSlrBaseAddress.json --key-value SYS:PlatformVBNV:xilinx_u55c_gen3x16_xdma_3_202210_1 --output /home/user/yanlun/RAE/inside_func/build_dir.hw.xilinx_u55c_gen3x16_xdma_3_202210_1/alveo_hls4ml.xclbin
INFO: [v++ 60-1454] Run Directory: /home/user/yanlun/RAE/inside_func/build_dir.hw.xilinx_u55c_gen3x16_xdma_3_202210_1/link/run_link
XRT Build Version: 2.13.466 (2022.1)
       Build Date: 2022-04-14 17:43:11
          Hash ID: f5505e402c2ca1ffe45eb6d3a9399b23a0dc8776
Creating a default 'in-memory' xclbin image.

Section: 'BITSTREAM'(0) was successfully added.
Size   : 66407602 bytes
Format : RAW
File   : '/home/user/yanlun/RAE/inside_func/build_dir.hw.xilinx_u55c_gen3x16_xdma_3_202210_1/link/int/partial.bit'

Section: 'MEM_TOPOLOGY'(6) was successfully added.
Format : JSON
File   : 'mem_topology'

Section: 'IP_LAYOUT'(8) was successfully added.
Format : JSON
File   : 'ip_layout'

Section: 'CONNECTIVITY'(7) was successfully added.
Format : JSON
File   : 'connectivity'

Section: 'CLOCK_FREQ_TOPOLOGY'(11) was successfully added.
Size   : 410 bytes
Format : JSON
File   : '/home/user/yanlun/RAE/inside_func/build_dir.hw.xilinx_u55c_gen3x16_xdma_3_202210_1/link/int/alveo_hls4ml_xml.rtd'

Section: 'BUILD_METADATA'(14) was successfully added.
Size   : 3204 bytes
Format : JSON
File   : '/home/user/yanlun/RAE/inside_func/build_dir.hw.xilinx_u55c_gen3x16_xdma_3_202210_1/link/int/alveo_hls4ml_build.rtd'

Section: 'EMBEDDED_METADATA'(2) was successfully added.
Size   : 402985 bytes
Format : RAW
File   : '/home/user/yanlun/RAE/inside_func/build_dir.hw.xilinx_u55c_gen3x16_xdma_3_202210_1/link/int/alveo_hls4ml.xml'

Section: 'SYSTEM_METADATA'(22) was successfully added.
Size   : 28178 bytes
Format : RAW
File   : '/home/user/yanlun/RAE/inside_func/build_dir.hw.xilinx_u55c_gen3x16_xdma_3_202210_1/link/int/systemDiagramModelSlrBaseAddress.json'

Section: 'PARTITION_METADATA'(20) was successfully appended to.
Format : JSON
File   : 'partition_metadata'

Section: 'IP_LAYOUT'(8) was successfully appended to.
Format : JSON
File   : 'ip_layout'
Successfully wrote (66870772 bytes) to the output file: /home/user/yanlun/RAE/inside_func/build_dir.hw.xilinx_u55c_gen3x16_xdma_3_202210_1/alveo_hls4ml.xclbin
Leaving xclbinutil.
INFO: [v++ 60-1441] [08:26:52] Run run_link: Step xclbinutil: Completed
Time (s): cpu = 00:00:00.07 ; elapsed = 00:00:00.23 . Memory (MB): peak = 450.570 ; gain = 0.000 ; free physical = 239287 ; free virtual = 298192
INFO: [v++ 60-1443] [08:26:52] Run run_link: Step xclbinutilinfo: Started
INFO: [v++ 60-1453] Command Line: xclbinutil --quiet --force --info /home/user/yanlun/RAE/inside_func/build_dir.hw.xilinx_u55c_gen3x16_xdma_3_202210_1/alveo_hls4ml.xclbin.info --input /home/user/yanlun/RAE/inside_func/build_dir.hw.xilinx_u55c_gen3x16_xdma_3_202210_1/alveo_hls4ml.xclbin
INFO: [v++ 60-1454] Run Directory: /home/user/yanlun/RAE/inside_func/build_dir.hw.xilinx_u55c_gen3x16_xdma_3_202210_1/link/run_link
INFO: [v++ 60-1441] [08:26:53] Run run_link: Step xclbinutilinfo: Completed
Time (s): cpu = 00:00:00.58 ; elapsed = 00:00:00.65 . Memory (MB): peak = 450.570 ; gain = 0.000 ; free physical = 246156 ; free virtual = 306063
INFO: [v++ 60-1443] [08:26:53] Run run_link: Step generate_sc_driver: Started
INFO: [v++ 60-1453] Command Line: 
INFO: [v++ 60-1454] Run Directory: /home/user/yanlun/RAE/inside_func/build_dir.hw.xilinx_u55c_gen3x16_xdma_3_202210_1/link/run_link
INFO: [v++ 60-1441] [08:26:53] Run run_link: Step generate_sc_driver: Completed
Time (s): cpu = 00:00:00 ; elapsed = 00:00:00 . Memory (MB): peak = 450.570 ; gain = 0.000 ; free physical = 246145 ; free virtual = 306055
INFO: [v++ 60-244] Generating system estimate report...
INFO: [v++ 60-1092] Generated system estimate report: /home/user/yanlun/RAE/inside_func/build_dir.hw.xilinx_u55c_gen3x16_xdma_3_202210_1/reports/link/system_estimate_alveo_hls4ml.xtxt
INFO: [v++ 60-586] Created /home/user/yanlun/RAE/inside_func/build_dir.hw.xilinx_u55c_gen3x16_xdma_3_202210_1/alveo_hls4ml.ltx
INFO: [v++ 60-586] Created build_dir.hw.xilinx_u55c_gen3x16_xdma_3_202210_1/alveo_hls4ml.xclbin
INFO: [v++ 60-1307] Run completed. Additional information can be found in:
	Guidance: /home/user/yanlun/RAE/inside_func/build_dir.hw.xilinx_u55c_gen3x16_xdma_3_202210_1/reports/link/v++_link_alveo_hls4ml_guidance.html
	Timing Report: /home/user/yanlun/RAE/inside_func/build_dir.hw.xilinx_u55c_gen3x16_xdma_3_202210_1/reports/link/imp/impl_1_hw_bb_locked_timing_summary_routed.rpt
	Vivado Log: /home/user/yanlun/RAE/inside_func/build_dir.hw.xilinx_u55c_gen3x16_xdma_3_202210_1/logs/link/vivado.log
	Steps Log File: /home/user/yanlun/RAE/inside_func/build_dir.hw.xilinx_u55c_gen3x16_xdma_3_202210_1/logs/link/link.steps.log

INFO: [v++ 60-2343] Use the vitis_analyzer tool to visualize and navigate the relevant reports. Run the following command. 
    vitis_analyzer /home/user/yanlun/RAE/inside_func/build_dir.hw.xilinx_u55c_gen3x16_xdma_3_202210_1/alveo_hls4ml.xclbin.link_summary 
INFO: [v++ 60-791] Total elapsed time: 7h 15m 24s
INFO: [v++ 60-1653] Closing dispatch client.
