

================================================================
== Vitis HLS Report for 'alveo_hls4ml_Pipeline_VITIS_LOOP_49_1'
================================================================
* Date:           Thu Sep  7 01:04:01 2023

* Version:        2022.2 (Build 3670227 on Oct 13 2022)
* Project:        alveo_hls4ml
* Solution:       solution (Vitis Kernel Flow Target)
* Product family: virtexuplus
* Target device:  xcu55c-fsvh2892-2L-e


================================================================
== Performance Estimates
================================================================
+ Timing: 
    * Summary: 
    +--------+---------+----------+------------+
    |  Clock |  Target | Estimated| Uncertainty|
    +--------+---------+----------+------------+
    |ap_clk  |  9.00 ns|  6.570 ns|     2.43 ns|
    +--------+---------+----------+------------+

+ Latency: 
    * Summary: 
    +---------+---------+----------+----------+--------+--------+---------+
    |  Latency (cycles) |  Latency (absolute) |     Interval    | Pipeline|
    |   min   |   max   |    min   |    max   |   min  |   max  |   Type  |
    +---------+---------+----------+----------+--------+--------+---------+
    |   786435|   786435|  7.078 ms|  7.078 ms|  786435|  786435|       no|
    +---------+---------+----------+----------+--------+--------+---------+

    + Detail: 
        * Instance: 
        N/A

        * Loop: 
        +-------------------+---------+---------+----------+-----------+-----------+--------+----------+
        |                   |  Latency (cycles) | Iteration|  Initiation Interval  |  Trip  |          |
        |     Loop Name     |   min   |   max   |  Latency |  achieved |   target  |  Count | Pipelined|
        +-------------------+---------+---------+----------+-----------+-----------+--------+----------+
        |- VITIS_LOOP_49_1  |   786433|   786433|         3|          1|          1|  786432|       yes|
        +-------------------+---------+---------+----------+-----------+-----------+--------+----------+



================================================================
== Utilization Estimates
================================================================
* Summary: 
+---------------------+---------+------+---------+---------+-----+
|         Name        | BRAM_18K|  DSP |    FF   |   LUT   | URAM|
+---------------------+---------+------+---------+---------+-----+
|DSP                  |        -|     -|        -|        -|    -|
|Expression           |        -|     -|        0|       58|    -|
|FIFO                 |        -|     -|        -|        -|    -|
|Instance             |        -|     -|        -|        -|    -|
|Memory               |        -|     -|        -|        -|    -|
|Multiplexer          |        -|     -|        -|       68|    -|
|Register             |        -|     -|     1061|        -|    -|
+---------------------+---------+------+---------+---------+-----+
|Total                |        0|     0|     1061|      126|    0|
+---------------------+---------+------+---------+---------+-----+
|Available SLR        |     1344|  3008|   869120|   434560|  320|
+---------------------+---------+------+---------+---------+-----+
|Utilization SLR (%)  |        0|     0|       ~0|       ~0|    0|
+---------------------+---------+------+---------+---------+-----+
|Available            |     4032|  9024|  2607360|  1303680|  960|
+---------------------+---------+------+---------+---------+-----+
|Utilization (%)      |        0|     0|       ~0|       ~0|    0|
+---------------------+---------+------+---------+---------+-----+

+ Detail: 
    * Instance: 
    N/A

    * DSP: 
    N/A

    * Memory: 
    N/A

    * FIFO: 
    N/A

    * Expression: 
    +----------------------------------+----------+----+---+----+------------+------------+
    |           Variable Name          | Operation| DSP| FF| LUT| Bitwidth P0| Bitwidth P1|
    +----------------------------------+----------+----+---+----+------------+------------+
    |add_ln49_fu_130_p2                |         +|   0|  0|  27|          20|           1|
    |ap_block_pp0_stage0_11001         |       and|   0|  0|   2|           1|           1|
    |ap_block_state2_pp0_stage0_iter1  |       and|   0|  0|   2|           1|           1|
    |ap_predicate_op25_read_state2     |       and|   0|  0|   2|           1|           1|
    |icmp_ln49_fu_124_p2               |      icmp|   0|  0|  14|          20|          20|
    |icmp_ln818_fu_140_p2              |      icmp|   0|  0|   9|           4|           1|
    |ap_enable_pp0                     |       xor|   0|  0|   2|           1|           2|
    +----------------------------------+----------+----+---+----+------------+------------+
    |Total                             |          |   0|  0|  58|          48|          27|
    +----------------------------------+----------+----+---+----+------------+------------+

    * Multiplexer: 
    +-----------------------------------+----+-----------+-----+-----------+
    |                Name               | LUT| Input Size| Bits| Total Bits|
    +-----------------------------------+----+-----------+-----+-----------+
    |ap_done_int                        |   9|          2|    1|          2|
    |ap_enable_reg_pp0_iter2            |   9|          2|    1|          2|
    |ap_phi_mux_empty_81_phi_fu_101_p4  |  14|          3|  512|       1536|
    |ap_sig_allocacmp_i0                |   9|          2|   20|         40|
    |gmem3_blk_n_R                      |   9|          2|    1|          2|
    |i0_1_fu_70                         |   9|          2|   20|         40|
    |shiftreg_fu_66                     |   9|          2|  480|        960|
    +-----------------------------------+----+-----------+-----+-----------+
    |Total                              |  68|         15| 1035|       2582|
    +-----------------------------------+----+-----------+-----+-----------+

    * Register: 
    +----------------------------------+-----+----+-----+-----------+
    |               Name               |  FF | LUT| Bits| Const Bits|
    +----------------------------------+-----+----+-----+-----------+
    |ap_CS_fsm                         |    1|   0|    1|          0|
    |ap_done_reg                       |    1|   0|    1|          0|
    |ap_enable_reg_pp0_iter1           |    1|   0|    1|          0|
    |ap_enable_reg_pp0_iter2           |    1|   0|    1|          0|
    |ap_loop_exit_ready_pp0_iter1_reg  |    1|   0|    1|          0|
    |gmem3_addr_read_reg_227           |  512|   0|  512|          0|
    |i0_1_fu_70                        |   20|   0|   20|          0|
    |i0_reg_214                        |   20|   0|   20|          0|
    |i0_reg_214_pp0_iter1_reg          |   20|   0|   20|          0|
    |icmp_ln49_reg_219                 |    1|   0|    1|          0|
    |icmp_ln49_reg_219_pp0_iter1_reg   |    1|   0|    1|          0|
    |icmp_ln818_reg_223                |    1|   0|    1|          0|
    |icmp_ln818_reg_223_pp0_iter1_reg  |    1|   0|    1|          0|
    |shiftreg_fu_66                    |  480|   0|  480|          0|
    +----------------------------------+-----+----+-----+-----------+
    |Total                             | 1061|   0| 1061|          0|
    +----------------------------------+-----+----+-----+-----------+



================================================================
== Interface
================================================================
* Summary: 
+----------------------+-----+-----+------------+---------------------------------------+--------------+
|       RTL Ports      | Dir | Bits|  Protocol  |             Source Object             |    C Type    |
+----------------------+-----+-----+------------+---------------------------------------+--------------+
|ap_clk                |   in|    1|  ap_ctrl_hs|  alveo_hls4ml_Pipeline_VITIS_LOOP_49_1|  return value|
|ap_rst                |   in|    1|  ap_ctrl_hs|  alveo_hls4ml_Pipeline_VITIS_LOOP_49_1|  return value|
|ap_start              |   in|    1|  ap_ctrl_hs|  alveo_hls4ml_Pipeline_VITIS_LOOP_49_1|  return value|
|ap_done               |  out|    1|  ap_ctrl_hs|  alveo_hls4ml_Pipeline_VITIS_LOOP_49_1|  return value|
|ap_idle               |  out|    1|  ap_ctrl_hs|  alveo_hls4ml_Pipeline_VITIS_LOOP_49_1|  return value|
|ap_ready              |  out|    1|  ap_ctrl_hs|  alveo_hls4ml_Pipeline_VITIS_LOOP_49_1|  return value|
|m_axi_gmem3_AWVALID   |  out|    1|       m_axi|                                  gmem3|       pointer|
|m_axi_gmem3_AWREADY   |   in|    1|       m_axi|                                  gmem3|       pointer|
|m_axi_gmem3_AWADDR    |  out|   64|       m_axi|                                  gmem3|       pointer|
|m_axi_gmem3_AWID      |  out|    1|       m_axi|                                  gmem3|       pointer|
|m_axi_gmem3_AWLEN     |  out|   32|       m_axi|                                  gmem3|       pointer|
|m_axi_gmem3_AWSIZE    |  out|    3|       m_axi|                                  gmem3|       pointer|
|m_axi_gmem3_AWBURST   |  out|    2|       m_axi|                                  gmem3|       pointer|
|m_axi_gmem3_AWLOCK    |  out|    2|       m_axi|                                  gmem3|       pointer|
|m_axi_gmem3_AWCACHE   |  out|    4|       m_axi|                                  gmem3|       pointer|
|m_axi_gmem3_AWPROT    |  out|    3|       m_axi|                                  gmem3|       pointer|
|m_axi_gmem3_AWQOS     |  out|    4|       m_axi|                                  gmem3|       pointer|
|m_axi_gmem3_AWREGION  |  out|    4|       m_axi|                                  gmem3|       pointer|
|m_axi_gmem3_AWUSER    |  out|    1|       m_axi|                                  gmem3|       pointer|
|m_axi_gmem3_WVALID    |  out|    1|       m_axi|                                  gmem3|       pointer|
|m_axi_gmem3_WREADY    |   in|    1|       m_axi|                                  gmem3|       pointer|
|m_axi_gmem3_WDATA     |  out|  512|       m_axi|                                  gmem3|       pointer|
|m_axi_gmem3_WSTRB     |  out|   64|       m_axi|                                  gmem3|       pointer|
|m_axi_gmem3_WLAST     |  out|    1|       m_axi|                                  gmem3|       pointer|
|m_axi_gmem3_WID       |  out|    1|       m_axi|                                  gmem3|       pointer|
|m_axi_gmem3_WUSER     |  out|    1|       m_axi|                                  gmem3|       pointer|
|m_axi_gmem3_ARVALID   |  out|    1|       m_axi|                                  gmem3|       pointer|
|m_axi_gmem3_ARREADY   |   in|    1|       m_axi|                                  gmem3|       pointer|
|m_axi_gmem3_ARADDR    |  out|   64|       m_axi|                                  gmem3|       pointer|
|m_axi_gmem3_ARID      |  out|    1|       m_axi|                                  gmem3|       pointer|
|m_axi_gmem3_ARLEN     |  out|   32|       m_axi|                                  gmem3|       pointer|
|m_axi_gmem3_ARSIZE    |  out|    3|       m_axi|                                  gmem3|       pointer|
|m_axi_gmem3_ARBURST   |  out|    2|       m_axi|                                  gmem3|       pointer|
|m_axi_gmem3_ARLOCK    |  out|    2|       m_axi|                                  gmem3|       pointer|
|m_axi_gmem3_ARCACHE   |  out|    4|       m_axi|                                  gmem3|       pointer|
|m_axi_gmem3_ARPROT    |  out|    3|       m_axi|                                  gmem3|       pointer|
|m_axi_gmem3_ARQOS     |  out|    4|       m_axi|                                  gmem3|       pointer|
|m_axi_gmem3_ARREGION  |  out|    4|       m_axi|                                  gmem3|       pointer|
|m_axi_gmem3_ARUSER    |  out|    1|       m_axi|                                  gmem3|       pointer|
|m_axi_gmem3_RVALID    |   in|    1|       m_axi|                                  gmem3|       pointer|
|m_axi_gmem3_RREADY    |  out|    1|       m_axi|                                  gmem3|       pointer|
|m_axi_gmem3_RDATA     |   in|  512|       m_axi|                                  gmem3|       pointer|
|m_axi_gmem3_RLAST     |   in|    1|       m_axi|                                  gmem3|       pointer|
|m_axi_gmem3_RID       |   in|    1|       m_axi|                                  gmem3|       pointer|
|m_axi_gmem3_RFIFONUM  |   in|    9|       m_axi|                                  gmem3|       pointer|
|m_axi_gmem3_RUSER     |   in|    1|       m_axi|                                  gmem3|       pointer|
|m_axi_gmem3_RRESP     |   in|    2|       m_axi|                                  gmem3|       pointer|
|m_axi_gmem3_BVALID    |   in|    1|       m_axi|                                  gmem3|       pointer|
|m_axi_gmem3_BREADY    |  out|    1|       m_axi|                                  gmem3|       pointer|
|m_axi_gmem3_BRESP     |   in|    2|       m_axi|                                  gmem3|       pointer|
|m_axi_gmem3_BID       |   in|    1|       m_axi|                                  gmem3|       pointer|
|m_axi_gmem3_BUSER     |   in|    1|       m_axi|                                  gmem3|       pointer|
|sext_ln49             |   in|   58|     ap_none|                              sext_ln49|        scalar|
|wr12_V_address0       |  out|   20|   ap_memory|                                 wr12_V|         array|
|wr12_V_ce0            |  out|    1|   ap_memory|                                 wr12_V|         array|
|wr12_V_we0            |  out|    1|   ap_memory|                                 wr12_V|         array|
|wr12_V_d0             |  out|    8|   ap_memory|                                 wr12_V|         array|
+----------------------+-----+-----+------------+---------------------------------------+--------------+

