

================================================================
== Vitis HLS Report for 'gru_stack_single_ap_fixed_ap_fixed_ap_fixed_config12_Pipeline_VITIS_LOOP_28_1'
================================================================
* Date:           Thu Sep  7 01:04:06 2023

* Version:        2022.2 (Build 3670227 on Oct 13 2022)
* Project:        alveo_hls4ml
* Solution:       solution (Vitis Kernel Flow Target)
* Product family: virtexuplus
* Target device:  xcu55c-fsvh2892-2L-e


================================================================
== Performance Estimates
================================================================
+ Timing: 
    * Summary: 
    +--------+---------+----------+------------+
    |  Clock |  Target | Estimated| Uncertainty|
    +--------+---------+----------+------------+
    |ap_clk  |  9.00 ns|  2.412 ns|     2.43 ns|
    +--------+---------+----------+------------+

+ Latency: 
    * Summary: 
    +---------+---------+----------+----------+-----+-----+---------+
    |  Latency (cycles) |  Latency (absolute) |  Interval | Pipeline|
    |   min   |   max   |    min   |    max   | min | max |   Type  |
    +---------+---------+----------+----------+-----+-----+---------+
    |      514|      514|  4.626 us|  4.626 us|  514|  514|       no|
    +---------+---------+----------+----------+-----+-----+---------+

    + Detail: 
        * Instance: 
        N/A

        * Loop: 
        +-------------------+---------+---------+----------+-----------+-----------+------+----------+
        |                   |  Latency (cycles) | Iteration|  Initiation Interval  | Trip |          |
        |     Loop Name     |   min   |   max   |  Latency |  achieved |   target  | Count| Pipelined|
        +-------------------+---------+---------+----------+-----------+-----------+------+----------+
        |- VITIS_LOOP_28_1  |      512|      512|         2|          1|          1|   512|       yes|
        +-------------------+---------+---------+----------+-----------+-----------+------+----------+



================================================================
== Utilization Estimates
================================================================
* Summary: 
+---------------------+---------+------+---------+---------+-----+
|         Name        | BRAM_18K|  DSP |    FF   |   LUT   | URAM|
+---------------------+---------+------+---------+---------+-----+
|DSP                  |        -|     -|        -|        -|    -|
|Expression           |        -|     -|        0|       32|    -|
|FIFO                 |        -|     -|        -|        -|    -|
|Instance             |        -|     -|        -|        -|    -|
|Memory               |        -|     -|        -|        -|    -|
|Multiplexer          |        -|     -|        -|       45|    -|
|Register             |        -|     -|       23|        -|    -|
+---------------------+---------+------+---------+---------+-----+
|Total                |        0|     0|       23|       77|    0|
+---------------------+---------+------+---------+---------+-----+
|Available SLR        |     1344|  3008|   869120|   434560|  320|
+---------------------+---------+------+---------+---------+-----+
|Utilization SLR (%)  |        0|     0|       ~0|       ~0|    0|
+---------------------+---------+------+---------+---------+-----+
|Available            |     4032|  9024|  2607360|  1303680|  960|
+---------------------+---------+------+---------+---------+-----+
|Utilization (%)      |        0|     0|       ~0|       ~0|    0|
+---------------------+---------+------+---------+---------+-----+

+ Detail: 
    * Instance: 
    N/A

    * DSP: 
    N/A

    * Memory: 
    N/A

    * FIFO: 
    N/A

    * Expression: 
    +---------------------------+----------+----+---+----+------------+------------+
    |       Variable Name       | Operation| DSP| FF| LUT| Bitwidth P0| Bitwidth P1|
    +---------------------------+----------+----+---+----+------------+------------+
    |add_ln28_fu_74_p2          |         +|   0|  0|  17|          10|           1|
    |ap_block_pp0_stage0_11001  |       and|   0|  0|   2|           1|           1|
    |icmp_ln28_fu_68_p2         |      icmp|   0|  0|  11|          10|          11|
    |ap_enable_pp0              |       xor|   0|  0|   2|           1|           2|
    +---------------------------+----------+----+---+----+------------+------------+
    |Total                      |          |   0|  0|  32|          22|          15|
    +---------------------------+----------+----+---+----+------------+------------+

    * Multiplexer: 
    +-------------------------+----+-----------+-----+-----------+
    |           Name          | LUT| Input Size| Bits| Total Bits|
    +-------------------------+----+-----------+-----+-----------+
    |ap_done_int              |   9|          2|    1|          2|
    |ap_enable_reg_pp0_iter1  |   9|          2|    1|          2|
    |ap_sig_allocacmp_ii_3    |   9|          2|   10|         20|
    |ii_fu_36                 |   9|          2|   10|         20|
    |initial_buf2_blk_n       |   9|          2|    1|          2|
    +-------------------------+----+-----------+-----+-----------+
    |Total                    |  45|         10|   23|         46|
    +-------------------------+----+-----------+-----+-----------+

    * Register: 
    +-------------------------+----+----+-----+-----------+
    |           Name          | FF | LUT| Bits| Const Bits|
    +-------------------------+----+----+-----+-----------+
    |ap_CS_fsm                |   1|   0|    1|          0|
    |ap_done_reg              |   1|   0|    1|          0|
    |ap_enable_reg_pp0_iter1  |   1|   0|    1|          0|
    |ii_3_reg_96              |  10|   0|   10|          0|
    |ii_fu_36                 |  10|   0|   10|          0|
    +-------------------------+----+----+-----+-----------+
    |Total                    |  23|   0|   23|          0|
    +-------------------------+----+----+-----+-----------+



================================================================
== Interface
================================================================
* Summary: 
+-----------------------------+-----+-----+------------+--------------------------------------------------------------------------------+--------------+
|          RTL Ports          | Dir | Bits|  Protocol  |                                  Source Object                                 |    C Type    |
+-----------------------------+-----+-----+------------+--------------------------------------------------------------------------------+--------------+
|ap_clk                       |   in|    1|  ap_ctrl_hs|  gru_stack_single<ap_fixed,ap_fixed,ap_fixed,config12>_Pipeline_VITIS_LOOP_28_1|  return value|
|ap_rst                       |   in|    1|  ap_ctrl_hs|  gru_stack_single<ap_fixed,ap_fixed,ap_fixed,config12>_Pipeline_VITIS_LOOP_28_1|  return value|
|ap_start                     |   in|    1|  ap_ctrl_hs|  gru_stack_single<ap_fixed,ap_fixed,ap_fixed,config12>_Pipeline_VITIS_LOOP_28_1|  return value|
|ap_done                      |  out|    1|  ap_ctrl_hs|  gru_stack_single<ap_fixed,ap_fixed,ap_fixed,config12>_Pipeline_VITIS_LOOP_28_1|  return value|
|ap_idle                      |  out|    1|  ap_ctrl_hs|  gru_stack_single<ap_fixed,ap_fixed,ap_fixed,config12>_Pipeline_VITIS_LOOP_28_1|  return value|
|ap_ready                     |  out|    1|  ap_ctrl_hs|  gru_stack_single<ap_fixed,ap_fixed,ap_fixed,config12>_Pipeline_VITIS_LOOP_28_1|  return value|
|initial_buf2_dout            |   in|    8|     ap_fifo|                                                                    initial_buf2|       pointer|
|initial_buf2_num_data_valid  |   in|   10|     ap_fifo|                                                                    initial_buf2|       pointer|
|initial_buf2_fifo_cap        |   in|   10|     ap_fifo|                                                                    initial_buf2|       pointer|
|initial_buf2_empty_n         |   in|    1|     ap_fifo|                                                                    initial_buf2|       pointer|
|initial_buf2_read            |  out|    1|     ap_fifo|                                                                    initial_buf2|       pointer|
|h_newstate_V_address0        |  out|    9|   ap_memory|                                                                    h_newstate_V|         array|
|h_newstate_V_ce0             |  out|    1|   ap_memory|                                                                    h_newstate_V|         array|
|h_newstate_V_we0             |  out|    1|   ap_memory|                                                                    h_newstate_V|         array|
|h_newstate_V_d0              |  out|    8|   ap_memory|                                                                    h_newstate_V|         array|
+-----------------------------+-----+-----+------------+--------------------------------------------------------------------------------+--------------+

