

================================================================
== Vitis HLS Report for 'kernel_Loop_VITIS_LOOP_86_4_proc8'
================================================================
* Date:           Thu Sep  7 01:04:06 2023

* Version:        2022.2 (Build 3670227 on Oct 13 2022)
* Project:        alveo_hls4ml
* Solution:       solution (Vitis Kernel Flow Target)
* Product family: virtexuplus
* Target device:  xcu55c-fsvh2892-2L-e


================================================================
== Performance Estimates
================================================================
+ Timing: 
    * Summary: 
    +--------+---------+----------+------------+
    |  Clock |  Target | Estimated| Uncertainty|
    +--------+---------+----------+------------+
    |ap_clk  |  9.00 ns|  2.482 ns|     2.43 ns|
    +--------+---------+----------+------------+

+ Latency: 
    * Summary: 
    +---------+---------+----------+----------+-----+-----+---------+
    |  Latency (cycles) |  Latency (absolute) |  Interval | Pipeline|
    |   min   |   max   |    min   |    max   | min | max |   Type  |
    +---------+---------+----------+----------+-----+-----+---------+
    |      514|      514|  4.626 us|  4.626 us|  514|  514|       no|
    +---------+---------+----------+----------+-----+-----+---------+

    + Detail: 
        * Instance: 
        N/A

        * Loop: 
        +-------------------+---------+---------+----------+-----------+-----------+------+----------+
        |                   |  Latency (cycles) | Iteration|  Initiation Interval  | Trip |          |
        |     Loop Name     |   min   |   max   |  Latency |  achieved |   target  | Count| Pipelined|
        +-------------------+---------+---------+----------+-----------+-----------+------+----------+
        |- VITIS_LOOP_86_4  |      512|      512|         2|          1|          1|   512|       yes|
        +-------------------+---------+---------+----------+-----------+-----------+------+----------+



================================================================
== Utilization Estimates
================================================================
* Summary: 
+---------------------+---------+------+---------+---------+-----+
|         Name        | BRAM_18K|  DSP |    FF   |   LUT   | URAM|
+---------------------+---------+------+---------+---------+-----+
|DSP                  |        -|     -|        -|        -|    -|
|Expression           |        -|     -|        0|       36|    -|
|FIFO                 |        -|     -|        -|        -|    -|
|Instance             |        -|     -|        -|        -|    -|
|Memory               |        -|     -|        -|        -|    -|
|Multiplexer          |        -|     -|        -|       54|    -|
|Register             |        -|     -|       13|        -|    -|
+---------------------+---------+------+---------+---------+-----+
|Total                |        0|     0|       13|       90|    0|
+---------------------+---------+------+---------+---------+-----+
|Available SLR        |     1344|  3008|   869120|   434560|  320|
+---------------------+---------+------+---------+---------+-----+
|Utilization SLR (%)  |        0|     0|       ~0|       ~0|    0|
+---------------------+---------+------+---------+---------+-----+
|Available            |     4032|  9024|  2607360|  1303680|  960|
+---------------------+---------+------+---------+---------+-----+
|Utilization (%)      |        0|     0|       ~0|       ~0|    0|
+---------------------+---------+------+---------+---------+-----+

+ Detail: 
    * Instance: 
    N/A

    * DSP: 
    N/A

    * Memory: 
    N/A

    * FIFO: 
    N/A

    * Expression: 
    +----------------------------------+----------+----+---+----+------------+------------+
    |           Variable Name          | Operation| DSP| FF| LUT| Bitwidth P0| Bitwidth P1|
    +----------------------------------+----------+----+---+----+------------+------------+
    |add_ln86_fu_76_p2                 |         +|   0|  0|  17|          10|           1|
    |ap_condition_87                   |       and|   0|  0|   2|           1|           1|
    |icmp_ln86_fu_70_p2                |      icmp|   0|  0|  11|          10|          11|
    |ap_block_pp0_stage0_01001         |        or|   0|  0|   2|           1|           1|
    |ap_block_state2_pp0_stage0_iter1  |        or|   0|  0|   2|           1|           1|
    |ap_enable_pp0                     |       xor|   0|  0|   2|           1|           2|
    +----------------------------------+----------+----+---+----+------------+------------+
    |Total                             |          |   0|  0|  36|          24|          17|
    +----------------------------------+----------+----+---+----+------------+------------+

    * Multiplexer: 
    +-------------------------+----+-----------+-----+-----------+
    |           Name          | LUT| Input Size| Bits| Total Bits|
    +-------------------------+----+-----------+-----+-----------+
    |ap_done_int              |   9|          2|    1|          2|
    |ap_enable_reg_pp0_iter1  |   9|          2|    1|          2|
    |ap_sig_allocacmp_i1_1    |   9|          2|   10|         20|
    |i1_fu_44                 |   9|          2|   10|         20|
    |initial_bigbuf_V_blk_n   |   9|          2|    1|          2|
    |initial_buf2_blk_n       |   9|          2|    1|          2|
    +-------------------------+----+-----------+-----+-----------+
    |Total                    |  54|         12|   24|         48|
    +-------------------------+----+-----------+-----+-----------+

    * Register: 
    +-------------------------+----+----+-----+-----------+
    |           Name          | FF | LUT| Bits| Const Bits|
    +-------------------------+----+----+-----+-----------+
    |ap_CS_fsm                |   1|   0|    1|          0|
    |ap_done_reg              |   1|   0|    1|          0|
    |ap_enable_reg_pp0_iter1  |   1|   0|    1|          0|
    |i1_fu_44                 |  10|   0|   10|          0|
    +-------------------------+----+----+-----+-----------+
    |Total                    |  13|   0|   13|          0|
    +-------------------------+----+----+-----+-----------+



================================================================
== Interface
================================================================
* Summary: 
+---------------------------------+-----+-----+------------+-----------------------------------+--------------+
|            RTL Ports            | Dir | Bits|  Protocol  |           Source Object           |    C Type    |
+---------------------------------+-----+-----+------------+-----------------------------------+--------------+
|ap_clk                           |   in|    1|  ap_ctrl_hs|  kernel_Loop_VITIS_LOOP_86_4_proc8|  return value|
|ap_rst                           |   in|    1|  ap_ctrl_hs|  kernel_Loop_VITIS_LOOP_86_4_proc8|  return value|
|ap_start                         |   in|    1|  ap_ctrl_hs|  kernel_Loop_VITIS_LOOP_86_4_proc8|  return value|
|ap_done                          |  out|    1|  ap_ctrl_hs|  kernel_Loop_VITIS_LOOP_86_4_proc8|  return value|
|ap_continue                      |   in|    1|  ap_ctrl_hs|  kernel_Loop_VITIS_LOOP_86_4_proc8|  return value|
|ap_idle                          |  out|    1|  ap_ctrl_hs|  kernel_Loop_VITIS_LOOP_86_4_proc8|  return value|
|ap_ready                         |  out|    1|  ap_ctrl_hs|  kernel_Loop_VITIS_LOOP_86_4_proc8|  return value|
|initial_bigbuf_V_dout            |   in|    8|     ap_fifo|                   initial_bigbuf_V|       pointer|
|initial_bigbuf_V_num_data_valid  |   in|   10|     ap_fifo|                   initial_bigbuf_V|       pointer|
|initial_bigbuf_V_fifo_cap        |   in|   10|     ap_fifo|                   initial_bigbuf_V|       pointer|
|initial_bigbuf_V_empty_n         |   in|    1|     ap_fifo|                   initial_bigbuf_V|       pointer|
|initial_bigbuf_V_read            |  out|    1|     ap_fifo|                   initial_bigbuf_V|       pointer|
|initial_buf2_din                 |  out|    8|     ap_fifo|                       initial_buf2|       pointer|
|initial_buf2_num_data_valid      |   in|   10|     ap_fifo|                       initial_buf2|       pointer|
|initial_buf2_fifo_cap            |   in|   10|     ap_fifo|                       initial_buf2|       pointer|
|initial_buf2_full_n              |   in|    1|     ap_fifo|                       initial_buf2|       pointer|
|initial_buf2_write               |  out|    1|     ap_fifo|                       initial_buf2|       pointer|
+---------------------------------+-----+-----+------------+-----------------------------------+--------------+

