

================================================================
== Vitis HLS Report for 'kernel'
================================================================
* Date:           Thu Sep  7 01:06:49 2023

* Version:        2022.2 (Build 3670227 on Oct 13 2022)
* Project:        alveo_hls4ml
* Solution:       solution (Vitis Kernel Flow Target)
* Product family: virtexuplus
* Target device:  xcu55c-fsvh2892-2L-e


================================================================
== Performance Estimates
================================================================
+ Timing: 
    * Summary: 
    +--------+---------+----------+------------+
    |  Clock |  Target | Estimated| Uncertainty|
    +--------+---------+----------+------------+
    |ap_clk  |  9.00 ns|  6.570 ns|     2.43 ns|
    +--------+---------+----------+------------+

+ Latency: 
    * Summary: 
    +---------+-----------+-----------+-----------+---------+-----------+----------+
    |   Latency (cycles)  |   Latency (absolute)  |       Interval      | Pipeline |
    |   min   |    max    |    min    |    max    |   min   |    max    |   Type   |
    +---------+-----------+-----------+-----------+---------+-----------+----------+
    |  1313209|  116131989|  11.819 ms|  1.045 sec|  1313137|  116131917|  dataflow|
    +---------+-----------+-----------+-----------+---------+-----------+----------+

    + Detail: 
        * Instance: 
        +---------------------------------------+------------------------------------+---------+-----------+-----------+-----------+---------+-----------+----------+
        |                                       |                                    |   Latency (cycles)  |   Latency (absolute)  |       Interval      | Pipeline |
        |                Instance               |               Module               |   min   |    max    |    min    |    max    |   min   |    max    |   Type   |
        +---------------------------------------+------------------------------------+---------+-----------+-----------+-----------+---------+-----------+----------+
        |kernel_Loop_VITIS_LOOP_68_1_proc_U0    |kernel_Loop_VITIS_LOOP_68_1_proc    |    37450|      37450|   0.337 ms|   0.337 ms|    37450|      37450|        no|
        |kernel_Loop_VITIS_LOOP_73_2_proc_U0    |kernel_Loop_VITIS_LOOP_73_2_proc    |      586|        586|   5.274 us|   5.274 us|      586|        586|        no|
        |kernel_Loop_VITIS_LOOP_80_3_proc7_U0   |kernel_Loop_VITIS_LOOP_80_3_proc7   |    37378|      37378|   0.336 ms|   0.336 ms|    37378|      37378|        no|
        |kernel_Loop_VITIS_LOOP_86_4_proc8_U0   |kernel_Loop_VITIS_LOOP_86_4_proc8   |      514|        514|   4.626 us|   4.626 us|      514|        514|        no|
        |myproject_U0                           |myproject                           |  1313136|  116131916|  11.818 ms|  1.045 sec|  1313137|  116131917|  dataflow|
        |entry_proc_U0                          |entry_proc                          |        0|          0|       0 ns|       0 ns|        0|          0|        no|
        |kernel_Loop_VITIS_LOOP_103_5_proc9_U0  |kernel_Loop_VITIS_LOOP_103_5_proc9  |    37450|      37450|   0.337 ms|   0.337 ms|    37450|      37450|        no|
        +---------------------------------------+------------------------------------+---------+-----------+-----------+-----------+---------+-----------+----------+

        * Loop: 
        N/A



================================================================
== Utilization Estimates
================================================================
* Summary: 
+---------------------+---------+------+---------+---------+-----+
|         Name        | BRAM_18K|  DSP |    FF   |   LUT   | URAM|
+---------------------+---------+------+---------+---------+-----+
|DSP                  |        -|     -|        -|        -|    -|
|Expression           |        -|     -|        0|       20|    -|
|FIFO                 |        3|     -|      168|      310|    -|
|Instance             |       25|     1|    78906|   243563|    0|
|Memory               |        -|     -|        -|        -|    -|
|Multiplexer          |        -|     -|        -|       36|    -|
|Register             |        -|     -|        4|        -|    -|
+---------------------+---------+------+---------+---------+-----+
|Total                |       28|     1|    79078|   243929|    0|
+---------------------+---------+------+---------+---------+-----+
|Available SLR        |     1344|  3008|   869120|   434560|  320|
+---------------------+---------+------+---------+---------+-----+
|Utilization SLR (%)  |        2|    ~0|        9|       56|    0|
+---------------------+---------+------+---------+---------+-----+
|Available            |     4032|  9024|  2607360|  1303680|  960|
+---------------------+---------+------+---------+---------+-----+
|Utilization (%)      |       ~0|    ~0|        3|       18|    0|
+---------------------+---------+------+---------+---------+-----+

+ Detail: 
    * Instance: 
    +---------------------------------------+------------------------------------+---------+----+-------+--------+-----+
    |                Instance               |               Module               | BRAM_18K| DSP|   FF  |   LUT  | URAM|
    +---------------------------------------+------------------------------------+---------+----+-------+--------+-----+
    |entry_proc_U0                          |entry_proc                          |        0|   0|      3|      29|    0|
    |kernel_Loop_VITIS_LOOP_103_5_proc9_U0  |kernel_Loop_VITIS_LOOP_103_5_proc9  |        0|   0|    166|     622|    0|
    |kernel_Loop_VITIS_LOOP_68_1_proc_U0    |kernel_Loop_VITIS_LOOP_68_1_proc    |        0|   0|    167|     597|    0|
    |kernel_Loop_VITIS_LOOP_73_2_proc_U0    |kernel_Loop_VITIS_LOOP_73_2_proc    |        0|   0|    161|     589|    0|
    |kernel_Loop_VITIS_LOOP_80_3_proc7_U0   |kernel_Loop_VITIS_LOOP_80_3_proc7   |        0|   0|     19|      98|    0|
    |kernel_Loop_VITIS_LOOP_86_4_proc8_U0   |kernel_Loop_VITIS_LOOP_86_4_proc8   |        0|   0|     13|      90|    0|
    |myproject_U0                           |myproject                           |       25|   1|  78377|  241538|    0|
    +---------------------------------------+------------------------------------+---------+----+-------+--------+-----+
    |Total                                  |                                    |       25|   1|  78906|  243563|    0|
    +---------------------------------------+------------------------------------+---------+----+-------+--------+-----+

    * DSP: 
    N/A

    * Memory: 
    N/A

    * FIFO: 
    +-----------------------+---------+----+----+-----+-------+-----+---------+
    |          Name         | BRAM_18K| FF | LUT| URAM| Depth | Bits| Size:D*B|
    +-----------------------+---------+----+----+-----+-------+-----+---------+
    |in_bigbuf_V_channel_U  |        1|  47|   0|    -|  37376|    8|   299008|
    |in_buf1_U              |        0|  10|   0|    -|     73|    8|      584|
    |initial_bigbuf_V_U     |        1|  47|   0|    -|    512|    8|     4096|
    |initial_buf2_U         |        1|  47|   0|    -|    512|    8|     4096|
    |out_buf3_U             |        0|  10|   0|    -|     73|    8|      584|
    |out_c_U                |        0|   7|   0|    -|      5|   64|      320|
    +-----------------------+---------+----+----+-----+-------+-----+---------+
    |Total                  |        3| 168|   0|    0|  38551|  104|   308688|
    +-----------------------+---------+----+----+-----+-------+-----+---------+

    * Expression: 
    +------------------------------------------------------+----------+----+---+----+------------+------------+
    |                     Variable Name                    | Operation| DSP| FF| LUT| Bitwidth P0| Bitwidth P1|
    +------------------------------------------------------+----------+----+---+----+------------+------------+
    |ap_idle                                               |       and|   0|  0|   2|           1|           1|
    |ap_sync_ready                                         |       and|   0|  0|   2|           1|           1|
    |entry_proc_U0_ap_start                                |       and|   0|  0|   2|           1|           1|
    |kernel_Loop_VITIS_LOOP_68_1_proc_U0_ap_start          |       and|   0|  0|   2|           1|           1|
    |kernel_Loop_VITIS_LOOP_73_2_proc_U0_ap_start          |       and|   0|  0|   2|           1|           1|
    |myproject_U0_ap_start                                 |       and|   0|  0|   2|           1|           1|
    |ap_sync_entry_proc_U0_ap_ready                        |        or|   0|  0|   2|           1|           1|
    |ap_sync_kernel_Loop_VITIS_LOOP_68_1_proc_U0_ap_ready  |        or|   0|  0|   2|           1|           1|
    |ap_sync_kernel_Loop_VITIS_LOOP_73_2_proc_U0_ap_ready  |        or|   0|  0|   2|           1|           1|
    |ap_sync_myproject_U0_ap_ready                         |        or|   0|  0|   2|           1|           1|
    +------------------------------------------------------+----------+----+---+----+------------+------------+
    |Total                                                 |          |   0|  0|  20|          10|          10|
    +------------------------------------------------------+----------+----+---+----+------------+------------+

    * Multiplexer: 
    +----------------------------------------------------------+----+-----------+-----+-----------+
    |                           Name                           | LUT| Input Size| Bits| Total Bits|
    +----------------------------------------------------------+----+-----------+-----+-----------+
    |ap_sync_reg_entry_proc_U0_ap_ready                        |   9|          2|    1|          2|
    |ap_sync_reg_kernel_Loop_VITIS_LOOP_68_1_proc_U0_ap_ready  |   9|          2|    1|          2|
    |ap_sync_reg_kernel_Loop_VITIS_LOOP_73_2_proc_U0_ap_ready  |   9|          2|    1|          2|
    |ap_sync_reg_myproject_U0_ap_ready                         |   9|          2|    1|          2|
    +----------------------------------------------------------+----+-----------+-----+-----------+
    |Total                                                     |  36|          8|    4|          8|
    +----------------------------------------------------------+----+-----------+-----+-----------+

    * Register: 
    +----------------------------------------------------------+---+----+-----+-----------+
    |                           Name                           | FF| LUT| Bits| Const Bits|
    +----------------------------------------------------------+---+----+-----+-----------+
    |ap_sync_reg_entry_proc_U0_ap_ready                        |  1|   0|    1|          0|
    |ap_sync_reg_kernel_Loop_VITIS_LOOP_68_1_proc_U0_ap_ready  |  1|   0|    1|          0|
    |ap_sync_reg_kernel_Loop_VITIS_LOOP_73_2_proc_U0_ap_ready  |  1|   0|    1|          0|
    |ap_sync_reg_myproject_U0_ap_ready                         |  1|   0|    1|          0|
    +----------------------------------------------------------+---+----+-----+-----------+
    |Total                                                     |  4|   0|    4|          0|
    +----------------------------------------------------------+---+----+-----+-----------+



================================================================
== Interface
================================================================
* Summary: 
+----------------------+-----+-----+------------+--------------+--------------+
|       RTL Ports      | Dir | Bits|  Protocol  | Source Object|    C Type    |
+----------------------+-----+-----+------------+--------------+--------------+
|m_axi_gmem0_AWVALID   |  out|    1|       m_axi|         gmem0|       pointer|
|m_axi_gmem0_AWREADY   |   in|    1|       m_axi|         gmem0|       pointer|
|m_axi_gmem0_AWADDR    |  out|   64|       m_axi|         gmem0|       pointer|
|m_axi_gmem0_AWID      |  out|    1|       m_axi|         gmem0|       pointer|
|m_axi_gmem0_AWLEN     |  out|   32|       m_axi|         gmem0|       pointer|
|m_axi_gmem0_AWSIZE    |  out|    3|       m_axi|         gmem0|       pointer|
|m_axi_gmem0_AWBURST   |  out|    2|       m_axi|         gmem0|       pointer|
|m_axi_gmem0_AWLOCK    |  out|    2|       m_axi|         gmem0|       pointer|
|m_axi_gmem0_AWCACHE   |  out|    4|       m_axi|         gmem0|       pointer|
|m_axi_gmem0_AWPROT    |  out|    3|       m_axi|         gmem0|       pointer|
|m_axi_gmem0_AWQOS     |  out|    4|       m_axi|         gmem0|       pointer|
|m_axi_gmem0_AWREGION  |  out|    4|       m_axi|         gmem0|       pointer|
|m_axi_gmem0_AWUSER    |  out|    1|       m_axi|         gmem0|       pointer|
|m_axi_gmem0_WVALID    |  out|    1|       m_axi|         gmem0|       pointer|
|m_axi_gmem0_WREADY    |   in|    1|       m_axi|         gmem0|       pointer|
|m_axi_gmem0_WDATA     |  out|   32|       m_axi|         gmem0|       pointer|
|m_axi_gmem0_WSTRB     |  out|    4|       m_axi|         gmem0|       pointer|
|m_axi_gmem0_WLAST     |  out|    1|       m_axi|         gmem0|       pointer|
|m_axi_gmem0_WID       |  out|    1|       m_axi|         gmem0|       pointer|
|m_axi_gmem0_WUSER     |  out|    1|       m_axi|         gmem0|       pointer|
|m_axi_gmem0_ARVALID   |  out|    1|       m_axi|         gmem0|       pointer|
|m_axi_gmem0_ARREADY   |   in|    1|       m_axi|         gmem0|       pointer|
|m_axi_gmem0_ARADDR    |  out|   64|       m_axi|         gmem0|       pointer|
|m_axi_gmem0_ARID      |  out|    1|       m_axi|         gmem0|       pointer|
|m_axi_gmem0_ARLEN     |  out|   32|       m_axi|         gmem0|       pointer|
|m_axi_gmem0_ARSIZE    |  out|    3|       m_axi|         gmem0|       pointer|
|m_axi_gmem0_ARBURST   |  out|    2|       m_axi|         gmem0|       pointer|
|m_axi_gmem0_ARLOCK    |  out|    2|       m_axi|         gmem0|       pointer|
|m_axi_gmem0_ARCACHE   |  out|    4|       m_axi|         gmem0|       pointer|
|m_axi_gmem0_ARPROT    |  out|    3|       m_axi|         gmem0|       pointer|
|m_axi_gmem0_ARQOS     |  out|    4|       m_axi|         gmem0|       pointer|
|m_axi_gmem0_ARREGION  |  out|    4|       m_axi|         gmem0|       pointer|
|m_axi_gmem0_ARUSER    |  out|    1|       m_axi|         gmem0|       pointer|
|m_axi_gmem0_RVALID    |   in|    1|       m_axi|         gmem0|       pointer|
|m_axi_gmem0_RREADY    |  out|    1|       m_axi|         gmem0|       pointer|
|m_axi_gmem0_RDATA     |   in|   32|       m_axi|         gmem0|       pointer|
|m_axi_gmem0_RLAST     |   in|    1|       m_axi|         gmem0|       pointer|
|m_axi_gmem0_RID       |   in|    1|       m_axi|         gmem0|       pointer|
|m_axi_gmem0_RFIFONUM  |   in|    9|       m_axi|         gmem0|       pointer|
|m_axi_gmem0_RUSER     |   in|    1|       m_axi|         gmem0|       pointer|
|m_axi_gmem0_RRESP     |   in|    2|       m_axi|         gmem0|       pointer|
|m_axi_gmem0_BVALID    |   in|    1|       m_axi|         gmem0|       pointer|
|m_axi_gmem0_BREADY    |  out|    1|       m_axi|         gmem0|       pointer|
|m_axi_gmem0_BRESP     |   in|    2|       m_axi|         gmem0|       pointer|
|m_axi_gmem0_BID       |   in|    1|       m_axi|         gmem0|       pointer|
|m_axi_gmem0_BUSER     |   in|    1|       m_axi|         gmem0|       pointer|
|in_r                  |   in|   64|     ap_none|          in_r|        scalar|
|in_r_ap_vld           |   in|    1|     ap_none|          in_r|        scalar|
|m_axi_gmem1_AWVALID   |  out|    1|       m_axi|         gmem1|       pointer|
|m_axi_gmem1_AWREADY   |   in|    1|       m_axi|         gmem1|       pointer|
|m_axi_gmem1_AWADDR    |  out|   64|       m_axi|         gmem1|       pointer|
|m_axi_gmem1_AWID      |  out|    1|       m_axi|         gmem1|       pointer|
|m_axi_gmem1_AWLEN     |  out|   32|       m_axi|         gmem1|       pointer|
|m_axi_gmem1_AWSIZE    |  out|    3|       m_axi|         gmem1|       pointer|
|m_axi_gmem1_AWBURST   |  out|    2|       m_axi|         gmem1|       pointer|
|m_axi_gmem1_AWLOCK    |  out|    2|       m_axi|         gmem1|       pointer|
|m_axi_gmem1_AWCACHE   |  out|    4|       m_axi|         gmem1|       pointer|
|m_axi_gmem1_AWPROT    |  out|    3|       m_axi|         gmem1|       pointer|
|m_axi_gmem1_AWQOS     |  out|    4|       m_axi|         gmem1|       pointer|
|m_axi_gmem1_AWREGION  |  out|    4|       m_axi|         gmem1|       pointer|
|m_axi_gmem1_AWUSER    |  out|    1|       m_axi|         gmem1|       pointer|
|m_axi_gmem1_WVALID    |  out|    1|       m_axi|         gmem1|       pointer|
|m_axi_gmem1_WREADY    |   in|    1|       m_axi|         gmem1|       pointer|
|m_axi_gmem1_WDATA     |  out|   32|       m_axi|         gmem1|       pointer|
|m_axi_gmem1_WSTRB     |  out|    4|       m_axi|         gmem1|       pointer|
|m_axi_gmem1_WLAST     |  out|    1|       m_axi|         gmem1|       pointer|
|m_axi_gmem1_WID       |  out|    1|       m_axi|         gmem1|       pointer|
|m_axi_gmem1_WUSER     |  out|    1|       m_axi|         gmem1|       pointer|
|m_axi_gmem1_ARVALID   |  out|    1|       m_axi|         gmem1|       pointer|
|m_axi_gmem1_ARREADY   |   in|    1|       m_axi|         gmem1|       pointer|
|m_axi_gmem1_ARADDR    |  out|   64|       m_axi|         gmem1|       pointer|
|m_axi_gmem1_ARID      |  out|    1|       m_axi|         gmem1|       pointer|
|m_axi_gmem1_ARLEN     |  out|   32|       m_axi|         gmem1|       pointer|
|m_axi_gmem1_ARSIZE    |  out|    3|       m_axi|         gmem1|       pointer|
|m_axi_gmem1_ARBURST   |  out|    2|       m_axi|         gmem1|       pointer|
|m_axi_gmem1_ARLOCK    |  out|    2|       m_axi|         gmem1|       pointer|
|m_axi_gmem1_ARCACHE   |  out|    4|       m_axi|         gmem1|       pointer|
|m_axi_gmem1_ARPROT    |  out|    3|       m_axi|         gmem1|       pointer|
|m_axi_gmem1_ARQOS     |  out|    4|       m_axi|         gmem1|       pointer|
|m_axi_gmem1_ARREGION  |  out|    4|       m_axi|         gmem1|       pointer|
|m_axi_gmem1_ARUSER    |  out|    1|       m_axi|         gmem1|       pointer|
|m_axi_gmem1_RVALID    |   in|    1|       m_axi|         gmem1|       pointer|
|m_axi_gmem1_RREADY    |  out|    1|       m_axi|         gmem1|       pointer|
|m_axi_gmem1_RDATA     |   in|   32|       m_axi|         gmem1|       pointer|
|m_axi_gmem1_RLAST     |   in|    1|       m_axi|         gmem1|       pointer|
|m_axi_gmem1_RID       |   in|    1|       m_axi|         gmem1|       pointer|
|m_axi_gmem1_RFIFONUM  |   in|    9|       m_axi|         gmem1|       pointer|
|m_axi_gmem1_RUSER     |   in|    1|       m_axi|         gmem1|       pointer|
|m_axi_gmem1_RRESP     |   in|    2|       m_axi|         gmem1|       pointer|
|m_axi_gmem1_BVALID    |   in|    1|       m_axi|         gmem1|       pointer|
|m_axi_gmem1_BREADY    |  out|    1|       m_axi|         gmem1|       pointer|
|m_axi_gmem1_BRESP     |   in|    2|       m_axi|         gmem1|       pointer|
|m_axi_gmem1_BID       |   in|    1|       m_axi|         gmem1|       pointer|
|m_axi_gmem1_BUSER     |   in|    1|       m_axi|         gmem1|       pointer|
|initial_r             |   in|   64|     ap_none|     initial_r|        scalar|
|initial_r_ap_vld      |   in|    1|     ap_none|     initial_r|        scalar|
|m_axi_gmem4_AWVALID   |  out|    1|       m_axi|         gmem4|       pointer|
|m_axi_gmem4_AWREADY   |   in|    1|       m_axi|         gmem4|       pointer|
|m_axi_gmem4_AWADDR    |  out|   64|       m_axi|         gmem4|       pointer|
|m_axi_gmem4_AWID      |  out|    1|       m_axi|         gmem4|       pointer|
|m_axi_gmem4_AWLEN     |  out|   32|       m_axi|         gmem4|       pointer|
|m_axi_gmem4_AWSIZE    |  out|    3|       m_axi|         gmem4|       pointer|
|m_axi_gmem4_AWBURST   |  out|    2|       m_axi|         gmem4|       pointer|
|m_axi_gmem4_AWLOCK    |  out|    2|       m_axi|         gmem4|       pointer|
|m_axi_gmem4_AWCACHE   |  out|    4|       m_axi|         gmem4|       pointer|
|m_axi_gmem4_AWPROT    |  out|    3|       m_axi|         gmem4|       pointer|
|m_axi_gmem4_AWQOS     |  out|    4|       m_axi|         gmem4|       pointer|
|m_axi_gmem4_AWREGION  |  out|    4|       m_axi|         gmem4|       pointer|
|m_axi_gmem4_AWUSER    |  out|    1|       m_axi|         gmem4|       pointer|
|m_axi_gmem4_WVALID    |  out|    1|       m_axi|         gmem4|       pointer|
|m_axi_gmem4_WREADY    |   in|    1|       m_axi|         gmem4|       pointer|
|m_axi_gmem4_WDATA     |  out|   32|       m_axi|         gmem4|       pointer|
|m_axi_gmem4_WSTRB     |  out|    4|       m_axi|         gmem4|       pointer|
|m_axi_gmem4_WLAST     |  out|    1|       m_axi|         gmem4|       pointer|
|m_axi_gmem4_WID       |  out|    1|       m_axi|         gmem4|       pointer|
|m_axi_gmem4_WUSER     |  out|    1|       m_axi|         gmem4|       pointer|
|m_axi_gmem4_ARVALID   |  out|    1|       m_axi|         gmem4|       pointer|
|m_axi_gmem4_ARREADY   |   in|    1|       m_axi|         gmem4|       pointer|
|m_axi_gmem4_ARADDR    |  out|   64|       m_axi|         gmem4|       pointer|
|m_axi_gmem4_ARID      |  out|    1|       m_axi|         gmem4|       pointer|
|m_axi_gmem4_ARLEN     |  out|   32|       m_axi|         gmem4|       pointer|
|m_axi_gmem4_ARSIZE    |  out|    3|       m_axi|         gmem4|       pointer|
|m_axi_gmem4_ARBURST   |  out|    2|       m_axi|         gmem4|       pointer|
|m_axi_gmem4_ARLOCK    |  out|    2|       m_axi|         gmem4|       pointer|
|m_axi_gmem4_ARCACHE   |  out|    4|       m_axi|         gmem4|       pointer|
|m_axi_gmem4_ARPROT    |  out|    3|       m_axi|         gmem4|       pointer|
|m_axi_gmem4_ARQOS     |  out|    4|       m_axi|         gmem4|       pointer|
|m_axi_gmem4_ARREGION  |  out|    4|       m_axi|         gmem4|       pointer|
|m_axi_gmem4_ARUSER    |  out|    1|       m_axi|         gmem4|       pointer|
|m_axi_gmem4_RVALID    |   in|    1|       m_axi|         gmem4|       pointer|
|m_axi_gmem4_RREADY    |  out|    1|       m_axi|         gmem4|       pointer|
|m_axi_gmem4_RDATA     |   in|   32|       m_axi|         gmem4|       pointer|
|m_axi_gmem4_RLAST     |   in|    1|       m_axi|         gmem4|       pointer|
|m_axi_gmem4_RID       |   in|    1|       m_axi|         gmem4|       pointer|
|m_axi_gmem4_RFIFONUM  |   in|    9|       m_axi|         gmem4|       pointer|
|m_axi_gmem4_RUSER     |   in|    1|       m_axi|         gmem4|       pointer|
|m_axi_gmem4_RRESP     |   in|    2|       m_axi|         gmem4|       pointer|
|m_axi_gmem4_BVALID    |   in|    1|       m_axi|         gmem4|       pointer|
|m_axi_gmem4_BREADY    |  out|    1|       m_axi|         gmem4|       pointer|
|m_axi_gmem4_BRESP     |   in|    2|       m_axi|         gmem4|       pointer|
|m_axi_gmem4_BID       |   in|    1|       m_axi|         gmem4|       pointer|
|m_axi_gmem4_BUSER     |   in|    1|       m_axi|         gmem4|       pointer|
|out_r                 |   in|   64|     ap_none|         out_r|        scalar|
|out_r_ap_vld          |   in|    1|     ap_none|         out_r|        scalar|
|w12_V_address0        |  out|   20|   ap_memory|         w12_V|         array|
|w12_V_ce0             |  out|    1|   ap_memory|         w12_V|         array|
|w12_V_d0              |  out|    8|   ap_memory|         w12_V|         array|
|w12_V_q0              |   in|    8|   ap_memory|         w12_V|         array|
|w12_V_we0             |  out|    1|   ap_memory|         w12_V|         array|
|w12_V_address1        |  out|   20|   ap_memory|         w12_V|         array|
|w12_V_ce1             |  out|    1|   ap_memory|         w12_V|         array|
|w12_V_d1              |  out|    8|   ap_memory|         w12_V|         array|
|w12_V_q1              |   in|    8|   ap_memory|         w12_V|         array|
|w12_V_we1             |  out|    1|   ap_memory|         w12_V|         array|
|wr12_V_address0       |  out|   20|   ap_memory|        wr12_V|         array|
|wr12_V_ce0            |  out|    1|   ap_memory|        wr12_V|         array|
|wr12_V_d0             |  out|    8|   ap_memory|        wr12_V|         array|
|wr12_V_q0             |   in|    8|   ap_memory|        wr12_V|         array|
|wr12_V_we0            |  out|    1|   ap_memory|        wr12_V|         array|
|wr12_V_address1       |  out|   20|   ap_memory|        wr12_V|         array|
|wr12_V_ce1            |  out|    1|   ap_memory|        wr12_V|         array|
|wr12_V_d1             |  out|    8|   ap_memory|        wr12_V|         array|
|wr12_V_q1             |   in|    8|   ap_memory|        wr12_V|         array|
|wr12_V_we1            |  out|    1|   ap_memory|        wr12_V|         array|
|ap_clk                |   in|    1|  ap_ctrl_hs|        kernel|  return value|
|ap_rst                |   in|    1|  ap_ctrl_hs|        kernel|  return value|
|ap_start              |   in|    1|  ap_ctrl_hs|        kernel|  return value|
|ap_done               |  out|    1|  ap_ctrl_hs|        kernel|  return value|
|ap_ready              |  out|    1|  ap_ctrl_hs|        kernel|  return value|
|ap_idle               |  out|    1|  ap_ctrl_hs|        kernel|  return value|
|ap_continue           |   in|    1|  ap_ctrl_hs|        kernel|  return value|
+----------------------+-----+-----+------------+--------------+--------------+

