

================================================================
== Vitis HLS Report for 'kernel_Loop_VITIS_LOOP_105_5_proc10_Pipeline_VITIS_LOOP_105_5'
================================================================
* Date:           Mon Sep 11 06:39:17 2023

* Version:        2022.2 (Build 3670227 on Oct 13 2022)
* Project:        alveo_hls4ml
* Solution:       solution (Vitis Kernel Flow Target)
* Product family: virtexuplus
* Target device:  xcu55c-fsvh2892-2L-e


================================================================
== Performance Estimates
================================================================
+ Timing: 
    * Summary: 
    +--------+---------+----------+------------+
    |  Clock |  Target | Estimated| Uncertainty|
    +--------+---------+----------+------------+
    |ap_clk  |  4.00 ns|  2.920 ns|     1.08 ns|
    +--------+---------+----------+------------+

+ Latency: 
    * Summary: 
    +---------+---------+----------+----------+-------+-------+---------+
    |  Latency (cycles) |  Latency (absolute) |    Interval   | Pipeline|
    |   min   |   max   |    min   |    max   |  min  |  max  |   Type  |
    +---------+---------+----------+----------+-------+-------+---------+
    |    37379|    37379|  0.150 ms|  0.150 ms|  37379|  37379|       no|
    +---------+---------+----------+----------+-------+-------+---------+

    + Detail: 
        * Instance: 
        N/A

        * Loop: 
        +--------------------+---------+---------+----------+-----------+-----------+-------+----------+
        |                    |  Latency (cycles) | Iteration|  Initiation Interval  |  Trip |          |
        |      Loop Name     |   min   |   max   |  Latency |  achieved |   target  | Count | Pipelined|
        +--------------------+---------+---------+----------+-----------+-----------+-------+----------+
        |- VITIS_LOOP_105_5  |    37377|    37377|         3|          1|          1|  37376|       yes|
        +--------------------+---------+---------+----------+-----------+-----------+-------+----------+



================================================================
== Utilization Estimates
================================================================
* Summary: 
+---------------------+---------+------+---------+---------+-----+
|         Name        | BRAM_18K|  DSP |    FF   |   LUT   | URAM|
+---------------------+---------+------+---------+---------+-----+
|DSP                  |        -|     -|        -|        -|    -|
|Expression           |        -|     -|        0|       44|    -|
|FIFO                 |        -|     -|        -|        -|    -|
|Instance             |        -|     -|        -|        -|    -|
|Memory               |        -|     -|        -|        -|    -|
|Multiplexer          |        -|     -|        -|       54|    -|
|Register             |        -|     -|       30|        -|    -|
+---------------------+---------+------+---------+---------+-----+
|Total                |        0|     0|       30|       98|    0|
+---------------------+---------+------+---------+---------+-----+
|Available SLR        |     1344|  3008|   869120|   434560|  320|
+---------------------+---------+------+---------+---------+-----+
|Utilization SLR (%)  |        0|     0|       ~0|       ~0|    0|
+---------------------+---------+------+---------+---------+-----+
|Available            |     4032|  9024|  2607360|  1303680|  960|
+---------------------+---------+------+---------+---------+-----+
|Utilization (%)      |        0|     0|       ~0|       ~0|    0|
+---------------------+---------+------+---------+---------+-----+

+ Detail: 
    * Instance: 
    N/A

    * DSP: 
    N/A

    * Memory: 
    N/A

    * FIFO: 
    N/A

    * Expression: 
    +----------------------------------+----------+----+---+----+------------+------------+
    |           Variable Name          | Operation| DSP| FF| LUT| Bitwidth P0| Bitwidth P1|
    +----------------------------------+----------+----+---+----+------------+------------+
    |add_ln105_fu_98_p2                |         +|   0|  0|  23|          16|           1|
    |ap_block_pp0_stage0_01001         |       and|   0|  0|   2|           1|           1|
    |ap_block_state2_pp0_stage0_iter1  |       and|   0|  0|   2|           1|           1|
    |icmp_ln105_fu_92_p2               |      icmp|   0|  0|  13|          16|          16|
    |ap_block_pp0_stage0_11001         |        or|   0|  0|   2|           1|           1|
    |ap_enable_pp0                     |       xor|   0|  0|   2|           1|           2|
    +----------------------------------+----------+----+---+----+------------+------------+
    |Total                             |          |   0|  0|  44|          36|          22|
    +----------------------------------+----------+----+---+----+------------+------------+

    * Multiplexer: 
    +-------------------------+----+-----------+-----+-----------+
    |           Name          | LUT| Input Size| Bits| Total Bits|
    +-------------------------+----+-----------+-----+-----------+
    |ap_done_int              |   9|          2|    1|          2|
    |ap_enable_reg_pp0_iter2  |   9|          2|    1|          2|
    |ap_sig_allocacmp_i0_2    |   9|          2|   16|         32|
    |gmem6_blk_n_W            |   9|          2|    1|          2|
    |i0_fu_56                 |   9|          2|   16|         32|
    |out_buf3_blk_n           |   9|          2|    1|          2|
    +-------------------------+----+-----------+-----+-----------+
    |Total                    |  54|         12|   36|         72|
    +-------------------------+----+-----------+-----+-----------+

    * Register: 
    +----------------------------------+----+----+-----+-----------+
    |               Name               | FF | LUT| Bits| Const Bits|
    +----------------------------------+----+----+-----+-----------+
    |ap_CS_fsm                         |   1|   0|    1|          0|
    |ap_done_reg                       |   1|   0|    1|          0|
    |ap_enable_reg_pp0_iter1           |   1|   0|    1|          0|
    |ap_enable_reg_pp0_iter2           |   1|   0|    1|          0|
    |ap_loop_exit_ready_pp0_iter1_reg  |   1|   0|    1|          0|
    |i0_fu_56                          |  16|   0|   16|          0|
    |icmp_ln105_reg_138                |   1|   0|    1|          0|
    |tmp2_V_reg_147                    |   8|   0|    8|          0|
    +----------------------------------+----+----+-----+-----------+
    |Total                             |  30|   0|   30|          0|
    +----------------------------------+----+----+-----+-----------+



================================================================
== Interface
================================================================
* Summary: 
+-------------------------+-----+-----+------------+---------------------------------------------------------------+--------------+
|        RTL Ports        | Dir | Bits|  Protocol  |                         Source Object                         |    C Type    |
+-------------------------+-----+-----+------------+---------------------------------------------------------------+--------------+
|ap_clk                   |   in|    1|  ap_ctrl_hs|  kernel_Loop_VITIS_LOOP_105_5_proc10_Pipeline_VITIS_LOOP_105_5|  return value|
|ap_rst                   |   in|    1|  ap_ctrl_hs|  kernel_Loop_VITIS_LOOP_105_5_proc10_Pipeline_VITIS_LOOP_105_5|  return value|
|ap_start                 |   in|    1|  ap_ctrl_hs|  kernel_Loop_VITIS_LOOP_105_5_proc10_Pipeline_VITIS_LOOP_105_5|  return value|
|ap_done                  |  out|    1|  ap_ctrl_hs|  kernel_Loop_VITIS_LOOP_105_5_proc10_Pipeline_VITIS_LOOP_105_5|  return value|
|ap_idle                  |  out|    1|  ap_ctrl_hs|  kernel_Loop_VITIS_LOOP_105_5_proc10_Pipeline_VITIS_LOOP_105_5|  return value|
|ap_ready                 |  out|    1|  ap_ctrl_hs|  kernel_Loop_VITIS_LOOP_105_5_proc10_Pipeline_VITIS_LOOP_105_5|  return value|
|out_buf3_dout            |   in|    8|     ap_fifo|                                                       out_buf3|       pointer|
|out_buf3_num_data_valid  |   in|    8|     ap_fifo|                                                       out_buf3|       pointer|
|out_buf3_fifo_cap        |   in|    8|     ap_fifo|                                                       out_buf3|       pointer|
|out_buf3_empty_n         |   in|    1|     ap_fifo|                                                       out_buf3|       pointer|
|out_buf3_read            |  out|    1|     ap_fifo|                                                       out_buf3|       pointer|
|m_axi_gmem6_AWVALID      |  out|    1|       m_axi|                                                          gmem6|       pointer|
|m_axi_gmem6_AWREADY      |   in|    1|       m_axi|                                                          gmem6|       pointer|
|m_axi_gmem6_AWADDR       |  out|   64|       m_axi|                                                          gmem6|       pointer|
|m_axi_gmem6_AWID         |  out|    1|       m_axi|                                                          gmem6|       pointer|
|m_axi_gmem6_AWLEN        |  out|   32|       m_axi|                                                          gmem6|       pointer|
|m_axi_gmem6_AWSIZE       |  out|    3|       m_axi|                                                          gmem6|       pointer|
|m_axi_gmem6_AWBURST      |  out|    2|       m_axi|                                                          gmem6|       pointer|
|m_axi_gmem6_AWLOCK       |  out|    2|       m_axi|                                                          gmem6|       pointer|
|m_axi_gmem6_AWCACHE      |  out|    4|       m_axi|                                                          gmem6|       pointer|
|m_axi_gmem6_AWPROT       |  out|    3|       m_axi|                                                          gmem6|       pointer|
|m_axi_gmem6_AWQOS        |  out|    4|       m_axi|                                                          gmem6|       pointer|
|m_axi_gmem6_AWREGION     |  out|    4|       m_axi|                                                          gmem6|       pointer|
|m_axi_gmem6_AWUSER       |  out|    1|       m_axi|                                                          gmem6|       pointer|
|m_axi_gmem6_WVALID       |  out|    1|       m_axi|                                                          gmem6|       pointer|
|m_axi_gmem6_WREADY       |   in|    1|       m_axi|                                                          gmem6|       pointer|
|m_axi_gmem6_WDATA        |  out|   32|       m_axi|                                                          gmem6|       pointer|
|m_axi_gmem6_WSTRB        |  out|    4|       m_axi|                                                          gmem6|       pointer|
|m_axi_gmem6_WLAST        |  out|    1|       m_axi|                                                          gmem6|       pointer|
|m_axi_gmem6_WID          |  out|    1|       m_axi|                                                          gmem6|       pointer|
|m_axi_gmem6_WUSER        |  out|    1|       m_axi|                                                          gmem6|       pointer|
|m_axi_gmem6_ARVALID      |  out|    1|       m_axi|                                                          gmem6|       pointer|
|m_axi_gmem6_ARREADY      |   in|    1|       m_axi|                                                          gmem6|       pointer|
|m_axi_gmem6_ARADDR       |  out|   64|       m_axi|                                                          gmem6|       pointer|
|m_axi_gmem6_ARID         |  out|    1|       m_axi|                                                          gmem6|       pointer|
|m_axi_gmem6_ARLEN        |  out|   32|       m_axi|                                                          gmem6|       pointer|
|m_axi_gmem6_ARSIZE       |  out|    3|       m_axi|                                                          gmem6|       pointer|
|m_axi_gmem6_ARBURST      |  out|    2|       m_axi|                                                          gmem6|       pointer|
|m_axi_gmem6_ARLOCK       |  out|    2|       m_axi|                                                          gmem6|       pointer|
|m_axi_gmem6_ARCACHE      |  out|    4|       m_axi|                                                          gmem6|       pointer|
|m_axi_gmem6_ARPROT       |  out|    3|       m_axi|                                                          gmem6|       pointer|
|m_axi_gmem6_ARQOS        |  out|    4|       m_axi|                                                          gmem6|       pointer|
|m_axi_gmem6_ARREGION     |  out|    4|       m_axi|                                                          gmem6|       pointer|
|m_axi_gmem6_ARUSER       |  out|    1|       m_axi|                                                          gmem6|       pointer|
|m_axi_gmem6_RVALID       |   in|    1|       m_axi|                                                          gmem6|       pointer|
|m_axi_gmem6_RREADY       |  out|    1|       m_axi|                                                          gmem6|       pointer|
|m_axi_gmem6_RDATA        |   in|   32|       m_axi|                                                          gmem6|       pointer|
|m_axi_gmem6_RLAST        |   in|    1|       m_axi|                                                          gmem6|       pointer|
|m_axi_gmem6_RID          |   in|    1|       m_axi|                                                          gmem6|       pointer|
|m_axi_gmem6_RFIFONUM     |   in|    9|       m_axi|                                                          gmem6|       pointer|
|m_axi_gmem6_RUSER        |   in|    1|       m_axi|                                                          gmem6|       pointer|
|m_axi_gmem6_RRESP        |   in|    2|       m_axi|                                                          gmem6|       pointer|
|m_axi_gmem6_BVALID       |   in|    1|       m_axi|                                                          gmem6|       pointer|
|m_axi_gmem6_BREADY       |  out|    1|       m_axi|                                                          gmem6|       pointer|
|m_axi_gmem6_BRESP        |   in|    2|       m_axi|                                                          gmem6|       pointer|
|m_axi_gmem6_BID          |   in|    1|       m_axi|                                                          gmem6|       pointer|
|m_axi_gmem6_BUSER        |   in|    1|       m_axi|                                                          gmem6|       pointer|
|sext_ln105               |   in|   62|     ap_none|                                                     sext_ln105|        scalar|
+-------------------------+-----+-----+------------+---------------------------------------------------------------+--------------+

