

================================================================
== Vitis HLS Report for 'alveo_hls4ml_Pipeline_VITIS_LOOP_42_120'
================================================================
* Date:           Sat Sep 16 17:48:03 2023

* Version:        2022.2 (Build 3670227 on Oct 13 2022)
* Project:        alveo_hls4ml
* Solution:       solution (Vitis Kernel Flow Target)
* Product family: virtexuplus
* Target device:  xcu55c-fsvh2892-2L-e


================================================================
== Performance Estimates
================================================================
+ Timing: 
    * Summary: 
    +--------+---------+----------+------------+
    |  Clock |  Target | Estimated| Uncertainty|
    +--------+---------+----------+------------+
    |ap_clk  |  4.00 ns|  2.920 ns|     1.08 ns|
    +--------+---------+----------+------------+

+ Latency: 
    * Summary: 
    +---------+---------+----------+----------+--------+--------+---------+
    |  Latency (cycles) |  Latency (absolute) |     Interval    | Pipeline|
    |   min   |   max   |    min   |    max   |   min  |   max  |   Type  |
    +---------+---------+----------+----------+--------+--------+---------+
    |   393219|   393219|  1.573 ms|  1.573 ms|  393219|  393219|       no|
    +---------+---------+----------+----------+--------+--------+---------+

    + Detail: 
        * Instance: 
        N/A

        * Loop: 
        +-------------------+---------+---------+----------+-----------+-----------+--------+----------+
        |                   |  Latency (cycles) | Iteration|  Initiation Interval  |  Trip  |          |
        |     Loop Name     |   min   |   max   |  Latency |  achieved |   target  |  Count | Pipelined|
        +-------------------+---------+---------+----------+-----------+-----------+--------+----------+
        |- VITIS_LOOP_42_1  |   393217|   393217|         3|          1|          1|  393216|       yes|
        +-------------------+---------+---------+----------+-----------+-----------+--------+----------+



================================================================
== Utilization Estimates
================================================================
* Summary: 
+---------------------+---------+------+---------+---------+-----+
|         Name        | BRAM_18K|  DSP |    FF   |   LUT   | URAM|
+---------------------+---------+------+---------+---------+-----+
|DSP                  |        -|     -|        -|        -|    -|
|Expression           |        -|     -|        0|     4400|    -|
|FIFO                 |        -|     -|        -|        -|    -|
|Instance             |        -|     -|        -|        -|    -|
|Memory               |        -|     -|        -|        -|    -|
|Multiplexer          |        -|     -|        -|       77|    -|
|Register             |        -|     -|     1082|        -|    -|
+---------------------+---------+------+---------+---------+-----+
|Total                |        0|     0|     1082|     4477|    0|
+---------------------+---------+------+---------+---------+-----+
|Available SLR        |     1344|  3008|   869120|   434560|  320|
+---------------------+---------+------+---------+---------+-----+
|Utilization SLR (%)  |        0|     0|       ~0|        1|    0|
+---------------------+---------+------+---------+---------+-----+
|Available            |     4032|  9024|  2607360|  1303680|  960|
+---------------------+---------+------+---------+---------+-----+
|Utilization (%)      |        0|     0|       ~0|       ~0|    0|
+---------------------+---------+------+---------+---------+-----+

+ Detail: 
    * Instance: 
    N/A

    * DSP: 
    N/A

    * Memory: 
    N/A

    * FIFO: 
    N/A

    * Expression: 
    +----------------------------------+----------+----+---+------+------------+------------+
    |           Variable Name          | Operation| DSP| FF|  LUT | Bitwidth P0| Bitwidth P1|
    +----------------------------------+----------+----+---+------+------------+------------+
    |add_ln42_fu_139_p2                |         +|   0|  0|    26|          19|           1|
    |ap_block_pp0_stage0_11001         |       and|   0|  0|     2|           1|           1|
    |ap_block_state2_pp0_stage0_iter1  |       and|   0|  0|     2|           1|           1|
    |ap_predicate_op24_read_state2     |       and|   0|  0|     2|           1|           1|
    |icmp_ln42_fu_133_p2               |      icmp|   0|  0|    14|          19|          19|
    |icmp_ln44_fu_149_p2               |      icmp|   0|  0|    10|           6|           1|
    |bwr2_v2_d0                        |       shl|   0|  0|  2171|        6144|        6144|
    |shl_ln44_1_fu_232_p2              |       shl|   0|  0|  2171|           1|         768|
    |ap_enable_pp0                     |       xor|   0|  0|     2|           1|           2|
    +----------------------------------+----------+----+---+------+------------+------------+
    |Total                             |          |   0|  0|  4400|        6193|        6938|
    +----------------------------------+----------+----+---+------+------------+------------+

    * Multiplexer: 
    +-----------------------------------+----+-----------+-----+-----------+
    |                Name               | LUT| Input Size| Bits| Total Bits|
    +-----------------------------------+----+-----------+-----+-----------+
    |ap_done_int                        |   9|          2|    1|          2|
    |ap_enable_reg_pp0_iter2            |   9|          2|    1|          2|
    |ap_phi_mux_empty_95_phi_fu_110_p4  |  14|          3|  512|       1536|
    |ap_sig_allocacmp_i0_2              |   9|          2|   19|         38|
    |bwr2_v2_we0                        |   9|          2|  768|       1536|
    |gmem9_blk_n_R                      |   9|          2|    1|          2|
    |i0_fu_80                           |   9|          2|   19|         38|
    |shiftreg_fu_76                     |   9|          2|  504|       1008|
    +-----------------------------------+----+-----------+-----+-----------+
    |Total                              |  77|         17| 1825|       4162|
    +-----------------------------------+----+-----------+-----+-----------+

    * Register: 
    +----------------------------------+-----+----+-----+-----------+
    |               Name               |  FF | LUT| Bits| Const Bits|
    +----------------------------------+-----+----+-----+-----------+
    |ap_CS_fsm                         |    1|   0|    1|          0|
    |ap_done_reg                       |    1|   0|    1|          0|
    |ap_enable_reg_pp0_iter1           |    1|   0|    1|          0|
    |ap_enable_reg_pp0_iter2           |    1|   0|    1|          0|
    |ap_loop_exit_ready_pp0_iter1_reg  |    1|   0|    1|          0|
    |gmem9_addr_read_reg_277           |  512|   0|  512|          0|
    |i0_2_reg_263                      |   19|   0|   19|          0|
    |i0_2_reg_263_pp0_iter1_reg        |   19|   0|   19|          0|
    |i0_fu_80                          |   19|   0|   19|          0|
    |icmp_ln42_reg_269                 |    1|   0|    1|          0|
    |icmp_ln42_reg_269_pp0_iter1_reg   |    1|   0|    1|          0|
    |icmp_ln44_reg_273                 |    1|   0|    1|          0|
    |icmp_ln44_reg_273_pp0_iter1_reg   |    1|   0|    1|          0|
    |shiftreg_fu_76                    |  504|   0|  504|          0|
    +----------------------------------+-----+----+-----+-----------+
    |Total                             | 1082|   0| 1082|          0|
    +----------------------------------+-----+----+-----+-----------+



================================================================
== Interface
================================================================
* Summary: 
+----------------------+-----+------+------------+-----------------------------------------+--------------+
|       RTL Ports      | Dir | Bits |  Protocol  |              Source Object              |    C Type    |
+----------------------+-----+------+------------+-----------------------------------------+--------------+
|ap_clk                |   in|     1|  ap_ctrl_hs|  alveo_hls4ml_Pipeline_VITIS_LOOP_42_120|  return value|
|ap_rst                |   in|     1|  ap_ctrl_hs|  alveo_hls4ml_Pipeline_VITIS_LOOP_42_120|  return value|
|ap_start              |   in|     1|  ap_ctrl_hs|  alveo_hls4ml_Pipeline_VITIS_LOOP_42_120|  return value|
|ap_done               |  out|     1|  ap_ctrl_hs|  alveo_hls4ml_Pipeline_VITIS_LOOP_42_120|  return value|
|ap_idle               |  out|     1|  ap_ctrl_hs|  alveo_hls4ml_Pipeline_VITIS_LOOP_42_120|  return value|
|ap_ready              |  out|     1|  ap_ctrl_hs|  alveo_hls4ml_Pipeline_VITIS_LOOP_42_120|  return value|
|m_axi_gmem9_AWVALID   |  out|     1|       m_axi|                                    gmem9|       pointer|
|m_axi_gmem9_AWREADY   |   in|     1|       m_axi|                                    gmem9|       pointer|
|m_axi_gmem9_AWADDR    |  out|    64|       m_axi|                                    gmem9|       pointer|
|m_axi_gmem9_AWID      |  out|     1|       m_axi|                                    gmem9|       pointer|
|m_axi_gmem9_AWLEN     |  out|    32|       m_axi|                                    gmem9|       pointer|
|m_axi_gmem9_AWSIZE    |  out|     3|       m_axi|                                    gmem9|       pointer|
|m_axi_gmem9_AWBURST   |  out|     2|       m_axi|                                    gmem9|       pointer|
|m_axi_gmem9_AWLOCK    |  out|     2|       m_axi|                                    gmem9|       pointer|
|m_axi_gmem9_AWCACHE   |  out|     4|       m_axi|                                    gmem9|       pointer|
|m_axi_gmem9_AWPROT    |  out|     3|       m_axi|                                    gmem9|       pointer|
|m_axi_gmem9_AWQOS     |  out|     4|       m_axi|                                    gmem9|       pointer|
|m_axi_gmem9_AWREGION  |  out|     4|       m_axi|                                    gmem9|       pointer|
|m_axi_gmem9_AWUSER    |  out|     1|       m_axi|                                    gmem9|       pointer|
|m_axi_gmem9_WVALID    |  out|     1|       m_axi|                                    gmem9|       pointer|
|m_axi_gmem9_WREADY    |   in|     1|       m_axi|                                    gmem9|       pointer|
|m_axi_gmem9_WDATA     |  out|   512|       m_axi|                                    gmem9|       pointer|
|m_axi_gmem9_WSTRB     |  out|    64|       m_axi|                                    gmem9|       pointer|
|m_axi_gmem9_WLAST     |  out|     1|       m_axi|                                    gmem9|       pointer|
|m_axi_gmem9_WID       |  out|     1|       m_axi|                                    gmem9|       pointer|
|m_axi_gmem9_WUSER     |  out|     1|       m_axi|                                    gmem9|       pointer|
|m_axi_gmem9_ARVALID   |  out|     1|       m_axi|                                    gmem9|       pointer|
|m_axi_gmem9_ARREADY   |   in|     1|       m_axi|                                    gmem9|       pointer|
|m_axi_gmem9_ARADDR    |  out|    64|       m_axi|                                    gmem9|       pointer|
|m_axi_gmem9_ARID      |  out|     1|       m_axi|                                    gmem9|       pointer|
|m_axi_gmem9_ARLEN     |  out|    32|       m_axi|                                    gmem9|       pointer|
|m_axi_gmem9_ARSIZE    |  out|     3|       m_axi|                                    gmem9|       pointer|
|m_axi_gmem9_ARBURST   |  out|     2|       m_axi|                                    gmem9|       pointer|
|m_axi_gmem9_ARLOCK    |  out|     2|       m_axi|                                    gmem9|       pointer|
|m_axi_gmem9_ARCACHE   |  out|     4|       m_axi|                                    gmem9|       pointer|
|m_axi_gmem9_ARPROT    |  out|     3|       m_axi|                                    gmem9|       pointer|
|m_axi_gmem9_ARQOS     |  out|     4|       m_axi|                                    gmem9|       pointer|
|m_axi_gmem9_ARREGION  |  out|     4|       m_axi|                                    gmem9|       pointer|
|m_axi_gmem9_ARUSER    |  out|     1|       m_axi|                                    gmem9|       pointer|
|m_axi_gmem9_RVALID    |   in|     1|       m_axi|                                    gmem9|       pointer|
|m_axi_gmem9_RREADY    |  out|     1|       m_axi|                                    gmem9|       pointer|
|m_axi_gmem9_RDATA     |   in|   512|       m_axi|                                    gmem9|       pointer|
|m_axi_gmem9_RLAST     |   in|     1|       m_axi|                                    gmem9|       pointer|
|m_axi_gmem9_RID       |   in|     1|       m_axi|                                    gmem9|       pointer|
|m_axi_gmem9_RFIFONUM  |   in|     9|       m_axi|                                    gmem9|       pointer|
|m_axi_gmem9_RUSER     |   in|     1|       m_axi|                                    gmem9|       pointer|
|m_axi_gmem9_RRESP     |   in|     2|       m_axi|                                    gmem9|       pointer|
|m_axi_gmem9_BVALID    |   in|     1|       m_axi|                                    gmem9|       pointer|
|m_axi_gmem9_BREADY    |  out|     1|       m_axi|                                    gmem9|       pointer|
|m_axi_gmem9_BRESP     |   in|     2|       m_axi|                                    gmem9|       pointer|
|m_axi_gmem9_BID       |   in|     1|       m_axi|                                    gmem9|       pointer|
|m_axi_gmem9_BUSER     |   in|     1|       m_axi|                                    gmem9|       pointer|
|sext_ln42_7           |   in|    58|     ap_none|                              sext_ln42_7|        scalar|
|bwr2_v2_address0      |  out|     9|   ap_memory|                                  bwr2_v2|         array|
|bwr2_v2_ce0           |  out|     1|   ap_memory|                                  bwr2_v2|         array|
|bwr2_v2_we0           |  out|   768|   ap_memory|                                  bwr2_v2|         array|
|bwr2_v2_d0            |  out|  6144|   ap_memory|                                  bwr2_v2|         array|
+----------------------+-----+------+------------+-----------------------------------------+--------------+

