

================================================================
== Vitis HLS Report for 'alveo_hls4ml'
================================================================
* Date:           Sat Sep 16 13:33:38 2023

* Version:        2022.2 (Build 3670227 on Oct 13 2022)
* Project:        alveo_hls4ml
* Solution:       solution (Vitis Kernel Flow Target)
* Product family: virtexuplus
* Target device:  xcu55c-fsvh2892-2L-e


================================================================
== Performance Estimates
================================================================
+ Timing: 
    * Summary: 
    +--------+---------+----------+------------+
    |  Clock |  Target | Estimated| Uncertainty|
    +--------+---------+----------+------------+
    |ap_clk  |  9.00 ns|  6.570 ns|     2.43 ns|
    +--------+---------+----------+------------+

+ Latency: 
    * Summary: 
    +---------+---------+----------+----------+--------+--------+---------+
    |  Latency (cycles) |  Latency (absolute) |     Interval    | Pipeline|
    |   min   |   max   |    min   |    max   |   min  |   max  |   Type  |
    +---------+---------+----------+----------+--------+--------+---------+
    |   165359|   393291|  1.488 ms|  3.540 ms|  165360|  393292|       no|
    +---------+---------+----------+----------+--------+--------+---------+

    + Detail: 
        * Instance: 
        +----------------------------------------------------+----------------------------------------+---------+---------+----------+----------+--------+--------+----------+
        |                                                    |                                        |  Latency (cycles) |  Latency (absolute) |     Interval    | Pipeline |
        |                      Instance                      |                 Module                 |   min   |   max   |    min   |    max   |   min  |   max  |   Type   |
        +----------------------------------------------------+----------------------------------------+---------+---------+----------+----------+--------+--------+----------+
        |grp_kernel_fu_2340                                  |kernel                                  |   165356|   165648|  1.488 ms|  1.491 ms|  165285|  165577|  dataflow|
        |grp_alveo_hls4ml_Pipeline_VITIS_LOOP_42_1_fu_4414   |alveo_hls4ml_Pipeline_VITIS_LOOP_42_1   |    37635|    37635|  0.339 ms|  0.339 ms|   37635|   37635|        no|
        |grp_alveo_hls4ml_Pipeline_VITIS_LOOP_42_12_fu_4423  |alveo_hls4ml_Pipeline_VITIS_LOOP_42_12  |    37635|    37635|  0.339 ms|  0.339 ms|   37635|   37635|        no|
        |grp_alveo_hls4ml_Pipeline_VITIS_LOOP_42_13_fu_4432  |alveo_hls4ml_Pipeline_VITIS_LOOP_42_13  |    37635|    37635|  0.339 ms|  0.339 ms|   37635|   37635|        no|
        |grp_alveo_hls4ml_Pipeline_VITIS_LOOP_42_14_fu_4441  |alveo_hls4ml_Pipeline_VITIS_LOOP_42_14  |    37635|    37635|  0.339 ms|  0.339 ms|   37635|   37635|        no|
        |grp_alveo_hls4ml_Pipeline_VITIS_LOOP_42_15_fu_4450  |alveo_hls4ml_Pipeline_VITIS_LOOP_42_15  |   393219|   393219|  3.539 ms|  3.539 ms|  393219|  393219|        no|
        |grp_alveo_hls4ml_Pipeline_VITIS_LOOP_42_16_fu_4459  |alveo_hls4ml_Pipeline_VITIS_LOOP_42_16  |   393219|   393219|  3.539 ms|  3.539 ms|  393219|  393219|        no|
        |grp_alveo_hls4ml_Pipeline_VITIS_LOOP_42_17_fu_4468  |alveo_hls4ml_Pipeline_VITIS_LOOP_42_17  |   393219|   393219|  3.539 ms|  3.539 ms|  393219|  393219|        no|
        |grp_alveo_hls4ml_Pipeline_VITIS_LOOP_42_18_fu_4477  |alveo_hls4ml_Pipeline_VITIS_LOOP_42_18  |   393219|   393219|  3.539 ms|  3.539 ms|  393219|  393219|        no|
        +----------------------------------------------------+----------------------------------------+---------+---------+----------+----------+--------+--------+----------+

        * Loop: 
        N/A



================================================================
== Utilization Estimates
================================================================
* Summary: 
+---------------------+---------+------+---------+---------+-----+
|         Name        | BRAM_18K|  DSP |    FF   |   LUT   | URAM|
+---------------------+---------+------+---------+---------+-----+
|DSP                  |        -|     -|        -|        -|    -|
|Expression           |        -|     -|        0|       30|    -|
|FIFO                 |        -|     -|        -|        -|    -|
|Instance             |       20|  1026|   635745|  1005029|    0|
|Memory               |       64|     -|        0|        0|    0|
|Multiplexer          |        -|     -|        -|     1181|    -|
|Register             |        -|     -|      683|        -|    -|
+---------------------+---------+------+---------+---------+-----+
|Total                |       84|  1026|   636428|  1006240|    0|
+---------------------+---------+------+---------+---------+-----+
|Available SLR        |     1344|  3008|   869120|   434560|  320|
+---------------------+---------+------+---------+---------+-----+
|Utilization SLR (%)  |        6|    34|       73|      231|    0|
+---------------------+---------+------+---------+---------+-----+
|Available            |     4032|  9024|  2607360|  1303680|  960|
+---------------------+---------+------+---------+---------+-----+
|Utilization (%)      |        2|    11|       24|       77|    0|
+---------------------+---------+------+---------+---------+-----+

+ Detail: 
    * Instance: 
    +----------------------------------------------------+----------------------------------------+---------+------+--------+--------+-----+
    |                      Instance                      |                 Module                 | BRAM_18K|  DSP |   FF   |   LUT  | URAM|
    +----------------------------------------------------+----------------------------------------+---------+------+--------+--------+-----+
    |grp_alveo_hls4ml_Pipeline_VITIS_LOOP_42_1_fu_4414   |alveo_hls4ml_Pipeline_VITIS_LOOP_42_1   |        0|     0|    1089|    4582|    0|
    |grp_alveo_hls4ml_Pipeline_VITIS_LOOP_42_12_fu_4423  |alveo_hls4ml_Pipeline_VITIS_LOOP_42_12  |        0|     0|    1089|    4582|    0|
    |grp_alveo_hls4ml_Pipeline_VITIS_LOOP_42_13_fu_4432  |alveo_hls4ml_Pipeline_VITIS_LOOP_42_13  |        0|     0|    1089|    4582|    0|
    |grp_alveo_hls4ml_Pipeline_VITIS_LOOP_42_14_fu_4441  |alveo_hls4ml_Pipeline_VITIS_LOOP_42_14  |        0|     0|    1089|    4582|    0|
    |grp_alveo_hls4ml_Pipeline_VITIS_LOOP_42_15_fu_4450  |alveo_hls4ml_Pipeline_VITIS_LOOP_42_15  |        0|     0|    1082|    4477|    0|
    |grp_alveo_hls4ml_Pipeline_VITIS_LOOP_42_16_fu_4459  |alveo_hls4ml_Pipeline_VITIS_LOOP_42_16  |        0|     0|    1082|    4477|    0|
    |grp_alveo_hls4ml_Pipeline_VITIS_LOOP_42_17_fu_4468  |alveo_hls4ml_Pipeline_VITIS_LOOP_42_17  |        0|     0|    1082|    4477|    0|
    |grp_alveo_hls4ml_Pipeline_VITIS_LOOP_42_18_fu_4477  |alveo_hls4ml_Pipeline_VITIS_LOOP_42_18  |        0|     0|    1082|    4477|    0|
    |control_s_axi_U                                     |control_s_axi                           |        0|     0|     774|    1384|    0|
    |gmem0_m_axi_U                                       |gmem0_m_axi                             |        0|     0|     652|     896|    0|
    |gmem10_m_axi_U                                      |gmem10_m_axi                            |        0|     0|     652|     896|    0|
    |gmem2_m_axi_U                                       |gmem2_m_axi                             |        0|     0|    4567|    8001|    0|
    |gmem3_m_axi_U                                       |gmem3_m_axi                             |        0|     0|    4567|    8001|    0|
    |gmem4_m_axi_U                                       |gmem4_m_axi                             |        0|     0|    4567|    8001|    0|
    |gmem5_m_axi_U                                       |gmem5_m_axi                             |        0|     0|    4567|    8001|    0|
    |gmem6_m_axi_U                                       |gmem6_m_axi                             |        0|     0|    4567|    8001|    0|
    |gmem7_m_axi_U                                       |gmem7_m_axi                             |        0|     0|    4567|    8001|    0|
    |gmem8_m_axi_U                                       |gmem8_m_axi                             |        0|     0|    4567|    8001|    0|
    |gmem9_m_axi_U                                       |gmem9_m_axi                             |        0|     0|    4567|    8001|    0|
    |grp_kernel_fu_2340                                  |kernel                                  |       20|  1026|  588447|  901609|    0|
    +----------------------------------------------------+----------------------------------------+---------+------+--------+--------+-----+
    |Total                                               |                                        |       20|  1026|  635745| 1005029|    0|
    +----------------------------------------------------+----------------------------------------+---------+------+--------+--------+-----+

    * DSP: 
    N/A

    * Memory: 
    +-----------+-----------------------+---------+---+----+-----+------+------+------+-------------+
    |   Memory  |         Module        | BRAM_18K| FF| LUT| URAM| Words| Bits | Banks| W*Bits*Banks|
    +-----------+-----------------------+---------+---+----+-----+------+------+------+-------------+
    |fw2_v1_U   |fw2_v1_RAM_AUTO_1R1W   |        8|  0|   0|    0|    49|  6144|     1|       301056|
    |fw2_v2_U   |fw2_v1_RAM_AUTO_1R1W   |        8|  0|   0|    0|    49|  6144|     1|       301056|
    |bw2_v1_U   |fw2_v1_RAM_AUTO_1R1W   |        8|  0|   0|    0|    49|  6144|     1|       301056|
    |bw2_v2_U   |fw2_v1_RAM_AUTO_1R1W   |        8|  0|   0|    0|    49|  6144|     1|       301056|
    |fwr2_v1_U  |fwr2_v1_RAM_AUTO_1R1W  |        8|  0|   0|    0|   512|  6144|     1|      3145728|
    |fwr2_v2_U  |fwr2_v1_RAM_AUTO_1R1W  |        8|  0|   0|    0|   512|  6144|     1|      3145728|
    |bwr2_v1_U  |fwr2_v1_RAM_AUTO_1R1W  |        8|  0|   0|    0|   512|  6144|     1|      3145728|
    |bwr2_v2_U  |fwr2_v1_RAM_AUTO_1R1W  |        8|  0|   0|    0|   512|  6144|     1|      3145728|
    +-----------+-----------------------+---------+---+----+-----+------+------+------+-------------+
    |Total      |                       |       64|  0|   0|    0|  2244| 49152|     8|     13787136|
    +-----------+-----------------------+---------+---+----+-----+------+------+------+-------------+

    * FIFO: 
    N/A

    * Expression: 
    +-------------------------------------+----------+----+---+----+------------+------------+
    |            Variable Name            | Operation| DSP| FF| LUT| Bitwidth P0| Bitwidth P1|
    +-------------------------------------+----------+----+---+----+------------+------------+
    |icmp_ln98_fu_4486_p2                 |      icmp|   0|  0|  20|          32|           1|
    |ap_block_state1                      |        or|   0|  0|   2|           1|           1|
    |ap_block_state4_io                   |        or|   0|  0|   2|           1|           1|
    |ap_block_state75_on_subcall_done     |        or|   0|  0|   2|           1|           1|
    |ap_sync_grp_kernel_fu_2340_ap_done   |        or|   0|  0|   2|           1|           1|
    |ap_sync_grp_kernel_fu_2340_ap_ready  |        or|   0|  0|   2|           1|           1|
    +-------------------------------------+----------+----+---+----+------------+------------+
    |Total                                |          |   0|  0|  30|          37|           6|
    +-------------------------------------+----------+----+---+----+------------+------------+

    * Multiplexer: 
    +------------------+-----+-----------+-----+-----------+
    |       Name       | LUT | Input Size| Bits| Total Bits|
    +------------------+-----+-----------+-----+-----------+
    |ap_NS_fsm         |  351|         76|    1|         76|
    |ap_done           |    9|          2|    1|          2|
    |bw2_v1_address0   |   14|          3|    6|         18|
    |bw2_v1_ce0        |   14|          3|    1|          3|
    |bw2_v1_we0        |    9|          2|  768|       1536|
    |bw2_v2_address0   |   14|          3|    6|         18|
    |bw2_v2_ce0        |   14|          3|    1|          3|
    |bw2_v2_we0        |    9|          2|  768|       1536|
    |bwr2_v1_address0  |   14|          3|    9|         27|
    |bwr2_v1_ce0       |   14|          3|    1|          3|
    |bwr2_v1_we0       |    9|          2|  768|       1536|
    |bwr2_v2_address0  |   14|          3|    9|         27|
    |bwr2_v2_ce0       |   14|          3|    1|          3|
    |bwr2_v2_we0       |    9|          2|  768|       1536|
    |fw2_v1_address0   |   14|          3|    6|         18|
    |fw2_v1_ce0        |   14|          3|    1|          3|
    |fw2_v1_we0        |    9|          2|  768|       1536|
    |fw2_v2_address0   |   14|          3|    6|         18|
    |fw2_v2_ce0        |   14|          3|    1|          3|
    |fw2_v2_we0        |    9|          2|  768|       1536|
    |fwr2_v1_address0  |   14|          3|    9|         27|
    |fwr2_v1_ce0       |   14|          3|    1|          3|
    |fwr2_v1_we0       |    9|          2|  768|       1536|
    |fwr2_v2_address0  |   14|          3|    9|         27|
    |fwr2_v2_ce0       |   14|          3|    1|          3|
    |fwr2_v2_we0       |    9|          2|  768|       1536|
    |gmem0_ARVALID     |    9|          2|    1|          2|
    |gmem0_RREADY      |    9|          2|    1|          2|
    |gmem10_AWVALID    |    9|          2|    1|          2|
    |gmem10_BREADY     |    9|          2|    1|          2|
    |gmem10_WVALID     |    9|          2|    1|          2|
    |gmem2_ARADDR      |   14|          3|   64|        192|
    |gmem2_ARLEN       |   14|          3|   32|         96|
    |gmem2_ARVALID     |   14|          3|    1|          3|
    |gmem2_RREADY      |    9|          2|    1|          2|
    |gmem2_blk_n_AR    |    9|          2|    1|          2|
    |gmem3_ARADDR      |   14|          3|   64|        192|
    |gmem3_ARLEN       |   14|          3|   32|         96|
    |gmem3_ARVALID     |   14|          3|    1|          3|
    |gmem3_RREADY      |    9|          2|    1|          2|
    |gmem3_blk_n_AR    |    9|          2|    1|          2|
    |gmem4_ARADDR      |   14|          3|   64|        192|
    |gmem4_ARLEN       |   14|          3|   32|         96|
    |gmem4_ARVALID     |   14|          3|    1|          3|
    |gmem4_RREADY      |    9|          2|    1|          2|
    |gmem4_blk_n_AR    |    9|          2|    1|          2|
    |gmem5_ARADDR      |   14|          3|   64|        192|
    |gmem5_ARLEN       |   14|          3|   32|         96|
    |gmem5_ARVALID     |   14|          3|    1|          3|
    |gmem5_RREADY      |    9|          2|    1|          2|
    |gmem5_blk_n_AR    |    9|          2|    1|          2|
    |gmem6_ARADDR      |   14|          3|   64|        192|
    |gmem6_ARLEN       |   14|          3|   32|         96|
    |gmem6_ARVALID     |   14|          3|    1|          3|
    |gmem6_RREADY      |    9|          2|    1|          2|
    |gmem6_blk_n_AR    |    9|          2|    1|          2|
    |gmem7_ARADDR      |   14|          3|   64|        192|
    |gmem7_ARLEN       |   14|          3|   32|         96|
    |gmem7_ARVALID     |   14|          3|    1|          3|
    |gmem7_RREADY      |    9|          2|    1|          2|
    |gmem7_blk_n_AR    |    9|          2|    1|          2|
    |gmem8_ARADDR      |   14|          3|   64|        192|
    |gmem8_ARLEN       |   14|          3|   32|         96|
    |gmem8_ARVALID     |   14|          3|    1|          3|
    |gmem8_RREADY      |    9|          2|    1|          2|
    |gmem8_blk_n_AR    |    9|          2|    1|          2|
    |gmem9_ARADDR      |   14|          3|   64|        192|
    |gmem9_ARLEN       |   14|          3|   32|         96|
    |gmem9_ARVALID     |   14|          3|    1|          3|
    |gmem9_RREADY      |    9|          2|    1|          2|
    |gmem9_blk_n_AR    |    9|          2|    1|          2|
    +------------------+-----+-----------+-----+-----------+
    |Total             | 1181|        256| 7011|      14940|
    +------------------+-----+-----------+-----+-----------+

    * Register: 
    +-----------------------------------------------------------------+----+----+-----+-----------+
    |                               Name                              | FF | LUT| Bits| Const Bits|
    +-----------------------------------------------------------------+----+----+-----+-----------+
    |ap_CS_fsm                                                        |  75|   0|   75|          0|
    |ap_done_reg                                                      |   1|   0|    1|          0|
    |ap_rst_n_inv                                                     |   1|   0|    1|          0|
    |ap_rst_reg_1                                                     |   1|   0|    1|          0|
    |ap_rst_reg_2                                                     |   1|   0|    1|          0|
    |ap_sync_reg_grp_kernel_fu_2340_ap_done                           |   1|   0|    1|          0|
    |ap_sync_reg_grp_kernel_fu_2340_ap_ready                          |   1|   0|    1|          0|
    |grp_alveo_hls4ml_Pipeline_VITIS_LOOP_42_12_fu_4423_ap_start_reg  |   1|   0|    1|          0|
    |grp_alveo_hls4ml_Pipeline_VITIS_LOOP_42_13_fu_4432_ap_start_reg  |   1|   0|    1|          0|
    |grp_alveo_hls4ml_Pipeline_VITIS_LOOP_42_14_fu_4441_ap_start_reg  |   1|   0|    1|          0|
    |grp_alveo_hls4ml_Pipeline_VITIS_LOOP_42_15_fu_4450_ap_start_reg  |   1|   0|    1|          0|
    |grp_alveo_hls4ml_Pipeline_VITIS_LOOP_42_16_fu_4459_ap_start_reg  |   1|   0|    1|          0|
    |grp_alveo_hls4ml_Pipeline_VITIS_LOOP_42_17_fu_4468_ap_start_reg  |   1|   0|    1|          0|
    |grp_alveo_hls4ml_Pipeline_VITIS_LOOP_42_18_fu_4477_ap_start_reg  |   1|   0|    1|          0|
    |grp_alveo_hls4ml_Pipeline_VITIS_LOOP_42_1_fu_4414_ap_start_reg   |   1|   0|    1|          0|
    |grp_kernel_fu_2340_ap_start_reg                                  |   1|   0|    1|          0|
    |icmp_ln98_reg_4662                                               |   1|   0|    1|          0|
    |in_r_read_reg_4657                                               |  64|   0|   64|          0|
    |out_r_read_reg_4652                                              |  64|   0|   64|          0|
    |trunc_ln42_1_reg_4672                                            |  58|   0|   58|          0|
    |trunc_ln42_2_reg_4678                                            |  58|   0|   58|          0|
    |trunc_ln42_3_reg_4684                                            |  58|   0|   58|          0|
    |trunc_ln42_4_reg_4690                                            |  58|   0|   58|          0|
    |trunc_ln42_5_reg_4696                                            |  58|   0|   58|          0|
    |trunc_ln42_6_reg_4702                                            |  58|   0|   58|          0|
    |trunc_ln42_7_reg_4708                                            |  58|   0|   58|          0|
    |trunc_ln_reg_4666                                                |  58|   0|   58|          0|
    +-----------------------------------------------------------------+----+----+-----+-----------+
    |Total                                                            | 683|   0|  683|          0|
    +-----------------------------------------------------------------+----+----+-----+-----------+



================================================================
== Interface
================================================================
* Summary: 
+-----------------------+-----+-----+---------------+--------------+--------------+
|       RTL Ports       | Dir | Bits|    Protocol   | Source Object|    C Type    |
+-----------------------+-----+-----+---------------+--------------+--------------+
|s_axi_control_AWVALID  |   in|    1|          s_axi|       control|        scalar|
|s_axi_control_AWREADY  |  out|    1|          s_axi|       control|        scalar|
|s_axi_control_AWADDR   |   in|    8|          s_axi|       control|        scalar|
|s_axi_control_WVALID   |   in|    1|          s_axi|       control|        scalar|
|s_axi_control_WREADY   |  out|    1|          s_axi|       control|        scalar|
|s_axi_control_WDATA    |   in|   32|          s_axi|       control|        scalar|
|s_axi_control_WSTRB    |   in|    4|          s_axi|       control|        scalar|
|s_axi_control_ARVALID  |   in|    1|          s_axi|       control|        scalar|
|s_axi_control_ARREADY  |  out|    1|          s_axi|       control|        scalar|
|s_axi_control_ARADDR   |   in|    8|          s_axi|       control|        scalar|
|s_axi_control_RVALID   |  out|    1|          s_axi|       control|        scalar|
|s_axi_control_RREADY   |   in|    1|          s_axi|       control|        scalar|
|s_axi_control_RDATA    |  out|   32|          s_axi|       control|        scalar|
|s_axi_control_RRESP    |  out|    2|          s_axi|       control|        scalar|
|s_axi_control_BVALID   |  out|    1|          s_axi|       control|        scalar|
|s_axi_control_BREADY   |   in|    1|          s_axi|       control|        scalar|
|s_axi_control_BRESP    |  out|    2|          s_axi|       control|        scalar|
|ap_clk                 |   in|    1|  ap_ctrl_chain|  alveo_hls4ml|  return value|
|ap_rst_n               |   in|    1|  ap_ctrl_chain|  alveo_hls4ml|  return value|
|interrupt              |  out|    1|  ap_ctrl_chain|  alveo_hls4ml|  return value|
|m_axi_gmem0_AWVALID    |  out|    1|          m_axi|         gmem0|       pointer|
|m_axi_gmem0_AWREADY    |   in|    1|          m_axi|         gmem0|       pointer|
|m_axi_gmem0_AWADDR     |  out|   64|          m_axi|         gmem0|       pointer|
|m_axi_gmem0_AWID       |  out|    1|          m_axi|         gmem0|       pointer|
|m_axi_gmem0_AWLEN      |  out|    8|          m_axi|         gmem0|       pointer|
|m_axi_gmem0_AWSIZE     |  out|    3|          m_axi|         gmem0|       pointer|
|m_axi_gmem0_AWBURST    |  out|    2|          m_axi|         gmem0|       pointer|
|m_axi_gmem0_AWLOCK     |  out|    2|          m_axi|         gmem0|       pointer|
|m_axi_gmem0_AWCACHE    |  out|    4|          m_axi|         gmem0|       pointer|
|m_axi_gmem0_AWPROT     |  out|    3|          m_axi|         gmem0|       pointer|
|m_axi_gmem0_AWQOS      |  out|    4|          m_axi|         gmem0|       pointer|
|m_axi_gmem0_AWREGION   |  out|    4|          m_axi|         gmem0|       pointer|
|m_axi_gmem0_AWUSER     |  out|    1|          m_axi|         gmem0|       pointer|
|m_axi_gmem0_WVALID     |  out|    1|          m_axi|         gmem0|       pointer|
|m_axi_gmem0_WREADY     |   in|    1|          m_axi|         gmem0|       pointer|
|m_axi_gmem0_WDATA      |  out|   32|          m_axi|         gmem0|       pointer|
|m_axi_gmem0_WSTRB      |  out|    4|          m_axi|         gmem0|       pointer|
|m_axi_gmem0_WLAST      |  out|    1|          m_axi|         gmem0|       pointer|
|m_axi_gmem0_WID        |  out|    1|          m_axi|         gmem0|       pointer|
|m_axi_gmem0_WUSER      |  out|    1|          m_axi|         gmem0|       pointer|
|m_axi_gmem0_ARVALID    |  out|    1|          m_axi|         gmem0|       pointer|
|m_axi_gmem0_ARREADY    |   in|    1|          m_axi|         gmem0|       pointer|
|m_axi_gmem0_ARADDR     |  out|   64|          m_axi|         gmem0|       pointer|
|m_axi_gmem0_ARID       |  out|    1|          m_axi|         gmem0|       pointer|
|m_axi_gmem0_ARLEN      |  out|    8|          m_axi|         gmem0|       pointer|
|m_axi_gmem0_ARSIZE     |  out|    3|          m_axi|         gmem0|       pointer|
|m_axi_gmem0_ARBURST    |  out|    2|          m_axi|         gmem0|       pointer|
|m_axi_gmem0_ARLOCK     |  out|    2|          m_axi|         gmem0|       pointer|
|m_axi_gmem0_ARCACHE    |  out|    4|          m_axi|         gmem0|       pointer|
|m_axi_gmem0_ARPROT     |  out|    3|          m_axi|         gmem0|       pointer|
|m_axi_gmem0_ARQOS      |  out|    4|          m_axi|         gmem0|       pointer|
|m_axi_gmem0_ARREGION   |  out|    4|          m_axi|         gmem0|       pointer|
|m_axi_gmem0_ARUSER     |  out|    1|          m_axi|         gmem0|       pointer|
|m_axi_gmem0_RVALID     |   in|    1|          m_axi|         gmem0|       pointer|
|m_axi_gmem0_RREADY     |  out|    1|          m_axi|         gmem0|       pointer|
|m_axi_gmem0_RDATA      |   in|   32|          m_axi|         gmem0|       pointer|
|m_axi_gmem0_RLAST      |   in|    1|          m_axi|         gmem0|       pointer|
|m_axi_gmem0_RID        |   in|    1|          m_axi|         gmem0|       pointer|
|m_axi_gmem0_RUSER      |   in|    1|          m_axi|         gmem0|       pointer|
|m_axi_gmem0_RRESP      |   in|    2|          m_axi|         gmem0|       pointer|
|m_axi_gmem0_BVALID     |   in|    1|          m_axi|         gmem0|       pointer|
|m_axi_gmem0_BREADY     |  out|    1|          m_axi|         gmem0|       pointer|
|m_axi_gmem0_BRESP      |   in|    2|          m_axi|         gmem0|       pointer|
|m_axi_gmem0_BID        |   in|    1|          m_axi|         gmem0|       pointer|
|m_axi_gmem0_BUSER      |   in|    1|          m_axi|         gmem0|       pointer|
|m_axi_gmem2_AWVALID    |  out|    1|          m_axi|         gmem2|       pointer|
|m_axi_gmem2_AWREADY    |   in|    1|          m_axi|         gmem2|       pointer|
|m_axi_gmem2_AWADDR     |  out|   64|          m_axi|         gmem2|       pointer|
|m_axi_gmem2_AWID       |  out|    1|          m_axi|         gmem2|       pointer|
|m_axi_gmem2_AWLEN      |  out|    8|          m_axi|         gmem2|       pointer|
|m_axi_gmem2_AWSIZE     |  out|    3|          m_axi|         gmem2|       pointer|
|m_axi_gmem2_AWBURST    |  out|    2|          m_axi|         gmem2|       pointer|
|m_axi_gmem2_AWLOCK     |  out|    2|          m_axi|         gmem2|       pointer|
|m_axi_gmem2_AWCACHE    |  out|    4|          m_axi|         gmem2|       pointer|
|m_axi_gmem2_AWPROT     |  out|    3|          m_axi|         gmem2|       pointer|
|m_axi_gmem2_AWQOS      |  out|    4|          m_axi|         gmem2|       pointer|
|m_axi_gmem2_AWREGION   |  out|    4|          m_axi|         gmem2|       pointer|
|m_axi_gmem2_AWUSER     |  out|    1|          m_axi|         gmem2|       pointer|
|m_axi_gmem2_WVALID     |  out|    1|          m_axi|         gmem2|       pointer|
|m_axi_gmem2_WREADY     |   in|    1|          m_axi|         gmem2|       pointer|
|m_axi_gmem2_WDATA      |  out|  512|          m_axi|         gmem2|       pointer|
|m_axi_gmem2_WSTRB      |  out|   64|          m_axi|         gmem2|       pointer|
|m_axi_gmem2_WLAST      |  out|    1|          m_axi|         gmem2|       pointer|
|m_axi_gmem2_WID        |  out|    1|          m_axi|         gmem2|       pointer|
|m_axi_gmem2_WUSER      |  out|    1|          m_axi|         gmem2|       pointer|
|m_axi_gmem2_ARVALID    |  out|    1|          m_axi|         gmem2|       pointer|
|m_axi_gmem2_ARREADY    |   in|    1|          m_axi|         gmem2|       pointer|
|m_axi_gmem2_ARADDR     |  out|   64|          m_axi|         gmem2|       pointer|
|m_axi_gmem2_ARID       |  out|    1|          m_axi|         gmem2|       pointer|
|m_axi_gmem2_ARLEN      |  out|    8|          m_axi|         gmem2|       pointer|
|m_axi_gmem2_ARSIZE     |  out|    3|          m_axi|         gmem2|       pointer|
|m_axi_gmem2_ARBURST    |  out|    2|          m_axi|         gmem2|       pointer|
|m_axi_gmem2_ARLOCK     |  out|    2|          m_axi|         gmem2|       pointer|
|m_axi_gmem2_ARCACHE    |  out|    4|          m_axi|         gmem2|       pointer|
|m_axi_gmem2_ARPROT     |  out|    3|          m_axi|         gmem2|       pointer|
|m_axi_gmem2_ARQOS      |  out|    4|          m_axi|         gmem2|       pointer|
|m_axi_gmem2_ARREGION   |  out|    4|          m_axi|         gmem2|       pointer|
|m_axi_gmem2_ARUSER     |  out|    1|          m_axi|         gmem2|       pointer|
|m_axi_gmem2_RVALID     |   in|    1|          m_axi|         gmem2|       pointer|
|m_axi_gmem2_RREADY     |  out|    1|          m_axi|         gmem2|       pointer|
|m_axi_gmem2_RDATA      |   in|  512|          m_axi|         gmem2|       pointer|
|m_axi_gmem2_RLAST      |   in|    1|          m_axi|         gmem2|       pointer|
|m_axi_gmem2_RID        |   in|    1|          m_axi|         gmem2|       pointer|
|m_axi_gmem2_RUSER      |   in|    1|          m_axi|         gmem2|       pointer|
|m_axi_gmem2_RRESP      |   in|    2|          m_axi|         gmem2|       pointer|
|m_axi_gmem2_BVALID     |   in|    1|          m_axi|         gmem2|       pointer|
|m_axi_gmem2_BREADY     |  out|    1|          m_axi|         gmem2|       pointer|
|m_axi_gmem2_BRESP      |   in|    2|          m_axi|         gmem2|       pointer|
|m_axi_gmem2_BID        |   in|    1|          m_axi|         gmem2|       pointer|
|m_axi_gmem2_BUSER      |   in|    1|          m_axi|         gmem2|       pointer|
|m_axi_gmem3_AWVALID    |  out|    1|          m_axi|         gmem3|       pointer|
|m_axi_gmem3_AWREADY    |   in|    1|          m_axi|         gmem3|       pointer|
|m_axi_gmem3_AWADDR     |  out|   64|          m_axi|         gmem3|       pointer|
|m_axi_gmem3_AWID       |  out|    1|          m_axi|         gmem3|       pointer|
|m_axi_gmem3_AWLEN      |  out|    8|          m_axi|         gmem3|       pointer|
|m_axi_gmem3_AWSIZE     |  out|    3|          m_axi|         gmem3|       pointer|
|m_axi_gmem3_AWBURST    |  out|    2|          m_axi|         gmem3|       pointer|
|m_axi_gmem3_AWLOCK     |  out|    2|          m_axi|         gmem3|       pointer|
|m_axi_gmem3_AWCACHE    |  out|    4|          m_axi|         gmem3|       pointer|
|m_axi_gmem3_AWPROT     |  out|    3|          m_axi|         gmem3|       pointer|
|m_axi_gmem3_AWQOS      |  out|    4|          m_axi|         gmem3|       pointer|
|m_axi_gmem3_AWREGION   |  out|    4|          m_axi|         gmem3|       pointer|
|m_axi_gmem3_AWUSER     |  out|    1|          m_axi|         gmem3|       pointer|
|m_axi_gmem3_WVALID     |  out|    1|          m_axi|         gmem3|       pointer|
|m_axi_gmem3_WREADY     |   in|    1|          m_axi|         gmem3|       pointer|
|m_axi_gmem3_WDATA      |  out|  512|          m_axi|         gmem3|       pointer|
|m_axi_gmem3_WSTRB      |  out|   64|          m_axi|         gmem3|       pointer|
|m_axi_gmem3_WLAST      |  out|    1|          m_axi|         gmem3|       pointer|
|m_axi_gmem3_WID        |  out|    1|          m_axi|         gmem3|       pointer|
|m_axi_gmem3_WUSER      |  out|    1|          m_axi|         gmem3|       pointer|
|m_axi_gmem3_ARVALID    |  out|    1|          m_axi|         gmem3|       pointer|
|m_axi_gmem3_ARREADY    |   in|    1|          m_axi|         gmem3|       pointer|
|m_axi_gmem3_ARADDR     |  out|   64|          m_axi|         gmem3|       pointer|
|m_axi_gmem3_ARID       |  out|    1|          m_axi|         gmem3|       pointer|
|m_axi_gmem3_ARLEN      |  out|    8|          m_axi|         gmem3|       pointer|
|m_axi_gmem3_ARSIZE     |  out|    3|          m_axi|         gmem3|       pointer|
|m_axi_gmem3_ARBURST    |  out|    2|          m_axi|         gmem3|       pointer|
|m_axi_gmem3_ARLOCK     |  out|    2|          m_axi|         gmem3|       pointer|
|m_axi_gmem3_ARCACHE    |  out|    4|          m_axi|         gmem3|       pointer|
|m_axi_gmem3_ARPROT     |  out|    3|          m_axi|         gmem3|       pointer|
|m_axi_gmem3_ARQOS      |  out|    4|          m_axi|         gmem3|       pointer|
|m_axi_gmem3_ARREGION   |  out|    4|          m_axi|         gmem3|       pointer|
|m_axi_gmem3_ARUSER     |  out|    1|          m_axi|         gmem3|       pointer|
|m_axi_gmem3_RVALID     |   in|    1|          m_axi|         gmem3|       pointer|
|m_axi_gmem3_RREADY     |  out|    1|          m_axi|         gmem3|       pointer|
|m_axi_gmem3_RDATA      |   in|  512|          m_axi|         gmem3|       pointer|
|m_axi_gmem3_RLAST      |   in|    1|          m_axi|         gmem3|       pointer|
|m_axi_gmem3_RID        |   in|    1|          m_axi|         gmem3|       pointer|
|m_axi_gmem3_RUSER      |   in|    1|          m_axi|         gmem3|       pointer|
|m_axi_gmem3_RRESP      |   in|    2|          m_axi|         gmem3|       pointer|
|m_axi_gmem3_BVALID     |   in|    1|          m_axi|         gmem3|       pointer|
|m_axi_gmem3_BREADY     |  out|    1|          m_axi|         gmem3|       pointer|
|m_axi_gmem3_BRESP      |   in|    2|          m_axi|         gmem3|       pointer|
|m_axi_gmem3_BID        |   in|    1|          m_axi|         gmem3|       pointer|
|m_axi_gmem3_BUSER      |   in|    1|          m_axi|         gmem3|       pointer|
|m_axi_gmem4_AWVALID    |  out|    1|          m_axi|         gmem4|       pointer|
|m_axi_gmem4_AWREADY    |   in|    1|          m_axi|         gmem4|       pointer|
|m_axi_gmem4_AWADDR     |  out|   64|          m_axi|         gmem4|       pointer|
|m_axi_gmem4_AWID       |  out|    1|          m_axi|         gmem4|       pointer|
|m_axi_gmem4_AWLEN      |  out|    8|          m_axi|         gmem4|       pointer|
|m_axi_gmem4_AWSIZE     |  out|    3|          m_axi|         gmem4|       pointer|
|m_axi_gmem4_AWBURST    |  out|    2|          m_axi|         gmem4|       pointer|
|m_axi_gmem4_AWLOCK     |  out|    2|          m_axi|         gmem4|       pointer|
|m_axi_gmem4_AWCACHE    |  out|    4|          m_axi|         gmem4|       pointer|
|m_axi_gmem4_AWPROT     |  out|    3|          m_axi|         gmem4|       pointer|
|m_axi_gmem4_AWQOS      |  out|    4|          m_axi|         gmem4|       pointer|
|m_axi_gmem4_AWREGION   |  out|    4|          m_axi|         gmem4|       pointer|
|m_axi_gmem4_AWUSER     |  out|    1|          m_axi|         gmem4|       pointer|
|m_axi_gmem4_WVALID     |  out|    1|          m_axi|         gmem4|       pointer|
|m_axi_gmem4_WREADY     |   in|    1|          m_axi|         gmem4|       pointer|
|m_axi_gmem4_WDATA      |  out|  512|          m_axi|         gmem4|       pointer|
|m_axi_gmem4_WSTRB      |  out|   64|          m_axi|         gmem4|       pointer|
|m_axi_gmem4_WLAST      |  out|    1|          m_axi|         gmem4|       pointer|
|m_axi_gmem4_WID        |  out|    1|          m_axi|         gmem4|       pointer|
|m_axi_gmem4_WUSER      |  out|    1|          m_axi|         gmem4|       pointer|
|m_axi_gmem4_ARVALID    |  out|    1|          m_axi|         gmem4|       pointer|
|m_axi_gmem4_ARREADY    |   in|    1|          m_axi|         gmem4|       pointer|
|m_axi_gmem4_ARADDR     |  out|   64|          m_axi|         gmem4|       pointer|
|m_axi_gmem4_ARID       |  out|    1|          m_axi|         gmem4|       pointer|
|m_axi_gmem4_ARLEN      |  out|    8|          m_axi|         gmem4|       pointer|
|m_axi_gmem4_ARSIZE     |  out|    3|          m_axi|         gmem4|       pointer|
|m_axi_gmem4_ARBURST    |  out|    2|          m_axi|         gmem4|       pointer|
|m_axi_gmem4_ARLOCK     |  out|    2|          m_axi|         gmem4|       pointer|
|m_axi_gmem4_ARCACHE    |  out|    4|          m_axi|         gmem4|       pointer|
|m_axi_gmem4_ARPROT     |  out|    3|          m_axi|         gmem4|       pointer|
|m_axi_gmem4_ARQOS      |  out|    4|          m_axi|         gmem4|       pointer|
|m_axi_gmem4_ARREGION   |  out|    4|          m_axi|         gmem4|       pointer|
|m_axi_gmem4_ARUSER     |  out|    1|          m_axi|         gmem4|       pointer|
|m_axi_gmem4_RVALID     |   in|    1|          m_axi|         gmem4|       pointer|
|m_axi_gmem4_RREADY     |  out|    1|          m_axi|         gmem4|       pointer|
|m_axi_gmem4_RDATA      |   in|  512|          m_axi|         gmem4|       pointer|
|m_axi_gmem4_RLAST      |   in|    1|          m_axi|         gmem4|       pointer|
|m_axi_gmem4_RID        |   in|    1|          m_axi|         gmem4|       pointer|
|m_axi_gmem4_RUSER      |   in|    1|          m_axi|         gmem4|       pointer|
|m_axi_gmem4_RRESP      |   in|    2|          m_axi|         gmem4|       pointer|
|m_axi_gmem4_BVALID     |   in|    1|          m_axi|         gmem4|       pointer|
|m_axi_gmem4_BREADY     |  out|    1|          m_axi|         gmem4|       pointer|
|m_axi_gmem4_BRESP      |   in|    2|          m_axi|         gmem4|       pointer|
|m_axi_gmem4_BID        |   in|    1|          m_axi|         gmem4|       pointer|
|m_axi_gmem4_BUSER      |   in|    1|          m_axi|         gmem4|       pointer|
|m_axi_gmem5_AWVALID    |  out|    1|          m_axi|         gmem5|       pointer|
|m_axi_gmem5_AWREADY    |   in|    1|          m_axi|         gmem5|       pointer|
|m_axi_gmem5_AWADDR     |  out|   64|          m_axi|         gmem5|       pointer|
|m_axi_gmem5_AWID       |  out|    1|          m_axi|         gmem5|       pointer|
|m_axi_gmem5_AWLEN      |  out|    8|          m_axi|         gmem5|       pointer|
|m_axi_gmem5_AWSIZE     |  out|    3|          m_axi|         gmem5|       pointer|
|m_axi_gmem5_AWBURST    |  out|    2|          m_axi|         gmem5|       pointer|
|m_axi_gmem5_AWLOCK     |  out|    2|          m_axi|         gmem5|       pointer|
|m_axi_gmem5_AWCACHE    |  out|    4|          m_axi|         gmem5|       pointer|
|m_axi_gmem5_AWPROT     |  out|    3|          m_axi|         gmem5|       pointer|
|m_axi_gmem5_AWQOS      |  out|    4|          m_axi|         gmem5|       pointer|
|m_axi_gmem5_AWREGION   |  out|    4|          m_axi|         gmem5|       pointer|
|m_axi_gmem5_AWUSER     |  out|    1|          m_axi|         gmem5|       pointer|
|m_axi_gmem5_WVALID     |  out|    1|          m_axi|         gmem5|       pointer|
|m_axi_gmem5_WREADY     |   in|    1|          m_axi|         gmem5|       pointer|
|m_axi_gmem5_WDATA      |  out|  512|          m_axi|         gmem5|       pointer|
|m_axi_gmem5_WSTRB      |  out|   64|          m_axi|         gmem5|       pointer|
|m_axi_gmem5_WLAST      |  out|    1|          m_axi|         gmem5|       pointer|
|m_axi_gmem5_WID        |  out|    1|          m_axi|         gmem5|       pointer|
|m_axi_gmem5_WUSER      |  out|    1|          m_axi|         gmem5|       pointer|
|m_axi_gmem5_ARVALID    |  out|    1|          m_axi|         gmem5|       pointer|
|m_axi_gmem5_ARREADY    |   in|    1|          m_axi|         gmem5|       pointer|
|m_axi_gmem5_ARADDR     |  out|   64|          m_axi|         gmem5|       pointer|
|m_axi_gmem5_ARID       |  out|    1|          m_axi|         gmem5|       pointer|
|m_axi_gmem5_ARLEN      |  out|    8|          m_axi|         gmem5|       pointer|
|m_axi_gmem5_ARSIZE     |  out|    3|          m_axi|         gmem5|       pointer|
|m_axi_gmem5_ARBURST    |  out|    2|          m_axi|         gmem5|       pointer|
|m_axi_gmem5_ARLOCK     |  out|    2|          m_axi|         gmem5|       pointer|
|m_axi_gmem5_ARCACHE    |  out|    4|          m_axi|         gmem5|       pointer|
|m_axi_gmem5_ARPROT     |  out|    3|          m_axi|         gmem5|       pointer|
|m_axi_gmem5_ARQOS      |  out|    4|          m_axi|         gmem5|       pointer|
|m_axi_gmem5_ARREGION   |  out|    4|          m_axi|         gmem5|       pointer|
|m_axi_gmem5_ARUSER     |  out|    1|          m_axi|         gmem5|       pointer|
|m_axi_gmem5_RVALID     |   in|    1|          m_axi|         gmem5|       pointer|
|m_axi_gmem5_RREADY     |  out|    1|          m_axi|         gmem5|       pointer|
|m_axi_gmem5_RDATA      |   in|  512|          m_axi|         gmem5|       pointer|
|m_axi_gmem5_RLAST      |   in|    1|          m_axi|         gmem5|       pointer|
|m_axi_gmem5_RID        |   in|    1|          m_axi|         gmem5|       pointer|
|m_axi_gmem5_RUSER      |   in|    1|          m_axi|         gmem5|       pointer|
|m_axi_gmem5_RRESP      |   in|    2|          m_axi|         gmem5|       pointer|
|m_axi_gmem5_BVALID     |   in|    1|          m_axi|         gmem5|       pointer|
|m_axi_gmem5_BREADY     |  out|    1|          m_axi|         gmem5|       pointer|
|m_axi_gmem5_BRESP      |   in|    2|          m_axi|         gmem5|       pointer|
|m_axi_gmem5_BID        |   in|    1|          m_axi|         gmem5|       pointer|
|m_axi_gmem5_BUSER      |   in|    1|          m_axi|         gmem5|       pointer|
|m_axi_gmem6_AWVALID    |  out|    1|          m_axi|         gmem6|       pointer|
|m_axi_gmem6_AWREADY    |   in|    1|          m_axi|         gmem6|       pointer|
|m_axi_gmem6_AWADDR     |  out|   64|          m_axi|         gmem6|       pointer|
|m_axi_gmem6_AWID       |  out|    1|          m_axi|         gmem6|       pointer|
|m_axi_gmem6_AWLEN      |  out|    8|          m_axi|         gmem6|       pointer|
|m_axi_gmem6_AWSIZE     |  out|    3|          m_axi|         gmem6|       pointer|
|m_axi_gmem6_AWBURST    |  out|    2|          m_axi|         gmem6|       pointer|
|m_axi_gmem6_AWLOCK     |  out|    2|          m_axi|         gmem6|       pointer|
|m_axi_gmem6_AWCACHE    |  out|    4|          m_axi|         gmem6|       pointer|
|m_axi_gmem6_AWPROT     |  out|    3|          m_axi|         gmem6|       pointer|
|m_axi_gmem6_AWQOS      |  out|    4|          m_axi|         gmem6|       pointer|
|m_axi_gmem6_AWREGION   |  out|    4|          m_axi|         gmem6|       pointer|
|m_axi_gmem6_AWUSER     |  out|    1|          m_axi|         gmem6|       pointer|
|m_axi_gmem6_WVALID     |  out|    1|          m_axi|         gmem6|       pointer|
|m_axi_gmem6_WREADY     |   in|    1|          m_axi|         gmem6|       pointer|
|m_axi_gmem6_WDATA      |  out|  512|          m_axi|         gmem6|       pointer|
|m_axi_gmem6_WSTRB      |  out|   64|          m_axi|         gmem6|       pointer|
|m_axi_gmem6_WLAST      |  out|    1|          m_axi|         gmem6|       pointer|
|m_axi_gmem6_WID        |  out|    1|          m_axi|         gmem6|       pointer|
|m_axi_gmem6_WUSER      |  out|    1|          m_axi|         gmem6|       pointer|
|m_axi_gmem6_ARVALID    |  out|    1|          m_axi|         gmem6|       pointer|
|m_axi_gmem6_ARREADY    |   in|    1|          m_axi|         gmem6|       pointer|
|m_axi_gmem6_ARADDR     |  out|   64|          m_axi|         gmem6|       pointer|
|m_axi_gmem6_ARID       |  out|    1|          m_axi|         gmem6|       pointer|
|m_axi_gmem6_ARLEN      |  out|    8|          m_axi|         gmem6|       pointer|
|m_axi_gmem6_ARSIZE     |  out|    3|          m_axi|         gmem6|       pointer|
|m_axi_gmem6_ARBURST    |  out|    2|          m_axi|         gmem6|       pointer|
|m_axi_gmem6_ARLOCK     |  out|    2|          m_axi|         gmem6|       pointer|
|m_axi_gmem6_ARCACHE    |  out|    4|          m_axi|         gmem6|       pointer|
|m_axi_gmem6_ARPROT     |  out|    3|          m_axi|         gmem6|       pointer|
|m_axi_gmem6_ARQOS      |  out|    4|          m_axi|         gmem6|       pointer|
|m_axi_gmem6_ARREGION   |  out|    4|          m_axi|         gmem6|       pointer|
|m_axi_gmem6_ARUSER     |  out|    1|          m_axi|         gmem6|       pointer|
|m_axi_gmem6_RVALID     |   in|    1|          m_axi|         gmem6|       pointer|
|m_axi_gmem6_RREADY     |  out|    1|          m_axi|         gmem6|       pointer|
|m_axi_gmem6_RDATA      |   in|  512|          m_axi|         gmem6|       pointer|
|m_axi_gmem6_RLAST      |   in|    1|          m_axi|         gmem6|       pointer|
|m_axi_gmem6_RID        |   in|    1|          m_axi|         gmem6|       pointer|
|m_axi_gmem6_RUSER      |   in|    1|          m_axi|         gmem6|       pointer|
|m_axi_gmem6_RRESP      |   in|    2|          m_axi|         gmem6|       pointer|
|m_axi_gmem6_BVALID     |   in|    1|          m_axi|         gmem6|       pointer|
|m_axi_gmem6_BREADY     |  out|    1|          m_axi|         gmem6|       pointer|
|m_axi_gmem6_BRESP      |   in|    2|          m_axi|         gmem6|       pointer|
|m_axi_gmem6_BID        |   in|    1|          m_axi|         gmem6|       pointer|
|m_axi_gmem6_BUSER      |   in|    1|          m_axi|         gmem6|       pointer|
|m_axi_gmem7_AWVALID    |  out|    1|          m_axi|         gmem7|       pointer|
|m_axi_gmem7_AWREADY    |   in|    1|          m_axi|         gmem7|       pointer|
|m_axi_gmem7_AWADDR     |  out|   64|          m_axi|         gmem7|       pointer|
|m_axi_gmem7_AWID       |  out|    1|          m_axi|         gmem7|       pointer|
|m_axi_gmem7_AWLEN      |  out|    8|          m_axi|         gmem7|       pointer|
|m_axi_gmem7_AWSIZE     |  out|    3|          m_axi|         gmem7|       pointer|
|m_axi_gmem7_AWBURST    |  out|    2|          m_axi|         gmem7|       pointer|
|m_axi_gmem7_AWLOCK     |  out|    2|          m_axi|         gmem7|       pointer|
|m_axi_gmem7_AWCACHE    |  out|    4|          m_axi|         gmem7|       pointer|
|m_axi_gmem7_AWPROT     |  out|    3|          m_axi|         gmem7|       pointer|
|m_axi_gmem7_AWQOS      |  out|    4|          m_axi|         gmem7|       pointer|
|m_axi_gmem7_AWREGION   |  out|    4|          m_axi|         gmem7|       pointer|
|m_axi_gmem7_AWUSER     |  out|    1|          m_axi|         gmem7|       pointer|
|m_axi_gmem7_WVALID     |  out|    1|          m_axi|         gmem7|       pointer|
|m_axi_gmem7_WREADY     |   in|    1|          m_axi|         gmem7|       pointer|
|m_axi_gmem7_WDATA      |  out|  512|          m_axi|         gmem7|       pointer|
|m_axi_gmem7_WSTRB      |  out|   64|          m_axi|         gmem7|       pointer|
|m_axi_gmem7_WLAST      |  out|    1|          m_axi|         gmem7|       pointer|
|m_axi_gmem7_WID        |  out|    1|          m_axi|         gmem7|       pointer|
|m_axi_gmem7_WUSER      |  out|    1|          m_axi|         gmem7|       pointer|
|m_axi_gmem7_ARVALID    |  out|    1|          m_axi|         gmem7|       pointer|
|m_axi_gmem7_ARREADY    |   in|    1|          m_axi|         gmem7|       pointer|
|m_axi_gmem7_ARADDR     |  out|   64|          m_axi|         gmem7|       pointer|
|m_axi_gmem7_ARID       |  out|    1|          m_axi|         gmem7|       pointer|
|m_axi_gmem7_ARLEN      |  out|    8|          m_axi|         gmem7|       pointer|
|m_axi_gmem7_ARSIZE     |  out|    3|          m_axi|         gmem7|       pointer|
|m_axi_gmem7_ARBURST    |  out|    2|          m_axi|         gmem7|       pointer|
|m_axi_gmem7_ARLOCK     |  out|    2|          m_axi|         gmem7|       pointer|
|m_axi_gmem7_ARCACHE    |  out|    4|          m_axi|         gmem7|       pointer|
|m_axi_gmem7_ARPROT     |  out|    3|          m_axi|         gmem7|       pointer|
|m_axi_gmem7_ARQOS      |  out|    4|          m_axi|         gmem7|       pointer|
|m_axi_gmem7_ARREGION   |  out|    4|          m_axi|         gmem7|       pointer|
|m_axi_gmem7_ARUSER     |  out|    1|          m_axi|         gmem7|       pointer|
|m_axi_gmem7_RVALID     |   in|    1|          m_axi|         gmem7|       pointer|
|m_axi_gmem7_RREADY     |  out|    1|          m_axi|         gmem7|       pointer|
|m_axi_gmem7_RDATA      |   in|  512|          m_axi|         gmem7|       pointer|
|m_axi_gmem7_RLAST      |   in|    1|          m_axi|         gmem7|       pointer|
|m_axi_gmem7_RID        |   in|    1|          m_axi|         gmem7|       pointer|
|m_axi_gmem7_RUSER      |   in|    1|          m_axi|         gmem7|       pointer|
|m_axi_gmem7_RRESP      |   in|    2|          m_axi|         gmem7|       pointer|
|m_axi_gmem7_BVALID     |   in|    1|          m_axi|         gmem7|       pointer|
|m_axi_gmem7_BREADY     |  out|    1|          m_axi|         gmem7|       pointer|
|m_axi_gmem7_BRESP      |   in|    2|          m_axi|         gmem7|       pointer|
|m_axi_gmem7_BID        |   in|    1|          m_axi|         gmem7|       pointer|
|m_axi_gmem7_BUSER      |   in|    1|          m_axi|         gmem7|       pointer|
|m_axi_gmem8_AWVALID    |  out|    1|          m_axi|         gmem8|       pointer|
|m_axi_gmem8_AWREADY    |   in|    1|          m_axi|         gmem8|       pointer|
|m_axi_gmem8_AWADDR     |  out|   64|          m_axi|         gmem8|       pointer|
|m_axi_gmem8_AWID       |  out|    1|          m_axi|         gmem8|       pointer|
|m_axi_gmem8_AWLEN      |  out|    8|          m_axi|         gmem8|       pointer|
|m_axi_gmem8_AWSIZE     |  out|    3|          m_axi|         gmem8|       pointer|
|m_axi_gmem8_AWBURST    |  out|    2|          m_axi|         gmem8|       pointer|
|m_axi_gmem8_AWLOCK     |  out|    2|          m_axi|         gmem8|       pointer|
|m_axi_gmem8_AWCACHE    |  out|    4|          m_axi|         gmem8|       pointer|
|m_axi_gmem8_AWPROT     |  out|    3|          m_axi|         gmem8|       pointer|
|m_axi_gmem8_AWQOS      |  out|    4|          m_axi|         gmem8|       pointer|
|m_axi_gmem8_AWREGION   |  out|    4|          m_axi|         gmem8|       pointer|
|m_axi_gmem8_AWUSER     |  out|    1|          m_axi|         gmem8|       pointer|
|m_axi_gmem8_WVALID     |  out|    1|          m_axi|         gmem8|       pointer|
|m_axi_gmem8_WREADY     |   in|    1|          m_axi|         gmem8|       pointer|
|m_axi_gmem8_WDATA      |  out|  512|          m_axi|         gmem8|       pointer|
|m_axi_gmem8_WSTRB      |  out|   64|          m_axi|         gmem8|       pointer|
|m_axi_gmem8_WLAST      |  out|    1|          m_axi|         gmem8|       pointer|
|m_axi_gmem8_WID        |  out|    1|          m_axi|         gmem8|       pointer|
|m_axi_gmem8_WUSER      |  out|    1|          m_axi|         gmem8|       pointer|
|m_axi_gmem8_ARVALID    |  out|    1|          m_axi|         gmem8|       pointer|
|m_axi_gmem8_ARREADY    |   in|    1|          m_axi|         gmem8|       pointer|
|m_axi_gmem8_ARADDR     |  out|   64|          m_axi|         gmem8|       pointer|
|m_axi_gmem8_ARID       |  out|    1|          m_axi|         gmem8|       pointer|
|m_axi_gmem8_ARLEN      |  out|    8|          m_axi|         gmem8|       pointer|
|m_axi_gmem8_ARSIZE     |  out|    3|          m_axi|         gmem8|       pointer|
|m_axi_gmem8_ARBURST    |  out|    2|          m_axi|         gmem8|       pointer|
|m_axi_gmem8_ARLOCK     |  out|    2|          m_axi|         gmem8|       pointer|
|m_axi_gmem8_ARCACHE    |  out|    4|          m_axi|         gmem8|       pointer|
|m_axi_gmem8_ARPROT     |  out|    3|          m_axi|         gmem8|       pointer|
|m_axi_gmem8_ARQOS      |  out|    4|          m_axi|         gmem8|       pointer|
|m_axi_gmem8_ARREGION   |  out|    4|          m_axi|         gmem8|       pointer|
|m_axi_gmem8_ARUSER     |  out|    1|          m_axi|         gmem8|       pointer|
|m_axi_gmem8_RVALID     |   in|    1|          m_axi|         gmem8|       pointer|
|m_axi_gmem8_RREADY     |  out|    1|          m_axi|         gmem8|       pointer|
|m_axi_gmem8_RDATA      |   in|  512|          m_axi|         gmem8|       pointer|
|m_axi_gmem8_RLAST      |   in|    1|          m_axi|         gmem8|       pointer|
|m_axi_gmem8_RID        |   in|    1|          m_axi|         gmem8|       pointer|
|m_axi_gmem8_RUSER      |   in|    1|          m_axi|         gmem8|       pointer|
|m_axi_gmem8_RRESP      |   in|    2|          m_axi|         gmem8|       pointer|
|m_axi_gmem8_BVALID     |   in|    1|          m_axi|         gmem8|       pointer|
|m_axi_gmem8_BREADY     |  out|    1|          m_axi|         gmem8|       pointer|
|m_axi_gmem8_BRESP      |   in|    2|          m_axi|         gmem8|       pointer|
|m_axi_gmem8_BID        |   in|    1|          m_axi|         gmem8|       pointer|
|m_axi_gmem8_BUSER      |   in|    1|          m_axi|         gmem8|       pointer|
|m_axi_gmem9_AWVALID    |  out|    1|          m_axi|         gmem9|       pointer|
|m_axi_gmem9_AWREADY    |   in|    1|          m_axi|         gmem9|       pointer|
|m_axi_gmem9_AWADDR     |  out|   64|          m_axi|         gmem9|       pointer|
|m_axi_gmem9_AWID       |  out|    1|          m_axi|         gmem9|       pointer|
|m_axi_gmem9_AWLEN      |  out|    8|          m_axi|         gmem9|       pointer|
|m_axi_gmem9_AWSIZE     |  out|    3|          m_axi|         gmem9|       pointer|
|m_axi_gmem9_AWBURST    |  out|    2|          m_axi|         gmem9|       pointer|
|m_axi_gmem9_AWLOCK     |  out|    2|          m_axi|         gmem9|       pointer|
|m_axi_gmem9_AWCACHE    |  out|    4|          m_axi|         gmem9|       pointer|
|m_axi_gmem9_AWPROT     |  out|    3|          m_axi|         gmem9|       pointer|
|m_axi_gmem9_AWQOS      |  out|    4|          m_axi|         gmem9|       pointer|
|m_axi_gmem9_AWREGION   |  out|    4|          m_axi|         gmem9|       pointer|
|m_axi_gmem9_AWUSER     |  out|    1|          m_axi|         gmem9|       pointer|
|m_axi_gmem9_WVALID     |  out|    1|          m_axi|         gmem9|       pointer|
|m_axi_gmem9_WREADY     |   in|    1|          m_axi|         gmem9|       pointer|
|m_axi_gmem9_WDATA      |  out|  512|          m_axi|         gmem9|       pointer|
|m_axi_gmem9_WSTRB      |  out|   64|          m_axi|         gmem9|       pointer|
|m_axi_gmem9_WLAST      |  out|    1|          m_axi|         gmem9|       pointer|
|m_axi_gmem9_WID        |  out|    1|          m_axi|         gmem9|       pointer|
|m_axi_gmem9_WUSER      |  out|    1|          m_axi|         gmem9|       pointer|
|m_axi_gmem9_ARVALID    |  out|    1|          m_axi|         gmem9|       pointer|
|m_axi_gmem9_ARREADY    |   in|    1|          m_axi|         gmem9|       pointer|
|m_axi_gmem9_ARADDR     |  out|   64|          m_axi|         gmem9|       pointer|
|m_axi_gmem9_ARID       |  out|    1|          m_axi|         gmem9|       pointer|
|m_axi_gmem9_ARLEN      |  out|    8|          m_axi|         gmem9|       pointer|
|m_axi_gmem9_ARSIZE     |  out|    3|          m_axi|         gmem9|       pointer|
|m_axi_gmem9_ARBURST    |  out|    2|          m_axi|         gmem9|       pointer|
|m_axi_gmem9_ARLOCK     |  out|    2|          m_axi|         gmem9|       pointer|
|m_axi_gmem9_ARCACHE    |  out|    4|          m_axi|         gmem9|       pointer|
|m_axi_gmem9_ARPROT     |  out|    3|          m_axi|         gmem9|       pointer|
|m_axi_gmem9_ARQOS      |  out|    4|          m_axi|         gmem9|       pointer|
|m_axi_gmem9_ARREGION   |  out|    4|          m_axi|         gmem9|       pointer|
|m_axi_gmem9_ARUSER     |  out|    1|          m_axi|         gmem9|       pointer|
|m_axi_gmem9_RVALID     |   in|    1|          m_axi|         gmem9|       pointer|
|m_axi_gmem9_RREADY     |  out|    1|          m_axi|         gmem9|       pointer|
|m_axi_gmem9_RDATA      |   in|  512|          m_axi|         gmem9|       pointer|
|m_axi_gmem9_RLAST      |   in|    1|          m_axi|         gmem9|       pointer|
|m_axi_gmem9_RID        |   in|    1|          m_axi|         gmem9|       pointer|
|m_axi_gmem9_RUSER      |   in|    1|          m_axi|         gmem9|       pointer|
|m_axi_gmem9_RRESP      |   in|    2|          m_axi|         gmem9|       pointer|
|m_axi_gmem9_BVALID     |   in|    1|          m_axi|         gmem9|       pointer|
|m_axi_gmem9_BREADY     |  out|    1|          m_axi|         gmem9|       pointer|
|m_axi_gmem9_BRESP      |   in|    2|          m_axi|         gmem9|       pointer|
|m_axi_gmem9_BID        |   in|    1|          m_axi|         gmem9|       pointer|
|m_axi_gmem9_BUSER      |   in|    1|          m_axi|         gmem9|       pointer|
|m_axi_gmem10_AWVALID   |  out|    1|          m_axi|        gmem10|       pointer|
|m_axi_gmem10_AWREADY   |   in|    1|          m_axi|        gmem10|       pointer|
|m_axi_gmem10_AWADDR    |  out|   64|          m_axi|        gmem10|       pointer|
|m_axi_gmem10_AWID      |  out|    1|          m_axi|        gmem10|       pointer|
|m_axi_gmem10_AWLEN     |  out|    8|          m_axi|        gmem10|       pointer|
|m_axi_gmem10_AWSIZE    |  out|    3|          m_axi|        gmem10|       pointer|
|m_axi_gmem10_AWBURST   |  out|    2|          m_axi|        gmem10|       pointer|
|m_axi_gmem10_AWLOCK    |  out|    2|          m_axi|        gmem10|       pointer|
|m_axi_gmem10_AWCACHE   |  out|    4|          m_axi|        gmem10|       pointer|
|m_axi_gmem10_AWPROT    |  out|    3|          m_axi|        gmem10|       pointer|
|m_axi_gmem10_AWQOS     |  out|    4|          m_axi|        gmem10|       pointer|
|m_axi_gmem10_AWREGION  |  out|    4|          m_axi|        gmem10|       pointer|
|m_axi_gmem10_AWUSER    |  out|    1|          m_axi|        gmem10|       pointer|
|m_axi_gmem10_WVALID    |  out|    1|          m_axi|        gmem10|       pointer|
|m_axi_gmem10_WREADY    |   in|    1|          m_axi|        gmem10|       pointer|
|m_axi_gmem10_WDATA     |  out|   32|          m_axi|        gmem10|       pointer|
|m_axi_gmem10_WSTRB     |  out|    4|          m_axi|        gmem10|       pointer|
|m_axi_gmem10_WLAST     |  out|    1|          m_axi|        gmem10|       pointer|
|m_axi_gmem10_WID       |  out|    1|          m_axi|        gmem10|       pointer|
|m_axi_gmem10_WUSER     |  out|    1|          m_axi|        gmem10|       pointer|
|m_axi_gmem10_ARVALID   |  out|    1|          m_axi|        gmem10|       pointer|
|m_axi_gmem10_ARREADY   |   in|    1|          m_axi|        gmem10|       pointer|
|m_axi_gmem10_ARADDR    |  out|   64|          m_axi|        gmem10|       pointer|
|m_axi_gmem10_ARID      |  out|    1|          m_axi|        gmem10|       pointer|
|m_axi_gmem10_ARLEN     |  out|    8|          m_axi|        gmem10|       pointer|
|m_axi_gmem10_ARSIZE    |  out|    3|          m_axi|        gmem10|       pointer|
|m_axi_gmem10_ARBURST   |  out|    2|          m_axi|        gmem10|       pointer|
|m_axi_gmem10_ARLOCK    |  out|    2|          m_axi|        gmem10|       pointer|
|m_axi_gmem10_ARCACHE   |  out|    4|          m_axi|        gmem10|       pointer|
|m_axi_gmem10_ARPROT    |  out|    3|          m_axi|        gmem10|       pointer|
|m_axi_gmem10_ARQOS     |  out|    4|          m_axi|        gmem10|       pointer|
|m_axi_gmem10_ARREGION  |  out|    4|          m_axi|        gmem10|       pointer|
|m_axi_gmem10_ARUSER    |  out|    1|          m_axi|        gmem10|       pointer|
|m_axi_gmem10_RVALID    |   in|    1|          m_axi|        gmem10|       pointer|
|m_axi_gmem10_RREADY    |  out|    1|          m_axi|        gmem10|       pointer|
|m_axi_gmem10_RDATA     |   in|   32|          m_axi|        gmem10|       pointer|
|m_axi_gmem10_RLAST     |   in|    1|          m_axi|        gmem10|       pointer|
|m_axi_gmem10_RID       |   in|    1|          m_axi|        gmem10|       pointer|
|m_axi_gmem10_RUSER     |   in|    1|          m_axi|        gmem10|       pointer|
|m_axi_gmem10_RRESP     |   in|    2|          m_axi|        gmem10|       pointer|
|m_axi_gmem10_BVALID    |   in|    1|          m_axi|        gmem10|       pointer|
|m_axi_gmem10_BREADY    |  out|    1|          m_axi|        gmem10|       pointer|
|m_axi_gmem10_BRESP     |   in|    2|          m_axi|        gmem10|       pointer|
|m_axi_gmem10_BID       |   in|    1|          m_axi|        gmem10|       pointer|
|m_axi_gmem10_BUSER     |   in|    1|          m_axi|        gmem10|       pointer|
+-----------------------+-----+-----+---------------+--------------+--------------+

