

================================================================
== Vitis HLS Report for 'alveo_hls4ml_Pipeline_VITIS_LOOP_42_114'
================================================================
* Date:           Sat Sep 16 17:47:53 2023

* Version:        2022.2 (Build 3670227 on Oct 13 2022)
* Project:        alveo_hls4ml
* Solution:       solution (Vitis Kernel Flow Target)
* Product family: virtexuplus
* Target device:  xcu55c-fsvh2892-2L-e


================================================================
== Performance Estimates
================================================================
+ Timing: 
    * Summary: 
    +--------+---------+----------+------------+
    |  Clock |  Target | Estimated| Uncertainty|
    +--------+---------+----------+------------+
    |ap_clk  |  4.00 ns|  2.920 ns|     1.08 ns|
    +--------+---------+----------+------------+

+ Latency: 
    * Summary: 
    +---------+---------+----------+----------+-------+-------+---------+
    |  Latency (cycles) |  Latency (absolute) |    Interval   | Pipeline|
    |   min   |   max   |    min   |    max   |  min  |  max  |   Type  |
    +---------+---------+----------+----------+-------+-------+---------+
    |    37635|    37635|  0.151 ms|  0.151 ms|  37635|  37635|       no|
    +---------+---------+----------+----------+-------+-------+---------+

    + Detail: 
        * Instance: 
        N/A

        * Loop: 
        +-------------------+---------+---------+----------+-----------+-----------+-------+----------+
        |                   |  Latency (cycles) | Iteration|  Initiation Interval  |  Trip |          |
        |     Loop Name     |   min   |   max   |  Latency |  achieved |   target  | Count | Pipelined|
        +-------------------+---------+---------+----------+-----------+-----------+-------+----------+
        |- VITIS_LOOP_42_1  |    37633|    37633|         3|          1|          1|  37632|       yes|
        +-------------------+---------+---------+----------+-----------+-----------+-------+----------+



================================================================
== Utilization Estimates
================================================================
* Summary: 
+---------------------+---------+------+---------+---------+-----+
|         Name        | BRAM_18K|  DSP |    FF   |   LUT   | URAM|
+---------------------+---------+------+---------+---------+-----+
|DSP                  |        -|     -|        -|        -|    -|
|Expression           |        -|     -|        0|     4487|    -|
|FIFO                 |        -|     -|        -|        -|    -|
|Instance             |        -|     -|        -|        -|    -|
|Memory               |        -|     -|        -|        -|    -|
|Multiplexer          |        -|     -|        -|       95|    -|
|Register             |        -|     -|     1089|        -|    -|
+---------------------+---------+------+---------+---------+-----+
|Total                |        0|     0|     1089|     4582|    0|
+---------------------+---------+------+---------+---------+-----+
|Available SLR        |     1344|  3008|   869120|   434560|  320|
+---------------------+---------+------+---------+---------+-----+
|Utilization SLR (%)  |        0|     0|       ~0|        1|    0|
+---------------------+---------+------+---------+---------+-----+
|Available            |     4032|  9024|  2607360|  1303680|  960|
+---------------------+---------+------+---------+---------+-----+
|Utilization (%)      |        0|     0|       ~0|       ~0|    0|
+---------------------+---------+------+---------+---------+-----+

+ Detail: 
    * Instance: 
    N/A

    * DSP: 
    N/A

    * Memory: 
    N/A

    * FIFO: 
    N/A

    * Expression: 
    +----------------------------------+----------+----+---+------+------------+------------+
    |           Variable Name          | Operation| DSP| FF|  LUT | Bitwidth P0| Bitwidth P1|
    +----------------------------------+----------+----+---+------+------------+------------+
    |add_ln42_fu_161_p2                |         +|   0|  0|    23|          16|           1|
    |add_ln44_3_fu_234_p2              |         +|   0|  0|    23|          16|           1|
    |add_ln44_fu_202_p2                |         +|   0|  0|    39|          32|          17|
    |ap_block_pp0_stage0_11001         |       and|   0|  0|     2|           1|           1|
    |ap_block_state2_pp0_stage0_iter1  |       and|   0|  0|     2|           1|           1|
    |ap_predicate_op28_read_state2     |       and|   0|  0|     2|           1|           1|
    |icmp_ln42_fu_155_p2               |      icmp|   0|  0|    13|          16|          16|
    |icmp_ln44_1_fu_171_p2             |      icmp|   0|  0|    10|           6|           1|
    |icmp_ln44_fu_240_p2               |      icmp|   0|  0|    13|          16|           6|
    |select_ln44_fu_246_p3             |    select|   0|  0|    16|           1|          16|
    |fw2_v2_d0                         |       shl|   0|  0|  2171|        6144|        6144|
    |shl_ln44_7_fu_287_p2              |       shl|   0|  0|  2171|           1|         768|
    |ap_enable_pp0                     |       xor|   0|  0|     2|           1|           2|
    +----------------------------------+----------+----+---+------+------------+------------+
    |Total                             |          |   0|  0|  4487|        6252|        6975|
    +----------------------------------+----------+----+---+------+------------+------------+

    * Multiplexer: 
    +------------------------------------+----+-----------+-----+-----------+
    |                Name                | LUT| Input Size| Bits| Total Bits|
    +------------------------------------+----+-----------+-----+-----------+
    |ap_done_int                         |   9|          2|    1|          2|
    |ap_enable_reg_pp0_iter2             |   9|          2|    1|          2|
    |ap_phi_mux_empty_101_phi_fu_122_p4  |  14|          3|  512|       1536|
    |ap_sig_allocacmp_i0                 |   9|          2|   16|         32|
    |fw2_v2_we0                          |   9|          2|  768|       1536|
    |gmem3_blk_n_R                       |   9|          2|    1|          2|
    |i0_1_fu_92                          |   9|          2|   16|         32|
    |phi_mul7_fu_84                      |   9|          2|   32|         64|
    |phi_urem9_fu_80                     |   9|          2|   16|         32|
    |shiftreg111_fu_88                   |   9|          2|  504|       1008|
    +------------------------------------+----+-----------+-----+-----------+
    |Total                               |  95|         21| 1867|       4246|
    +------------------------------------+----+-----------+-----+-----------+

    * Register: 
    +-----------------------------------+-----+----+-----+-----------+
    |                Name               |  FF | LUT| Bits| Const Bits|
    +-----------------------------------+-----+----+-----+-----------+
    |ap_CS_fsm                          |    1|   0|    1|          0|
    |ap_done_reg                        |    1|   0|    1|          0|
    |ap_enable_reg_pp0_iter1            |    1|   0|    1|          0|
    |ap_enable_reg_pp0_iter2            |    1|   0|    1|          0|
    |ap_loop_exit_ready_pp0_iter1_reg   |    1|   0|    1|          0|
    |gmem3_addr_read_reg_351            |  512|   0|  512|          0|
    |i0_1_fu_92                         |   16|   0|   16|          0|
    |icmp_ln42_reg_343                  |    1|   0|    1|          0|
    |icmp_ln42_reg_343_pp0_iter1_reg    |    1|   0|    1|          0|
    |icmp_ln44_1_reg_347                |    1|   0|    1|          0|
    |icmp_ln44_1_reg_347_pp0_iter1_reg  |    1|   0|    1|          0|
    |phi_mul7_fu_84                     |   32|   0|   32|          0|
    |phi_urem9_fu_80                    |   16|   0|   16|          0|
    |shiftreg111_fu_88                  |  504|   0|  504|          0|
    +-----------------------------------+-----+----+-----+-----------+
    |Total                              | 1089|   0| 1089|          0|
    +-----------------------------------+-----+----+-----+-----------+



================================================================
== Interface
================================================================
* Summary: 
+----------------------+-----+------+------------+-----------------------------------------+--------------+
|       RTL Ports      | Dir | Bits |  Protocol  |              Source Object              |    C Type    |
+----------------------+-----+------+------------+-----------------------------------------+--------------+
|ap_clk                |   in|     1|  ap_ctrl_hs|  alveo_hls4ml_Pipeline_VITIS_LOOP_42_114|  return value|
|ap_rst                |   in|     1|  ap_ctrl_hs|  alveo_hls4ml_Pipeline_VITIS_LOOP_42_114|  return value|
|ap_start              |   in|     1|  ap_ctrl_hs|  alveo_hls4ml_Pipeline_VITIS_LOOP_42_114|  return value|
|ap_done               |  out|     1|  ap_ctrl_hs|  alveo_hls4ml_Pipeline_VITIS_LOOP_42_114|  return value|
|ap_idle               |  out|     1|  ap_ctrl_hs|  alveo_hls4ml_Pipeline_VITIS_LOOP_42_114|  return value|
|ap_ready              |  out|     1|  ap_ctrl_hs|  alveo_hls4ml_Pipeline_VITIS_LOOP_42_114|  return value|
|m_axi_gmem3_AWVALID   |  out|     1|       m_axi|                                    gmem3|       pointer|
|m_axi_gmem3_AWREADY   |   in|     1|       m_axi|                                    gmem3|       pointer|
|m_axi_gmem3_AWADDR    |  out|    64|       m_axi|                                    gmem3|       pointer|
|m_axi_gmem3_AWID      |  out|     1|       m_axi|                                    gmem3|       pointer|
|m_axi_gmem3_AWLEN     |  out|    32|       m_axi|                                    gmem3|       pointer|
|m_axi_gmem3_AWSIZE    |  out|     3|       m_axi|                                    gmem3|       pointer|
|m_axi_gmem3_AWBURST   |  out|     2|       m_axi|                                    gmem3|       pointer|
|m_axi_gmem3_AWLOCK    |  out|     2|       m_axi|                                    gmem3|       pointer|
|m_axi_gmem3_AWCACHE   |  out|     4|       m_axi|                                    gmem3|       pointer|
|m_axi_gmem3_AWPROT    |  out|     3|       m_axi|                                    gmem3|       pointer|
|m_axi_gmem3_AWQOS     |  out|     4|       m_axi|                                    gmem3|       pointer|
|m_axi_gmem3_AWREGION  |  out|     4|       m_axi|                                    gmem3|       pointer|
|m_axi_gmem3_AWUSER    |  out|     1|       m_axi|                                    gmem3|       pointer|
|m_axi_gmem3_WVALID    |  out|     1|       m_axi|                                    gmem3|       pointer|
|m_axi_gmem3_WREADY    |   in|     1|       m_axi|                                    gmem3|       pointer|
|m_axi_gmem3_WDATA     |  out|   512|       m_axi|                                    gmem3|       pointer|
|m_axi_gmem3_WSTRB     |  out|    64|       m_axi|                                    gmem3|       pointer|
|m_axi_gmem3_WLAST     |  out|     1|       m_axi|                                    gmem3|       pointer|
|m_axi_gmem3_WID       |  out|     1|       m_axi|                                    gmem3|       pointer|
|m_axi_gmem3_WUSER     |  out|     1|       m_axi|                                    gmem3|       pointer|
|m_axi_gmem3_ARVALID   |  out|     1|       m_axi|                                    gmem3|       pointer|
|m_axi_gmem3_ARREADY   |   in|     1|       m_axi|                                    gmem3|       pointer|
|m_axi_gmem3_ARADDR    |  out|    64|       m_axi|                                    gmem3|       pointer|
|m_axi_gmem3_ARID      |  out|     1|       m_axi|                                    gmem3|       pointer|
|m_axi_gmem3_ARLEN     |  out|    32|       m_axi|                                    gmem3|       pointer|
|m_axi_gmem3_ARSIZE    |  out|     3|       m_axi|                                    gmem3|       pointer|
|m_axi_gmem3_ARBURST   |  out|     2|       m_axi|                                    gmem3|       pointer|
|m_axi_gmem3_ARLOCK    |  out|     2|       m_axi|                                    gmem3|       pointer|
|m_axi_gmem3_ARCACHE   |  out|     4|       m_axi|                                    gmem3|       pointer|
|m_axi_gmem3_ARPROT    |  out|     3|       m_axi|                                    gmem3|       pointer|
|m_axi_gmem3_ARQOS     |  out|     4|       m_axi|                                    gmem3|       pointer|
|m_axi_gmem3_ARREGION  |  out|     4|       m_axi|                                    gmem3|       pointer|
|m_axi_gmem3_ARUSER    |  out|     1|       m_axi|                                    gmem3|       pointer|
|m_axi_gmem3_RVALID    |   in|     1|       m_axi|                                    gmem3|       pointer|
|m_axi_gmem3_RREADY    |  out|     1|       m_axi|                                    gmem3|       pointer|
|m_axi_gmem3_RDATA     |   in|   512|       m_axi|                                    gmem3|       pointer|
|m_axi_gmem3_RLAST     |   in|     1|       m_axi|                                    gmem3|       pointer|
|m_axi_gmem3_RID       |   in|     1|       m_axi|                                    gmem3|       pointer|
|m_axi_gmem3_RFIFONUM  |   in|     9|       m_axi|                                    gmem3|       pointer|
|m_axi_gmem3_RUSER     |   in|     1|       m_axi|                                    gmem3|       pointer|
|m_axi_gmem3_RRESP     |   in|     2|       m_axi|                                    gmem3|       pointer|
|m_axi_gmem3_BVALID    |   in|     1|       m_axi|                                    gmem3|       pointer|
|m_axi_gmem3_BREADY    |  out|     1|       m_axi|                                    gmem3|       pointer|
|m_axi_gmem3_BRESP     |   in|     2|       m_axi|                                    gmem3|       pointer|
|m_axi_gmem3_BID       |   in|     1|       m_axi|                                    gmem3|       pointer|
|m_axi_gmem3_BUSER     |   in|     1|       m_axi|                                    gmem3|       pointer|
|sext_ln42_1           |   in|    58|     ap_none|                              sext_ln42_1|        scalar|
|fw2_v2_address0       |  out|     6|   ap_memory|                                   fw2_v2|         array|
|fw2_v2_ce0            |  out|     1|   ap_memory|                                   fw2_v2|         array|
|fw2_v2_we0            |  out|   768|   ap_memory|                                   fw2_v2|         array|
|fw2_v2_d0             |  out|  6144|   ap_memory|                                   fw2_v2|         array|
+----------------------+-----+------+------------+-----------------------------------------+--------------+

