

================================================================
== Vitis HLS Report for 'alveo_hls4ml_Pipeline_VITIS_LOOP_42_17'
================================================================
* Date:           Sat Sep 16 13:33:28 2023

* Version:        2022.2 (Build 3670227 on Oct 13 2022)
* Project:        alveo_hls4ml
* Solution:       solution (Vitis Kernel Flow Target)
* Product family: virtexuplus
* Target device:  xcu55c-fsvh2892-2L-e


================================================================
== Performance Estimates
================================================================
+ Timing: 
    * Summary: 
    +--------+---------+----------+------------+
    |  Clock |  Target | Estimated| Uncertainty|
    +--------+---------+----------+------------+
    |ap_clk  |  9.00 ns|  6.570 ns|     2.43 ns|
    +--------+---------+----------+------------+

+ Latency: 
    * Summary: 
    +---------+---------+----------+----------+--------+--------+---------+
    |  Latency (cycles) |  Latency (absolute) |     Interval    | Pipeline|
    |   min   |   max   |    min   |    max   |   min  |   max  |   Type  |
    +---------+---------+----------+----------+--------+--------+---------+
    |   393219|   393219|  3.539 ms|  3.539 ms|  393219|  393219|       no|
    +---------+---------+----------+----------+--------+--------+---------+

    + Detail: 
        * Instance: 
        N/A

        * Loop: 
        +-------------------+---------+---------+----------+-----------+-----------+--------+----------+
        |                   |  Latency (cycles) | Iteration|  Initiation Interval  |  Trip  |          |
        |     Loop Name     |   min   |   max   |  Latency |  achieved |   target  |  Count | Pipelined|
        +-------------------+---------+---------+----------+-----------+-----------+--------+----------+
        |- VITIS_LOOP_42_1  |   393217|   393217|         3|          1|          1|  393216|       yes|
        +-------------------+---------+---------+----------+-----------+-----------+--------+----------+



================================================================
== Utilization Estimates
================================================================
* Summary: 
+---------------------+---------+------+---------+---------+-----+
|         Name        | BRAM_18K|  DSP |    FF   |   LUT   | URAM|
+---------------------+---------+------+---------+---------+-----+
|DSP                  |        -|     -|        -|        -|    -|
|Expression           |        -|     -|        0|     4400|    -|
|FIFO                 |        -|     -|        -|        -|    -|
|Instance             |        -|     -|        -|        -|    -|
|Memory               |        -|     -|        -|        -|    -|
|Multiplexer          |        -|     -|        -|       77|    -|
|Register             |        -|     -|     1082|        -|    -|
+---------------------+---------+------+---------+---------+-----+
|Total                |        0|     0|     1082|     4477|    0|
+---------------------+---------+------+---------+---------+-----+
|Available SLR        |     1344|  3008|   869120|   434560|  320|
+---------------------+---------+------+---------+---------+-----+
|Utilization SLR (%)  |        0|     0|       ~0|        1|    0|
+---------------------+---------+------+---------+---------+-----+
|Available            |     4032|  9024|  2607360|  1303680|  960|
+---------------------+---------+------+---------+---------+-----+
|Utilization (%)      |        0|     0|       ~0|       ~0|    0|
+---------------------+---------+------+---------+---------+-----+

+ Detail: 
    * Instance: 
    N/A

    * DSP: 
    N/A

    * Memory: 
    N/A

    * FIFO: 
    N/A

    * Expression: 
    +----------------------------------+----------+----+---+------+------------+------------+
    |           Variable Name          | Operation| DSP| FF|  LUT | Bitwidth P0| Bitwidth P1|
    +----------------------------------+----------+----+---+------+------------+------------+
    |add_ln42_fu_141_p2                |         +|   0|  0|    26|          19|           1|
    |ap_block_pp0_stage0_11001         |       and|   0|  0|     2|           1|           1|
    |ap_block_state2_pp0_stage0_iter1  |       and|   0|  0|     2|           1|           1|
    |ap_predicate_op25_read_state2     |       and|   0|  0|     2|           1|           1|
    |icmp_ln42_fu_135_p2               |      icmp|   0|  0|    14|          19|          19|
    |icmp_ln43_fu_151_p2               |      icmp|   0|  0|    10|           6|           1|
    |bwr2_v1_d0                        |       shl|   0|  0|  2171|        6144|        6144|
    |shl_ln43_2_fu_234_p2              |       shl|   0|  0|  2171|           1|         768|
    |ap_enable_pp0                     |       xor|   0|  0|     2|           1|           2|
    +----------------------------------+----------+----+---+------+------------+------------+
    |Total                             |          |   0|  0|  4400|        6193|        6938|
    +----------------------------------+----------+----+---+------+------------+------------+

    * Multiplexer: 
    +------------------------------------+----+-----------+-----+-----------+
    |                Name                | LUT| Input Size| Bits| Total Bits|
    +------------------------------------+----+-----------+-----+-----------+
    |ap_done_int                         |   9|          2|    1|          2|
    |ap_enable_reg_pp0_iter2             |   9|          2|    1|          2|
    |ap_phi_mux_empty_452_phi_fu_112_p4  |  14|          3|  512|       1536|
    |ap_sig_allocacmp_i0_3               |   9|          2|   19|         38|
    |bwr2_v1_we0                         |   9|          2|  768|       1536|
    |gmem8_blk_n_R                       |   9|          2|    1|          2|
    |i0_fu_82                            |   9|          2|   19|         38|
    |shiftreg101_fu_78                   |   9|          2|  504|       1008|
    +------------------------------------+----+-----------+-----+-----------+
    |Total                               |  77|         17| 1825|       4162|
    +------------------------------------+----+-----------+-----+-----------+

    * Register: 
    +----------------------------------+-----+----+-----+-----------+
    |               Name               |  FF | LUT| Bits| Const Bits|
    +----------------------------------+-----+----+-----+-----------+
    |ap_CS_fsm                         |    1|   0|    1|          0|
    |ap_done_reg                       |    1|   0|    1|          0|
    |ap_enable_reg_pp0_iter1           |    1|   0|    1|          0|
    |ap_enable_reg_pp0_iter2           |    1|   0|    1|          0|
    |ap_loop_exit_ready_pp0_iter1_reg  |    1|   0|    1|          0|
    |gmem8_addr_read_reg_279           |  512|   0|  512|          0|
    |i0_3_reg_265                      |   19|   0|   19|          0|
    |i0_3_reg_265_pp0_iter1_reg        |   19|   0|   19|          0|
    |i0_fu_82                          |   19|   0|   19|          0|
    |icmp_ln42_reg_271                 |    1|   0|    1|          0|
    |icmp_ln42_reg_271_pp0_iter1_reg   |    1|   0|    1|          0|
    |icmp_ln43_reg_275                 |    1|   0|    1|          0|
    |icmp_ln43_reg_275_pp0_iter1_reg   |    1|   0|    1|          0|
    |shiftreg101_fu_78                 |  504|   0|  504|          0|
    +----------------------------------+-----+----+-----+-----------+
    |Total                             | 1082|   0| 1082|          0|
    +----------------------------------+-----+----+-----+-----------+



================================================================
== Interface
================================================================
* Summary: 
+----------------------+-----+------+------------+----------------------------------------+--------------+
|       RTL Ports      | Dir | Bits |  Protocol  |              Source Object             |    C Type    |
+----------------------+-----+------+------------+----------------------------------------+--------------+
|ap_clk                |   in|     1|  ap_ctrl_hs|  alveo_hls4ml_Pipeline_VITIS_LOOP_42_17|  return value|
|ap_rst                |   in|     1|  ap_ctrl_hs|  alveo_hls4ml_Pipeline_VITIS_LOOP_42_17|  return value|
|ap_start              |   in|     1|  ap_ctrl_hs|  alveo_hls4ml_Pipeline_VITIS_LOOP_42_17|  return value|
|ap_done               |  out|     1|  ap_ctrl_hs|  alveo_hls4ml_Pipeline_VITIS_LOOP_42_17|  return value|
|ap_idle               |  out|     1|  ap_ctrl_hs|  alveo_hls4ml_Pipeline_VITIS_LOOP_42_17|  return value|
|ap_ready              |  out|     1|  ap_ctrl_hs|  alveo_hls4ml_Pipeline_VITIS_LOOP_42_17|  return value|
|m_axi_gmem8_AWVALID   |  out|     1|       m_axi|                                   gmem8|       pointer|
|m_axi_gmem8_AWREADY   |   in|     1|       m_axi|                                   gmem8|       pointer|
|m_axi_gmem8_AWADDR    |  out|    64|       m_axi|                                   gmem8|       pointer|
|m_axi_gmem8_AWID      |  out|     1|       m_axi|                                   gmem8|       pointer|
|m_axi_gmem8_AWLEN     |  out|    32|       m_axi|                                   gmem8|       pointer|
|m_axi_gmem8_AWSIZE    |  out|     3|       m_axi|                                   gmem8|       pointer|
|m_axi_gmem8_AWBURST   |  out|     2|       m_axi|                                   gmem8|       pointer|
|m_axi_gmem8_AWLOCK    |  out|     2|       m_axi|                                   gmem8|       pointer|
|m_axi_gmem8_AWCACHE   |  out|     4|       m_axi|                                   gmem8|       pointer|
|m_axi_gmem8_AWPROT    |  out|     3|       m_axi|                                   gmem8|       pointer|
|m_axi_gmem8_AWQOS     |  out|     4|       m_axi|                                   gmem8|       pointer|
|m_axi_gmem8_AWREGION  |  out|     4|       m_axi|                                   gmem8|       pointer|
|m_axi_gmem8_AWUSER    |  out|     1|       m_axi|                                   gmem8|       pointer|
|m_axi_gmem8_WVALID    |  out|     1|       m_axi|                                   gmem8|       pointer|
|m_axi_gmem8_WREADY    |   in|     1|       m_axi|                                   gmem8|       pointer|
|m_axi_gmem8_WDATA     |  out|   512|       m_axi|                                   gmem8|       pointer|
|m_axi_gmem8_WSTRB     |  out|    64|       m_axi|                                   gmem8|       pointer|
|m_axi_gmem8_WLAST     |  out|     1|       m_axi|                                   gmem8|       pointer|
|m_axi_gmem8_WID       |  out|     1|       m_axi|                                   gmem8|       pointer|
|m_axi_gmem8_WUSER     |  out|     1|       m_axi|                                   gmem8|       pointer|
|m_axi_gmem8_ARVALID   |  out|     1|       m_axi|                                   gmem8|       pointer|
|m_axi_gmem8_ARREADY   |   in|     1|       m_axi|                                   gmem8|       pointer|
|m_axi_gmem8_ARADDR    |  out|    64|       m_axi|                                   gmem8|       pointer|
|m_axi_gmem8_ARID      |  out|     1|       m_axi|                                   gmem8|       pointer|
|m_axi_gmem8_ARLEN     |  out|    32|       m_axi|                                   gmem8|       pointer|
|m_axi_gmem8_ARSIZE    |  out|     3|       m_axi|                                   gmem8|       pointer|
|m_axi_gmem8_ARBURST   |  out|     2|       m_axi|                                   gmem8|       pointer|
|m_axi_gmem8_ARLOCK    |  out|     2|       m_axi|                                   gmem8|       pointer|
|m_axi_gmem8_ARCACHE   |  out|     4|       m_axi|                                   gmem8|       pointer|
|m_axi_gmem8_ARPROT    |  out|     3|       m_axi|                                   gmem8|       pointer|
|m_axi_gmem8_ARQOS     |  out|     4|       m_axi|                                   gmem8|       pointer|
|m_axi_gmem8_ARREGION  |  out|     4|       m_axi|                                   gmem8|       pointer|
|m_axi_gmem8_ARUSER    |  out|     1|       m_axi|                                   gmem8|       pointer|
|m_axi_gmem8_RVALID    |   in|     1|       m_axi|                                   gmem8|       pointer|
|m_axi_gmem8_RREADY    |  out|     1|       m_axi|                                   gmem8|       pointer|
|m_axi_gmem8_RDATA     |   in|   512|       m_axi|                                   gmem8|       pointer|
|m_axi_gmem8_RLAST     |   in|     1|       m_axi|                                   gmem8|       pointer|
|m_axi_gmem8_RID       |   in|     1|       m_axi|                                   gmem8|       pointer|
|m_axi_gmem8_RFIFONUM  |   in|     9|       m_axi|                                   gmem8|       pointer|
|m_axi_gmem8_RUSER     |   in|     1|       m_axi|                                   gmem8|       pointer|
|m_axi_gmem8_RRESP     |   in|     2|       m_axi|                                   gmem8|       pointer|
|m_axi_gmem8_BVALID    |   in|     1|       m_axi|                                   gmem8|       pointer|
|m_axi_gmem8_BREADY    |  out|     1|       m_axi|                                   gmem8|       pointer|
|m_axi_gmem8_BRESP     |   in|     2|       m_axi|                                   gmem8|       pointer|
|m_axi_gmem8_BID       |   in|     1|       m_axi|                                   gmem8|       pointer|
|m_axi_gmem8_BUSER     |   in|     1|       m_axi|                                   gmem8|       pointer|
|sext_ln42_6           |   in|    58|     ap_none|                             sext_ln42_6|        scalar|
|bwr2_v1_address0      |  out|     9|   ap_memory|                                 bwr2_v1|         array|
|bwr2_v1_ce0           |  out|     1|   ap_memory|                                 bwr2_v1|         array|
|bwr2_v1_we0           |  out|   768|   ap_memory|                                 bwr2_v1|         array|
|bwr2_v1_d0            |  out|  6144|   ap_memory|                                 bwr2_v1|         array|
+----------------------+-----+------+------------+----------------------------------------+--------------+

