

================================================================
== Vitis HLS Report for 'alveo_hls4ml_Pipeline_VITIS_LOOP_42_13'
================================================================
* Date:           Sat Sep 16 13:33:12 2023

* Version:        2022.2 (Build 3670227 on Oct 13 2022)
* Project:        alveo_hls4ml
* Solution:       solution (Vitis Kernel Flow Target)
* Product family: virtexuplus
* Target device:  xcu55c-fsvh2892-2L-e


================================================================
== Performance Estimates
================================================================
+ Timing: 
    * Summary: 
    +--------+---------+----------+------------+
    |  Clock |  Target | Estimated| Uncertainty|
    +--------+---------+----------+------------+
    |ap_clk  |  9.00 ns|  6.570 ns|     2.43 ns|
    +--------+---------+----------+------------+

+ Latency: 
    * Summary: 
    +---------+---------+----------+----------+-------+-------+---------+
    |  Latency (cycles) |  Latency (absolute) |    Interval   | Pipeline|
    |   min   |   max   |    min   |    max   |  min  |  max  |   Type  |
    +---------+---------+----------+----------+-------+-------+---------+
    |    37635|    37635|  0.339 ms|  0.339 ms|  37635|  37635|       no|
    +---------+---------+----------+----------+-------+-------+---------+

    + Detail: 
        * Instance: 
        N/A

        * Loop: 
        +-------------------+---------+---------+----------+-----------+-----------+-------+----------+
        |                   |  Latency (cycles) | Iteration|  Initiation Interval  |  Trip |          |
        |     Loop Name     |   min   |   max   |  Latency |  achieved |   target  | Count | Pipelined|
        +-------------------+---------+---------+----------+-----------+-----------+-------+----------+
        |- VITIS_LOOP_42_1  |    37633|    37633|         3|          1|          1|  37632|       yes|
        +-------------------+---------+---------+----------+-----------+-----------+-------+----------+



================================================================
== Utilization Estimates
================================================================
* Summary: 
+---------------------+---------+------+---------+---------+-----+
|         Name        | BRAM_18K|  DSP |    FF   |   LUT   | URAM|
+---------------------+---------+------+---------+---------+-----+
|DSP                  |        -|     -|        -|        -|    -|
|Expression           |        -|     -|        0|     4487|    -|
|FIFO                 |        -|     -|        -|        -|    -|
|Instance             |        -|     -|        -|        -|    -|
|Memory               |        -|     -|        -|        -|    -|
|Multiplexer          |        -|     -|        -|       95|    -|
|Register             |        -|     -|     1089|        -|    -|
+---------------------+---------+------+---------+---------+-----+
|Total                |        0|     0|     1089|     4582|    0|
+---------------------+---------+------+---------+---------+-----+
|Available SLR        |     1344|  3008|   869120|   434560|  320|
+---------------------+---------+------+---------+---------+-----+
|Utilization SLR (%)  |        0|     0|       ~0|        1|    0|
+---------------------+---------+------+---------+---------+-----+
|Available            |     4032|  9024|  2607360|  1303680|  960|
+---------------------+---------+------+---------+---------+-----+
|Utilization (%)      |        0|     0|       ~0|       ~0|    0|
+---------------------+---------+------+---------+---------+-----+

+ Detail: 
    * Instance: 
    N/A

    * DSP: 
    N/A

    * Memory: 
    N/A

    * FIFO: 
    N/A

    * Expression: 
    +----------------------------------+----------+----+---+------+------------+------------+
    |           Variable Name          | Operation| DSP| FF|  LUT | Bitwidth P0| Bitwidth P1|
    +----------------------------------+----------+----+---+------+------------+------------+
    |add_ln42_fu_163_p2                |         +|   0|  0|    23|          16|           1|
    |add_ln43_2_fu_236_p2              |         +|   0|  0|    23|          16|           1|
    |add_ln43_fu_204_p2                |         +|   0|  0|    39|          32|          17|
    |ap_block_pp0_stage0_11001         |       and|   0|  0|     2|           1|           1|
    |ap_block_state2_pp0_stage0_iter1  |       and|   0|  0|     2|           1|           1|
    |ap_predicate_op29_read_state2     |       and|   0|  0|     2|           1|           1|
    |icmp_ln42_fu_157_p2               |      icmp|   0|  0|    13|          16|          16|
    |icmp_ln43_2_fu_242_p2             |      icmp|   0|  0|    13|          16|           6|
    |icmp_ln43_fu_173_p2               |      icmp|   0|  0|    10|           6|           1|
    |select_ln43_fu_248_p3             |    select|   0|  0|    16|           1|          16|
    |bw2_v1_d0                         |       shl|   0|  0|  2171|        6144|        6144|
    |shl_ln43_6_fu_289_p2              |       shl|   0|  0|  2171|           1|         768|
    |ap_enable_pp0                     |       xor|   0|  0|     2|           1|           2|
    +----------------------------------+----------+----+---+------+------------+------------+
    |Total                             |          |   0|  0|  4487|        6252|        6975|
    +----------------------------------+----------+----+---+------+------------+------------+

    * Multiplexer: 
    +------------------------------------+----+-----------+-----+-----------+
    |                Name                | LUT| Input Size| Bits| Total Bits|
    +------------------------------------+----+-----------+-----+-----------+
    |ap_done_int                         |   9|          2|    1|          2|
    |ap_enable_reg_pp0_iter2             |   9|          2|    1|          2|
    |ap_phi_mux_empty_463_phi_fu_124_p4  |  14|          3|  512|       1536|
    |ap_sig_allocacmp_i0                 |   9|          2|   16|         32|
    |bw2_v1_we0                          |   9|          2|  768|       1536|
    |gmem4_blk_n_R                       |   9|          2|    1|          2|
    |i0_2_fu_94                          |   9|          2|   16|         32|
    |phi_mul12_fu_86                     |   9|          2|   32|         64|
    |phi_urem14_fu_82                    |   9|          2|   16|         32|
    |shiftreg109_fu_90                   |   9|          2|  504|       1008|
    +------------------------------------+----+-----------+-----+-----------+
    |Total                               |  95|         21| 1867|       4246|
    +------------------------------------+----+-----------+-----+-----------+

    * Register: 
    +----------------------------------+-----+----+-----+-----------+
    |               Name               |  FF | LUT| Bits| Const Bits|
    +----------------------------------+-----+----+-----+-----------+
    |ap_CS_fsm                         |    1|   0|    1|          0|
    |ap_done_reg                       |    1|   0|    1|          0|
    |ap_enable_reg_pp0_iter1           |    1|   0|    1|          0|
    |ap_enable_reg_pp0_iter2           |    1|   0|    1|          0|
    |ap_loop_exit_ready_pp0_iter1_reg  |    1|   0|    1|          0|
    |gmem4_addr_read_reg_353           |  512|   0|  512|          0|
    |i0_2_fu_94                        |   16|   0|   16|          0|
    |icmp_ln42_reg_345                 |    1|   0|    1|          0|
    |icmp_ln42_reg_345_pp0_iter1_reg   |    1|   0|    1|          0|
    |icmp_ln43_reg_349                 |    1|   0|    1|          0|
    |icmp_ln43_reg_349_pp0_iter1_reg   |    1|   0|    1|          0|
    |phi_mul12_fu_86                   |   32|   0|   32|          0|
    |phi_urem14_fu_82                  |   16|   0|   16|          0|
    |shiftreg109_fu_90                 |  504|   0|  504|          0|
    +----------------------------------+-----+----+-----+-----------+
    |Total                             | 1089|   0| 1089|          0|
    +----------------------------------+-----+----+-----+-----------+



================================================================
== Interface
================================================================
* Summary: 
+----------------------+-----+------+------------+----------------------------------------+--------------+
|       RTL Ports      | Dir | Bits |  Protocol  |              Source Object             |    C Type    |
+----------------------+-----+------+------------+----------------------------------------+--------------+
|ap_clk                |   in|     1|  ap_ctrl_hs|  alveo_hls4ml_Pipeline_VITIS_LOOP_42_13|  return value|
|ap_rst                |   in|     1|  ap_ctrl_hs|  alveo_hls4ml_Pipeline_VITIS_LOOP_42_13|  return value|
|ap_start              |   in|     1|  ap_ctrl_hs|  alveo_hls4ml_Pipeline_VITIS_LOOP_42_13|  return value|
|ap_done               |  out|     1|  ap_ctrl_hs|  alveo_hls4ml_Pipeline_VITIS_LOOP_42_13|  return value|
|ap_idle               |  out|     1|  ap_ctrl_hs|  alveo_hls4ml_Pipeline_VITIS_LOOP_42_13|  return value|
|ap_ready              |  out|     1|  ap_ctrl_hs|  alveo_hls4ml_Pipeline_VITIS_LOOP_42_13|  return value|
|m_axi_gmem4_AWVALID   |  out|     1|       m_axi|                                   gmem4|       pointer|
|m_axi_gmem4_AWREADY   |   in|     1|       m_axi|                                   gmem4|       pointer|
|m_axi_gmem4_AWADDR    |  out|    64|       m_axi|                                   gmem4|       pointer|
|m_axi_gmem4_AWID      |  out|     1|       m_axi|                                   gmem4|       pointer|
|m_axi_gmem4_AWLEN     |  out|    32|       m_axi|                                   gmem4|       pointer|
|m_axi_gmem4_AWSIZE    |  out|     3|       m_axi|                                   gmem4|       pointer|
|m_axi_gmem4_AWBURST   |  out|     2|       m_axi|                                   gmem4|       pointer|
|m_axi_gmem4_AWLOCK    |  out|     2|       m_axi|                                   gmem4|       pointer|
|m_axi_gmem4_AWCACHE   |  out|     4|       m_axi|                                   gmem4|       pointer|
|m_axi_gmem4_AWPROT    |  out|     3|       m_axi|                                   gmem4|       pointer|
|m_axi_gmem4_AWQOS     |  out|     4|       m_axi|                                   gmem4|       pointer|
|m_axi_gmem4_AWREGION  |  out|     4|       m_axi|                                   gmem4|       pointer|
|m_axi_gmem4_AWUSER    |  out|     1|       m_axi|                                   gmem4|       pointer|
|m_axi_gmem4_WVALID    |  out|     1|       m_axi|                                   gmem4|       pointer|
|m_axi_gmem4_WREADY    |   in|     1|       m_axi|                                   gmem4|       pointer|
|m_axi_gmem4_WDATA     |  out|   512|       m_axi|                                   gmem4|       pointer|
|m_axi_gmem4_WSTRB     |  out|    64|       m_axi|                                   gmem4|       pointer|
|m_axi_gmem4_WLAST     |  out|     1|       m_axi|                                   gmem4|       pointer|
|m_axi_gmem4_WID       |  out|     1|       m_axi|                                   gmem4|       pointer|
|m_axi_gmem4_WUSER     |  out|     1|       m_axi|                                   gmem4|       pointer|
|m_axi_gmem4_ARVALID   |  out|     1|       m_axi|                                   gmem4|       pointer|
|m_axi_gmem4_ARREADY   |   in|     1|       m_axi|                                   gmem4|       pointer|
|m_axi_gmem4_ARADDR    |  out|    64|       m_axi|                                   gmem4|       pointer|
|m_axi_gmem4_ARID      |  out|     1|       m_axi|                                   gmem4|       pointer|
|m_axi_gmem4_ARLEN     |  out|    32|       m_axi|                                   gmem4|       pointer|
|m_axi_gmem4_ARSIZE    |  out|     3|       m_axi|                                   gmem4|       pointer|
|m_axi_gmem4_ARBURST   |  out|     2|       m_axi|                                   gmem4|       pointer|
|m_axi_gmem4_ARLOCK    |  out|     2|       m_axi|                                   gmem4|       pointer|
|m_axi_gmem4_ARCACHE   |  out|     4|       m_axi|                                   gmem4|       pointer|
|m_axi_gmem4_ARPROT    |  out|     3|       m_axi|                                   gmem4|       pointer|
|m_axi_gmem4_ARQOS     |  out|     4|       m_axi|                                   gmem4|       pointer|
|m_axi_gmem4_ARREGION  |  out|     4|       m_axi|                                   gmem4|       pointer|
|m_axi_gmem4_ARUSER    |  out|     1|       m_axi|                                   gmem4|       pointer|
|m_axi_gmem4_RVALID    |   in|     1|       m_axi|                                   gmem4|       pointer|
|m_axi_gmem4_RREADY    |  out|     1|       m_axi|                                   gmem4|       pointer|
|m_axi_gmem4_RDATA     |   in|   512|       m_axi|                                   gmem4|       pointer|
|m_axi_gmem4_RLAST     |   in|     1|       m_axi|                                   gmem4|       pointer|
|m_axi_gmem4_RID       |   in|     1|       m_axi|                                   gmem4|       pointer|
|m_axi_gmem4_RFIFONUM  |   in|     9|       m_axi|                                   gmem4|       pointer|
|m_axi_gmem4_RUSER     |   in|     1|       m_axi|                                   gmem4|       pointer|
|m_axi_gmem4_RRESP     |   in|     2|       m_axi|                                   gmem4|       pointer|
|m_axi_gmem4_BVALID    |   in|     1|       m_axi|                                   gmem4|       pointer|
|m_axi_gmem4_BREADY    |  out|     1|       m_axi|                                   gmem4|       pointer|
|m_axi_gmem4_BRESP     |   in|     2|       m_axi|                                   gmem4|       pointer|
|m_axi_gmem4_BID       |   in|     1|       m_axi|                                   gmem4|       pointer|
|m_axi_gmem4_BUSER     |   in|     1|       m_axi|                                   gmem4|       pointer|
|sext_ln42_2           |   in|    58|     ap_none|                             sext_ln42_2|        scalar|
|bw2_v1_address0       |  out|     6|   ap_memory|                                  bw2_v1|         array|
|bw2_v1_ce0            |  out|     1|   ap_memory|                                  bw2_v1|         array|
|bw2_v1_we0            |  out|   768|   ap_memory|                                  bw2_v1|         array|
|bw2_v1_d0             |  out|  6144|   ap_memory|                                  bw2_v1|         array|
+----------------------+-----+------+------------+----------------------------------------+--------------+

