

================================================================
== Vitis HLS Report for 'bidirectional_single_ap_fixed_8_1_5_3_0_ap_fixed_8_1_5_3_0_config2_s'
================================================================
* Date:           Sat Sep 16 17:46:05 2023

* Version:        2022.2 (Build 3670227 on Oct 13 2022)
* Project:        alveo_hls4ml
* Solution:       solution (Vitis Kernel Flow Target)
* Product family: virtexuplus
* Target device:  xcu55c-fsvh2892-2L-e


================================================================
== Performance Estimates
================================================================
+ Timing: 
    * Summary: 
    +--------+---------+----------+------------+
    |  Clock |  Target | Estimated| Uncertainty|
    +--------+---------+----------+------------+
    |ap_clk  |  4.00 ns|  2.883 ns|     1.08 ns|
    +--------+---------+----------+------------+

+ Latency: 
    * Summary: 
    +---------+----------+----------+-----------+--------+----------+---------+
    |  Latency (cycles)  |  Latency (absolute)  |      Interval     | Pipeline|
    |   min   |    max   |    min   |    max    |   min  |    max   |   Type  |
    +---------+----------+----------+-----------+--------+----------+---------+
    |   727096|  63770918|  2.908 ms|  0.255 sec|  727096|  63770918|       no|
    +---------+----------+----------+-----------+--------+----------+---------+

    + Detail: 
        * Instance: 
        +-------------------------------------------------------------------------------------+--------------------------------------------------------------------------+---------+----------+-----------+-----------+--------+----------+---------+
        |                                                                                     |                                                                          |  Latency (cycles)  |   Latency (absolute)  |      Interval     | Pipeline|
        |                                       Instance                                      |                                  Module                                  |   min   |    max   |    min    |    max    |   min  |    max   |   Type  |
        +-------------------------------------------------------------------------------------+--------------------------------------------------------------------------+---------+----------+-----------+-----------+--------+----------+---------+
        |grp_bidirectional_single_Pipeline_VITIS_LOOP_115_1_VITIS_LOOP_116_2_fu_452           |bidirectional_single_Pipeline_VITIS_LOOP_115_1_VITIS_LOOP_116_2           |     3579|      3579|  14.316 us|  14.316 us|    3579|      3579|       no|
        |grp_gru_stack_ap_fixed_8_1_5_3_0_ap_fixed_8_1_5_3_0_config2_f_s_fu_654               |gru_stack_ap_fixed_8_1_5_3_0_ap_fixed_8_1_5_3_0_config2_f_s               |   722486|  63766308|   2.890 ms|  0.255 sec|  722486|  63766308|       no|
        |grp_gru_stack_ap_fixed_8_1_5_3_0_ap_fixed_8_1_5_3_0_config2_b_s_fu_720               |gru_stack_ap_fixed_8_1_5_3_0_ap_fixed_8_1_5_3_0_config2_b_s               |   722486|  63766308|   2.890 ms|  0.255 sec|  722486|  63766308|       no|
        |grp_bidirectional_single_ap_fixed_ap_fixed_config2_Pipeline_VITIS_LOOP_129_3_fu_786  |bidirectional_single_ap_fixed_ap_fixed_config2_Pipeline_VITIS_LOOP_129_3  |     1026|      1026|   4.104 us|   4.104 us|    1026|      1026|       no|
        +-------------------------------------------------------------------------------------+--------------------------------------------------------------------------+---------+----------+-----------+-----------+--------+----------+---------+

        * Loop: 
        N/A



================================================================
== Utilization Estimates
================================================================
* Summary: 
+---------------------+---------+------+---------+---------+-----+
|         Name        | BRAM_18K|  DSP |    FF   |   LUT   | URAM|
+---------------------+---------+------+---------+---------+-----+
|DSP                  |        -|     -|        -|        -|    -|
|Expression           |        -|     -|        0|        4|    -|
|FIFO                 |        -|     -|        -|        -|    -|
|Instance             |       34|     4|   115461|   270796|    0|
|Memory               |        2|     -|      784|     1666|    0|
|Multiplexer          |        -|     -|        -|     3764|    -|
|Register             |        -|     -|       11|        -|    -|
+---------------------+---------+------+---------+---------+-----+
|Total                |       36|     4|   116256|   276230|    0|
+---------------------+---------+------+---------+---------+-----+
|Available SLR        |     1344|  3008|   869120|   434560|  320|
+---------------------+---------+------+---------+---------+-----+
|Utilization SLR (%)  |        2|    ~0|       13|       63|    0|
+---------------------+---------+------+---------+---------+-----+
|Available            |     4032|  9024|  2607360|  1303680|  960|
+---------------------+---------+------+---------+---------+-----+
|Utilization (%)      |       ~0|    ~0|        4|       21|    0|
+---------------------+---------+------+---------+---------+-----+

+ Detail: 
    * Instance: 
    +-------------------------------------------------------------------------------------+--------------------------------------------------------------------------+---------+----+-------+--------+-----+
    |                                       Instance                                      |                                  Module                                  | BRAM_18K| DSP|   FF  |   LUT  | URAM|
    +-------------------------------------------------------------------------------------+--------------------------------------------------------------------------+---------+----+-------+--------+-----+
    |grp_bidirectional_single_Pipeline_VITIS_LOOP_115_1_VITIS_LOOP_116_2_fu_452           |bidirectional_single_Pipeline_VITIS_LOOP_115_1_VITIS_LOOP_116_2           |        0|   0|     28|     169|    0|
    |grp_bidirectional_single_ap_fixed_ap_fixed_config2_Pipeline_VITIS_LOOP_129_3_fu_786  |bidirectional_single_ap_fixed_ap_fixed_config2_Pipeline_VITIS_LOOP_129_3  |        0|   0|     15|      95|    0|
    |grp_gru_stack_ap_fixed_8_1_5_3_0_ap_fixed_8_1_5_3_0_config2_b_s_fu_720               |gru_stack_ap_fixed_8_1_5_3_0_ap_fixed_8_1_5_3_0_config2_b_s               |       17|   2|  57709|  135266|    0|
    |grp_gru_stack_ap_fixed_8_1_5_3_0_ap_fixed_8_1_5_3_0_config2_f_s_fu_654               |gru_stack_ap_fixed_8_1_5_3_0_ap_fixed_8_1_5_3_0_config2_f_s               |       17|   2|  57709|  135266|    0|
    +-------------------------------------------------------------------------------------+--------------------------------------------------------------------------+---------+----+-------+--------+-----+
    |Total                                                                                |                                                                          |       34|   4| 115461|  270796|    0|
    +-------------------------------------------------------------------------------------+--------------------------------------------------------------------------+---------+----+-------+--------+-----+

    * DSP: 
    N/A

    * Memory: 
    +---------------------+----------------------------------------------------------------------------------+---------+---+----+-----+------+-----+------+-------------+
    |        Memory       |                                      Module                                      | BRAM_18K| FF| LUT| URAM| Words| Bits| Banks| W*Bits*Banks|
    +---------------------+----------------------------------------------------------------------------------+---------+---+----+-----+------+-----+------+-------------+
    |forwardgru_out_U     |bidirectional_single_ap_fixed_8_1_5_3_0_ap_fixed_8_1_5_3_0_config2_s_forwardgb4t  |        1|  0|   0|    0|   512|    8|     1|         4096|
    |backwardgru_out_U    |bidirectional_single_ap_fixed_8_1_5_3_0_ap_fixed_8_1_5_3_0_config2_s_forwardgb4t  |        1|  0|   0|    0|   512|    8|     1|         4096|
    |temp_normal_V_U      |bidirectional_single_ap_fixed_8_1_5_3_0_ap_fixed_8_1_5_3_0_config2_s_temp_norudo  |        0|  8|  17|    0|    73|    8|     1|          584|
    |temp_normal_V_1_U    |bidirectional_single_ap_fixed_8_1_5_3_0_ap_fixed_8_1_5_3_0_config2_s_temp_norudo  |        0|  8|  17|    0|    73|    8|     1|          584|
    |temp_normal_V_2_U    |bidirectional_single_ap_fixed_8_1_5_3_0_ap_fixed_8_1_5_3_0_config2_s_temp_norudo  |        0|  8|  17|    0|    73|    8|     1|          584|
    |temp_normal_V_3_U    |bidirectional_single_ap_fixed_8_1_5_3_0_ap_fixed_8_1_5_3_0_config2_s_temp_norudo  |        0|  8|  17|    0|    73|    8|     1|          584|
    |temp_normal_V_4_U    |bidirectional_single_ap_fixed_8_1_5_3_0_ap_fixed_8_1_5_3_0_config2_s_temp_norudo  |        0|  8|  17|    0|    73|    8|     1|          584|
    |temp_normal_V_5_U    |bidirectional_single_ap_fixed_8_1_5_3_0_ap_fixed_8_1_5_3_0_config2_s_temp_norudo  |        0|  8|  17|    0|    73|    8|     1|          584|
    |temp_normal_V_6_U    |bidirectional_single_ap_fixed_8_1_5_3_0_ap_fixed_8_1_5_3_0_config2_s_temp_norudo  |        0|  8|  17|    0|    73|    8|     1|          584|
    |temp_normal_V_7_U    |bidirectional_single_ap_fixed_8_1_5_3_0_ap_fixed_8_1_5_3_0_config2_s_temp_norudo  |        0|  8|  17|    0|    73|    8|     1|          584|
    |temp_normal_V_8_U    |bidirectional_single_ap_fixed_8_1_5_3_0_ap_fixed_8_1_5_3_0_config2_s_temp_norudo  |        0|  8|  17|    0|    73|    8|     1|          584|
    |temp_normal_V_9_U    |bidirectional_single_ap_fixed_8_1_5_3_0_ap_fixed_8_1_5_3_0_config2_s_temp_norudo  |        0|  8|  17|    0|    73|    8|     1|          584|
    |temp_normal_V_10_U   |bidirectional_single_ap_fixed_8_1_5_3_0_ap_fixed_8_1_5_3_0_config2_s_temp_norudo  |        0|  8|  17|    0|    73|    8|     1|          584|
    |temp_normal_V_11_U   |bidirectional_single_ap_fixed_8_1_5_3_0_ap_fixed_8_1_5_3_0_config2_s_temp_norudo  |        0|  8|  17|    0|    73|    8|     1|          584|
    |temp_normal_V_12_U   |bidirectional_single_ap_fixed_8_1_5_3_0_ap_fixed_8_1_5_3_0_config2_s_temp_norudo  |        0|  8|  17|    0|    73|    8|     1|          584|
    |temp_normal_V_13_U   |bidirectional_single_ap_fixed_8_1_5_3_0_ap_fixed_8_1_5_3_0_config2_s_temp_norudo  |        0|  8|  17|    0|    73|    8|     1|          584|
    |temp_normal_V_14_U   |bidirectional_single_ap_fixed_8_1_5_3_0_ap_fixed_8_1_5_3_0_config2_s_temp_norudo  |        0|  8|  17|    0|    73|    8|     1|          584|
    |temp_normal_V_15_U   |bidirectional_single_ap_fixed_8_1_5_3_0_ap_fixed_8_1_5_3_0_config2_s_temp_norudo  |        0|  8|  17|    0|    73|    8|     1|          584|
    |temp_normal_V_16_U   |bidirectional_single_ap_fixed_8_1_5_3_0_ap_fixed_8_1_5_3_0_config2_s_temp_norudo  |        0|  8|  17|    0|    73|    8|     1|          584|
    |temp_normal_V_17_U   |bidirectional_single_ap_fixed_8_1_5_3_0_ap_fixed_8_1_5_3_0_config2_s_temp_norudo  |        0|  8|  17|    0|    73|    8|     1|          584|
    |temp_normal_V_18_U   |bidirectional_single_ap_fixed_8_1_5_3_0_ap_fixed_8_1_5_3_0_config2_s_temp_norudo  |        0|  8|  17|    0|    73|    8|     1|          584|
    |temp_normal_V_19_U   |bidirectional_single_ap_fixed_8_1_5_3_0_ap_fixed_8_1_5_3_0_config2_s_temp_norudo  |        0|  8|  17|    0|    73|    8|     1|          584|
    |temp_normal_V_20_U   |bidirectional_single_ap_fixed_8_1_5_3_0_ap_fixed_8_1_5_3_0_config2_s_temp_norudo  |        0|  8|  17|    0|    73|    8|     1|          584|
    |temp_normal_V_21_U   |bidirectional_single_ap_fixed_8_1_5_3_0_ap_fixed_8_1_5_3_0_config2_s_temp_norudo  |        0|  8|  17|    0|    73|    8|     1|          584|
    |temp_normal_V_22_U   |bidirectional_single_ap_fixed_8_1_5_3_0_ap_fixed_8_1_5_3_0_config2_s_temp_norudo  |        0|  8|  17|    0|    73|    8|     1|          584|
    |temp_normal_V_23_U   |bidirectional_single_ap_fixed_8_1_5_3_0_ap_fixed_8_1_5_3_0_config2_s_temp_norudo  |        0|  8|  17|    0|    73|    8|     1|          584|
    |temp_normal_V_24_U   |bidirectional_single_ap_fixed_8_1_5_3_0_ap_fixed_8_1_5_3_0_config2_s_temp_norudo  |        0|  8|  17|    0|    73|    8|     1|          584|
    |temp_normal_V_25_U   |bidirectional_single_ap_fixed_8_1_5_3_0_ap_fixed_8_1_5_3_0_config2_s_temp_norudo  |        0|  8|  17|    0|    73|    8|     1|          584|
    |temp_normal_V_26_U   |bidirectional_single_ap_fixed_8_1_5_3_0_ap_fixed_8_1_5_3_0_config2_s_temp_norudo  |        0|  8|  17|    0|    73|    8|     1|          584|
    |temp_normal_V_27_U   |bidirectional_single_ap_fixed_8_1_5_3_0_ap_fixed_8_1_5_3_0_config2_s_temp_norudo  |        0|  8|  17|    0|    73|    8|     1|          584|
    |temp_normal_V_28_U   |bidirectional_single_ap_fixed_8_1_5_3_0_ap_fixed_8_1_5_3_0_config2_s_temp_norudo  |        0|  8|  17|    0|    73|    8|     1|          584|
    |temp_normal_V_29_U   |bidirectional_single_ap_fixed_8_1_5_3_0_ap_fixed_8_1_5_3_0_config2_s_temp_norudo  |        0|  8|  17|    0|    73|    8|     1|          584|
    |temp_normal_V_30_U   |bidirectional_single_ap_fixed_8_1_5_3_0_ap_fixed_8_1_5_3_0_config2_s_temp_norudo  |        0|  8|  17|    0|    73|    8|     1|          584|
    |temp_normal_V_31_U   |bidirectional_single_ap_fixed_8_1_5_3_0_ap_fixed_8_1_5_3_0_config2_s_temp_norudo  |        0|  8|  17|    0|    73|    8|     1|          584|
    |temp_normal_V_32_U   |bidirectional_single_ap_fixed_8_1_5_3_0_ap_fixed_8_1_5_3_0_config2_s_temp_norudo  |        0|  8|  17|    0|    73|    8|     1|          584|
    |temp_normal_V_33_U   |bidirectional_single_ap_fixed_8_1_5_3_0_ap_fixed_8_1_5_3_0_config2_s_temp_norudo  |        0|  8|  17|    0|    73|    8|     1|          584|
    |temp_normal_V_34_U   |bidirectional_single_ap_fixed_8_1_5_3_0_ap_fixed_8_1_5_3_0_config2_s_temp_norudo  |        0|  8|  17|    0|    73|    8|     1|          584|
    |temp_normal_V_35_U   |bidirectional_single_ap_fixed_8_1_5_3_0_ap_fixed_8_1_5_3_0_config2_s_temp_norudo  |        0|  8|  17|    0|    73|    8|     1|          584|
    |temp_normal_V_36_U   |bidirectional_single_ap_fixed_8_1_5_3_0_ap_fixed_8_1_5_3_0_config2_s_temp_norudo  |        0|  8|  17|    0|    73|    8|     1|          584|
    |temp_normal_V_37_U   |bidirectional_single_ap_fixed_8_1_5_3_0_ap_fixed_8_1_5_3_0_config2_s_temp_norudo  |        0|  8|  17|    0|    73|    8|     1|          584|
    |temp_normal_V_38_U   |bidirectional_single_ap_fixed_8_1_5_3_0_ap_fixed_8_1_5_3_0_config2_s_temp_norudo  |        0|  8|  17|    0|    73|    8|     1|          584|
    |temp_normal_V_39_U   |bidirectional_single_ap_fixed_8_1_5_3_0_ap_fixed_8_1_5_3_0_config2_s_temp_norudo  |        0|  8|  17|    0|    73|    8|     1|          584|
    |temp_normal_V_40_U   |bidirectional_single_ap_fixed_8_1_5_3_0_ap_fixed_8_1_5_3_0_config2_s_temp_norudo  |        0|  8|  17|    0|    73|    8|     1|          584|
    |temp_normal_V_41_U   |bidirectional_single_ap_fixed_8_1_5_3_0_ap_fixed_8_1_5_3_0_config2_s_temp_norudo  |        0|  8|  17|    0|    73|    8|     1|          584|
    |temp_normal_V_42_U   |bidirectional_single_ap_fixed_8_1_5_3_0_ap_fixed_8_1_5_3_0_config2_s_temp_norudo  |        0|  8|  17|    0|    73|    8|     1|          584|
    |temp_normal_V_43_U   |bidirectional_single_ap_fixed_8_1_5_3_0_ap_fixed_8_1_5_3_0_config2_s_temp_norudo  |        0|  8|  17|    0|    73|    8|     1|          584|
    |temp_normal_V_44_U   |bidirectional_single_ap_fixed_8_1_5_3_0_ap_fixed_8_1_5_3_0_config2_s_temp_norudo  |        0|  8|  17|    0|    73|    8|     1|          584|
    |temp_normal_V_45_U   |bidirectional_single_ap_fixed_8_1_5_3_0_ap_fixed_8_1_5_3_0_config2_s_temp_norudo  |        0|  8|  17|    0|    73|    8|     1|          584|
    |temp_normal_V_46_U   |bidirectional_single_ap_fixed_8_1_5_3_0_ap_fixed_8_1_5_3_0_config2_s_temp_norudo  |        0|  8|  17|    0|    73|    8|     1|          584|
    |temp_normal_V_47_U   |bidirectional_single_ap_fixed_8_1_5_3_0_ap_fixed_8_1_5_3_0_config2_s_temp_norudo  |        0|  8|  17|    0|    73|    8|     1|          584|
    |temp_normal_V_48_U   |bidirectional_single_ap_fixed_8_1_5_3_0_ap_fixed_8_1_5_3_0_config2_s_temp_norudo  |        0|  8|  17|    0|    73|    8|     1|          584|
    |temp_reverse_V_U     |bidirectional_single_ap_fixed_8_1_5_3_0_ap_fixed_8_1_5_3_0_config2_s_temp_norudo  |        0|  8|  17|    0|    73|    8|     1|          584|
    |temp_reverse_V_1_U   |bidirectional_single_ap_fixed_8_1_5_3_0_ap_fixed_8_1_5_3_0_config2_s_temp_norudo  |        0|  8|  17|    0|    73|    8|     1|          584|
    |temp_reverse_V_2_U   |bidirectional_single_ap_fixed_8_1_5_3_0_ap_fixed_8_1_5_3_0_config2_s_temp_norudo  |        0|  8|  17|    0|    73|    8|     1|          584|
    |temp_reverse_V_3_U   |bidirectional_single_ap_fixed_8_1_5_3_0_ap_fixed_8_1_5_3_0_config2_s_temp_norudo  |        0|  8|  17|    0|    73|    8|     1|          584|
    |temp_reverse_V_4_U   |bidirectional_single_ap_fixed_8_1_5_3_0_ap_fixed_8_1_5_3_0_config2_s_temp_norudo  |        0|  8|  17|    0|    73|    8|     1|          584|
    |temp_reverse_V_5_U   |bidirectional_single_ap_fixed_8_1_5_3_0_ap_fixed_8_1_5_3_0_config2_s_temp_norudo  |        0|  8|  17|    0|    73|    8|     1|          584|
    |temp_reverse_V_6_U   |bidirectional_single_ap_fixed_8_1_5_3_0_ap_fixed_8_1_5_3_0_config2_s_temp_norudo  |        0|  8|  17|    0|    73|    8|     1|          584|
    |temp_reverse_V_7_U   |bidirectional_single_ap_fixed_8_1_5_3_0_ap_fixed_8_1_5_3_0_config2_s_temp_norudo  |        0|  8|  17|    0|    73|    8|     1|          584|
    |temp_reverse_V_8_U   |bidirectional_single_ap_fixed_8_1_5_3_0_ap_fixed_8_1_5_3_0_config2_s_temp_norudo  |        0|  8|  17|    0|    73|    8|     1|          584|
    |temp_reverse_V_9_U   |bidirectional_single_ap_fixed_8_1_5_3_0_ap_fixed_8_1_5_3_0_config2_s_temp_norudo  |        0|  8|  17|    0|    73|    8|     1|          584|
    |temp_reverse_V_10_U  |bidirectional_single_ap_fixed_8_1_5_3_0_ap_fixed_8_1_5_3_0_config2_s_temp_norudo  |        0|  8|  17|    0|    73|    8|     1|          584|
    |temp_reverse_V_11_U  |bidirectional_single_ap_fixed_8_1_5_3_0_ap_fixed_8_1_5_3_0_config2_s_temp_norudo  |        0|  8|  17|    0|    73|    8|     1|          584|
    |temp_reverse_V_12_U  |bidirectional_single_ap_fixed_8_1_5_3_0_ap_fixed_8_1_5_3_0_config2_s_temp_norudo  |        0|  8|  17|    0|    73|    8|     1|          584|
    |temp_reverse_V_13_U  |bidirectional_single_ap_fixed_8_1_5_3_0_ap_fixed_8_1_5_3_0_config2_s_temp_norudo  |        0|  8|  17|    0|    73|    8|     1|          584|
    |temp_reverse_V_14_U  |bidirectional_single_ap_fixed_8_1_5_3_0_ap_fixed_8_1_5_3_0_config2_s_temp_norudo  |        0|  8|  17|    0|    73|    8|     1|          584|
    |temp_reverse_V_15_U  |bidirectional_single_ap_fixed_8_1_5_3_0_ap_fixed_8_1_5_3_0_config2_s_temp_norudo  |        0|  8|  17|    0|    73|    8|     1|          584|
    |temp_reverse_V_16_U  |bidirectional_single_ap_fixed_8_1_5_3_0_ap_fixed_8_1_5_3_0_config2_s_temp_norudo  |        0|  8|  17|    0|    73|    8|     1|          584|
    |temp_reverse_V_17_U  |bidirectional_single_ap_fixed_8_1_5_3_0_ap_fixed_8_1_5_3_0_config2_s_temp_norudo  |        0|  8|  17|    0|    73|    8|     1|          584|
    |temp_reverse_V_18_U  |bidirectional_single_ap_fixed_8_1_5_3_0_ap_fixed_8_1_5_3_0_config2_s_temp_norudo  |        0|  8|  17|    0|    73|    8|     1|          584|
    |temp_reverse_V_19_U  |bidirectional_single_ap_fixed_8_1_5_3_0_ap_fixed_8_1_5_3_0_config2_s_temp_norudo  |        0|  8|  17|    0|    73|    8|     1|          584|
    |temp_reverse_V_20_U  |bidirectional_single_ap_fixed_8_1_5_3_0_ap_fixed_8_1_5_3_0_config2_s_temp_norudo  |        0|  8|  17|    0|    73|    8|     1|          584|
    |temp_reverse_V_21_U  |bidirectional_single_ap_fixed_8_1_5_3_0_ap_fixed_8_1_5_3_0_config2_s_temp_norudo  |        0|  8|  17|    0|    73|    8|     1|          584|
    |temp_reverse_V_22_U  |bidirectional_single_ap_fixed_8_1_5_3_0_ap_fixed_8_1_5_3_0_config2_s_temp_norudo  |        0|  8|  17|    0|    73|    8|     1|          584|
    |temp_reverse_V_23_U  |bidirectional_single_ap_fixed_8_1_5_3_0_ap_fixed_8_1_5_3_0_config2_s_temp_norudo  |        0|  8|  17|    0|    73|    8|     1|          584|
    |temp_reverse_V_24_U  |bidirectional_single_ap_fixed_8_1_5_3_0_ap_fixed_8_1_5_3_0_config2_s_temp_norudo  |        0|  8|  17|    0|    73|    8|     1|          584|
    |temp_reverse_V_25_U  |bidirectional_single_ap_fixed_8_1_5_3_0_ap_fixed_8_1_5_3_0_config2_s_temp_norudo  |        0|  8|  17|    0|    73|    8|     1|          584|
    |temp_reverse_V_26_U  |bidirectional_single_ap_fixed_8_1_5_3_0_ap_fixed_8_1_5_3_0_config2_s_temp_norudo  |        0|  8|  17|    0|    73|    8|     1|          584|
    |temp_reverse_V_27_U  |bidirectional_single_ap_fixed_8_1_5_3_0_ap_fixed_8_1_5_3_0_config2_s_temp_norudo  |        0|  8|  17|    0|    73|    8|     1|          584|
    |temp_reverse_V_28_U  |bidirectional_single_ap_fixed_8_1_5_3_0_ap_fixed_8_1_5_3_0_config2_s_temp_norudo  |        0|  8|  17|    0|    73|    8|     1|          584|
    |temp_reverse_V_29_U  |bidirectional_single_ap_fixed_8_1_5_3_0_ap_fixed_8_1_5_3_0_config2_s_temp_norudo  |        0|  8|  17|    0|    73|    8|     1|          584|
    |temp_reverse_V_30_U  |bidirectional_single_ap_fixed_8_1_5_3_0_ap_fixed_8_1_5_3_0_config2_s_temp_norudo  |        0|  8|  17|    0|    73|    8|     1|          584|
    |temp_reverse_V_31_U  |bidirectional_single_ap_fixed_8_1_5_3_0_ap_fixed_8_1_5_3_0_config2_s_temp_norudo  |        0|  8|  17|    0|    73|    8|     1|          584|
    |temp_reverse_V_32_U  |bidirectional_single_ap_fixed_8_1_5_3_0_ap_fixed_8_1_5_3_0_config2_s_temp_norudo  |        0|  8|  17|    0|    73|    8|     1|          584|
    |temp_reverse_V_33_U  |bidirectional_single_ap_fixed_8_1_5_3_0_ap_fixed_8_1_5_3_0_config2_s_temp_norudo  |        0|  8|  17|    0|    73|    8|     1|          584|
    |temp_reverse_V_34_U  |bidirectional_single_ap_fixed_8_1_5_3_0_ap_fixed_8_1_5_3_0_config2_s_temp_norudo  |        0|  8|  17|    0|    73|    8|     1|          584|
    |temp_reverse_V_35_U  |bidirectional_single_ap_fixed_8_1_5_3_0_ap_fixed_8_1_5_3_0_config2_s_temp_norudo  |        0|  8|  17|    0|    73|    8|     1|          584|
    |temp_reverse_V_36_U  |bidirectional_single_ap_fixed_8_1_5_3_0_ap_fixed_8_1_5_3_0_config2_s_temp_norudo  |        0|  8|  17|    0|    73|    8|     1|          584|
    |temp_reverse_V_37_U  |bidirectional_single_ap_fixed_8_1_5_3_0_ap_fixed_8_1_5_3_0_config2_s_temp_norudo  |        0|  8|  17|    0|    73|    8|     1|          584|
    |temp_reverse_V_38_U  |bidirectional_single_ap_fixed_8_1_5_3_0_ap_fixed_8_1_5_3_0_config2_s_temp_norudo  |        0|  8|  17|    0|    73|    8|     1|          584|
    |temp_reverse_V_39_U  |bidirectional_single_ap_fixed_8_1_5_3_0_ap_fixed_8_1_5_3_0_config2_s_temp_norudo  |        0|  8|  17|    0|    73|    8|     1|          584|
    |temp_reverse_V_40_U  |bidirectional_single_ap_fixed_8_1_5_3_0_ap_fixed_8_1_5_3_0_config2_s_temp_norudo  |        0|  8|  17|    0|    73|    8|     1|          584|
    |temp_reverse_V_41_U  |bidirectional_single_ap_fixed_8_1_5_3_0_ap_fixed_8_1_5_3_0_config2_s_temp_norudo  |        0|  8|  17|    0|    73|    8|     1|          584|
    |temp_reverse_V_42_U  |bidirectional_single_ap_fixed_8_1_5_3_0_ap_fixed_8_1_5_3_0_config2_s_temp_norudo  |        0|  8|  17|    0|    73|    8|     1|          584|
    |temp_reverse_V_43_U  |bidirectional_single_ap_fixed_8_1_5_3_0_ap_fixed_8_1_5_3_0_config2_s_temp_norudo  |        0|  8|  17|    0|    73|    8|     1|          584|
    |temp_reverse_V_44_U  |bidirectional_single_ap_fixed_8_1_5_3_0_ap_fixed_8_1_5_3_0_config2_s_temp_norudo  |        0|  8|  17|    0|    73|    8|     1|          584|
    |temp_reverse_V_45_U  |bidirectional_single_ap_fixed_8_1_5_3_0_ap_fixed_8_1_5_3_0_config2_s_temp_norudo  |        0|  8|  17|    0|    73|    8|     1|          584|
    |temp_reverse_V_46_U  |bidirectional_single_ap_fixed_8_1_5_3_0_ap_fixed_8_1_5_3_0_config2_s_temp_norudo  |        0|  8|  17|    0|    73|    8|     1|          584|
    |temp_reverse_V_47_U  |bidirectional_single_ap_fixed_8_1_5_3_0_ap_fixed_8_1_5_3_0_config2_s_temp_norudo  |        0|  8|  17|    0|    73|    8|     1|          584|
    |temp_reverse_V_48_U  |bidirectional_single_ap_fixed_8_1_5_3_0_ap_fixed_8_1_5_3_0_config2_s_temp_norudo  |        0|  8|  17|    0|    73|    8|     1|          584|
    +---------------------+----------------------------------------------------------------------------------+---------+---+----+-----+------+-----+------+-------------+
    |Total                |                                                                                  |        2|784|1666|    0|  8178|  800|   100|        65424|
    +---------------------+----------------------------------------------------------------------------------+---------+---+----+-----+------+-----+------+-------------+

    * FIFO: 
    N/A

    * Expression: 
    +---------------------------------+----------+----+---+----+------------+------------+
    |          Variable Name          | Operation| DSP| FF| LUT| Bitwidth P0| Bitwidth P1|
    +---------------------------------+----------+----+---+----+------------+------------+
    |ap_block_state1                  |        or|   0|  0|   2|           1|           1|
    |ap_block_state4_on_subcall_done  |        or|   0|  0|   2|           1|           1|
    +---------------------------------+----------+----+---+----+------------+------------+
    |Total                            |          |   0|  0|   4|           2|           2|
    +---------------------------------+----------+----+---+----+------------+------------+

    * Multiplexer: 
    +----------------------------+----+-----------+-----+-----------+
    |            Name            | LUT| Input Size| Bits| Total Bits|
    +----------------------------+----+-----------+-----+-----------+
    |ap_NS_fsm                   |  37|          7|    1|          7|
    |ap_done                     |   9|          2|    1|          2|
    |backwardgru_out_address0    |  14|          3|    9|         27|
    |backwardgru_out_ce0         |  14|          3|    1|          3|
    |backwardgru_out_we0         |   9|          2|    1|          2|
    |forwardgru_out_address0     |  14|          3|    9|         27|
    |forwardgru_out_ce0          |  14|          3|    1|          3|
    |forwardgru_out_we0          |   9|          2|    1|          2|
    |in_buf1_read                |   9|          2|    1|          2|
    |out_buf2_write              |   9|          2|    1|          2|
    |temp_normal_V_10_address0   |  14|          3|    7|         21|
    |temp_normal_V_10_ce0        |  14|          3|    1|          3|
    |temp_normal_V_10_we0        |   9|          2|    1|          2|
    |temp_normal_V_11_address0   |  14|          3|    7|         21|
    |temp_normal_V_11_ce0        |  14|          3|    1|          3|
    |temp_normal_V_11_we0        |   9|          2|    1|          2|
    |temp_normal_V_12_address0   |  14|          3|    7|         21|
    |temp_normal_V_12_ce0        |  14|          3|    1|          3|
    |temp_normal_V_12_we0        |   9|          2|    1|          2|
    |temp_normal_V_13_address0   |  14|          3|    7|         21|
    |temp_normal_V_13_ce0        |  14|          3|    1|          3|
    |temp_normal_V_13_we0        |   9|          2|    1|          2|
    |temp_normal_V_14_address0   |  14|          3|    7|         21|
    |temp_normal_V_14_ce0        |  14|          3|    1|          3|
    |temp_normal_V_14_we0        |   9|          2|    1|          2|
    |temp_normal_V_15_address0   |  14|          3|    7|         21|
    |temp_normal_V_15_ce0        |  14|          3|    1|          3|
    |temp_normal_V_15_we0        |   9|          2|    1|          2|
    |temp_normal_V_16_address0   |  14|          3|    7|         21|
    |temp_normal_V_16_ce0        |  14|          3|    1|          3|
    |temp_normal_V_16_we0        |   9|          2|    1|          2|
    |temp_normal_V_17_address0   |  14|          3|    7|         21|
    |temp_normal_V_17_ce0        |  14|          3|    1|          3|
    |temp_normal_V_17_we0        |   9|          2|    1|          2|
    |temp_normal_V_18_address0   |  14|          3|    7|         21|
    |temp_normal_V_18_ce0        |  14|          3|    1|          3|
    |temp_normal_V_18_we0        |   9|          2|    1|          2|
    |temp_normal_V_19_address0   |  14|          3|    7|         21|
    |temp_normal_V_19_ce0        |  14|          3|    1|          3|
    |temp_normal_V_19_we0        |   9|          2|    1|          2|
    |temp_normal_V_1_address0    |  14|          3|    7|         21|
    |temp_normal_V_1_ce0         |  14|          3|    1|          3|
    |temp_normal_V_1_we0         |   9|          2|    1|          2|
    |temp_normal_V_20_address0   |  14|          3|    7|         21|
    |temp_normal_V_20_ce0        |  14|          3|    1|          3|
    |temp_normal_V_20_we0        |   9|          2|    1|          2|
    |temp_normal_V_21_address0   |  14|          3|    7|         21|
    |temp_normal_V_21_ce0        |  14|          3|    1|          3|
    |temp_normal_V_21_we0        |   9|          2|    1|          2|
    |temp_normal_V_22_address0   |  14|          3|    7|         21|
    |temp_normal_V_22_ce0        |  14|          3|    1|          3|
    |temp_normal_V_22_we0        |   9|          2|    1|          2|
    |temp_normal_V_23_address0   |  14|          3|    7|         21|
    |temp_normal_V_23_ce0        |  14|          3|    1|          3|
    |temp_normal_V_23_we0        |   9|          2|    1|          2|
    |temp_normal_V_24_address0   |  14|          3|    7|         21|
    |temp_normal_V_24_ce0        |  14|          3|    1|          3|
    |temp_normal_V_24_we0        |   9|          2|    1|          2|
    |temp_normal_V_25_address0   |  14|          3|    7|         21|
    |temp_normal_V_25_ce0        |  14|          3|    1|          3|
    |temp_normal_V_25_we0        |   9|          2|    1|          2|
    |temp_normal_V_26_address0   |  14|          3|    7|         21|
    |temp_normal_V_26_ce0        |  14|          3|    1|          3|
    |temp_normal_V_26_we0        |   9|          2|    1|          2|
    |temp_normal_V_27_address0   |  14|          3|    7|         21|
    |temp_normal_V_27_ce0        |  14|          3|    1|          3|
    |temp_normal_V_27_we0        |   9|          2|    1|          2|
    |temp_normal_V_28_address0   |  14|          3|    7|         21|
    |temp_normal_V_28_ce0        |  14|          3|    1|          3|
    |temp_normal_V_28_we0        |   9|          2|    1|          2|
    |temp_normal_V_29_address0   |  14|          3|    7|         21|
    |temp_normal_V_29_ce0        |  14|          3|    1|          3|
    |temp_normal_V_29_we0        |   9|          2|    1|          2|
    |temp_normal_V_2_address0    |  14|          3|    7|         21|
    |temp_normal_V_2_ce0         |  14|          3|    1|          3|
    |temp_normal_V_2_we0         |   9|          2|    1|          2|
    |temp_normal_V_30_address0   |  14|          3|    7|         21|
    |temp_normal_V_30_ce0        |  14|          3|    1|          3|
    |temp_normal_V_30_we0        |   9|          2|    1|          2|
    |temp_normal_V_31_address0   |  14|          3|    7|         21|
    |temp_normal_V_31_ce0        |  14|          3|    1|          3|
    |temp_normal_V_31_we0        |   9|          2|    1|          2|
    |temp_normal_V_32_address0   |  14|          3|    7|         21|
    |temp_normal_V_32_ce0        |  14|          3|    1|          3|
    |temp_normal_V_32_we0        |   9|          2|    1|          2|
    |temp_normal_V_33_address0   |  14|          3|    7|         21|
    |temp_normal_V_33_ce0        |  14|          3|    1|          3|
    |temp_normal_V_33_we0        |   9|          2|    1|          2|
    |temp_normal_V_34_address0   |  14|          3|    7|         21|
    |temp_normal_V_34_ce0        |  14|          3|    1|          3|
    |temp_normal_V_34_we0        |   9|          2|    1|          2|
    |temp_normal_V_35_address0   |  14|          3|    7|         21|
    |temp_normal_V_35_ce0        |  14|          3|    1|          3|
    |temp_normal_V_35_we0        |   9|          2|    1|          2|
    |temp_normal_V_36_address0   |  14|          3|    7|         21|
    |temp_normal_V_36_ce0        |  14|          3|    1|          3|
    |temp_normal_V_36_we0        |   9|          2|    1|          2|
    |temp_normal_V_37_address0   |  14|          3|    7|         21|
    |temp_normal_V_37_ce0        |  14|          3|    1|          3|
    |temp_normal_V_37_we0        |   9|          2|    1|          2|
    |temp_normal_V_38_address0   |  14|          3|    7|         21|
    |temp_normal_V_38_ce0        |  14|          3|    1|          3|
    |temp_normal_V_38_we0        |   9|          2|    1|          2|
    |temp_normal_V_39_address0   |  14|          3|    7|         21|
    |temp_normal_V_39_ce0        |  14|          3|    1|          3|
    |temp_normal_V_39_we0        |   9|          2|    1|          2|
    |temp_normal_V_3_address0    |  14|          3|    7|         21|
    |temp_normal_V_3_ce0         |  14|          3|    1|          3|
    |temp_normal_V_3_we0         |   9|          2|    1|          2|
    |temp_normal_V_40_address0   |  14|          3|    7|         21|
    |temp_normal_V_40_ce0        |  14|          3|    1|          3|
    |temp_normal_V_40_we0        |   9|          2|    1|          2|
    |temp_normal_V_41_address0   |  14|          3|    7|         21|
    |temp_normal_V_41_ce0        |  14|          3|    1|          3|
    |temp_normal_V_41_we0        |   9|          2|    1|          2|
    |temp_normal_V_42_address0   |  14|          3|    7|         21|
    |temp_normal_V_42_ce0        |  14|          3|    1|          3|
    |temp_normal_V_42_we0        |   9|          2|    1|          2|
    |temp_normal_V_43_address0   |  14|          3|    7|         21|
    |temp_normal_V_43_ce0        |  14|          3|    1|          3|
    |temp_normal_V_43_we0        |   9|          2|    1|          2|
    |temp_normal_V_44_address0   |  14|          3|    7|         21|
    |temp_normal_V_44_ce0        |  14|          3|    1|          3|
    |temp_normal_V_44_we0        |   9|          2|    1|          2|
    |temp_normal_V_45_address0   |  14|          3|    7|         21|
    |temp_normal_V_45_ce0        |  14|          3|    1|          3|
    |temp_normal_V_45_we0        |   9|          2|    1|          2|
    |temp_normal_V_46_address0   |  14|          3|    7|         21|
    |temp_normal_V_46_ce0        |  14|          3|    1|          3|
    |temp_normal_V_46_we0        |   9|          2|    1|          2|
    |temp_normal_V_47_address0   |  14|          3|    7|         21|
    |temp_normal_V_47_ce0        |  14|          3|    1|          3|
    |temp_normal_V_47_we0        |   9|          2|    1|          2|
    |temp_normal_V_48_address0   |  14|          3|    7|         21|
    |temp_normal_V_48_ce0        |  14|          3|    1|          3|
    |temp_normal_V_48_we0        |   9|          2|    1|          2|
    |temp_normal_V_4_address0    |  14|          3|    7|         21|
    |temp_normal_V_4_ce0         |  14|          3|    1|          3|
    |temp_normal_V_4_we0         |   9|          2|    1|          2|
    |temp_normal_V_5_address0    |  14|          3|    7|         21|
    |temp_normal_V_5_ce0         |  14|          3|    1|          3|
    |temp_normal_V_5_we0         |   9|          2|    1|          2|
    |temp_normal_V_6_address0    |  14|          3|    7|         21|
    |temp_normal_V_6_ce0         |  14|          3|    1|          3|
    |temp_normal_V_6_we0         |   9|          2|    1|          2|
    |temp_normal_V_7_address0    |  14|          3|    7|         21|
    |temp_normal_V_7_ce0         |  14|          3|    1|          3|
    |temp_normal_V_7_we0         |   9|          2|    1|          2|
    |temp_normal_V_8_address0    |  14|          3|    7|         21|
    |temp_normal_V_8_ce0         |  14|          3|    1|          3|
    |temp_normal_V_8_we0         |   9|          2|    1|          2|
    |temp_normal_V_9_address0    |  14|          3|    7|         21|
    |temp_normal_V_9_ce0         |  14|          3|    1|          3|
    |temp_normal_V_9_we0         |   9|          2|    1|          2|
    |temp_normal_V_address0      |  14|          3|    7|         21|
    |temp_normal_V_ce0           |  14|          3|    1|          3|
    |temp_normal_V_we0           |   9|          2|    1|          2|
    |temp_reverse_V_10_address0  |  14|          3|    7|         21|
    |temp_reverse_V_10_ce0       |  14|          3|    1|          3|
    |temp_reverse_V_10_we0       |   9|          2|    1|          2|
    |temp_reverse_V_11_address0  |  14|          3|    7|         21|
    |temp_reverse_V_11_ce0       |  14|          3|    1|          3|
    |temp_reverse_V_11_we0       |   9|          2|    1|          2|
    |temp_reverse_V_12_address0  |  14|          3|    7|         21|
    |temp_reverse_V_12_ce0       |  14|          3|    1|          3|
    |temp_reverse_V_12_we0       |   9|          2|    1|          2|
    |temp_reverse_V_13_address0  |  14|          3|    7|         21|
    |temp_reverse_V_13_ce0       |  14|          3|    1|          3|
    |temp_reverse_V_13_we0       |   9|          2|    1|          2|
    |temp_reverse_V_14_address0  |  14|          3|    7|         21|
    |temp_reverse_V_14_ce0       |  14|          3|    1|          3|
    |temp_reverse_V_14_we0       |   9|          2|    1|          2|
    |temp_reverse_V_15_address0  |  14|          3|    7|         21|
    |temp_reverse_V_15_ce0       |  14|          3|    1|          3|
    |temp_reverse_V_15_we0       |   9|          2|    1|          2|
    |temp_reverse_V_16_address0  |  14|          3|    7|         21|
    |temp_reverse_V_16_ce0       |  14|          3|    1|          3|
    |temp_reverse_V_16_we0       |   9|          2|    1|          2|
    |temp_reverse_V_17_address0  |  14|          3|    7|         21|
    |temp_reverse_V_17_ce0       |  14|          3|    1|          3|
    |temp_reverse_V_17_we0       |   9|          2|    1|          2|
    |temp_reverse_V_18_address0  |  14|          3|    7|         21|
    |temp_reverse_V_18_ce0       |  14|          3|    1|          3|
    |temp_reverse_V_18_we0       |   9|          2|    1|          2|
    |temp_reverse_V_19_address0  |  14|          3|    7|         21|
    |temp_reverse_V_19_ce0       |  14|          3|    1|          3|
    |temp_reverse_V_19_we0       |   9|          2|    1|          2|
    |temp_reverse_V_1_address0   |  14|          3|    7|         21|
    |temp_reverse_V_1_ce0        |  14|          3|    1|          3|
    |temp_reverse_V_1_we0        |   9|          2|    1|          2|
    |temp_reverse_V_20_address0  |  14|          3|    7|         21|
    |temp_reverse_V_20_ce0       |  14|          3|    1|          3|
    |temp_reverse_V_20_we0       |   9|          2|    1|          2|
    |temp_reverse_V_21_address0  |  14|          3|    7|         21|
    |temp_reverse_V_21_ce0       |  14|          3|    1|          3|
    |temp_reverse_V_21_we0       |   9|          2|    1|          2|
    |temp_reverse_V_22_address0  |  14|          3|    7|         21|
    |temp_reverse_V_22_ce0       |  14|          3|    1|          3|
    |temp_reverse_V_22_we0       |   9|          2|    1|          2|
    |temp_reverse_V_23_address0  |  14|          3|    7|         21|
    |temp_reverse_V_23_ce0       |  14|          3|    1|          3|
    |temp_reverse_V_23_we0       |   9|          2|    1|          2|
    |temp_reverse_V_24_address0  |  14|          3|    7|         21|
    |temp_reverse_V_24_ce0       |  14|          3|    1|          3|
    |temp_reverse_V_24_we0       |   9|          2|    1|          2|
    |temp_reverse_V_25_address0  |  14|          3|    7|         21|
    |temp_reverse_V_25_ce0       |  14|          3|    1|          3|
    |temp_reverse_V_25_we0       |   9|          2|    1|          2|
    |temp_reverse_V_26_address0  |  14|          3|    7|         21|
    |temp_reverse_V_26_ce0       |  14|          3|    1|          3|
    |temp_reverse_V_26_we0       |   9|          2|    1|          2|
    |temp_reverse_V_27_address0  |  14|          3|    7|         21|
    |temp_reverse_V_27_ce0       |  14|          3|    1|          3|
    |temp_reverse_V_27_we0       |   9|          2|    1|          2|
    |temp_reverse_V_28_address0  |  14|          3|    7|         21|
    |temp_reverse_V_28_ce0       |  14|          3|    1|          3|
    |temp_reverse_V_28_we0       |   9|          2|    1|          2|
    |temp_reverse_V_29_address0  |  14|          3|    7|         21|
    |temp_reverse_V_29_ce0       |  14|          3|    1|          3|
    |temp_reverse_V_29_we0       |   9|          2|    1|          2|
    |temp_reverse_V_2_address0   |  14|          3|    7|         21|
    |temp_reverse_V_2_ce0        |  14|          3|    1|          3|
    |temp_reverse_V_2_we0        |   9|          2|    1|          2|
    |temp_reverse_V_30_address0  |  14|          3|    7|         21|
    |temp_reverse_V_30_ce0       |  14|          3|    1|          3|
    |temp_reverse_V_30_we0       |   9|          2|    1|          2|
    |temp_reverse_V_31_address0  |  14|          3|    7|         21|
    |temp_reverse_V_31_ce0       |  14|          3|    1|          3|
    |temp_reverse_V_31_we0       |   9|          2|    1|          2|
    |temp_reverse_V_32_address0  |  14|          3|    7|         21|
    |temp_reverse_V_32_ce0       |  14|          3|    1|          3|
    |temp_reverse_V_32_we0       |   9|          2|    1|          2|
    |temp_reverse_V_33_address0  |  14|          3|    7|         21|
    |temp_reverse_V_33_ce0       |  14|          3|    1|          3|
    |temp_reverse_V_33_we0       |   9|          2|    1|          2|
    |temp_reverse_V_34_address0  |  14|          3|    7|         21|
    |temp_reverse_V_34_ce0       |  14|          3|    1|          3|
    |temp_reverse_V_34_we0       |   9|          2|    1|          2|
    |temp_reverse_V_35_address0  |  14|          3|    7|         21|
    |temp_reverse_V_35_ce0       |  14|          3|    1|          3|
    |temp_reverse_V_35_we0       |   9|          2|    1|          2|
    |temp_reverse_V_36_address0  |  14|          3|    7|         21|
    |temp_reverse_V_36_ce0       |  14|          3|    1|          3|
    |temp_reverse_V_36_we0       |   9|          2|    1|          2|
    |temp_reverse_V_37_address0  |  14|          3|    7|         21|
    |temp_reverse_V_37_ce0       |  14|          3|    1|          3|
    |temp_reverse_V_37_we0       |   9|          2|    1|          2|
    |temp_reverse_V_38_address0  |  14|          3|    7|         21|
    |temp_reverse_V_38_ce0       |  14|          3|    1|          3|
    |temp_reverse_V_38_we0       |   9|          2|    1|          2|
    |temp_reverse_V_39_address0  |  14|          3|    7|         21|
    |temp_reverse_V_39_ce0       |  14|          3|    1|          3|
    |temp_reverse_V_39_we0       |   9|          2|    1|          2|
    |temp_reverse_V_3_address0   |  14|          3|    7|         21|
    |temp_reverse_V_3_ce0        |  14|          3|    1|          3|
    |temp_reverse_V_3_we0        |   9|          2|    1|          2|
    |temp_reverse_V_40_address0  |  14|          3|    7|         21|
    |temp_reverse_V_40_ce0       |  14|          3|    1|          3|
    |temp_reverse_V_40_we0       |   9|          2|    1|          2|
    |temp_reverse_V_41_address0  |  14|          3|    7|         21|
    |temp_reverse_V_41_ce0       |  14|          3|    1|          3|
    |temp_reverse_V_41_we0       |   9|          2|    1|          2|
    |temp_reverse_V_42_address0  |  14|          3|    7|         21|
    |temp_reverse_V_42_ce0       |  14|          3|    1|          3|
    |temp_reverse_V_42_we0       |   9|          2|    1|          2|
    |temp_reverse_V_43_address0  |  14|          3|    7|         21|
    |temp_reverse_V_43_ce0       |  14|          3|    1|          3|
    |temp_reverse_V_43_we0       |   9|          2|    1|          2|
    |temp_reverse_V_44_address0  |  14|          3|    7|         21|
    |temp_reverse_V_44_ce0       |  14|          3|    1|          3|
    |temp_reverse_V_44_we0       |   9|          2|    1|          2|
    |temp_reverse_V_45_address0  |  14|          3|    7|         21|
    |temp_reverse_V_45_ce0       |  14|          3|    1|          3|
    |temp_reverse_V_45_we0       |   9|          2|    1|          2|
    |temp_reverse_V_46_address0  |  14|          3|    7|         21|
    |temp_reverse_V_46_ce0       |  14|          3|    1|          3|
    |temp_reverse_V_46_we0       |   9|          2|    1|          2|
    |temp_reverse_V_47_address0  |  14|          3|    7|         21|
    |temp_reverse_V_47_ce0       |  14|          3|    1|          3|
    |temp_reverse_V_47_we0       |   9|          2|    1|          2|
    |temp_reverse_V_48_address0  |  14|          3|    7|         21|
    |temp_reverse_V_48_ce0       |  14|          3|    1|          3|
    |temp_reverse_V_48_we0       |   9|          2|    1|          2|
    |temp_reverse_V_4_address0   |  14|          3|    7|         21|
    |temp_reverse_V_4_ce0        |  14|          3|    1|          3|
    |temp_reverse_V_4_we0        |   9|          2|    1|          2|
    |temp_reverse_V_5_address0   |  14|          3|    7|         21|
    |temp_reverse_V_5_ce0        |  14|          3|    1|          3|
    |temp_reverse_V_5_we0        |   9|          2|    1|          2|
    |temp_reverse_V_6_address0   |  14|          3|    7|         21|
    |temp_reverse_V_6_ce0        |  14|          3|    1|          3|
    |temp_reverse_V_6_we0        |   9|          2|    1|          2|
    |temp_reverse_V_7_address0   |  14|          3|    7|         21|
    |temp_reverse_V_7_ce0        |  14|          3|    1|          3|
    |temp_reverse_V_7_we0        |   9|          2|    1|          2|
    |temp_reverse_V_8_address0   |  14|          3|    7|         21|
    |temp_reverse_V_8_ce0        |  14|          3|    1|          3|
    |temp_reverse_V_8_we0        |   9|          2|    1|          2|
    |temp_reverse_V_9_address0   |  14|          3|    7|         21|
    |temp_reverse_V_9_ce0        |  14|          3|    1|          3|
    |temp_reverse_V_9_we0        |   9|          2|    1|          2|
    |temp_reverse_V_address0     |  14|          3|    7|         21|
    |temp_reverse_V_ce0          |  14|          3|    1|          3|
    |temp_reverse_V_we0          |   9|          2|    1|          2|
    +----------------------------+----+-----------+-----+-----------+
    |Total                       |3764|        813|  908|       2625|
    +----------------------------+----+-----------+-----+-----------+

    * Register: 
    +--------------------------------------------------------------------------------------------------+---+----+-----+-----------+
    |                                               Name                                               | FF| LUT| Bits| Const Bits|
    +--------------------------------------------------------------------------------------------------+---+----+-----+-----------+
    |ap_CS_fsm                                                                                         |  6|   0|    6|          0|
    |ap_done_reg                                                                                       |  1|   0|    1|          0|
    |grp_bidirectional_single_Pipeline_VITIS_LOOP_115_1_VITIS_LOOP_116_2_fu_452_ap_start_reg           |  1|   0|    1|          0|
    |grp_bidirectional_single_ap_fixed_ap_fixed_config2_Pipeline_VITIS_LOOP_129_3_fu_786_ap_start_reg  |  1|   0|    1|          0|
    |grp_gru_stack_ap_fixed_8_1_5_3_0_ap_fixed_8_1_5_3_0_config2_b_s_fu_720_ap_start_reg               |  1|   0|    1|          0|
    |grp_gru_stack_ap_fixed_8_1_5_3_0_ap_fixed_8_1_5_3_0_config2_f_s_fu_654_ap_start_reg               |  1|   0|    1|          0|
    +--------------------------------------------------------------------------------------------------+---+----+-----+-----------+
    |Total                                                                                             | 11|   0|   11|          0|
    +--------------------------------------------------------------------------------------------------+---+----+-----+-----------+



================================================================
== Interface
================================================================
* Summary: 
+-------------------------+-----+------+------------+---------------------------------------------------------------------------------+--------------+
|        RTL Ports        | Dir | Bits |  Protocol  |                                  Source Object                                  |    C Type    |
+-------------------------+-----+------+------------+---------------------------------------------------------------------------------+--------------+
|ap_clk                   |   in|     1|  ap_ctrl_hs|  bidirectional_single<ap_fixed<8, 1, 5, 3, 0>, ap_fixed<8, 1, 5, 3, 0>, config2>|  return value|
|ap_rst                   |   in|     1|  ap_ctrl_hs|  bidirectional_single<ap_fixed<8, 1, 5, 3, 0>, ap_fixed<8, 1, 5, 3, 0>, config2>|  return value|
|ap_start                 |   in|     1|  ap_ctrl_hs|  bidirectional_single<ap_fixed<8, 1, 5, 3, 0>, ap_fixed<8, 1, 5, 3, 0>, config2>|  return value|
|ap_done                  |  out|     1|  ap_ctrl_hs|  bidirectional_single<ap_fixed<8, 1, 5, 3, 0>, ap_fixed<8, 1, 5, 3, 0>, config2>|  return value|
|ap_continue              |   in|     1|  ap_ctrl_hs|  bidirectional_single<ap_fixed<8, 1, 5, 3, 0>, ap_fixed<8, 1, 5, 3, 0>, config2>|  return value|
|ap_idle                  |  out|     1|  ap_ctrl_hs|  bidirectional_single<ap_fixed<8, 1, 5, 3, 0>, ap_fixed<8, 1, 5, 3, 0>, config2>|  return value|
|ap_ready                 |  out|     1|  ap_ctrl_hs|  bidirectional_single<ap_fixed<8, 1, 5, 3, 0>, ap_fixed<8, 1, 5, 3, 0>, config2>|  return value|
|in_buf1_dout             |   in|     8|     ap_fifo|                                                                          in_buf1|       pointer|
|in_buf1_num_data_valid   |   in|     8|     ap_fifo|                                                                          in_buf1|       pointer|
|in_buf1_fifo_cap         |   in|     8|     ap_fifo|                                                                          in_buf1|       pointer|
|in_buf1_empty_n          |   in|     1|     ap_fifo|                                                                          in_buf1|       pointer|
|in_buf1_read             |  out|     1|     ap_fifo|                                                                          in_buf1|       pointer|
|out_buf2_din             |  out|     8|     ap_fifo|                                                                         out_buf2|       pointer|
|out_buf2_num_data_valid  |   in|    11|     ap_fifo|                                                                         out_buf2|       pointer|
|out_buf2_fifo_cap        |   in|    11|     ap_fifo|                                                                         out_buf2|       pointer|
|out_buf2_full_n          |   in|     1|     ap_fifo|                                                                         out_buf2|       pointer|
|out_buf2_write           |  out|     1|     ap_fifo|                                                                         out_buf2|       pointer|
|fw2_v1_address0          |  out|     6|   ap_memory|                                                                           fw2_v1|         array|
|fw2_v1_ce0               |  out|     1|   ap_memory|                                                                           fw2_v1|         array|
|fw2_v1_q0                |   in|  6144|   ap_memory|                                                                           fw2_v1|         array|
|fw2_v2_address0          |  out|     6|   ap_memory|                                                                           fw2_v2|         array|
|fw2_v2_ce0               |  out|     1|   ap_memory|                                                                           fw2_v2|         array|
|fw2_v2_q0                |   in|  6144|   ap_memory|                                                                           fw2_v2|         array|
|fwr2_v1_address0         |  out|     9|   ap_memory|                                                                          fwr2_v1|         array|
|fwr2_v1_ce0              |  out|     1|   ap_memory|                                                                          fwr2_v1|         array|
|fwr2_v1_q0               |   in|  6144|   ap_memory|                                                                          fwr2_v1|         array|
|fwr2_v2_address0         |  out|     9|   ap_memory|                                                                          fwr2_v2|         array|
|fwr2_v2_ce0              |  out|     1|   ap_memory|                                                                          fwr2_v2|         array|
|fwr2_v2_q0               |   in|  6144|   ap_memory|                                                                          fwr2_v2|         array|
|bw2_v1_address0          |  out|     6|   ap_memory|                                                                           bw2_v1|         array|
|bw2_v1_ce0               |  out|     1|   ap_memory|                                                                           bw2_v1|         array|
|bw2_v1_q0                |   in|  6144|   ap_memory|                                                                           bw2_v1|         array|
|bw2_v2_address0          |  out|     6|   ap_memory|                                                                           bw2_v2|         array|
|bw2_v2_ce0               |  out|     1|   ap_memory|                                                                           bw2_v2|         array|
|bw2_v2_q0                |   in|  6144|   ap_memory|                                                                           bw2_v2|         array|
|bwr2_v1_address0         |  out|     9|   ap_memory|                                                                          bwr2_v1|         array|
|bwr2_v1_ce0              |  out|     1|   ap_memory|                                                                          bwr2_v1|         array|
|bwr2_v1_q0               |   in|  6144|   ap_memory|                                                                          bwr2_v1|         array|
|bwr2_v2_address0         |  out|     9|   ap_memory|                                                                          bwr2_v2|         array|
|bwr2_v2_ce0              |  out|     1|   ap_memory|                                                                          bwr2_v2|         array|
|bwr2_v2_q0               |   in|  6144|   ap_memory|                                                                          bwr2_v2|         array|
+-------------------------+-----+------+------------+---------------------------------------------------------------------------------+--------------+

