

================================================================
== Vitis HLS Report for 'bidirectional_single_Pipeline_VITIS_LOOP_119_1_VITIS_LOOP_120_2'
================================================================
* Date:           Tue Sep 19 13:51:06 2023

* Version:        2022.2 (Build 3670227 on Oct 13 2022)
* Project:        alveo_hls4ml
* Solution:       solution (Vitis Kernel Flow Target)
* Product family: virtexuplus
* Target device:  xcu55c-fsvh2892-2L-e


================================================================
== Performance Estimates
================================================================
+ Timing: 
    * Summary: 
    +--------+---------+----------+------------+
    |  Clock |  Target | Estimated| Uncertainty|
    +--------+---------+----------+------------+
    |ap_clk  |  4.00 ns|  2.005 ns|     1.08 ns|
    +--------+---------+----------+------------+

+ Latency: 
    * Summary: 
    +---------+---------+-----------+-----------+------+------+---------+
    |  Latency (cycles) |   Latency (absolute)  |   Interval  | Pipeline|
    |   min   |   max   |    min    |    max    |  min |  max |   Type  |
    +---------+---------+-----------+-----------+------+------+---------+
    |     3579|     3579|  14.316 us|  14.316 us|  3579|  3579|       no|
    +---------+---------+-----------+-----------+------+------+---------+

    + Detail: 
        * Instance: 
        N/A

        * Loop: 
        +-------------------------------------+---------+---------+----------+-----------+-----------+------+----------+
        |                                     |  Latency (cycles) | Iteration|  Initiation Interval  | Trip |          |
        |              Loop Name              |   min   |   max   |  Latency |  achieved |   target  | Count| Pipelined|
        +-------------------------------------+---------+---------+----------+-----------+-----------+------+----------+
        |- VITIS_LOOP_119_1_VITIS_LOOP_120_2  |     3577|     3577|         2|          1|          1|  3577|       yes|
        +-------------------------------------+---------+---------+----------+-----------+-----------+------+----------+



================================================================
== Utilization Estimates
================================================================
* Summary: 
+---------------------+---------+------+---------+---------+-----+
|         Name        | BRAM_18K|  DSP |    FF   |   LUT   | URAM|
+---------------------+---------+------+---------+---------+-----+
|DSP                  |        -|     -|        -|        -|    -|
|Expression           |        -|     -|        0|      106|    -|
|FIFO                 |        -|     -|        -|        -|    -|
|Instance             |        -|     -|        -|        -|    -|
|Memory               |        -|     -|        -|        -|    -|
|Multiplexer          |        -|     -|        -|       63|    -|
|Register             |        -|     -|       28|        -|    -|
+---------------------+---------+------+---------+---------+-----+
|Total                |        0|     0|       28|      169|    0|
+---------------------+---------+------+---------+---------+-----+
|Available SLR        |     1344|  3008|   869120|   434560|  320|
+---------------------+---------+------+---------+---------+-----+
|Utilization SLR (%)  |        0|     0|       ~0|       ~0|    0|
+---------------------+---------+------+---------+---------+-----+
|Available            |     4032|  9024|  2607360|  1303680|  960|
+---------------------+---------+------+---------+---------+-----+
|Utilization (%)      |        0|     0|       ~0|       ~0|    0|
+---------------------+---------+------+---------+---------+-----+

+ Detail: 
    * Instance: 
    N/A

    * DSP: 
    N/A

    * Memory: 
    N/A

    * FIFO: 
    N/A

    * Expression: 
    +---------------------------+----------+----+---+----+------------+------------+
    |       Variable Name       | Operation| DSP| FF| LUT| Bitwidth P0| Bitwidth P1|
    +---------------------------+----------+----+---+----+------------+------------+
    |add_ln119_1_fu_1783_p2     |         +|   0|  0|  14|           7|           1|
    |add_ln119_fu_1752_p2       |         +|   0|  0|  19|          12|           1|
    |add_ln120_fu_1917_p2       |         +|   0|  0|  13|           6|           1|
    |sub_ln119_fu_1858_p2       |         -|   0|  0|  14|           7|           7|
    |ap_block_pp0_stage0_11001  |       and|   0|  0|   2|           1|           1|
    |icmp_ln119_fu_1746_p2      |      icmp|   0|  0|  12|          12|          11|
    |icmp_ln120_fu_1769_p2      |      icmp|   0|  0|  10|           6|           5|
    |select_ln119_1_fu_1789_p3  |    select|   0|  0|   7|           1|           7|
    |select_ln119_2_fu_1850_p3  |    select|   0|  0|   7|           1|           7|
    |select_ln119_fu_1775_p3    |    select|   0|  0|   6|           1|           1|
    |ap_enable_pp0              |       xor|   0|  0|   2|           1|           2|
    +---------------------------+----------+----+---+----+------------+------------+
    |Total                      |          |   0|  0| 106|          55|          44|
    +---------------------------+----------+----+---+----+------------+------------+

    * Multiplexer: 
    +--------------------------------------+----+-----------+-----+-----------+
    |                 Name                 | LUT| Input Size| Bits| Total Bits|
    +--------------------------------------+----+-----------+-----+-----------+
    |ap_done_int                           |   9|          2|    1|          2|
    |ap_enable_reg_pp0_iter1               |   9|          2|    1|          2|
    |ap_sig_allocacmp_indvar_flatten_load  |   9|          2|   12|         24|
    |i_fu_342                              |   9|          2|    7|         14|
    |in_buf1_blk_n                         |   9|          2|    1|          2|
    |indvar_flatten_fu_346                 |   9|          2|   12|         24|
    |j_1_fu_338                            |   9|          2|    6|         12|
    +--------------------------------------+----+-----------+-----+-----------+
    |Total                                 |  63|         14|   40|         80|
    +--------------------------------------+----+-----------+-----+-----------+

    * Register: 
    +-------------------------+----+----+-----+-----------+
    |           Name          | FF | LUT| Bits| Const Bits|
    +-------------------------+----+----+-----+-----------+
    |ap_CS_fsm                |   1|   0|    1|          0|
    |ap_done_reg              |   1|   0|    1|          0|
    |ap_enable_reg_pp0_iter1  |   1|   0|    1|          0|
    |i_fu_342                 |   7|   0|    7|          0|
    |indvar_flatten_fu_346    |  12|   0|   12|          0|
    |j_1_fu_338               |   6|   0|    6|          0|
    +-------------------------+----+----+-----+-----------+
    |Total                    |  28|   0|   28|          0|
    +-------------------------+----+----+-----+-----------+



================================================================
== Interface
================================================================
* Summary: 
+----------------------------+-----+-----+------------+-----------------------------------------------------------------+--------------+
|          RTL Ports         | Dir | Bits|  Protocol  |                          Source Object                          |    C Type    |
+----------------------------+-----+-----+------------+-----------------------------------------------------------------+--------------+
|ap_clk                      |   in|    1|  ap_ctrl_hs|  bidirectional_single_Pipeline_VITIS_LOOP_119_1_VITIS_LOOP_120_2|  return value|
|ap_rst                      |   in|    1|  ap_ctrl_hs|  bidirectional_single_Pipeline_VITIS_LOOP_119_1_VITIS_LOOP_120_2|  return value|
|ap_start                    |   in|    1|  ap_ctrl_hs|  bidirectional_single_Pipeline_VITIS_LOOP_119_1_VITIS_LOOP_120_2|  return value|
|ap_done                     |  out|    1|  ap_ctrl_hs|  bidirectional_single_Pipeline_VITIS_LOOP_119_1_VITIS_LOOP_120_2|  return value|
|ap_idle                     |  out|    1|  ap_ctrl_hs|  bidirectional_single_Pipeline_VITIS_LOOP_119_1_VITIS_LOOP_120_2|  return value|
|ap_ready                    |  out|    1|  ap_ctrl_hs|  bidirectional_single_Pipeline_VITIS_LOOP_119_1_VITIS_LOOP_120_2|  return value|
|in_buf1_dout                |   in|    8|     ap_fifo|                                                          in_buf1|       pointer|
|in_buf1_num_data_valid      |   in|    8|     ap_fifo|                                                          in_buf1|       pointer|
|in_buf1_fifo_cap            |   in|    8|     ap_fifo|                                                          in_buf1|       pointer|
|in_buf1_empty_n             |   in|    1|     ap_fifo|                                                          in_buf1|       pointer|
|in_buf1_read                |  out|    1|     ap_fifo|                                                          in_buf1|       pointer|
|temp_normal_V_address0      |  out|    7|   ap_memory|                                                    temp_normal_V|         array|
|temp_normal_V_ce0           |  out|    1|   ap_memory|                                                    temp_normal_V|         array|
|temp_normal_V_we0           |  out|    1|   ap_memory|                                                    temp_normal_V|         array|
|temp_normal_V_d0            |  out|    8|   ap_memory|                                                    temp_normal_V|         array|
|temp_reverse_V_address0     |  out|    7|   ap_memory|                                                   temp_reverse_V|         array|
|temp_reverse_V_ce0          |  out|    1|   ap_memory|                                                   temp_reverse_V|         array|
|temp_reverse_V_we0          |  out|    1|   ap_memory|                                                   temp_reverse_V|         array|
|temp_reverse_V_d0           |  out|    8|   ap_memory|                                                   temp_reverse_V|         array|
|temp_reverse_V_48_address0  |  out|    7|   ap_memory|                                                temp_reverse_V_48|         array|
|temp_reverse_V_48_ce0       |  out|    1|   ap_memory|                                                temp_reverse_V_48|         array|
|temp_reverse_V_48_we0       |  out|    1|   ap_memory|                                                temp_reverse_V_48|         array|
|temp_reverse_V_48_d0        |  out|    8|   ap_memory|                                                temp_reverse_V_48|         array|
|temp_reverse_V_47_address0  |  out|    7|   ap_memory|                                                temp_reverse_V_47|         array|
|temp_reverse_V_47_ce0       |  out|    1|   ap_memory|                                                temp_reverse_V_47|         array|
|temp_reverse_V_47_we0       |  out|    1|   ap_memory|                                                temp_reverse_V_47|         array|
|temp_reverse_V_47_d0        |  out|    8|   ap_memory|                                                temp_reverse_V_47|         array|
|temp_reverse_V_46_address0  |  out|    7|   ap_memory|                                                temp_reverse_V_46|         array|
|temp_reverse_V_46_ce0       |  out|    1|   ap_memory|                                                temp_reverse_V_46|         array|
|temp_reverse_V_46_we0       |  out|    1|   ap_memory|                                                temp_reverse_V_46|         array|
|temp_reverse_V_46_d0        |  out|    8|   ap_memory|                                                temp_reverse_V_46|         array|
|temp_reverse_V_45_address0  |  out|    7|   ap_memory|                                                temp_reverse_V_45|         array|
|temp_reverse_V_45_ce0       |  out|    1|   ap_memory|                                                temp_reverse_V_45|         array|
|temp_reverse_V_45_we0       |  out|    1|   ap_memory|                                                temp_reverse_V_45|         array|
|temp_reverse_V_45_d0        |  out|    8|   ap_memory|                                                temp_reverse_V_45|         array|
|temp_reverse_V_44_address0  |  out|    7|   ap_memory|                                                temp_reverse_V_44|         array|
|temp_reverse_V_44_ce0       |  out|    1|   ap_memory|                                                temp_reverse_V_44|         array|
|temp_reverse_V_44_we0       |  out|    1|   ap_memory|                                                temp_reverse_V_44|         array|
|temp_reverse_V_44_d0        |  out|    8|   ap_memory|                                                temp_reverse_V_44|         array|
|temp_reverse_V_43_address0  |  out|    7|   ap_memory|                                                temp_reverse_V_43|         array|
|temp_reverse_V_43_ce0       |  out|    1|   ap_memory|                                                temp_reverse_V_43|         array|
|temp_reverse_V_43_we0       |  out|    1|   ap_memory|                                                temp_reverse_V_43|         array|
|temp_reverse_V_43_d0        |  out|    8|   ap_memory|                                                temp_reverse_V_43|         array|
|temp_reverse_V_42_address0  |  out|    7|   ap_memory|                                                temp_reverse_V_42|         array|
|temp_reverse_V_42_ce0       |  out|    1|   ap_memory|                                                temp_reverse_V_42|         array|
|temp_reverse_V_42_we0       |  out|    1|   ap_memory|                                                temp_reverse_V_42|         array|
|temp_reverse_V_42_d0        |  out|    8|   ap_memory|                                                temp_reverse_V_42|         array|
|temp_reverse_V_41_address0  |  out|    7|   ap_memory|                                                temp_reverse_V_41|         array|
|temp_reverse_V_41_ce0       |  out|    1|   ap_memory|                                                temp_reverse_V_41|         array|
|temp_reverse_V_41_we0       |  out|    1|   ap_memory|                                                temp_reverse_V_41|         array|
|temp_reverse_V_41_d0        |  out|    8|   ap_memory|                                                temp_reverse_V_41|         array|
|temp_reverse_V_40_address0  |  out|    7|   ap_memory|                                                temp_reverse_V_40|         array|
|temp_reverse_V_40_ce0       |  out|    1|   ap_memory|                                                temp_reverse_V_40|         array|
|temp_reverse_V_40_we0       |  out|    1|   ap_memory|                                                temp_reverse_V_40|         array|
|temp_reverse_V_40_d0        |  out|    8|   ap_memory|                                                temp_reverse_V_40|         array|
|temp_reverse_V_39_address0  |  out|    7|   ap_memory|                                                temp_reverse_V_39|         array|
|temp_reverse_V_39_ce0       |  out|    1|   ap_memory|                                                temp_reverse_V_39|         array|
|temp_reverse_V_39_we0       |  out|    1|   ap_memory|                                                temp_reverse_V_39|         array|
|temp_reverse_V_39_d0        |  out|    8|   ap_memory|                                                temp_reverse_V_39|         array|
|temp_reverse_V_38_address0  |  out|    7|   ap_memory|                                                temp_reverse_V_38|         array|
|temp_reverse_V_38_ce0       |  out|    1|   ap_memory|                                                temp_reverse_V_38|         array|
|temp_reverse_V_38_we0       |  out|    1|   ap_memory|                                                temp_reverse_V_38|         array|
|temp_reverse_V_38_d0        |  out|    8|   ap_memory|                                                temp_reverse_V_38|         array|
|temp_reverse_V_37_address0  |  out|    7|   ap_memory|                                                temp_reverse_V_37|         array|
|temp_reverse_V_37_ce0       |  out|    1|   ap_memory|                                                temp_reverse_V_37|         array|
|temp_reverse_V_37_we0       |  out|    1|   ap_memory|                                                temp_reverse_V_37|         array|
|temp_reverse_V_37_d0        |  out|    8|   ap_memory|                                                temp_reverse_V_37|         array|
|temp_reverse_V_36_address0  |  out|    7|   ap_memory|                                                temp_reverse_V_36|         array|
|temp_reverse_V_36_ce0       |  out|    1|   ap_memory|                                                temp_reverse_V_36|         array|
|temp_reverse_V_36_we0       |  out|    1|   ap_memory|                                                temp_reverse_V_36|         array|
|temp_reverse_V_36_d0        |  out|    8|   ap_memory|                                                temp_reverse_V_36|         array|
|temp_reverse_V_35_address0  |  out|    7|   ap_memory|                                                temp_reverse_V_35|         array|
|temp_reverse_V_35_ce0       |  out|    1|   ap_memory|                                                temp_reverse_V_35|         array|
|temp_reverse_V_35_we0       |  out|    1|   ap_memory|                                                temp_reverse_V_35|         array|
|temp_reverse_V_35_d0        |  out|    8|   ap_memory|                                                temp_reverse_V_35|         array|
|temp_reverse_V_34_address0  |  out|    7|   ap_memory|                                                temp_reverse_V_34|         array|
|temp_reverse_V_34_ce0       |  out|    1|   ap_memory|                                                temp_reverse_V_34|         array|
|temp_reverse_V_34_we0       |  out|    1|   ap_memory|                                                temp_reverse_V_34|         array|
|temp_reverse_V_34_d0        |  out|    8|   ap_memory|                                                temp_reverse_V_34|         array|
|temp_reverse_V_33_address0  |  out|    7|   ap_memory|                                                temp_reverse_V_33|         array|
|temp_reverse_V_33_ce0       |  out|    1|   ap_memory|                                                temp_reverse_V_33|         array|
|temp_reverse_V_33_we0       |  out|    1|   ap_memory|                                                temp_reverse_V_33|         array|
|temp_reverse_V_33_d0        |  out|    8|   ap_memory|                                                temp_reverse_V_33|         array|
|temp_reverse_V_32_address0  |  out|    7|   ap_memory|                                                temp_reverse_V_32|         array|
|temp_reverse_V_32_ce0       |  out|    1|   ap_memory|                                                temp_reverse_V_32|         array|
|temp_reverse_V_32_we0       |  out|    1|   ap_memory|                                                temp_reverse_V_32|         array|
|temp_reverse_V_32_d0        |  out|    8|   ap_memory|                                                temp_reverse_V_32|         array|
|temp_reverse_V_31_address0  |  out|    7|   ap_memory|                                                temp_reverse_V_31|         array|
|temp_reverse_V_31_ce0       |  out|    1|   ap_memory|                                                temp_reverse_V_31|         array|
|temp_reverse_V_31_we0       |  out|    1|   ap_memory|                                                temp_reverse_V_31|         array|
|temp_reverse_V_31_d0        |  out|    8|   ap_memory|                                                temp_reverse_V_31|         array|
|temp_reverse_V_30_address0  |  out|    7|   ap_memory|                                                temp_reverse_V_30|         array|
|temp_reverse_V_30_ce0       |  out|    1|   ap_memory|                                                temp_reverse_V_30|         array|
|temp_reverse_V_30_we0       |  out|    1|   ap_memory|                                                temp_reverse_V_30|         array|
|temp_reverse_V_30_d0        |  out|    8|   ap_memory|                                                temp_reverse_V_30|         array|
|temp_reverse_V_29_address0  |  out|    7|   ap_memory|                                                temp_reverse_V_29|         array|
|temp_reverse_V_29_ce0       |  out|    1|   ap_memory|                                                temp_reverse_V_29|         array|
|temp_reverse_V_29_we0       |  out|    1|   ap_memory|                                                temp_reverse_V_29|         array|
|temp_reverse_V_29_d0        |  out|    8|   ap_memory|                                                temp_reverse_V_29|         array|
|temp_reverse_V_28_address0  |  out|    7|   ap_memory|                                                temp_reverse_V_28|         array|
|temp_reverse_V_28_ce0       |  out|    1|   ap_memory|                                                temp_reverse_V_28|         array|
|temp_reverse_V_28_we0       |  out|    1|   ap_memory|                                                temp_reverse_V_28|         array|
|temp_reverse_V_28_d0        |  out|    8|   ap_memory|                                                temp_reverse_V_28|         array|
|temp_reverse_V_27_address0  |  out|    7|   ap_memory|                                                temp_reverse_V_27|         array|
|temp_reverse_V_27_ce0       |  out|    1|   ap_memory|                                                temp_reverse_V_27|         array|
|temp_reverse_V_27_we0       |  out|    1|   ap_memory|                                                temp_reverse_V_27|         array|
|temp_reverse_V_27_d0        |  out|    8|   ap_memory|                                                temp_reverse_V_27|         array|
|temp_reverse_V_26_address0  |  out|    7|   ap_memory|                                                temp_reverse_V_26|         array|
|temp_reverse_V_26_ce0       |  out|    1|   ap_memory|                                                temp_reverse_V_26|         array|
|temp_reverse_V_26_we0       |  out|    1|   ap_memory|                                                temp_reverse_V_26|         array|
|temp_reverse_V_26_d0        |  out|    8|   ap_memory|                                                temp_reverse_V_26|         array|
|temp_reverse_V_25_address0  |  out|    7|   ap_memory|                                                temp_reverse_V_25|         array|
|temp_reverse_V_25_ce0       |  out|    1|   ap_memory|                                                temp_reverse_V_25|         array|
|temp_reverse_V_25_we0       |  out|    1|   ap_memory|                                                temp_reverse_V_25|         array|
|temp_reverse_V_25_d0        |  out|    8|   ap_memory|                                                temp_reverse_V_25|         array|
|temp_reverse_V_24_address0  |  out|    7|   ap_memory|                                                temp_reverse_V_24|         array|
|temp_reverse_V_24_ce0       |  out|    1|   ap_memory|                                                temp_reverse_V_24|         array|
|temp_reverse_V_24_we0       |  out|    1|   ap_memory|                                                temp_reverse_V_24|         array|
|temp_reverse_V_24_d0        |  out|    8|   ap_memory|                                                temp_reverse_V_24|         array|
|temp_reverse_V_23_address0  |  out|    7|   ap_memory|                                                temp_reverse_V_23|         array|
|temp_reverse_V_23_ce0       |  out|    1|   ap_memory|                                                temp_reverse_V_23|         array|
|temp_reverse_V_23_we0       |  out|    1|   ap_memory|                                                temp_reverse_V_23|         array|
|temp_reverse_V_23_d0        |  out|    8|   ap_memory|                                                temp_reverse_V_23|         array|
|temp_reverse_V_22_address0  |  out|    7|   ap_memory|                                                temp_reverse_V_22|         array|
|temp_reverse_V_22_ce0       |  out|    1|   ap_memory|                                                temp_reverse_V_22|         array|
|temp_reverse_V_22_we0       |  out|    1|   ap_memory|                                                temp_reverse_V_22|         array|
|temp_reverse_V_22_d0        |  out|    8|   ap_memory|                                                temp_reverse_V_22|         array|
|temp_reverse_V_21_address0  |  out|    7|   ap_memory|                                                temp_reverse_V_21|         array|
|temp_reverse_V_21_ce0       |  out|    1|   ap_memory|                                                temp_reverse_V_21|         array|
|temp_reverse_V_21_we0       |  out|    1|   ap_memory|                                                temp_reverse_V_21|         array|
|temp_reverse_V_21_d0        |  out|    8|   ap_memory|                                                temp_reverse_V_21|         array|
|temp_reverse_V_20_address0  |  out|    7|   ap_memory|                                                temp_reverse_V_20|         array|
|temp_reverse_V_20_ce0       |  out|    1|   ap_memory|                                                temp_reverse_V_20|         array|
|temp_reverse_V_20_we0       |  out|    1|   ap_memory|                                                temp_reverse_V_20|         array|
|temp_reverse_V_20_d0        |  out|    8|   ap_memory|                                                temp_reverse_V_20|         array|
|temp_reverse_V_19_address0  |  out|    7|   ap_memory|                                                temp_reverse_V_19|         array|
|temp_reverse_V_19_ce0       |  out|    1|   ap_memory|                                                temp_reverse_V_19|         array|
|temp_reverse_V_19_we0       |  out|    1|   ap_memory|                                                temp_reverse_V_19|         array|
|temp_reverse_V_19_d0        |  out|    8|   ap_memory|                                                temp_reverse_V_19|         array|
|temp_reverse_V_18_address0  |  out|    7|   ap_memory|                                                temp_reverse_V_18|         array|
|temp_reverse_V_18_ce0       |  out|    1|   ap_memory|                                                temp_reverse_V_18|         array|
|temp_reverse_V_18_we0       |  out|    1|   ap_memory|                                                temp_reverse_V_18|         array|
|temp_reverse_V_18_d0        |  out|    8|   ap_memory|                                                temp_reverse_V_18|         array|
|temp_reverse_V_17_address0  |  out|    7|   ap_memory|                                                temp_reverse_V_17|         array|
|temp_reverse_V_17_ce0       |  out|    1|   ap_memory|                                                temp_reverse_V_17|         array|
|temp_reverse_V_17_we0       |  out|    1|   ap_memory|                                                temp_reverse_V_17|         array|
|temp_reverse_V_17_d0        |  out|    8|   ap_memory|                                                temp_reverse_V_17|         array|
|temp_reverse_V_16_address0  |  out|    7|   ap_memory|                                                temp_reverse_V_16|         array|
|temp_reverse_V_16_ce0       |  out|    1|   ap_memory|                                                temp_reverse_V_16|         array|
|temp_reverse_V_16_we0       |  out|    1|   ap_memory|                                                temp_reverse_V_16|         array|
|temp_reverse_V_16_d0        |  out|    8|   ap_memory|                                                temp_reverse_V_16|         array|
|temp_reverse_V_15_address0  |  out|    7|   ap_memory|                                                temp_reverse_V_15|         array|
|temp_reverse_V_15_ce0       |  out|    1|   ap_memory|                                                temp_reverse_V_15|         array|
|temp_reverse_V_15_we0       |  out|    1|   ap_memory|                                                temp_reverse_V_15|         array|
|temp_reverse_V_15_d0        |  out|    8|   ap_memory|                                                temp_reverse_V_15|         array|
|temp_reverse_V_14_address0  |  out|    7|   ap_memory|                                                temp_reverse_V_14|         array|
|temp_reverse_V_14_ce0       |  out|    1|   ap_memory|                                                temp_reverse_V_14|         array|
|temp_reverse_V_14_we0       |  out|    1|   ap_memory|                                                temp_reverse_V_14|         array|
|temp_reverse_V_14_d0        |  out|    8|   ap_memory|                                                temp_reverse_V_14|         array|
|temp_reverse_V_13_address0  |  out|    7|   ap_memory|                                                temp_reverse_V_13|         array|
|temp_reverse_V_13_ce0       |  out|    1|   ap_memory|                                                temp_reverse_V_13|         array|
|temp_reverse_V_13_we0       |  out|    1|   ap_memory|                                                temp_reverse_V_13|         array|
|temp_reverse_V_13_d0        |  out|    8|   ap_memory|                                                temp_reverse_V_13|         array|
|temp_reverse_V_12_address0  |  out|    7|   ap_memory|                                                temp_reverse_V_12|         array|
|temp_reverse_V_12_ce0       |  out|    1|   ap_memory|                                                temp_reverse_V_12|         array|
|temp_reverse_V_12_we0       |  out|    1|   ap_memory|                                                temp_reverse_V_12|         array|
|temp_reverse_V_12_d0        |  out|    8|   ap_memory|                                                temp_reverse_V_12|         array|
|temp_reverse_V_11_address0  |  out|    7|   ap_memory|                                                temp_reverse_V_11|         array|
|temp_reverse_V_11_ce0       |  out|    1|   ap_memory|                                                temp_reverse_V_11|         array|
|temp_reverse_V_11_we0       |  out|    1|   ap_memory|                                                temp_reverse_V_11|         array|
|temp_reverse_V_11_d0        |  out|    8|   ap_memory|                                                temp_reverse_V_11|         array|
|temp_reverse_V_10_address0  |  out|    7|   ap_memory|                                                temp_reverse_V_10|         array|
|temp_reverse_V_10_ce0       |  out|    1|   ap_memory|                                                temp_reverse_V_10|         array|
|temp_reverse_V_10_we0       |  out|    1|   ap_memory|                                                temp_reverse_V_10|         array|
|temp_reverse_V_10_d0        |  out|    8|   ap_memory|                                                temp_reverse_V_10|         array|
|temp_reverse_V_9_address0   |  out|    7|   ap_memory|                                                 temp_reverse_V_9|         array|
|temp_reverse_V_9_ce0        |  out|    1|   ap_memory|                                                 temp_reverse_V_9|         array|
|temp_reverse_V_9_we0        |  out|    1|   ap_memory|                                                 temp_reverse_V_9|         array|
|temp_reverse_V_9_d0         |  out|    8|   ap_memory|                                                 temp_reverse_V_9|         array|
|temp_reverse_V_8_address0   |  out|    7|   ap_memory|                                                 temp_reverse_V_8|         array|
|temp_reverse_V_8_ce0        |  out|    1|   ap_memory|                                                 temp_reverse_V_8|         array|
|temp_reverse_V_8_we0        |  out|    1|   ap_memory|                                                 temp_reverse_V_8|         array|
|temp_reverse_V_8_d0         |  out|    8|   ap_memory|                                                 temp_reverse_V_8|         array|
|temp_reverse_V_7_address0   |  out|    7|   ap_memory|                                                 temp_reverse_V_7|         array|
|temp_reverse_V_7_ce0        |  out|    1|   ap_memory|                                                 temp_reverse_V_7|         array|
|temp_reverse_V_7_we0        |  out|    1|   ap_memory|                                                 temp_reverse_V_7|         array|
|temp_reverse_V_7_d0         |  out|    8|   ap_memory|                                                 temp_reverse_V_7|         array|
|temp_reverse_V_6_address0   |  out|    7|   ap_memory|                                                 temp_reverse_V_6|         array|
|temp_reverse_V_6_ce0        |  out|    1|   ap_memory|                                                 temp_reverse_V_6|         array|
|temp_reverse_V_6_we0        |  out|    1|   ap_memory|                                                 temp_reverse_V_6|         array|
|temp_reverse_V_6_d0         |  out|    8|   ap_memory|                                                 temp_reverse_V_6|         array|
|temp_reverse_V_5_address0   |  out|    7|   ap_memory|                                                 temp_reverse_V_5|         array|
|temp_reverse_V_5_ce0        |  out|    1|   ap_memory|                                                 temp_reverse_V_5|         array|
|temp_reverse_V_5_we0        |  out|    1|   ap_memory|                                                 temp_reverse_V_5|         array|
|temp_reverse_V_5_d0         |  out|    8|   ap_memory|                                                 temp_reverse_V_5|         array|
|temp_reverse_V_4_address0   |  out|    7|   ap_memory|                                                 temp_reverse_V_4|         array|
|temp_reverse_V_4_ce0        |  out|    1|   ap_memory|                                                 temp_reverse_V_4|         array|
|temp_reverse_V_4_we0        |  out|    1|   ap_memory|                                                 temp_reverse_V_4|         array|
|temp_reverse_V_4_d0         |  out|    8|   ap_memory|                                                 temp_reverse_V_4|         array|
|temp_reverse_V_3_address0   |  out|    7|   ap_memory|                                                 temp_reverse_V_3|         array|
|temp_reverse_V_3_ce0        |  out|    1|   ap_memory|                                                 temp_reverse_V_3|         array|
|temp_reverse_V_3_we0        |  out|    1|   ap_memory|                                                 temp_reverse_V_3|         array|
|temp_reverse_V_3_d0         |  out|    8|   ap_memory|                                                 temp_reverse_V_3|         array|
|temp_reverse_V_2_address0   |  out|    7|   ap_memory|                                                 temp_reverse_V_2|         array|
|temp_reverse_V_2_ce0        |  out|    1|   ap_memory|                                                 temp_reverse_V_2|         array|
|temp_reverse_V_2_we0        |  out|    1|   ap_memory|                                                 temp_reverse_V_2|         array|
|temp_reverse_V_2_d0         |  out|    8|   ap_memory|                                                 temp_reverse_V_2|         array|
|temp_reverse_V_1_address0   |  out|    7|   ap_memory|                                                 temp_reverse_V_1|         array|
|temp_reverse_V_1_ce0        |  out|    1|   ap_memory|                                                 temp_reverse_V_1|         array|
|temp_reverse_V_1_we0        |  out|    1|   ap_memory|                                                 temp_reverse_V_1|         array|
|temp_reverse_V_1_d0         |  out|    8|   ap_memory|                                                 temp_reverse_V_1|         array|
|temp_normal_V_48_address0   |  out|    7|   ap_memory|                                                 temp_normal_V_48|         array|
|temp_normal_V_48_ce0        |  out|    1|   ap_memory|                                                 temp_normal_V_48|         array|
|temp_normal_V_48_we0        |  out|    1|   ap_memory|                                                 temp_normal_V_48|         array|
|temp_normal_V_48_d0         |  out|    8|   ap_memory|                                                 temp_normal_V_48|         array|
|temp_normal_V_47_address0   |  out|    7|   ap_memory|                                                 temp_normal_V_47|         array|
|temp_normal_V_47_ce0        |  out|    1|   ap_memory|                                                 temp_normal_V_47|         array|
|temp_normal_V_47_we0        |  out|    1|   ap_memory|                                                 temp_normal_V_47|         array|
|temp_normal_V_47_d0         |  out|    8|   ap_memory|                                                 temp_normal_V_47|         array|
|temp_normal_V_46_address0   |  out|    7|   ap_memory|                                                 temp_normal_V_46|         array|
|temp_normal_V_46_ce0        |  out|    1|   ap_memory|                                                 temp_normal_V_46|         array|
|temp_normal_V_46_we0        |  out|    1|   ap_memory|                                                 temp_normal_V_46|         array|
|temp_normal_V_46_d0         |  out|    8|   ap_memory|                                                 temp_normal_V_46|         array|
|temp_normal_V_45_address0   |  out|    7|   ap_memory|                                                 temp_normal_V_45|         array|
|temp_normal_V_45_ce0        |  out|    1|   ap_memory|                                                 temp_normal_V_45|         array|
|temp_normal_V_45_we0        |  out|    1|   ap_memory|                                                 temp_normal_V_45|         array|
|temp_normal_V_45_d0         |  out|    8|   ap_memory|                                                 temp_normal_V_45|         array|
|temp_normal_V_44_address0   |  out|    7|   ap_memory|                                                 temp_normal_V_44|         array|
|temp_normal_V_44_ce0        |  out|    1|   ap_memory|                                                 temp_normal_V_44|         array|
|temp_normal_V_44_we0        |  out|    1|   ap_memory|                                                 temp_normal_V_44|         array|
|temp_normal_V_44_d0         |  out|    8|   ap_memory|                                                 temp_normal_V_44|         array|
|temp_normal_V_43_address0   |  out|    7|   ap_memory|                                                 temp_normal_V_43|         array|
|temp_normal_V_43_ce0        |  out|    1|   ap_memory|                                                 temp_normal_V_43|         array|
|temp_normal_V_43_we0        |  out|    1|   ap_memory|                                                 temp_normal_V_43|         array|
|temp_normal_V_43_d0         |  out|    8|   ap_memory|                                                 temp_normal_V_43|         array|
|temp_normal_V_42_address0   |  out|    7|   ap_memory|                                                 temp_normal_V_42|         array|
|temp_normal_V_42_ce0        |  out|    1|   ap_memory|                                                 temp_normal_V_42|         array|
|temp_normal_V_42_we0        |  out|    1|   ap_memory|                                                 temp_normal_V_42|         array|
|temp_normal_V_42_d0         |  out|    8|   ap_memory|                                                 temp_normal_V_42|         array|
|temp_normal_V_41_address0   |  out|    7|   ap_memory|                                                 temp_normal_V_41|         array|
|temp_normal_V_41_ce0        |  out|    1|   ap_memory|                                                 temp_normal_V_41|         array|
|temp_normal_V_41_we0        |  out|    1|   ap_memory|                                                 temp_normal_V_41|         array|
|temp_normal_V_41_d0         |  out|    8|   ap_memory|                                                 temp_normal_V_41|         array|
|temp_normal_V_40_address0   |  out|    7|   ap_memory|                                                 temp_normal_V_40|         array|
|temp_normal_V_40_ce0        |  out|    1|   ap_memory|                                                 temp_normal_V_40|         array|
|temp_normal_V_40_we0        |  out|    1|   ap_memory|                                                 temp_normal_V_40|         array|
|temp_normal_V_40_d0         |  out|    8|   ap_memory|                                                 temp_normal_V_40|         array|
|temp_normal_V_39_address0   |  out|    7|   ap_memory|                                                 temp_normal_V_39|         array|
|temp_normal_V_39_ce0        |  out|    1|   ap_memory|                                                 temp_normal_V_39|         array|
|temp_normal_V_39_we0        |  out|    1|   ap_memory|                                                 temp_normal_V_39|         array|
|temp_normal_V_39_d0         |  out|    8|   ap_memory|                                                 temp_normal_V_39|         array|
|temp_normal_V_38_address0   |  out|    7|   ap_memory|                                                 temp_normal_V_38|         array|
|temp_normal_V_38_ce0        |  out|    1|   ap_memory|                                                 temp_normal_V_38|         array|
|temp_normal_V_38_we0        |  out|    1|   ap_memory|                                                 temp_normal_V_38|         array|
|temp_normal_V_38_d0         |  out|    8|   ap_memory|                                                 temp_normal_V_38|         array|
|temp_normal_V_37_address0   |  out|    7|   ap_memory|                                                 temp_normal_V_37|         array|
|temp_normal_V_37_ce0        |  out|    1|   ap_memory|                                                 temp_normal_V_37|         array|
|temp_normal_V_37_we0        |  out|    1|   ap_memory|                                                 temp_normal_V_37|         array|
|temp_normal_V_37_d0         |  out|    8|   ap_memory|                                                 temp_normal_V_37|         array|
|temp_normal_V_36_address0   |  out|    7|   ap_memory|                                                 temp_normal_V_36|         array|
|temp_normal_V_36_ce0        |  out|    1|   ap_memory|                                                 temp_normal_V_36|         array|
|temp_normal_V_36_we0        |  out|    1|   ap_memory|                                                 temp_normal_V_36|         array|
|temp_normal_V_36_d0         |  out|    8|   ap_memory|                                                 temp_normal_V_36|         array|
|temp_normal_V_35_address0   |  out|    7|   ap_memory|                                                 temp_normal_V_35|         array|
|temp_normal_V_35_ce0        |  out|    1|   ap_memory|                                                 temp_normal_V_35|         array|
|temp_normal_V_35_we0        |  out|    1|   ap_memory|                                                 temp_normal_V_35|         array|
|temp_normal_V_35_d0         |  out|    8|   ap_memory|                                                 temp_normal_V_35|         array|
|temp_normal_V_34_address0   |  out|    7|   ap_memory|                                                 temp_normal_V_34|         array|
|temp_normal_V_34_ce0        |  out|    1|   ap_memory|                                                 temp_normal_V_34|         array|
|temp_normal_V_34_we0        |  out|    1|   ap_memory|                                                 temp_normal_V_34|         array|
|temp_normal_V_34_d0         |  out|    8|   ap_memory|                                                 temp_normal_V_34|         array|
|temp_normal_V_33_address0   |  out|    7|   ap_memory|                                                 temp_normal_V_33|         array|
|temp_normal_V_33_ce0        |  out|    1|   ap_memory|                                                 temp_normal_V_33|         array|
|temp_normal_V_33_we0        |  out|    1|   ap_memory|                                                 temp_normal_V_33|         array|
|temp_normal_V_33_d0         |  out|    8|   ap_memory|                                                 temp_normal_V_33|         array|
|temp_normal_V_32_address0   |  out|    7|   ap_memory|                                                 temp_normal_V_32|         array|
|temp_normal_V_32_ce0        |  out|    1|   ap_memory|                                                 temp_normal_V_32|         array|
|temp_normal_V_32_we0        |  out|    1|   ap_memory|                                                 temp_normal_V_32|         array|
|temp_normal_V_32_d0         |  out|    8|   ap_memory|                                                 temp_normal_V_32|         array|
|temp_normal_V_31_address0   |  out|    7|   ap_memory|                                                 temp_normal_V_31|         array|
|temp_normal_V_31_ce0        |  out|    1|   ap_memory|                                                 temp_normal_V_31|         array|
|temp_normal_V_31_we0        |  out|    1|   ap_memory|                                                 temp_normal_V_31|         array|
|temp_normal_V_31_d0         |  out|    8|   ap_memory|                                                 temp_normal_V_31|         array|
|temp_normal_V_30_address0   |  out|    7|   ap_memory|                                                 temp_normal_V_30|         array|
|temp_normal_V_30_ce0        |  out|    1|   ap_memory|                                                 temp_normal_V_30|         array|
|temp_normal_V_30_we0        |  out|    1|   ap_memory|                                                 temp_normal_V_30|         array|
|temp_normal_V_30_d0         |  out|    8|   ap_memory|                                                 temp_normal_V_30|         array|
|temp_normal_V_29_address0   |  out|    7|   ap_memory|                                                 temp_normal_V_29|         array|
|temp_normal_V_29_ce0        |  out|    1|   ap_memory|                                                 temp_normal_V_29|         array|
|temp_normal_V_29_we0        |  out|    1|   ap_memory|                                                 temp_normal_V_29|         array|
|temp_normal_V_29_d0         |  out|    8|   ap_memory|                                                 temp_normal_V_29|         array|
|temp_normal_V_28_address0   |  out|    7|   ap_memory|                                                 temp_normal_V_28|         array|
|temp_normal_V_28_ce0        |  out|    1|   ap_memory|                                                 temp_normal_V_28|         array|
|temp_normal_V_28_we0        |  out|    1|   ap_memory|                                                 temp_normal_V_28|         array|
|temp_normal_V_28_d0         |  out|    8|   ap_memory|                                                 temp_normal_V_28|         array|
|temp_normal_V_27_address0   |  out|    7|   ap_memory|                                                 temp_normal_V_27|         array|
|temp_normal_V_27_ce0        |  out|    1|   ap_memory|                                                 temp_normal_V_27|         array|
|temp_normal_V_27_we0        |  out|    1|   ap_memory|                                                 temp_normal_V_27|         array|
|temp_normal_V_27_d0         |  out|    8|   ap_memory|                                                 temp_normal_V_27|         array|
|temp_normal_V_26_address0   |  out|    7|   ap_memory|                                                 temp_normal_V_26|         array|
|temp_normal_V_26_ce0        |  out|    1|   ap_memory|                                                 temp_normal_V_26|         array|
|temp_normal_V_26_we0        |  out|    1|   ap_memory|                                                 temp_normal_V_26|         array|
|temp_normal_V_26_d0         |  out|    8|   ap_memory|                                                 temp_normal_V_26|         array|
|temp_normal_V_25_address0   |  out|    7|   ap_memory|                                                 temp_normal_V_25|         array|
|temp_normal_V_25_ce0        |  out|    1|   ap_memory|                                                 temp_normal_V_25|         array|
|temp_normal_V_25_we0        |  out|    1|   ap_memory|                                                 temp_normal_V_25|         array|
|temp_normal_V_25_d0         |  out|    8|   ap_memory|                                                 temp_normal_V_25|         array|
|temp_normal_V_24_address0   |  out|    7|   ap_memory|                                                 temp_normal_V_24|         array|
|temp_normal_V_24_ce0        |  out|    1|   ap_memory|                                                 temp_normal_V_24|         array|
|temp_normal_V_24_we0        |  out|    1|   ap_memory|                                                 temp_normal_V_24|         array|
|temp_normal_V_24_d0         |  out|    8|   ap_memory|                                                 temp_normal_V_24|         array|
|temp_normal_V_23_address0   |  out|    7|   ap_memory|                                                 temp_normal_V_23|         array|
|temp_normal_V_23_ce0        |  out|    1|   ap_memory|                                                 temp_normal_V_23|         array|
|temp_normal_V_23_we0        |  out|    1|   ap_memory|                                                 temp_normal_V_23|         array|
|temp_normal_V_23_d0         |  out|    8|   ap_memory|                                                 temp_normal_V_23|         array|
|temp_normal_V_22_address0   |  out|    7|   ap_memory|                                                 temp_normal_V_22|         array|
|temp_normal_V_22_ce0        |  out|    1|   ap_memory|                                                 temp_normal_V_22|         array|
|temp_normal_V_22_we0        |  out|    1|   ap_memory|                                                 temp_normal_V_22|         array|
|temp_normal_V_22_d0         |  out|    8|   ap_memory|                                                 temp_normal_V_22|         array|
|temp_normal_V_21_address0   |  out|    7|   ap_memory|                                                 temp_normal_V_21|         array|
|temp_normal_V_21_ce0        |  out|    1|   ap_memory|                                                 temp_normal_V_21|         array|
|temp_normal_V_21_we0        |  out|    1|   ap_memory|                                                 temp_normal_V_21|         array|
|temp_normal_V_21_d0         |  out|    8|   ap_memory|                                                 temp_normal_V_21|         array|
|temp_normal_V_20_address0   |  out|    7|   ap_memory|                                                 temp_normal_V_20|         array|
|temp_normal_V_20_ce0        |  out|    1|   ap_memory|                                                 temp_normal_V_20|         array|
|temp_normal_V_20_we0        |  out|    1|   ap_memory|                                                 temp_normal_V_20|         array|
|temp_normal_V_20_d0         |  out|    8|   ap_memory|                                                 temp_normal_V_20|         array|
|temp_normal_V_19_address0   |  out|    7|   ap_memory|                                                 temp_normal_V_19|         array|
|temp_normal_V_19_ce0        |  out|    1|   ap_memory|                                                 temp_normal_V_19|         array|
|temp_normal_V_19_we0        |  out|    1|   ap_memory|                                                 temp_normal_V_19|         array|
|temp_normal_V_19_d0         |  out|    8|   ap_memory|                                                 temp_normal_V_19|         array|
|temp_normal_V_18_address0   |  out|    7|   ap_memory|                                                 temp_normal_V_18|         array|
|temp_normal_V_18_ce0        |  out|    1|   ap_memory|                                                 temp_normal_V_18|         array|
|temp_normal_V_18_we0        |  out|    1|   ap_memory|                                                 temp_normal_V_18|         array|
|temp_normal_V_18_d0         |  out|    8|   ap_memory|                                                 temp_normal_V_18|         array|
|temp_normal_V_17_address0   |  out|    7|   ap_memory|                                                 temp_normal_V_17|         array|
|temp_normal_V_17_ce0        |  out|    1|   ap_memory|                                                 temp_normal_V_17|         array|
|temp_normal_V_17_we0        |  out|    1|   ap_memory|                                                 temp_normal_V_17|         array|
|temp_normal_V_17_d0         |  out|    8|   ap_memory|                                                 temp_normal_V_17|         array|
|temp_normal_V_16_address0   |  out|    7|   ap_memory|                                                 temp_normal_V_16|         array|
|temp_normal_V_16_ce0        |  out|    1|   ap_memory|                                                 temp_normal_V_16|         array|
|temp_normal_V_16_we0        |  out|    1|   ap_memory|                                                 temp_normal_V_16|         array|
|temp_normal_V_16_d0         |  out|    8|   ap_memory|                                                 temp_normal_V_16|         array|
|temp_normal_V_15_address0   |  out|    7|   ap_memory|                                                 temp_normal_V_15|         array|
|temp_normal_V_15_ce0        |  out|    1|   ap_memory|                                                 temp_normal_V_15|         array|
|temp_normal_V_15_we0        |  out|    1|   ap_memory|                                                 temp_normal_V_15|         array|
|temp_normal_V_15_d0         |  out|    8|   ap_memory|                                                 temp_normal_V_15|         array|
|temp_normal_V_14_address0   |  out|    7|   ap_memory|                                                 temp_normal_V_14|         array|
|temp_normal_V_14_ce0        |  out|    1|   ap_memory|                                                 temp_normal_V_14|         array|
|temp_normal_V_14_we0        |  out|    1|   ap_memory|                                                 temp_normal_V_14|         array|
|temp_normal_V_14_d0         |  out|    8|   ap_memory|                                                 temp_normal_V_14|         array|
|temp_normal_V_13_address0   |  out|    7|   ap_memory|                                                 temp_normal_V_13|         array|
|temp_normal_V_13_ce0        |  out|    1|   ap_memory|                                                 temp_normal_V_13|         array|
|temp_normal_V_13_we0        |  out|    1|   ap_memory|                                                 temp_normal_V_13|         array|
|temp_normal_V_13_d0         |  out|    8|   ap_memory|                                                 temp_normal_V_13|         array|
|temp_normal_V_12_address0   |  out|    7|   ap_memory|                                                 temp_normal_V_12|         array|
|temp_normal_V_12_ce0        |  out|    1|   ap_memory|                                                 temp_normal_V_12|         array|
|temp_normal_V_12_we0        |  out|    1|   ap_memory|                                                 temp_normal_V_12|         array|
|temp_normal_V_12_d0         |  out|    8|   ap_memory|                                                 temp_normal_V_12|         array|
|temp_normal_V_11_address0   |  out|    7|   ap_memory|                                                 temp_normal_V_11|         array|
|temp_normal_V_11_ce0        |  out|    1|   ap_memory|                                                 temp_normal_V_11|         array|
|temp_normal_V_11_we0        |  out|    1|   ap_memory|                                                 temp_normal_V_11|         array|
|temp_normal_V_11_d0         |  out|    8|   ap_memory|                                                 temp_normal_V_11|         array|
|temp_normal_V_10_address0   |  out|    7|   ap_memory|                                                 temp_normal_V_10|         array|
|temp_normal_V_10_ce0        |  out|    1|   ap_memory|                                                 temp_normal_V_10|         array|
|temp_normal_V_10_we0        |  out|    1|   ap_memory|                                                 temp_normal_V_10|         array|
|temp_normal_V_10_d0         |  out|    8|   ap_memory|                                                 temp_normal_V_10|         array|
|temp_normal_V_9_address0    |  out|    7|   ap_memory|                                                  temp_normal_V_9|         array|
|temp_normal_V_9_ce0         |  out|    1|   ap_memory|                                                  temp_normal_V_9|         array|
|temp_normal_V_9_we0         |  out|    1|   ap_memory|                                                  temp_normal_V_9|         array|
|temp_normal_V_9_d0          |  out|    8|   ap_memory|                                                  temp_normal_V_9|         array|
|temp_normal_V_8_address0    |  out|    7|   ap_memory|                                                  temp_normal_V_8|         array|
|temp_normal_V_8_ce0         |  out|    1|   ap_memory|                                                  temp_normal_V_8|         array|
|temp_normal_V_8_we0         |  out|    1|   ap_memory|                                                  temp_normal_V_8|         array|
|temp_normal_V_8_d0          |  out|    8|   ap_memory|                                                  temp_normal_V_8|         array|
|temp_normal_V_7_address0    |  out|    7|   ap_memory|                                                  temp_normal_V_7|         array|
|temp_normal_V_7_ce0         |  out|    1|   ap_memory|                                                  temp_normal_V_7|         array|
|temp_normal_V_7_we0         |  out|    1|   ap_memory|                                                  temp_normal_V_7|         array|
|temp_normal_V_7_d0          |  out|    8|   ap_memory|                                                  temp_normal_V_7|         array|
|temp_normal_V_6_address0    |  out|    7|   ap_memory|                                                  temp_normal_V_6|         array|
|temp_normal_V_6_ce0         |  out|    1|   ap_memory|                                                  temp_normal_V_6|         array|
|temp_normal_V_6_we0         |  out|    1|   ap_memory|                                                  temp_normal_V_6|         array|
|temp_normal_V_6_d0          |  out|    8|   ap_memory|                                                  temp_normal_V_6|         array|
|temp_normal_V_5_address0    |  out|    7|   ap_memory|                                                  temp_normal_V_5|         array|
|temp_normal_V_5_ce0         |  out|    1|   ap_memory|                                                  temp_normal_V_5|         array|
|temp_normal_V_5_we0         |  out|    1|   ap_memory|                                                  temp_normal_V_5|         array|
|temp_normal_V_5_d0          |  out|    8|   ap_memory|                                                  temp_normal_V_5|         array|
|temp_normal_V_4_address0    |  out|    7|   ap_memory|                                                  temp_normal_V_4|         array|
|temp_normal_V_4_ce0         |  out|    1|   ap_memory|                                                  temp_normal_V_4|         array|
|temp_normal_V_4_we0         |  out|    1|   ap_memory|                                                  temp_normal_V_4|         array|
|temp_normal_V_4_d0          |  out|    8|   ap_memory|                                                  temp_normal_V_4|         array|
|temp_normal_V_3_address0    |  out|    7|   ap_memory|                                                  temp_normal_V_3|         array|
|temp_normal_V_3_ce0         |  out|    1|   ap_memory|                                                  temp_normal_V_3|         array|
|temp_normal_V_3_we0         |  out|    1|   ap_memory|                                                  temp_normal_V_3|         array|
|temp_normal_V_3_d0          |  out|    8|   ap_memory|                                                  temp_normal_V_3|         array|
|temp_normal_V_2_address0    |  out|    7|   ap_memory|                                                  temp_normal_V_2|         array|
|temp_normal_V_2_ce0         |  out|    1|   ap_memory|                                                  temp_normal_V_2|         array|
|temp_normal_V_2_we0         |  out|    1|   ap_memory|                                                  temp_normal_V_2|         array|
|temp_normal_V_2_d0          |  out|    8|   ap_memory|                                                  temp_normal_V_2|         array|
|temp_normal_V_1_address0    |  out|    7|   ap_memory|                                                  temp_normal_V_1|         array|
|temp_normal_V_1_ce0         |  out|    1|   ap_memory|                                                  temp_normal_V_1|         array|
|temp_normal_V_1_we0         |  out|    1|   ap_memory|                                                  temp_normal_V_1|         array|
|temp_normal_V_1_d0          |  out|    8|   ap_memory|                                                  temp_normal_V_1|         array|
+----------------------------+-----+-----+------------+-----------------------------------------------------------------+--------------+

