

================================================================
== Vitis HLS Report for 'dense_resource_rf_leq_nin_d3_ap_fixed_ap_fixed_config2_2_Pipeline_Result'
================================================================
* Date:           Tue Sep 19 13:51:36 2023

* Version:        2022.2 (Build 3670227 on Oct 13 2022)
* Project:        alveo_hls4ml
* Solution:       solution (Vitis Kernel Flow Target)
* Product family: virtexuplus
* Target device:  xcu55c-fsvh2892-2L-e


================================================================
== Performance Estimates
================================================================
+ Timing: 
    * Summary: 
    +--------+---------+----------+------------+
    |  Clock |  Target | Estimated| Uncertainty|
    +--------+---------+----------+------------+
    |ap_clk  |  4.00 ns|  2.546 ns|     1.08 ns|
    +--------+---------+----------+------------+

+ Latency: 
    * Summary: 
    +---------+---------+----------+----------+-----+-----+---------+
    |  Latency (cycles) |  Latency (absolute) |  Interval | Pipeline|
    |   min   |   max   |    min   |    max   | min | max |   Type  |
    +---------+---------+----------+----------+-----+-----+---------+
    |      514|      514|  2.056 us|  2.056 us|  514|  514|       no|
    +---------+---------+----------+----------+-----+-----+---------+

    + Detail: 
        * Instance: 
        N/A

        * Loop: 
        +----------+---------+---------+----------+-----------+-----------+------+----------+
        |          |  Latency (cycles) | Iteration|  Initiation Interval  | Trip |          |
        | Loop Name|   min   |   max   |  Latency |  achieved |   target  | Count| Pipelined|
        +----------+---------+---------+----------+-----------+-----------+------+----------+
        |- Result  |      512|      512|         1|          1|          1|   512|       yes|
        +----------+---------+---------+----------+-----------+-----------+------+----------+



================================================================
== Utilization Estimates
================================================================
* Summary: 
+---------------------+---------+------+---------+---------+-----+
|         Name        | BRAM_18K|  DSP |    FF   |   LUT   | URAM|
+---------------------+---------+------+---------+---------+-----+
|DSP                  |        -|     -|        -|        -|    -|
|Expression           |        -|     -|        0|       39|    -|
|FIFO                 |        -|     -|        -|        -|    -|
|Instance             |        -|     -|        0|     2693|    -|
|Memory               |        -|     -|        -|        -|    -|
|Multiplexer          |        -|     -|        -|       47|    -|
|Register             |        -|     -|       12|        -|    -|
+---------------------+---------+------+---------+---------+-----+
|Total                |        0|     0|       12|     2779|    0|
+---------------------+---------+------+---------+---------+-----+
|Available SLR        |     1344|  3008|   869120|   434560|  320|
+---------------------+---------+------+---------+---------+-----+
|Utilization SLR (%)  |        0|     0|       ~0|       ~0|    0|
+---------------------+---------+------+---------+---------+-----+
|Available            |     4032|  9024|  2607360|  1303680|  960|
+---------------------+---------+------+---------+---------+-----+
|Utilization (%)      |        0|     0|       ~0|       ~0|    0|
+---------------------+---------+------+---------+---------+-----+

+ Detail: 
    * Instance: 
    +----------------------+----------------+---------+----+---+------+-----+
    |       Instance       |     Module     | BRAM_18K| DSP| FF|  LUT | URAM|
    +----------------------+----------------+---------+----+---+------+-----+
    |mux_5129_8_1_1_U2740  |mux_5129_8_1_1  |        0|   0|  0|  2693|    0|
    +----------------------+----------------+---------+----+---+------+-----+
    |Total                 |                |        0|   0|  0|  2693|    0|
    +----------------------+----------------+---------+----+---+------+-----+

    * DSP: 
    N/A

    * Memory: 
    N/A

    * FIFO: 
    N/A

    * Expression: 
    +----------------------+----------+----+---+----+------------+------------+
    |     Variable Name    | Operation| DSP| FF| LUT| Bitwidth P0| Bitwidth P1|
    +----------------------+----------+----+---+----+------------+------------+
    |add_ln96_fu_4193_p2   |         +|   0|  0|  17|          10|           1|
    |icmp_ln96_fu_4187_p2  |      icmp|   0|  0|  11|          10|          11|
    |xor_ln99_fu_5239_p2   |       xor|   0|  0|  11|          10|          11|
    +----------------------+----------+----+---+----+------------+------------+
    |Total                 |          |   0|  0|  39|          30|          23|
    +----------------------+----------+----+---+----+------------+------------+

    * Multiplexer: 
    +-------------------------+----+-----------+-----+-----------+
    |           Name          | LUT| Input Size| Bits| Total Bits|
    +-------------------------+----+-----------+-----+-----------+
    |ap_done_int              |   9|          2|    1|          2|
    |ap_sig_allocacmp_ires_1  |   9|          2|   10|         20|
    |ires_fu_1068             |   9|          2|   10|         20|
    |res_address0             |  20|          4|   11|         44|
    +-------------------------+----+-----------+-----+-----------+
    |Total                    |  47|         10|   32|         86|
    +-------------------------+----+-----------+-----+-----------+

    * Register: 
    +--------------+----+----+-----+-----------+
    |     Name     | FF | LUT| Bits| Const Bits|
    +--------------+----+----+-----+-----------+
    |ap_CS_fsm     |   1|   0|    1|          0|
    |ap_done_reg   |   1|   0|    1|          0|
    |ires_fu_1068  |  10|   0|   10|          0|
    +--------------+----+----+-----+-----------+
    |Total         |  12|   0|   12|          0|
    +--------------+----+----+-----+-----------+



================================================================
== Interface
================================================================
* Summary: 
+----------------+-----+-----+------------+---------------------------------------------------------------------------+--------------+
|    RTL Ports   | Dir | Bits|  Protocol  |                               Source Object                               |    C Type    |
+----------------+-----+-----+------------+---------------------------------------------------------------------------+--------------+
|ap_clk          |   in|    1|  ap_ctrl_hs|  dense_resource_rf_leq_nin_d3<ap_fixed,ap_fixed,config2_2>_Pipeline_Result|  return value|
|ap_rst          |   in|    1|  ap_ctrl_hs|  dense_resource_rf_leq_nin_d3<ap_fixed,ap_fixed,config2_2>_Pipeline_Result|  return value|
|ap_start        |   in|    1|  ap_ctrl_hs|  dense_resource_rf_leq_nin_d3<ap_fixed,ap_fixed,config2_2>_Pipeline_Result|  return value|
|ap_done         |  out|    1|  ap_ctrl_hs|  dense_resource_rf_leq_nin_d3<ap_fixed,ap_fixed,config2_2>_Pipeline_Result|  return value|
|ap_idle         |  out|    1|  ap_ctrl_hs|  dense_resource_rf_leq_nin_d3<ap_fixed,ap_fixed,config2_2>_Pipeline_Result|  return value|
|ap_ready        |  out|    1|  ap_ctrl_hs|  dense_resource_rf_leq_nin_d3<ap_fixed,ap_fixed,config2_2>_Pipeline_Result|  return value|
|res_address0    |  out|   11|   ap_memory|                                                                        res|         array|
|res_ce0         |  out|    1|   ap_memory|                                                                        res|         array|
|res_we0         |  out|    1|   ap_memory|                                                                        res|         array|
|res_d0          |  out|    8|   ap_memory|                                                                        res|         array|
|add_ln813_19    |   in|    8|     ap_none|                                                               add_ln813_19|        scalar|
|add_ln813_18    |   in|    8|     ap_none|                                                               add_ln813_18|        scalar|
|add_ln813_20    |   in|    8|     ap_none|                                                               add_ln813_20|        scalar|
|add_ln813_17    |   in|    8|     ap_none|                                                               add_ln813_17|        scalar|
|add_ln813_21    |   in|    8|     ap_none|                                                               add_ln813_21|        scalar|
|add_ln813_16    |   in|    8|     ap_none|                                                               add_ln813_16|        scalar|
|add_ln813_22    |   in|    8|     ap_none|                                                               add_ln813_22|        scalar|
|add_ln813_15    |   in|    8|     ap_none|                                                               add_ln813_15|        scalar|
|add_ln813_23    |   in|    8|     ap_none|                                                               add_ln813_23|        scalar|
|add_ln813_14    |   in|    8|     ap_none|                                                               add_ln813_14|        scalar|
|add_ln813_24    |   in|    8|     ap_none|                                                               add_ln813_24|        scalar|
|add_ln813_13    |   in|    8|     ap_none|                                                               add_ln813_13|        scalar|
|add_ln813_25    |   in|    8|     ap_none|                                                               add_ln813_25|        scalar|
|add_ln813_12    |   in|    8|     ap_none|                                                               add_ln813_12|        scalar|
|add_ln813_26    |   in|    8|     ap_none|                                                               add_ln813_26|        scalar|
|add_ln813_11    |   in|    8|     ap_none|                                                               add_ln813_11|        scalar|
|add_ln813_27    |   in|    8|     ap_none|                                                               add_ln813_27|        scalar|
|add_ln813_10    |   in|    8|     ap_none|                                                               add_ln813_10|        scalar|
|add_ln813_28    |   in|    8|     ap_none|                                                               add_ln813_28|        scalar|
|add_ln813_9     |   in|    8|     ap_none|                                                                add_ln813_9|        scalar|
|add_ln813_29    |   in|    8|     ap_none|                                                               add_ln813_29|        scalar|
|add_ln813_8     |   in|    8|     ap_none|                                                                add_ln813_8|        scalar|
|add_ln813_30    |   in|    8|     ap_none|                                                               add_ln813_30|        scalar|
|add_ln813_7     |   in|    8|     ap_none|                                                                add_ln813_7|        scalar|
|add_ln813_31    |   in|    8|     ap_none|                                                               add_ln813_31|        scalar|
|add_ln813_6     |   in|    8|     ap_none|                                                                add_ln813_6|        scalar|
|add_ln813_32    |   in|    8|     ap_none|                                                               add_ln813_32|        scalar|
|add_ln813_5     |   in|    8|     ap_none|                                                                add_ln813_5|        scalar|
|add_ln813_33    |   in|    8|     ap_none|                                                               add_ln813_33|        scalar|
|add_ln813_4     |   in|    8|     ap_none|                                                                add_ln813_4|        scalar|
|add_ln813_34    |   in|    8|     ap_none|                                                               add_ln813_34|        scalar|
|add_ln813       |   in|    8|     ap_none|                                                                  add_ln813|        scalar|
|add_ln813_35    |   in|    8|     ap_none|                                                               add_ln813_35|        scalar|
|add_ln1347_238  |   in|    8|     ap_none|                                                             add_ln1347_238|        scalar|
|add_ln1347_239  |   in|    8|     ap_none|                                                             add_ln1347_239|        scalar|
|add_ln1347_237  |   in|    8|     ap_none|                                                             add_ln1347_237|        scalar|
|add_ln1347_240  |   in|    8|     ap_none|                                                             add_ln1347_240|        scalar|
|add_ln1347_236  |   in|    8|     ap_none|                                                             add_ln1347_236|        scalar|
|add_ln1347_241  |   in|    8|     ap_none|                                                             add_ln1347_241|        scalar|
|add_ln1347_235  |   in|    8|     ap_none|                                                             add_ln1347_235|        scalar|
|add_ln1347_242  |   in|    8|     ap_none|                                                             add_ln1347_242|        scalar|
|add_ln1347_234  |   in|    8|     ap_none|                                                             add_ln1347_234|        scalar|
|add_ln1347_243  |   in|    8|     ap_none|                                                             add_ln1347_243|        scalar|
|add_ln1347_233  |   in|    8|     ap_none|                                                             add_ln1347_233|        scalar|
|add_ln1347_244  |   in|    8|     ap_none|                                                             add_ln1347_244|        scalar|
|add_ln1347_232  |   in|    8|     ap_none|                                                             add_ln1347_232|        scalar|
|add_ln1347_245  |   in|    8|     ap_none|                                                             add_ln1347_245|        scalar|
|add_ln1347_231  |   in|    8|     ap_none|                                                             add_ln1347_231|        scalar|
|add_ln1347_246  |   in|    8|     ap_none|                                                             add_ln1347_246|        scalar|
|add_ln1347_230  |   in|    8|     ap_none|                                                             add_ln1347_230|        scalar|
|add_ln1347_247  |   in|    8|     ap_none|                                                             add_ln1347_247|        scalar|
|add_ln1347_229  |   in|    8|     ap_none|                                                             add_ln1347_229|        scalar|
|add_ln1347_248  |   in|    8|     ap_none|                                                             add_ln1347_248|        scalar|
|add_ln1347_228  |   in|    8|     ap_none|                                                             add_ln1347_228|        scalar|
|add_ln1347_249  |   in|    8|     ap_none|                                                             add_ln1347_249|        scalar|
|add_ln1347_227  |   in|    8|     ap_none|                                                             add_ln1347_227|        scalar|
|add_ln1347_250  |   in|    8|     ap_none|                                                             add_ln1347_250|        scalar|
|add_ln1347_226  |   in|    8|     ap_none|                                                             add_ln1347_226|        scalar|
|add_ln1347_251  |   in|    8|     ap_none|                                                             add_ln1347_251|        scalar|
|add_ln1347_225  |   in|    8|     ap_none|                                                             add_ln1347_225|        scalar|
|add_ln1347_252  |   in|    8|     ap_none|                                                             add_ln1347_252|        scalar|
|add_ln1347_224  |   in|    8|     ap_none|                                                             add_ln1347_224|        scalar|
|add_ln1347_253  |   in|    8|     ap_none|                                                             add_ln1347_253|        scalar|
|add_ln1347_223  |   in|    8|     ap_none|                                                             add_ln1347_223|        scalar|
|add_ln1347_254  |   in|    8|     ap_none|                                                             add_ln1347_254|        scalar|
|add_ln1347_222  |   in|    8|     ap_none|                                                             add_ln1347_222|        scalar|
|add_ln1347_255  |   in|    8|     ap_none|                                                             add_ln1347_255|        scalar|
|add_ln1347_221  |   in|    8|     ap_none|                                                             add_ln1347_221|        scalar|
|add_ln1347_256  |   in|    8|     ap_none|                                                             add_ln1347_256|        scalar|
|add_ln1347_220  |   in|    8|     ap_none|                                                             add_ln1347_220|        scalar|
|add_ln1347_257  |   in|    8|     ap_none|                                                             add_ln1347_257|        scalar|
|add_ln1347_219  |   in|    8|     ap_none|                                                             add_ln1347_219|        scalar|
|add_ln1347_258  |   in|    8|     ap_none|                                                             add_ln1347_258|        scalar|
|add_ln1347_218  |   in|    8|     ap_none|                                                             add_ln1347_218|        scalar|
|add_ln1347_259  |   in|    8|     ap_none|                                                             add_ln1347_259|        scalar|
|add_ln1347_217  |   in|    8|     ap_none|                                                             add_ln1347_217|        scalar|
|add_ln1347_260  |   in|    8|     ap_none|                                                             add_ln1347_260|        scalar|
|add_ln1347_216  |   in|    8|     ap_none|                                                             add_ln1347_216|        scalar|
|add_ln1347_261  |   in|    8|     ap_none|                                                             add_ln1347_261|        scalar|
|add_ln1347_215  |   in|    8|     ap_none|                                                             add_ln1347_215|        scalar|
|add_ln1347_262  |   in|    8|     ap_none|                                                             add_ln1347_262|        scalar|
|add_ln1347_214  |   in|    8|     ap_none|                                                             add_ln1347_214|        scalar|
|add_ln1347_263  |   in|    8|     ap_none|                                                             add_ln1347_263|        scalar|
|add_ln1347_213  |   in|    8|     ap_none|                                                             add_ln1347_213|        scalar|
|add_ln1347_264  |   in|    8|     ap_none|                                                             add_ln1347_264|        scalar|
|add_ln1347_212  |   in|    8|     ap_none|                                                             add_ln1347_212|        scalar|
|add_ln1347_265  |   in|    8|     ap_none|                                                             add_ln1347_265|        scalar|
|add_ln1347_211  |   in|    8|     ap_none|                                                             add_ln1347_211|        scalar|
|add_ln1347_266  |   in|    8|     ap_none|                                                             add_ln1347_266|        scalar|
|add_ln1347_210  |   in|    8|     ap_none|                                                             add_ln1347_210|        scalar|
|add_ln1347_267  |   in|    8|     ap_none|                                                             add_ln1347_267|        scalar|
|add_ln1347_209  |   in|    8|     ap_none|                                                             add_ln1347_209|        scalar|
|add_ln1347_268  |   in|    8|     ap_none|                                                             add_ln1347_268|        scalar|
|add_ln1347_208  |   in|    8|     ap_none|                                                             add_ln1347_208|        scalar|
|add_ln1347_269  |   in|    8|     ap_none|                                                             add_ln1347_269|        scalar|
|add_ln1347_207  |   in|    8|     ap_none|                                                             add_ln1347_207|        scalar|
|add_ln1347_270  |   in|    8|     ap_none|                                                             add_ln1347_270|        scalar|
|add_ln1347_206  |   in|    8|     ap_none|                                                             add_ln1347_206|        scalar|
|add_ln1347_271  |   in|    8|     ap_none|                                                             add_ln1347_271|        scalar|
|add_ln1347_205  |   in|    8|     ap_none|                                                             add_ln1347_205|        scalar|
|add_ln1347_272  |   in|    8|     ap_none|                                                             add_ln1347_272|        scalar|
|add_ln1347_204  |   in|    8|     ap_none|                                                             add_ln1347_204|        scalar|
|add_ln1347_273  |   in|    8|     ap_none|                                                             add_ln1347_273|        scalar|
|add_ln1347_203  |   in|    8|     ap_none|                                                             add_ln1347_203|        scalar|
|add_ln1347_274  |   in|    8|     ap_none|                                                             add_ln1347_274|        scalar|
|add_ln1347_202  |   in|    8|     ap_none|                                                             add_ln1347_202|        scalar|
|add_ln1347_275  |   in|    8|     ap_none|                                                             add_ln1347_275|        scalar|
|add_ln1347_201  |   in|    8|     ap_none|                                                             add_ln1347_201|        scalar|
|add_ln1347_276  |   in|    8|     ap_none|                                                             add_ln1347_276|        scalar|
|add_ln1347_200  |   in|    8|     ap_none|                                                             add_ln1347_200|        scalar|
|add_ln1347_277  |   in|    8|     ap_none|                                                             add_ln1347_277|        scalar|
|add_ln1347_199  |   in|    8|     ap_none|                                                             add_ln1347_199|        scalar|
|add_ln1347_278  |   in|    8|     ap_none|                                                             add_ln1347_278|        scalar|
|add_ln1347_198  |   in|    8|     ap_none|                                                             add_ln1347_198|        scalar|
|add_ln1347_279  |   in|    8|     ap_none|                                                             add_ln1347_279|        scalar|
|add_ln1347_197  |   in|    8|     ap_none|                                                             add_ln1347_197|        scalar|
|add_ln1347_280  |   in|    8|     ap_none|                                                             add_ln1347_280|        scalar|
|add_ln1347_196  |   in|    8|     ap_none|                                                             add_ln1347_196|        scalar|
|add_ln1347_281  |   in|    8|     ap_none|                                                             add_ln1347_281|        scalar|
|add_ln1347_195  |   in|    8|     ap_none|                                                             add_ln1347_195|        scalar|
|add_ln1347_282  |   in|    8|     ap_none|                                                             add_ln1347_282|        scalar|
|add_ln1347_194  |   in|    8|     ap_none|                                                             add_ln1347_194|        scalar|
|add_ln1347_283  |   in|    8|     ap_none|                                                             add_ln1347_283|        scalar|
|add_ln1347_193  |   in|    8|     ap_none|                                                             add_ln1347_193|        scalar|
|add_ln1347_284  |   in|    8|     ap_none|                                                             add_ln1347_284|        scalar|
|add_ln1347_192  |   in|    8|     ap_none|                                                             add_ln1347_192|        scalar|
|add_ln1347_285  |   in|    8|     ap_none|                                                             add_ln1347_285|        scalar|
|add_ln1347_191  |   in|    8|     ap_none|                                                             add_ln1347_191|        scalar|
|add_ln1347_286  |   in|    8|     ap_none|                                                             add_ln1347_286|        scalar|
|add_ln1347_190  |   in|    8|     ap_none|                                                             add_ln1347_190|        scalar|
|add_ln1347_287  |   in|    8|     ap_none|                                                             add_ln1347_287|        scalar|
|add_ln1347_189  |   in|    8|     ap_none|                                                             add_ln1347_189|        scalar|
|add_ln1347_288  |   in|    8|     ap_none|                                                             add_ln1347_288|        scalar|
|add_ln1347_188  |   in|    8|     ap_none|                                                             add_ln1347_188|        scalar|
|add_ln1347_289  |   in|    8|     ap_none|                                                             add_ln1347_289|        scalar|
|add_ln1347_187  |   in|    8|     ap_none|                                                             add_ln1347_187|        scalar|
|add_ln1347_290  |   in|    8|     ap_none|                                                             add_ln1347_290|        scalar|
|add_ln1347_186  |   in|    8|     ap_none|                                                             add_ln1347_186|        scalar|
|add_ln1347_291  |   in|    8|     ap_none|                                                             add_ln1347_291|        scalar|
|add_ln1347_185  |   in|    8|     ap_none|                                                             add_ln1347_185|        scalar|
|add_ln1347_292  |   in|    8|     ap_none|                                                             add_ln1347_292|        scalar|
|add_ln1347_184  |   in|    8|     ap_none|                                                             add_ln1347_184|        scalar|
|add_ln1347_293  |   in|    8|     ap_none|                                                             add_ln1347_293|        scalar|
|add_ln1347_183  |   in|    8|     ap_none|                                                             add_ln1347_183|        scalar|
|add_ln1347_294  |   in|    8|     ap_none|                                                             add_ln1347_294|        scalar|
|add_ln1347_182  |   in|    8|     ap_none|                                                             add_ln1347_182|        scalar|
|add_ln1347_295  |   in|    8|     ap_none|                                                             add_ln1347_295|        scalar|
|add_ln1347_181  |   in|    8|     ap_none|                                                             add_ln1347_181|        scalar|
|add_ln1347_296  |   in|    8|     ap_none|                                                             add_ln1347_296|        scalar|
|add_ln1347_180  |   in|    8|     ap_none|                                                             add_ln1347_180|        scalar|
|add_ln1347_297  |   in|    8|     ap_none|                                                             add_ln1347_297|        scalar|
|add_ln1347_179  |   in|    8|     ap_none|                                                             add_ln1347_179|        scalar|
|add_ln1347_298  |   in|    8|     ap_none|                                                             add_ln1347_298|        scalar|
|add_ln1347_178  |   in|    8|     ap_none|                                                             add_ln1347_178|        scalar|
|add_ln1347_299  |   in|    8|     ap_none|                                                             add_ln1347_299|        scalar|
|add_ln1347_177  |   in|    8|     ap_none|                                                             add_ln1347_177|        scalar|
|add_ln1347_300  |   in|    8|     ap_none|                                                             add_ln1347_300|        scalar|
|add_ln1347_176  |   in|    8|     ap_none|                                                             add_ln1347_176|        scalar|
|add_ln1347_301  |   in|    8|     ap_none|                                                             add_ln1347_301|        scalar|
|add_ln1347_175  |   in|    8|     ap_none|                                                             add_ln1347_175|        scalar|
|add_ln1347_302  |   in|    8|     ap_none|                                                             add_ln1347_302|        scalar|
|add_ln1347_174  |   in|    8|     ap_none|                                                             add_ln1347_174|        scalar|
|add_ln1347_303  |   in|    8|     ap_none|                                                             add_ln1347_303|        scalar|
|add_ln1347_173  |   in|    8|     ap_none|                                                             add_ln1347_173|        scalar|
|add_ln1347_304  |   in|    8|     ap_none|                                                             add_ln1347_304|        scalar|
|add_ln1347_172  |   in|    8|     ap_none|                                                             add_ln1347_172|        scalar|
|add_ln1347_305  |   in|    8|     ap_none|                                                             add_ln1347_305|        scalar|
|add_ln1347_171  |   in|    8|     ap_none|                                                             add_ln1347_171|        scalar|
|add_ln1347_306  |   in|    8|     ap_none|                                                             add_ln1347_306|        scalar|
|add_ln1347_170  |   in|    8|     ap_none|                                                             add_ln1347_170|        scalar|
|add_ln1347_307  |   in|    8|     ap_none|                                                             add_ln1347_307|        scalar|
|add_ln1347_169  |   in|    8|     ap_none|                                                             add_ln1347_169|        scalar|
|add_ln1347_308  |   in|    8|     ap_none|                                                             add_ln1347_308|        scalar|
|add_ln1347_168  |   in|    8|     ap_none|                                                             add_ln1347_168|        scalar|
|add_ln1347_309  |   in|    8|     ap_none|                                                             add_ln1347_309|        scalar|
|add_ln1347_167  |   in|    8|     ap_none|                                                             add_ln1347_167|        scalar|
|add_ln1347_310  |   in|    8|     ap_none|                                                             add_ln1347_310|        scalar|
|add_ln1347_166  |   in|    8|     ap_none|                                                             add_ln1347_166|        scalar|
|add_ln1347_311  |   in|    8|     ap_none|                                                             add_ln1347_311|        scalar|
|add_ln1347_165  |   in|    8|     ap_none|                                                             add_ln1347_165|        scalar|
|add_ln1347_312  |   in|    8|     ap_none|                                                             add_ln1347_312|        scalar|
|add_ln1347_164  |   in|    8|     ap_none|                                                             add_ln1347_164|        scalar|
|add_ln1347_313  |   in|    8|     ap_none|                                                             add_ln1347_313|        scalar|
|add_ln1347_163  |   in|    8|     ap_none|                                                             add_ln1347_163|        scalar|
|add_ln1347_314  |   in|    8|     ap_none|                                                             add_ln1347_314|        scalar|
|add_ln1347_162  |   in|    8|     ap_none|                                                             add_ln1347_162|        scalar|
|add_ln1347_315  |   in|    8|     ap_none|                                                             add_ln1347_315|        scalar|
|add_ln1347_161  |   in|    8|     ap_none|                                                             add_ln1347_161|        scalar|
|add_ln1347_316  |   in|    8|     ap_none|                                                             add_ln1347_316|        scalar|
|add_ln1347_160  |   in|    8|     ap_none|                                                             add_ln1347_160|        scalar|
|add_ln1347_317  |   in|    8|     ap_none|                                                             add_ln1347_317|        scalar|
|add_ln1347_159  |   in|    8|     ap_none|                                                             add_ln1347_159|        scalar|
|add_ln1347_318  |   in|    8|     ap_none|                                                             add_ln1347_318|        scalar|
|add_ln1347_158  |   in|    8|     ap_none|                                                             add_ln1347_158|        scalar|
|add_ln1347_319  |   in|    8|     ap_none|                                                             add_ln1347_319|        scalar|
|add_ln1347_157  |   in|    8|     ap_none|                                                             add_ln1347_157|        scalar|
|add_ln1347_320  |   in|    8|     ap_none|                                                             add_ln1347_320|        scalar|
|add_ln1347_156  |   in|    8|     ap_none|                                                             add_ln1347_156|        scalar|
|add_ln1347_321  |   in|    8|     ap_none|                                                             add_ln1347_321|        scalar|
|add_ln1347_155  |   in|    8|     ap_none|                                                             add_ln1347_155|        scalar|
|add_ln1347_322  |   in|    8|     ap_none|                                                             add_ln1347_322|        scalar|
|add_ln1347_154  |   in|    8|     ap_none|                                                             add_ln1347_154|        scalar|
|add_ln1347_323  |   in|    8|     ap_none|                                                             add_ln1347_323|        scalar|
|add_ln1347_153  |   in|    8|     ap_none|                                                             add_ln1347_153|        scalar|
|add_ln1347_324  |   in|    8|     ap_none|                                                             add_ln1347_324|        scalar|
|add_ln1347_152  |   in|    8|     ap_none|                                                             add_ln1347_152|        scalar|
|add_ln1347_325  |   in|    8|     ap_none|                                                             add_ln1347_325|        scalar|
|add_ln1347_151  |   in|    8|     ap_none|                                                             add_ln1347_151|        scalar|
|add_ln1347_326  |   in|    8|     ap_none|                                                             add_ln1347_326|        scalar|
|add_ln1347_150  |   in|    8|     ap_none|                                                             add_ln1347_150|        scalar|
|add_ln1347_327  |   in|    8|     ap_none|                                                             add_ln1347_327|        scalar|
|add_ln1347_149  |   in|    8|     ap_none|                                                             add_ln1347_149|        scalar|
|add_ln1347_328  |   in|    8|     ap_none|                                                             add_ln1347_328|        scalar|
|add_ln1347_148  |   in|    8|     ap_none|                                                             add_ln1347_148|        scalar|
|add_ln1347_329  |   in|    8|     ap_none|                                                             add_ln1347_329|        scalar|
|add_ln1347_147  |   in|    8|     ap_none|                                                             add_ln1347_147|        scalar|
|add_ln1347_330  |   in|    8|     ap_none|                                                             add_ln1347_330|        scalar|
|add_ln1347_146  |   in|    8|     ap_none|                                                             add_ln1347_146|        scalar|
|add_ln1347_331  |   in|    8|     ap_none|                                                             add_ln1347_331|        scalar|
|add_ln1347_145  |   in|    8|     ap_none|                                                             add_ln1347_145|        scalar|
|add_ln1347_332  |   in|    8|     ap_none|                                                             add_ln1347_332|        scalar|
|add_ln1347_144  |   in|    8|     ap_none|                                                             add_ln1347_144|        scalar|
|add_ln1347_333  |   in|    8|     ap_none|                                                             add_ln1347_333|        scalar|
|add_ln1347_143  |   in|    8|     ap_none|                                                             add_ln1347_143|        scalar|
|add_ln1347_334  |   in|    8|     ap_none|                                                             add_ln1347_334|        scalar|
|add_ln1347_142  |   in|    8|     ap_none|                                                             add_ln1347_142|        scalar|
|add_ln1347_335  |   in|    8|     ap_none|                                                             add_ln1347_335|        scalar|
|add_ln1347_141  |   in|    8|     ap_none|                                                             add_ln1347_141|        scalar|
|add_ln1347_336  |   in|    8|     ap_none|                                                             add_ln1347_336|        scalar|
|add_ln1347_140  |   in|    8|     ap_none|                                                             add_ln1347_140|        scalar|
|add_ln1347_337  |   in|    8|     ap_none|                                                             add_ln1347_337|        scalar|
|add_ln1347_139  |   in|    8|     ap_none|                                                             add_ln1347_139|        scalar|
|add_ln1347_338  |   in|    8|     ap_none|                                                             add_ln1347_338|        scalar|
|add_ln1347_138  |   in|    8|     ap_none|                                                             add_ln1347_138|        scalar|
|add_ln1347_339  |   in|    8|     ap_none|                                                             add_ln1347_339|        scalar|
|add_ln1347_137  |   in|    8|     ap_none|                                                             add_ln1347_137|        scalar|
|add_ln1347_340  |   in|    8|     ap_none|                                                             add_ln1347_340|        scalar|
|add_ln1347_136  |   in|    8|     ap_none|                                                             add_ln1347_136|        scalar|
|add_ln1347_341  |   in|    8|     ap_none|                                                             add_ln1347_341|        scalar|
|add_ln1347_135  |   in|    8|     ap_none|                                                             add_ln1347_135|        scalar|
|add_ln1347_342  |   in|    8|     ap_none|                                                             add_ln1347_342|        scalar|
|add_ln1347_134  |   in|    8|     ap_none|                                                             add_ln1347_134|        scalar|
|add_ln1347_343  |   in|    8|     ap_none|                                                             add_ln1347_343|        scalar|
|add_ln1347_133  |   in|    8|     ap_none|                                                             add_ln1347_133|        scalar|
|add_ln1347_344  |   in|    8|     ap_none|                                                             add_ln1347_344|        scalar|
|add_ln1347_132  |   in|    8|     ap_none|                                                             add_ln1347_132|        scalar|
|add_ln1347_345  |   in|    8|     ap_none|                                                             add_ln1347_345|        scalar|
|add_ln1347_131  |   in|    8|     ap_none|                                                             add_ln1347_131|        scalar|
|add_ln1347_346  |   in|    8|     ap_none|                                                             add_ln1347_346|        scalar|
|add_ln1347_130  |   in|    8|     ap_none|                                                             add_ln1347_130|        scalar|
|add_ln1347_347  |   in|    8|     ap_none|                                                             add_ln1347_347|        scalar|
|add_ln1347_129  |   in|    8|     ap_none|                                                             add_ln1347_129|        scalar|
|add_ln1347_348  |   in|    8|     ap_none|                                                             add_ln1347_348|        scalar|
|add_ln1347_128  |   in|    8|     ap_none|                                                             add_ln1347_128|        scalar|
|add_ln1347_349  |   in|    8|     ap_none|                                                             add_ln1347_349|        scalar|
|add_ln1347_127  |   in|    8|     ap_none|                                                             add_ln1347_127|        scalar|
|add_ln1347_350  |   in|    8|     ap_none|                                                             add_ln1347_350|        scalar|
|add_ln1347_126  |   in|    8|     ap_none|                                                             add_ln1347_126|        scalar|
|add_ln1347_351  |   in|    8|     ap_none|                                                             add_ln1347_351|        scalar|
|add_ln1347_125  |   in|    8|     ap_none|                                                             add_ln1347_125|        scalar|
|add_ln1347_352  |   in|    8|     ap_none|                                                             add_ln1347_352|        scalar|
|add_ln1347_124  |   in|    8|     ap_none|                                                             add_ln1347_124|        scalar|
|add_ln1347_353  |   in|    8|     ap_none|                                                             add_ln1347_353|        scalar|
|add_ln1347_123  |   in|    8|     ap_none|                                                             add_ln1347_123|        scalar|
|add_ln1347_354  |   in|    8|     ap_none|                                                             add_ln1347_354|        scalar|
|add_ln1347_122  |   in|    8|     ap_none|                                                             add_ln1347_122|        scalar|
|add_ln1347_355  |   in|    8|     ap_none|                                                             add_ln1347_355|        scalar|
|add_ln1347_121  |   in|    8|     ap_none|                                                             add_ln1347_121|        scalar|
|add_ln1347_356  |   in|    8|     ap_none|                                                             add_ln1347_356|        scalar|
|add_ln1347_120  |   in|    8|     ap_none|                                                             add_ln1347_120|        scalar|
|add_ln1347_357  |   in|    8|     ap_none|                                                             add_ln1347_357|        scalar|
|add_ln1347_119  |   in|    8|     ap_none|                                                             add_ln1347_119|        scalar|
|add_ln1347_358  |   in|    8|     ap_none|                                                             add_ln1347_358|        scalar|
|add_ln1347_118  |   in|    8|     ap_none|                                                             add_ln1347_118|        scalar|
|add_ln1347_359  |   in|    8|     ap_none|                                                             add_ln1347_359|        scalar|
|add_ln1347_117  |   in|    8|     ap_none|                                                             add_ln1347_117|        scalar|
|add_ln1347_360  |   in|    8|     ap_none|                                                             add_ln1347_360|        scalar|
|add_ln1347_116  |   in|    8|     ap_none|                                                             add_ln1347_116|        scalar|
|add_ln1347_361  |   in|    8|     ap_none|                                                             add_ln1347_361|        scalar|
|add_ln1347_115  |   in|    8|     ap_none|                                                             add_ln1347_115|        scalar|
|add_ln1347_362  |   in|    8|     ap_none|                                                             add_ln1347_362|        scalar|
|add_ln1347_114  |   in|    8|     ap_none|                                                             add_ln1347_114|        scalar|
|add_ln1347_363  |   in|    8|     ap_none|                                                             add_ln1347_363|        scalar|
|add_ln1347_113  |   in|    8|     ap_none|                                                             add_ln1347_113|        scalar|
|add_ln1347_364  |   in|    8|     ap_none|                                                             add_ln1347_364|        scalar|
|add_ln1347_112  |   in|    8|     ap_none|                                                             add_ln1347_112|        scalar|
|add_ln1347_365  |   in|    8|     ap_none|                                                             add_ln1347_365|        scalar|
|add_ln1347_111  |   in|    8|     ap_none|                                                             add_ln1347_111|        scalar|
|add_ln1347_366  |   in|    8|     ap_none|                                                             add_ln1347_366|        scalar|
|add_ln1347_110  |   in|    8|     ap_none|                                                             add_ln1347_110|        scalar|
|add_ln1347_367  |   in|    8|     ap_none|                                                             add_ln1347_367|        scalar|
|add_ln1347_109  |   in|    8|     ap_none|                                                             add_ln1347_109|        scalar|
|add_ln1347_368  |   in|    8|     ap_none|                                                             add_ln1347_368|        scalar|
|add_ln1347_108  |   in|    8|     ap_none|                                                             add_ln1347_108|        scalar|
|add_ln1347_369  |   in|    8|     ap_none|                                                             add_ln1347_369|        scalar|
|add_ln1347_107  |   in|    8|     ap_none|                                                             add_ln1347_107|        scalar|
|add_ln1347_370  |   in|    8|     ap_none|                                                             add_ln1347_370|        scalar|
|add_ln1347_106  |   in|    8|     ap_none|                                                             add_ln1347_106|        scalar|
|add_ln1347_371  |   in|    8|     ap_none|                                                             add_ln1347_371|        scalar|
|add_ln1347_105  |   in|    8|     ap_none|                                                             add_ln1347_105|        scalar|
|add_ln1347_372  |   in|    8|     ap_none|                                                             add_ln1347_372|        scalar|
|add_ln1347_104  |   in|    8|     ap_none|                                                             add_ln1347_104|        scalar|
|add_ln1347_373  |   in|    8|     ap_none|                                                             add_ln1347_373|        scalar|
|add_ln1347_103  |   in|    8|     ap_none|                                                             add_ln1347_103|        scalar|
|add_ln1347_374  |   in|    8|     ap_none|                                                             add_ln1347_374|        scalar|
|add_ln1347_102  |   in|    8|     ap_none|                                                             add_ln1347_102|        scalar|
|add_ln1347_375  |   in|    8|     ap_none|                                                             add_ln1347_375|        scalar|
|add_ln1347_101  |   in|    8|     ap_none|                                                             add_ln1347_101|        scalar|
|add_ln1347_376  |   in|    8|     ap_none|                                                             add_ln1347_376|        scalar|
|add_ln1347_100  |   in|    8|     ap_none|                                                             add_ln1347_100|        scalar|
|add_ln1347_377  |   in|    8|     ap_none|                                                             add_ln1347_377|        scalar|
|add_ln1347_99   |   in|    8|     ap_none|                                                              add_ln1347_99|        scalar|
|add_ln1347_378  |   in|    8|     ap_none|                                                             add_ln1347_378|        scalar|
|add_ln1347_98   |   in|    8|     ap_none|                                                              add_ln1347_98|        scalar|
|add_ln1347_379  |   in|    8|     ap_none|                                                             add_ln1347_379|        scalar|
|add_ln1347_97   |   in|    8|     ap_none|                                                              add_ln1347_97|        scalar|
|add_ln1347_380  |   in|    8|     ap_none|                                                             add_ln1347_380|        scalar|
|add_ln1347_96   |   in|    8|     ap_none|                                                              add_ln1347_96|        scalar|
|add_ln1347_381  |   in|    8|     ap_none|                                                             add_ln1347_381|        scalar|
|add_ln1347_95   |   in|    8|     ap_none|                                                              add_ln1347_95|        scalar|
|add_ln1347_382  |   in|    8|     ap_none|                                                             add_ln1347_382|        scalar|
|add_ln1347_94   |   in|    8|     ap_none|                                                              add_ln1347_94|        scalar|
|add_ln1347_383  |   in|    8|     ap_none|                                                             add_ln1347_383|        scalar|
|add_ln1347_93   |   in|    8|     ap_none|                                                              add_ln1347_93|        scalar|
|add_ln1347_384  |   in|    8|     ap_none|                                                             add_ln1347_384|        scalar|
|add_ln1347_92   |   in|    8|     ap_none|                                                              add_ln1347_92|        scalar|
|add_ln1347_385  |   in|    8|     ap_none|                                                             add_ln1347_385|        scalar|
|add_ln1347_91   |   in|    8|     ap_none|                                                              add_ln1347_91|        scalar|
|add_ln1347_386  |   in|    8|     ap_none|                                                             add_ln1347_386|        scalar|
|add_ln1347_90   |   in|    8|     ap_none|                                                              add_ln1347_90|        scalar|
|add_ln1347_387  |   in|    8|     ap_none|                                                             add_ln1347_387|        scalar|
|add_ln1347_89   |   in|    8|     ap_none|                                                              add_ln1347_89|        scalar|
|add_ln1347_388  |   in|    8|     ap_none|                                                             add_ln1347_388|        scalar|
|add_ln1347_88   |   in|    8|     ap_none|                                                              add_ln1347_88|        scalar|
|add_ln1347_389  |   in|    8|     ap_none|                                                             add_ln1347_389|        scalar|
|add_ln1347_87   |   in|    8|     ap_none|                                                              add_ln1347_87|        scalar|
|add_ln1347_390  |   in|    8|     ap_none|                                                             add_ln1347_390|        scalar|
|add_ln1347_86   |   in|    8|     ap_none|                                                              add_ln1347_86|        scalar|
|add_ln1347_391  |   in|    8|     ap_none|                                                             add_ln1347_391|        scalar|
|add_ln1347_85   |   in|    8|     ap_none|                                                              add_ln1347_85|        scalar|
|add_ln1347_392  |   in|    8|     ap_none|                                                             add_ln1347_392|        scalar|
|add_ln1347_84   |   in|    8|     ap_none|                                                              add_ln1347_84|        scalar|
|add_ln1347_393  |   in|    8|     ap_none|                                                             add_ln1347_393|        scalar|
|add_ln1347_83   |   in|    8|     ap_none|                                                              add_ln1347_83|        scalar|
|add_ln1347_394  |   in|    8|     ap_none|                                                             add_ln1347_394|        scalar|
|add_ln1347_82   |   in|    8|     ap_none|                                                              add_ln1347_82|        scalar|
|add_ln1347_395  |   in|    8|     ap_none|                                                             add_ln1347_395|        scalar|
|add_ln1347_81   |   in|    8|     ap_none|                                                              add_ln1347_81|        scalar|
|add_ln1347_396  |   in|    8|     ap_none|                                                             add_ln1347_396|        scalar|
|add_ln1347_80   |   in|    8|     ap_none|                                                              add_ln1347_80|        scalar|
|add_ln1347_397  |   in|    8|     ap_none|                                                             add_ln1347_397|        scalar|
|add_ln1347_79   |   in|    8|     ap_none|                                                              add_ln1347_79|        scalar|
|add_ln1347_398  |   in|    8|     ap_none|                                                             add_ln1347_398|        scalar|
|add_ln1347_78   |   in|    8|     ap_none|                                                              add_ln1347_78|        scalar|
|add_ln1347_399  |   in|    8|     ap_none|                                                             add_ln1347_399|        scalar|
|add_ln1347_77   |   in|    8|     ap_none|                                                              add_ln1347_77|        scalar|
|add_ln1347_400  |   in|    8|     ap_none|                                                             add_ln1347_400|        scalar|
|add_ln1347_76   |   in|    8|     ap_none|                                                              add_ln1347_76|        scalar|
|add_ln1347_401  |   in|    8|     ap_none|                                                             add_ln1347_401|        scalar|
|add_ln1347_75   |   in|    8|     ap_none|                                                              add_ln1347_75|        scalar|
|add_ln1347_402  |   in|    8|     ap_none|                                                             add_ln1347_402|        scalar|
|add_ln1347_74   |   in|    8|     ap_none|                                                              add_ln1347_74|        scalar|
|add_ln1347_403  |   in|    8|     ap_none|                                                             add_ln1347_403|        scalar|
|add_ln1347_73   |   in|    8|     ap_none|                                                              add_ln1347_73|        scalar|
|add_ln1347_404  |   in|    8|     ap_none|                                                             add_ln1347_404|        scalar|
|add_ln1347_72   |   in|    8|     ap_none|                                                              add_ln1347_72|        scalar|
|add_ln1347_405  |   in|    8|     ap_none|                                                             add_ln1347_405|        scalar|
|add_ln1347_71   |   in|    8|     ap_none|                                                              add_ln1347_71|        scalar|
|add_ln1347_406  |   in|    8|     ap_none|                                                             add_ln1347_406|        scalar|
|add_ln1347_70   |   in|    8|     ap_none|                                                              add_ln1347_70|        scalar|
|add_ln1347_407  |   in|    8|     ap_none|                                                             add_ln1347_407|        scalar|
|add_ln1347_69   |   in|    8|     ap_none|                                                              add_ln1347_69|        scalar|
|add_ln1347_408  |   in|    8|     ap_none|                                                             add_ln1347_408|        scalar|
|add_ln1347_68   |   in|    8|     ap_none|                                                              add_ln1347_68|        scalar|
|add_ln1347_409  |   in|    8|     ap_none|                                                             add_ln1347_409|        scalar|
|add_ln1347_67   |   in|    8|     ap_none|                                                              add_ln1347_67|        scalar|
|add_ln1347_410  |   in|    8|     ap_none|                                                             add_ln1347_410|        scalar|
|add_ln1347_66   |   in|    8|     ap_none|                                                              add_ln1347_66|        scalar|
|add_ln1347_411  |   in|    8|     ap_none|                                                             add_ln1347_411|        scalar|
|add_ln1347_65   |   in|    8|     ap_none|                                                              add_ln1347_65|        scalar|
|add_ln1347_412  |   in|    8|     ap_none|                                                             add_ln1347_412|        scalar|
|add_ln1347_64   |   in|    8|     ap_none|                                                              add_ln1347_64|        scalar|
|add_ln1347_413  |   in|    8|     ap_none|                                                             add_ln1347_413|        scalar|
|add_ln1347_63   |   in|    8|     ap_none|                                                              add_ln1347_63|        scalar|
|add_ln1347_414  |   in|    8|     ap_none|                                                             add_ln1347_414|        scalar|
|add_ln1347_62   |   in|    8|     ap_none|                                                              add_ln1347_62|        scalar|
|add_ln1347_415  |   in|    8|     ap_none|                                                             add_ln1347_415|        scalar|
|add_ln1347_61   |   in|    8|     ap_none|                                                              add_ln1347_61|        scalar|
|add_ln1347_416  |   in|    8|     ap_none|                                                             add_ln1347_416|        scalar|
|add_ln1347_60   |   in|    8|     ap_none|                                                              add_ln1347_60|        scalar|
|add_ln1347_417  |   in|    8|     ap_none|                                                             add_ln1347_417|        scalar|
|add_ln1347_59   |   in|    8|     ap_none|                                                              add_ln1347_59|        scalar|
|add_ln1347_418  |   in|    8|     ap_none|                                                             add_ln1347_418|        scalar|
|add_ln1347_58   |   in|    8|     ap_none|                                                              add_ln1347_58|        scalar|
|add_ln1347_419  |   in|    8|     ap_none|                                                             add_ln1347_419|        scalar|
|add_ln1347_57   |   in|    8|     ap_none|                                                              add_ln1347_57|        scalar|
|add_ln1347_420  |   in|    8|     ap_none|                                                             add_ln1347_420|        scalar|
|add_ln1347_56   |   in|    8|     ap_none|                                                              add_ln1347_56|        scalar|
|add_ln1347_421  |   in|    8|     ap_none|                                                             add_ln1347_421|        scalar|
|add_ln1347_55   |   in|    8|     ap_none|                                                              add_ln1347_55|        scalar|
|add_ln1347_422  |   in|    8|     ap_none|                                                             add_ln1347_422|        scalar|
|add_ln1347_54   |   in|    8|     ap_none|                                                              add_ln1347_54|        scalar|
|add_ln1347_423  |   in|    8|     ap_none|                                                             add_ln1347_423|        scalar|
|add_ln1347_53   |   in|    8|     ap_none|                                                              add_ln1347_53|        scalar|
|add_ln1347_424  |   in|    8|     ap_none|                                                             add_ln1347_424|        scalar|
|add_ln1347_52   |   in|    8|     ap_none|                                                              add_ln1347_52|        scalar|
|add_ln1347_425  |   in|    8|     ap_none|                                                             add_ln1347_425|        scalar|
|add_ln1347_51   |   in|    8|     ap_none|                                                              add_ln1347_51|        scalar|
|add_ln1347_426  |   in|    8|     ap_none|                                                             add_ln1347_426|        scalar|
|add_ln1347_50   |   in|    8|     ap_none|                                                              add_ln1347_50|        scalar|
|add_ln1347_427  |   in|    8|     ap_none|                                                             add_ln1347_427|        scalar|
|add_ln1347_49   |   in|    8|     ap_none|                                                              add_ln1347_49|        scalar|
|add_ln1347_428  |   in|    8|     ap_none|                                                             add_ln1347_428|        scalar|
|add_ln1347_48   |   in|    8|     ap_none|                                                              add_ln1347_48|        scalar|
|add_ln1347_429  |   in|    8|     ap_none|                                                             add_ln1347_429|        scalar|
|add_ln1347_47   |   in|    8|     ap_none|                                                              add_ln1347_47|        scalar|
|add_ln1347_430  |   in|    8|     ap_none|                                                             add_ln1347_430|        scalar|
|add_ln1347_46   |   in|    8|     ap_none|                                                              add_ln1347_46|        scalar|
|add_ln1347_431  |   in|    8|     ap_none|                                                             add_ln1347_431|        scalar|
|add_ln1347_45   |   in|    8|     ap_none|                                                              add_ln1347_45|        scalar|
|add_ln1347_432  |   in|    8|     ap_none|                                                             add_ln1347_432|        scalar|
|add_ln1347_44   |   in|    8|     ap_none|                                                              add_ln1347_44|        scalar|
|add_ln1347_433  |   in|    8|     ap_none|                                                             add_ln1347_433|        scalar|
|add_ln1347_43   |   in|    8|     ap_none|                                                              add_ln1347_43|        scalar|
|add_ln1347_434  |   in|    8|     ap_none|                                                             add_ln1347_434|        scalar|
|add_ln1347_42   |   in|    8|     ap_none|                                                              add_ln1347_42|        scalar|
|add_ln1347_435  |   in|    8|     ap_none|                                                             add_ln1347_435|        scalar|
|add_ln1347_41   |   in|    8|     ap_none|                                                              add_ln1347_41|        scalar|
|add_ln1347_436  |   in|    8|     ap_none|                                                             add_ln1347_436|        scalar|
|add_ln1347_40   |   in|    8|     ap_none|                                                              add_ln1347_40|        scalar|
|add_ln1347_437  |   in|    8|     ap_none|                                                             add_ln1347_437|        scalar|
|add_ln1347_39   |   in|    8|     ap_none|                                                              add_ln1347_39|        scalar|
|add_ln1347_438  |   in|    8|     ap_none|                                                             add_ln1347_438|        scalar|
|add_ln1347_38   |   in|    8|     ap_none|                                                              add_ln1347_38|        scalar|
|add_ln1347_439  |   in|    8|     ap_none|                                                             add_ln1347_439|        scalar|
|add_ln1347_37   |   in|    8|     ap_none|                                                              add_ln1347_37|        scalar|
|add_ln1347_440  |   in|    8|     ap_none|                                                             add_ln1347_440|        scalar|
|add_ln1347_36   |   in|    8|     ap_none|                                                              add_ln1347_36|        scalar|
|add_ln1347_441  |   in|    8|     ap_none|                                                             add_ln1347_441|        scalar|
|add_ln1347_35   |   in|    8|     ap_none|                                                              add_ln1347_35|        scalar|
|add_ln1347_442  |   in|    8|     ap_none|                                                             add_ln1347_442|        scalar|
|add_ln1347_34   |   in|    8|     ap_none|                                                              add_ln1347_34|        scalar|
|add_ln1347_443  |   in|    8|     ap_none|                                                             add_ln1347_443|        scalar|
|add_ln1347_33   |   in|    8|     ap_none|                                                              add_ln1347_33|        scalar|
|add_ln1347_444  |   in|    8|     ap_none|                                                             add_ln1347_444|        scalar|
|add_ln1347_32   |   in|    8|     ap_none|                                                              add_ln1347_32|        scalar|
|add_ln1347_445  |   in|    8|     ap_none|                                                             add_ln1347_445|        scalar|
|add_ln1347_31   |   in|    8|     ap_none|                                                              add_ln1347_31|        scalar|
|add_ln1347_446  |   in|    8|     ap_none|                                                             add_ln1347_446|        scalar|
|add_ln1347_30   |   in|    8|     ap_none|                                                              add_ln1347_30|        scalar|
|add_ln1347_447  |   in|    8|     ap_none|                                                             add_ln1347_447|        scalar|
|add_ln1347_29   |   in|    8|     ap_none|                                                              add_ln1347_29|        scalar|
|add_ln1347_448  |   in|    8|     ap_none|                                                             add_ln1347_448|        scalar|
|add_ln1347_28   |   in|    8|     ap_none|                                                              add_ln1347_28|        scalar|
|add_ln1347_449  |   in|    8|     ap_none|                                                             add_ln1347_449|        scalar|
|add_ln1347_27   |   in|    8|     ap_none|                                                              add_ln1347_27|        scalar|
|add_ln1347_450  |   in|    8|     ap_none|                                                             add_ln1347_450|        scalar|
|add_ln1347_26   |   in|    8|     ap_none|                                                              add_ln1347_26|        scalar|
|add_ln1347_451  |   in|    8|     ap_none|                                                             add_ln1347_451|        scalar|
|add_ln1347_25   |   in|    8|     ap_none|                                                              add_ln1347_25|        scalar|
|add_ln1347_452  |   in|    8|     ap_none|                                                             add_ln1347_452|        scalar|
|add_ln1347_24   |   in|    8|     ap_none|                                                              add_ln1347_24|        scalar|
|add_ln1347_453  |   in|    8|     ap_none|                                                             add_ln1347_453|        scalar|
|add_ln1347_23   |   in|    8|     ap_none|                                                              add_ln1347_23|        scalar|
|add_ln1347_454  |   in|    8|     ap_none|                                                             add_ln1347_454|        scalar|
|add_ln1347_22   |   in|    8|     ap_none|                                                              add_ln1347_22|        scalar|
|add_ln1347_455  |   in|    8|     ap_none|                                                             add_ln1347_455|        scalar|
|add_ln1347_21   |   in|    8|     ap_none|                                                              add_ln1347_21|        scalar|
|add_ln1347_456  |   in|    8|     ap_none|                                                             add_ln1347_456|        scalar|
|add_ln1347_20   |   in|    8|     ap_none|                                                              add_ln1347_20|        scalar|
|add_ln1347_457  |   in|    8|     ap_none|                                                             add_ln1347_457|        scalar|
|add_ln1347_19   |   in|    8|     ap_none|                                                              add_ln1347_19|        scalar|
|add_ln1347_458  |   in|    8|     ap_none|                                                             add_ln1347_458|        scalar|
|add_ln1347_18   |   in|    8|     ap_none|                                                              add_ln1347_18|        scalar|
|add_ln1347_459  |   in|    8|     ap_none|                                                             add_ln1347_459|        scalar|
|add_ln1347_17   |   in|    8|     ap_none|                                                              add_ln1347_17|        scalar|
|add_ln1347_460  |   in|    8|     ap_none|                                                             add_ln1347_460|        scalar|
|add_ln1347_16   |   in|    8|     ap_none|                                                              add_ln1347_16|        scalar|
|add_ln1347_461  |   in|    8|     ap_none|                                                             add_ln1347_461|        scalar|
|add_ln1347_15   |   in|    8|     ap_none|                                                              add_ln1347_15|        scalar|
|add_ln1347_462  |   in|    8|     ap_none|                                                             add_ln1347_462|        scalar|
|add_ln1347_14   |   in|    8|     ap_none|                                                              add_ln1347_14|        scalar|
|add_ln1347_463  |   in|    8|     ap_none|                                                             add_ln1347_463|        scalar|
|add_ln1347_13   |   in|    8|     ap_none|                                                              add_ln1347_13|        scalar|
|add_ln1347_464  |   in|    8|     ap_none|                                                             add_ln1347_464|        scalar|
|add_ln1347_12   |   in|    8|     ap_none|                                                              add_ln1347_12|        scalar|
|add_ln1347_465  |   in|    8|     ap_none|                                                             add_ln1347_465|        scalar|
|add_ln1347_11   |   in|    8|     ap_none|                                                              add_ln1347_11|        scalar|
|add_ln1347_466  |   in|    8|     ap_none|                                                             add_ln1347_466|        scalar|
|add_ln1347_10   |   in|    8|     ap_none|                                                              add_ln1347_10|        scalar|
|add_ln1347_467  |   in|    8|     ap_none|                                                             add_ln1347_467|        scalar|
|add_ln1347_9    |   in|    8|     ap_none|                                                               add_ln1347_9|        scalar|
|add_ln1347_468  |   in|    8|     ap_none|                                                             add_ln1347_468|        scalar|
|add_ln1347_8    |   in|    8|     ap_none|                                                               add_ln1347_8|        scalar|
|add_ln1347_469  |   in|    8|     ap_none|                                                             add_ln1347_469|        scalar|
|add_ln1347_7    |   in|    8|     ap_none|                                                               add_ln1347_7|        scalar|
|add_ln1347_470  |   in|    8|     ap_none|                                                             add_ln1347_470|        scalar|
|add_ln1347_6    |   in|    8|     ap_none|                                                               add_ln1347_6|        scalar|
|add_ln1347_471  |   in|    8|     ap_none|                                                             add_ln1347_471|        scalar|
|add_ln1347_5    |   in|    8|     ap_none|                                                               add_ln1347_5|        scalar|
|add_ln1347_472  |   in|    8|     ap_none|                                                             add_ln1347_472|        scalar|
|add_ln1347_4    |   in|    8|     ap_none|                                                               add_ln1347_4|        scalar|
|add_ln1347_473  |   in|    8|     ap_none|                                                             add_ln1347_473|        scalar|
|add_ln1347_3    |   in|    8|     ap_none|                                                               add_ln1347_3|        scalar|
|add_ln1347_474  |   in|    8|     ap_none|                                                             add_ln1347_474|        scalar|
|add_ln1347_2    |   in|    8|     ap_none|                                                               add_ln1347_2|        scalar|
|add_ln1347_475  |   in|    8|     ap_none|                                                             add_ln1347_475|        scalar|
|add_ln1347_1    |   in|    8|     ap_none|                                                               add_ln1347_1|        scalar|
|add_ln1347_476  |   in|    8|     ap_none|                                                             add_ln1347_476|        scalar|
|add_ln1347      |   in|    8|     ap_none|                                                                 add_ln1347|        scalar|
|add_ln1347_477  |   in|    8|     ap_none|                                                             add_ln1347_477|        scalar|
|acc_V_1535      |   in|    8|     ap_none|                                                                 acc_V_1535|        scalar|
|count           |   in|    2|     ap_none|                                                                      count|        scalar|
+----------------+-----+-----+------------+---------------------------------------------------------------------------+--------------+

