

================================================================
== Vitis HLS Report for 'dense_resource_rf_leq_nin_d3_ap_fixed_ap_fixed_config12_1_Pipeline_Result'
================================================================
* Date:           Tue Sep 19 13:54:11 2023

* Version:        2022.2 (Build 3670227 on Oct 13 2022)
* Project:        alveo_hls4ml
* Solution:       solution (Vitis Kernel Flow Target)
* Product family: virtexuplus
* Target device:  xcu55c-fsvh2892-2L-e


================================================================
== Performance Estimates
================================================================
+ Timing: 
    * Summary: 
    +--------+---------+----------+------------+
    |  Clock |  Target | Estimated| Uncertainty|
    +--------+---------+----------+------------+
    |ap_clk  |  4.00 ns|  2.546 ns|     1.08 ns|
    +--------+---------+----------+------------+

+ Latency: 
    * Summary: 
    +---------+---------+----------+----------+-----+-----+---------+
    |  Latency (cycles) |  Latency (absolute) |  Interval | Pipeline|
    |   min   |   max   |    min   |    max   | min | max |   Type  |
    +---------+---------+----------+----------+-----+-----+---------+
    |      514|      514|  2.056 us|  2.056 us|  514|  514|       no|
    +---------+---------+----------+----------+-----+-----+---------+

    + Detail: 
        * Instance: 
        N/A

        * Loop: 
        +----------+---------+---------+----------+-----------+-----------+------+----------+
        |          |  Latency (cycles) | Iteration|  Initiation Interval  | Trip |          |
        | Loop Name|   min   |   max   |  Latency |  achieved |   target  | Count| Pipelined|
        +----------+---------+---------+----------+-----------+-----------+------+----------+
        |- Result  |      512|      512|         1|          1|          1|   512|       yes|
        +----------+---------+---------+----------+-----------+-----------+------+----------+



================================================================
== Utilization Estimates
================================================================
* Summary: 
+---------------------+---------+------+---------+---------+-----+
|         Name        | BRAM_18K|  DSP |    FF   |   LUT   | URAM|
+---------------------+---------+------+---------+---------+-----+
|DSP                  |        -|     -|        -|        -|    -|
|Expression           |        -|     -|        0|       39|    -|
|FIFO                 |        -|     -|        -|        -|    -|
|Instance             |        -|     -|        0|     2693|    -|
|Memory               |        -|     -|        -|        -|    -|
|Multiplexer          |        -|     -|        -|       47|    -|
|Register             |        -|     -|       12|        -|    -|
+---------------------+---------+------+---------+---------+-----+
|Total                |        0|     0|       12|     2779|    0|
+---------------------+---------+------+---------+---------+-----+
|Available SLR        |     1344|  3008|   869120|   434560|  320|
+---------------------+---------+------+---------+---------+-----+
|Utilization SLR (%)  |        0|     0|       ~0|       ~0|    0|
+---------------------+---------+------+---------+---------+-----+
|Available            |     4032|  9024|  2607360|  1303680|  960|
+---------------------+---------+------+---------+---------+-----+
|Utilization (%)      |        0|     0|       ~0|       ~0|    0|
+---------------------+---------+------+---------+---------+-----+

+ Detail: 
    * Instance: 
    +----------------------+----------------+---------+----+---+------+-----+
    |       Instance       |     Module     | BRAM_18K| DSP| FF|  LUT | URAM|
    +----------------------+----------------+---------+----+---+------+-----+
    |mux_5129_8_1_1_U9738  |mux_5129_8_1_1  |        0|   0|  0|  2693|    0|
    +----------------------+----------------+---------+----+---+------+-----+
    |Total                 |                |        0|   0|  0|  2693|    0|
    +----------------------+----------------+---------+----+---+------+-----+

    * DSP: 
    N/A

    * Memory: 
    N/A

    * FIFO: 
    N/A

    * Expression: 
    +----------------------+----------+----+---+----+------------+------------+
    |     Variable Name    | Operation| DSP| FF| LUT| Bitwidth P0| Bitwidth P1|
    +----------------------+----------+----+---+----+------------+------------+
    |add_ln96_fu_4193_p2   |         +|   0|  0|  17|          10|           1|
    |icmp_ln96_fu_4187_p2  |      icmp|   0|  0|  11|          10|          11|
    |xor_ln99_fu_5239_p2   |       xor|   0|  0|  11|          10|          11|
    +----------------------+----------+----+---+----+------------+------------+
    |Total                 |          |   0|  0|  39|          30|          23|
    +----------------------+----------+----+---+----+------------+------------+

    * Multiplexer: 
    +-------------------------+----+-----------+-----+-----------+
    |           Name          | LUT| Input Size| Bits| Total Bits|
    +-------------------------+----+-----------+-----+-----------+
    |ap_done_int              |   9|          2|    1|          2|
    |ap_sig_allocacmp_ires_4  |   9|          2|   10|         20|
    |ires_fu_1068             |   9|          2|   10|         20|
    |res_address0             |  20|          4|   11|         44|
    +-------------------------+----+-----------+-----+-----------+
    |Total                    |  47|         10|   32|         86|
    +-------------------------+----+-----------+-----+-----------+

    * Register: 
    +--------------+----+----+-----+-----------+
    |     Name     | FF | LUT| Bits| Const Bits|
    +--------------+----+----+-----+-----------+
    |ap_CS_fsm     |   1|   0|    1|          0|
    |ap_done_reg   |   1|   0|    1|          0|
    |ires_fu_1068  |  10|   0|   10|          0|
    +--------------+----+----+-----+-----------+
    |Total         |  12|   0|   12|          0|
    +--------------+----+----+-----+-----------+



================================================================
== Interface
================================================================
* Summary: 
+----------------+-----+-----+------------+----------------------------------------------------------------------------+--------------+
|    RTL Ports   | Dir | Bits|  Protocol  |                                Source Object                               |    C Type    |
+----------------+-----+-----+------------+----------------------------------------------------------------------------+--------------+
|ap_clk          |   in|    1|  ap_ctrl_hs|  dense_resource_rf_leq_nin_d3<ap_fixed,ap_fixed,config12_1>_Pipeline_Result|  return value|
|ap_rst          |   in|    1|  ap_ctrl_hs|  dense_resource_rf_leq_nin_d3<ap_fixed,ap_fixed,config12_1>_Pipeline_Result|  return value|
|ap_start        |   in|    1|  ap_ctrl_hs|  dense_resource_rf_leq_nin_d3<ap_fixed,ap_fixed,config12_1>_Pipeline_Result|  return value|
|ap_done         |  out|    1|  ap_ctrl_hs|  dense_resource_rf_leq_nin_d3<ap_fixed,ap_fixed,config12_1>_Pipeline_Result|  return value|
|ap_idle         |  out|    1|  ap_ctrl_hs|  dense_resource_rf_leq_nin_d3<ap_fixed,ap_fixed,config12_1>_Pipeline_Result|  return value|
|ap_ready        |  out|    1|  ap_ctrl_hs|  dense_resource_rf_leq_nin_d3<ap_fixed,ap_fixed,config12_1>_Pipeline_Result|  return value|
|res_address0    |  out|   11|   ap_memory|                                                                         res|         array|
|res_ce0         |  out|    1|   ap_memory|                                                                         res|         array|
|res_we0         |  out|    1|   ap_memory|                                                                         res|         array|
|res_d0          |  out|    8|   ap_memory|                                                                         res|         array|
|add_ln813_52    |   in|    8|     ap_none|                                                                add_ln813_52|        scalar|
|add_ln813_51    |   in|    8|     ap_none|                                                                add_ln813_51|        scalar|
|add_ln813_53    |   in|    8|     ap_none|                                                                add_ln813_53|        scalar|
|add_ln813_50    |   in|    8|     ap_none|                                                                add_ln813_50|        scalar|
|add_ln813_54    |   in|    8|     ap_none|                                                                add_ln813_54|        scalar|
|add_ln813_49    |   in|    8|     ap_none|                                                                add_ln813_49|        scalar|
|add_ln813_55    |   in|    8|     ap_none|                                                                add_ln813_55|        scalar|
|add_ln813_48    |   in|    8|     ap_none|                                                                add_ln813_48|        scalar|
|add_ln813_56    |   in|    8|     ap_none|                                                                add_ln813_56|        scalar|
|add_ln813_47    |   in|    8|     ap_none|                                                                add_ln813_47|        scalar|
|add_ln813_57    |   in|    8|     ap_none|                                                                add_ln813_57|        scalar|
|add_ln813_46    |   in|    8|     ap_none|                                                                add_ln813_46|        scalar|
|add_ln813_58    |   in|    8|     ap_none|                                                                add_ln813_58|        scalar|
|add_ln813_45    |   in|    8|     ap_none|                                                                add_ln813_45|        scalar|
|add_ln813_59    |   in|    8|     ap_none|                                                                add_ln813_59|        scalar|
|add_ln813_44    |   in|    8|     ap_none|                                                                add_ln813_44|        scalar|
|add_ln813_60    |   in|    8|     ap_none|                                                                add_ln813_60|        scalar|
|add_ln813_43    |   in|    8|     ap_none|                                                                add_ln813_43|        scalar|
|add_ln813_61    |   in|    8|     ap_none|                                                                add_ln813_61|        scalar|
|add_ln813_42    |   in|    8|     ap_none|                                                                add_ln813_42|        scalar|
|add_ln813_62    |   in|    8|     ap_none|                                                                add_ln813_62|        scalar|
|add_ln813_41    |   in|    8|     ap_none|                                                                add_ln813_41|        scalar|
|add_ln813_63    |   in|    8|     ap_none|                                                                add_ln813_63|        scalar|
|add_ln813_40    |   in|    8|     ap_none|                                                                add_ln813_40|        scalar|
|add_ln813_64    |   in|    8|     ap_none|                                                                add_ln813_64|        scalar|
|add_ln813_39    |   in|    8|     ap_none|                                                                add_ln813_39|        scalar|
|add_ln813_65    |   in|    8|     ap_none|                                                                add_ln813_65|        scalar|
|add_ln813_38    |   in|    8|     ap_none|                                                                add_ln813_38|        scalar|
|add_ln813_66    |   in|    8|     ap_none|                                                                add_ln813_66|        scalar|
|add_ln813_37    |   in|    8|     ap_none|                                                                add_ln813_37|        scalar|
|add_ln813_67    |   in|    8|     ap_none|                                                                add_ln813_67|        scalar|
|add_ln813       |   in|    8|     ap_none|                                                                   add_ln813|        scalar|
|add_ln813_68    |   in|    8|     ap_none|                                                                add_ln813_68|        scalar|
|add_ln1347_715  |   in|    8|     ap_none|                                                              add_ln1347_715|        scalar|
|add_ln1347_716  |   in|    8|     ap_none|                                                              add_ln1347_716|        scalar|
|add_ln1347_714  |   in|    8|     ap_none|                                                              add_ln1347_714|        scalar|
|add_ln1347_717  |   in|    8|     ap_none|                                                              add_ln1347_717|        scalar|
|add_ln1347_713  |   in|    8|     ap_none|                                                              add_ln1347_713|        scalar|
|add_ln1347_718  |   in|    8|     ap_none|                                                              add_ln1347_718|        scalar|
|add_ln1347_712  |   in|    8|     ap_none|                                                              add_ln1347_712|        scalar|
|add_ln1347_719  |   in|    8|     ap_none|                                                              add_ln1347_719|        scalar|
|add_ln1347_711  |   in|    8|     ap_none|                                                              add_ln1347_711|        scalar|
|add_ln1347_720  |   in|    8|     ap_none|                                                              add_ln1347_720|        scalar|
|add_ln1347_710  |   in|    8|     ap_none|                                                              add_ln1347_710|        scalar|
|add_ln1347_721  |   in|    8|     ap_none|                                                              add_ln1347_721|        scalar|
|add_ln1347_709  |   in|    8|     ap_none|                                                              add_ln1347_709|        scalar|
|add_ln1347_722  |   in|    8|     ap_none|                                                              add_ln1347_722|        scalar|
|add_ln1347_708  |   in|    8|     ap_none|                                                              add_ln1347_708|        scalar|
|add_ln1347_723  |   in|    8|     ap_none|                                                              add_ln1347_723|        scalar|
|add_ln1347_707  |   in|    8|     ap_none|                                                              add_ln1347_707|        scalar|
|add_ln1347_724  |   in|    8|     ap_none|                                                              add_ln1347_724|        scalar|
|add_ln1347_706  |   in|    8|     ap_none|                                                              add_ln1347_706|        scalar|
|add_ln1347_725  |   in|    8|     ap_none|                                                              add_ln1347_725|        scalar|
|add_ln1347_705  |   in|    8|     ap_none|                                                              add_ln1347_705|        scalar|
|add_ln1347_726  |   in|    8|     ap_none|                                                              add_ln1347_726|        scalar|
|add_ln1347_704  |   in|    8|     ap_none|                                                              add_ln1347_704|        scalar|
|add_ln1347_727  |   in|    8|     ap_none|                                                              add_ln1347_727|        scalar|
|add_ln1347_703  |   in|    8|     ap_none|                                                              add_ln1347_703|        scalar|
|add_ln1347_728  |   in|    8|     ap_none|                                                              add_ln1347_728|        scalar|
|add_ln1347_702  |   in|    8|     ap_none|                                                              add_ln1347_702|        scalar|
|add_ln1347_729  |   in|    8|     ap_none|                                                              add_ln1347_729|        scalar|
|add_ln1347_701  |   in|    8|     ap_none|                                                              add_ln1347_701|        scalar|
|add_ln1347_730  |   in|    8|     ap_none|                                                              add_ln1347_730|        scalar|
|add_ln1347_700  |   in|    8|     ap_none|                                                              add_ln1347_700|        scalar|
|add_ln1347_731  |   in|    8|     ap_none|                                                              add_ln1347_731|        scalar|
|add_ln1347_699  |   in|    8|     ap_none|                                                              add_ln1347_699|        scalar|
|add_ln1347_732  |   in|    8|     ap_none|                                                              add_ln1347_732|        scalar|
|add_ln1347_698  |   in|    8|     ap_none|                                                              add_ln1347_698|        scalar|
|add_ln1347_733  |   in|    8|     ap_none|                                                              add_ln1347_733|        scalar|
|add_ln1347_697  |   in|    8|     ap_none|                                                              add_ln1347_697|        scalar|
|add_ln1347_734  |   in|    8|     ap_none|                                                              add_ln1347_734|        scalar|
|add_ln1347_696  |   in|    8|     ap_none|                                                              add_ln1347_696|        scalar|
|add_ln1347_735  |   in|    8|     ap_none|                                                              add_ln1347_735|        scalar|
|add_ln1347_695  |   in|    8|     ap_none|                                                              add_ln1347_695|        scalar|
|add_ln1347_736  |   in|    8|     ap_none|                                                              add_ln1347_736|        scalar|
|add_ln1347_694  |   in|    8|     ap_none|                                                              add_ln1347_694|        scalar|
|add_ln1347_737  |   in|    8|     ap_none|                                                              add_ln1347_737|        scalar|
|add_ln1347_693  |   in|    8|     ap_none|                                                              add_ln1347_693|        scalar|
|add_ln1347_738  |   in|    8|     ap_none|                                                              add_ln1347_738|        scalar|
|add_ln1347_692  |   in|    8|     ap_none|                                                              add_ln1347_692|        scalar|
|add_ln1347_739  |   in|    8|     ap_none|                                                              add_ln1347_739|        scalar|
|add_ln1347_691  |   in|    8|     ap_none|                                                              add_ln1347_691|        scalar|
|add_ln1347_740  |   in|    8|     ap_none|                                                              add_ln1347_740|        scalar|
|add_ln1347_690  |   in|    8|     ap_none|                                                              add_ln1347_690|        scalar|
|add_ln1347_741  |   in|    8|     ap_none|                                                              add_ln1347_741|        scalar|
|add_ln1347_689  |   in|    8|     ap_none|                                                              add_ln1347_689|        scalar|
|add_ln1347_742  |   in|    8|     ap_none|                                                              add_ln1347_742|        scalar|
|add_ln1347_688  |   in|    8|     ap_none|                                                              add_ln1347_688|        scalar|
|add_ln1347_743  |   in|    8|     ap_none|                                                              add_ln1347_743|        scalar|
|add_ln1347_687  |   in|    8|     ap_none|                                                              add_ln1347_687|        scalar|
|add_ln1347_744  |   in|    8|     ap_none|                                                              add_ln1347_744|        scalar|
|add_ln1347_686  |   in|    8|     ap_none|                                                              add_ln1347_686|        scalar|
|add_ln1347_745  |   in|    8|     ap_none|                                                              add_ln1347_745|        scalar|
|add_ln1347_685  |   in|    8|     ap_none|                                                              add_ln1347_685|        scalar|
|add_ln1347_746  |   in|    8|     ap_none|                                                              add_ln1347_746|        scalar|
|add_ln1347_684  |   in|    8|     ap_none|                                                              add_ln1347_684|        scalar|
|add_ln1347_747  |   in|    8|     ap_none|                                                              add_ln1347_747|        scalar|
|add_ln1347_683  |   in|    8|     ap_none|                                                              add_ln1347_683|        scalar|
|add_ln1347_748  |   in|    8|     ap_none|                                                              add_ln1347_748|        scalar|
|add_ln1347_682  |   in|    8|     ap_none|                                                              add_ln1347_682|        scalar|
|add_ln1347_749  |   in|    8|     ap_none|                                                              add_ln1347_749|        scalar|
|add_ln1347_681  |   in|    8|     ap_none|                                                              add_ln1347_681|        scalar|
|add_ln1347_750  |   in|    8|     ap_none|                                                              add_ln1347_750|        scalar|
|add_ln1347_680  |   in|    8|     ap_none|                                                              add_ln1347_680|        scalar|
|add_ln1347_751  |   in|    8|     ap_none|                                                              add_ln1347_751|        scalar|
|add_ln1347_679  |   in|    8|     ap_none|                                                              add_ln1347_679|        scalar|
|add_ln1347_752  |   in|    8|     ap_none|                                                              add_ln1347_752|        scalar|
|add_ln1347_678  |   in|    8|     ap_none|                                                              add_ln1347_678|        scalar|
|add_ln1347_753  |   in|    8|     ap_none|                                                              add_ln1347_753|        scalar|
|add_ln1347_677  |   in|    8|     ap_none|                                                              add_ln1347_677|        scalar|
|add_ln1347_754  |   in|    8|     ap_none|                                                              add_ln1347_754|        scalar|
|add_ln1347_676  |   in|    8|     ap_none|                                                              add_ln1347_676|        scalar|
|add_ln1347_755  |   in|    8|     ap_none|                                                              add_ln1347_755|        scalar|
|add_ln1347_675  |   in|    8|     ap_none|                                                              add_ln1347_675|        scalar|
|add_ln1347_756  |   in|    8|     ap_none|                                                              add_ln1347_756|        scalar|
|add_ln1347_674  |   in|    8|     ap_none|                                                              add_ln1347_674|        scalar|
|add_ln1347_757  |   in|    8|     ap_none|                                                              add_ln1347_757|        scalar|
|add_ln1347_673  |   in|    8|     ap_none|                                                              add_ln1347_673|        scalar|
|add_ln1347_758  |   in|    8|     ap_none|                                                              add_ln1347_758|        scalar|
|add_ln1347_672  |   in|    8|     ap_none|                                                              add_ln1347_672|        scalar|
|add_ln1347_759  |   in|    8|     ap_none|                                                              add_ln1347_759|        scalar|
|add_ln1347_671  |   in|    8|     ap_none|                                                              add_ln1347_671|        scalar|
|add_ln1347_760  |   in|    8|     ap_none|                                                              add_ln1347_760|        scalar|
|add_ln1347_670  |   in|    8|     ap_none|                                                              add_ln1347_670|        scalar|
|add_ln1347_761  |   in|    8|     ap_none|                                                              add_ln1347_761|        scalar|
|add_ln1347_669  |   in|    8|     ap_none|                                                              add_ln1347_669|        scalar|
|add_ln1347_762  |   in|    8|     ap_none|                                                              add_ln1347_762|        scalar|
|add_ln1347_668  |   in|    8|     ap_none|                                                              add_ln1347_668|        scalar|
|add_ln1347_763  |   in|    8|     ap_none|                                                              add_ln1347_763|        scalar|
|add_ln1347_667  |   in|    8|     ap_none|                                                              add_ln1347_667|        scalar|
|add_ln1347_764  |   in|    8|     ap_none|                                                              add_ln1347_764|        scalar|
|add_ln1347_666  |   in|    8|     ap_none|                                                              add_ln1347_666|        scalar|
|add_ln1347_765  |   in|    8|     ap_none|                                                              add_ln1347_765|        scalar|
|add_ln1347_665  |   in|    8|     ap_none|                                                              add_ln1347_665|        scalar|
|add_ln1347_766  |   in|    8|     ap_none|                                                              add_ln1347_766|        scalar|
|add_ln1347_664  |   in|    8|     ap_none|                                                              add_ln1347_664|        scalar|
|add_ln1347_767  |   in|    8|     ap_none|                                                              add_ln1347_767|        scalar|
|add_ln1347_663  |   in|    8|     ap_none|                                                              add_ln1347_663|        scalar|
|add_ln1347_768  |   in|    8|     ap_none|                                                              add_ln1347_768|        scalar|
|add_ln1347_662  |   in|    8|     ap_none|                                                              add_ln1347_662|        scalar|
|add_ln1347_769  |   in|    8|     ap_none|                                                              add_ln1347_769|        scalar|
|add_ln1347_661  |   in|    8|     ap_none|                                                              add_ln1347_661|        scalar|
|add_ln1347_770  |   in|    8|     ap_none|                                                              add_ln1347_770|        scalar|
|add_ln1347_660  |   in|    8|     ap_none|                                                              add_ln1347_660|        scalar|
|add_ln1347_771  |   in|    8|     ap_none|                                                              add_ln1347_771|        scalar|
|add_ln1347_659  |   in|    8|     ap_none|                                                              add_ln1347_659|        scalar|
|add_ln1347_772  |   in|    8|     ap_none|                                                              add_ln1347_772|        scalar|
|add_ln1347_658  |   in|    8|     ap_none|                                                              add_ln1347_658|        scalar|
|add_ln1347_773  |   in|    8|     ap_none|                                                              add_ln1347_773|        scalar|
|add_ln1347_657  |   in|    8|     ap_none|                                                              add_ln1347_657|        scalar|
|add_ln1347_774  |   in|    8|     ap_none|                                                              add_ln1347_774|        scalar|
|add_ln1347_656  |   in|    8|     ap_none|                                                              add_ln1347_656|        scalar|
|add_ln1347_775  |   in|    8|     ap_none|                                                              add_ln1347_775|        scalar|
|add_ln1347_655  |   in|    8|     ap_none|                                                              add_ln1347_655|        scalar|
|add_ln1347_776  |   in|    8|     ap_none|                                                              add_ln1347_776|        scalar|
|add_ln1347_654  |   in|    8|     ap_none|                                                              add_ln1347_654|        scalar|
|add_ln1347_777  |   in|    8|     ap_none|                                                              add_ln1347_777|        scalar|
|add_ln1347_653  |   in|    8|     ap_none|                                                              add_ln1347_653|        scalar|
|add_ln1347_778  |   in|    8|     ap_none|                                                              add_ln1347_778|        scalar|
|add_ln1347_652  |   in|    8|     ap_none|                                                              add_ln1347_652|        scalar|
|add_ln1347_779  |   in|    8|     ap_none|                                                              add_ln1347_779|        scalar|
|add_ln1347_651  |   in|    8|     ap_none|                                                              add_ln1347_651|        scalar|
|add_ln1347_780  |   in|    8|     ap_none|                                                              add_ln1347_780|        scalar|
|add_ln1347_650  |   in|    8|     ap_none|                                                              add_ln1347_650|        scalar|
|add_ln1347_781  |   in|    8|     ap_none|                                                              add_ln1347_781|        scalar|
|add_ln1347_649  |   in|    8|     ap_none|                                                              add_ln1347_649|        scalar|
|add_ln1347_782  |   in|    8|     ap_none|                                                              add_ln1347_782|        scalar|
|add_ln1347_648  |   in|    8|     ap_none|                                                              add_ln1347_648|        scalar|
|add_ln1347_783  |   in|    8|     ap_none|                                                              add_ln1347_783|        scalar|
|add_ln1347_647  |   in|    8|     ap_none|                                                              add_ln1347_647|        scalar|
|add_ln1347_784  |   in|    8|     ap_none|                                                              add_ln1347_784|        scalar|
|add_ln1347_646  |   in|    8|     ap_none|                                                              add_ln1347_646|        scalar|
|add_ln1347_785  |   in|    8|     ap_none|                                                              add_ln1347_785|        scalar|
|add_ln1347_645  |   in|    8|     ap_none|                                                              add_ln1347_645|        scalar|
|add_ln1347_786  |   in|    8|     ap_none|                                                              add_ln1347_786|        scalar|
|add_ln1347_644  |   in|    8|     ap_none|                                                              add_ln1347_644|        scalar|
|add_ln1347_787  |   in|    8|     ap_none|                                                              add_ln1347_787|        scalar|
|add_ln1347_643  |   in|    8|     ap_none|                                                              add_ln1347_643|        scalar|
|add_ln1347_788  |   in|    8|     ap_none|                                                              add_ln1347_788|        scalar|
|add_ln1347_642  |   in|    8|     ap_none|                                                              add_ln1347_642|        scalar|
|add_ln1347_789  |   in|    8|     ap_none|                                                              add_ln1347_789|        scalar|
|add_ln1347_641  |   in|    8|     ap_none|                                                              add_ln1347_641|        scalar|
|add_ln1347_790  |   in|    8|     ap_none|                                                              add_ln1347_790|        scalar|
|add_ln1347_640  |   in|    8|     ap_none|                                                              add_ln1347_640|        scalar|
|add_ln1347_791  |   in|    8|     ap_none|                                                              add_ln1347_791|        scalar|
|add_ln1347_639  |   in|    8|     ap_none|                                                              add_ln1347_639|        scalar|
|add_ln1347_792  |   in|    8|     ap_none|                                                              add_ln1347_792|        scalar|
|add_ln1347_638  |   in|    8|     ap_none|                                                              add_ln1347_638|        scalar|
|add_ln1347_793  |   in|    8|     ap_none|                                                              add_ln1347_793|        scalar|
|add_ln1347_637  |   in|    8|     ap_none|                                                              add_ln1347_637|        scalar|
|add_ln1347_794  |   in|    8|     ap_none|                                                              add_ln1347_794|        scalar|
|add_ln1347_636  |   in|    8|     ap_none|                                                              add_ln1347_636|        scalar|
|add_ln1347_795  |   in|    8|     ap_none|                                                              add_ln1347_795|        scalar|
|add_ln1347_635  |   in|    8|     ap_none|                                                              add_ln1347_635|        scalar|
|add_ln1347_796  |   in|    8|     ap_none|                                                              add_ln1347_796|        scalar|
|add_ln1347_634  |   in|    8|     ap_none|                                                              add_ln1347_634|        scalar|
|add_ln1347_797  |   in|    8|     ap_none|                                                              add_ln1347_797|        scalar|
|add_ln1347_633  |   in|    8|     ap_none|                                                              add_ln1347_633|        scalar|
|add_ln1347_798  |   in|    8|     ap_none|                                                              add_ln1347_798|        scalar|
|add_ln1347_632  |   in|    8|     ap_none|                                                              add_ln1347_632|        scalar|
|add_ln1347_799  |   in|    8|     ap_none|                                                              add_ln1347_799|        scalar|
|add_ln1347_631  |   in|    8|     ap_none|                                                              add_ln1347_631|        scalar|
|add_ln1347_800  |   in|    8|     ap_none|                                                              add_ln1347_800|        scalar|
|add_ln1347_630  |   in|    8|     ap_none|                                                              add_ln1347_630|        scalar|
|add_ln1347_801  |   in|    8|     ap_none|                                                              add_ln1347_801|        scalar|
|add_ln1347_629  |   in|    8|     ap_none|                                                              add_ln1347_629|        scalar|
|add_ln1347_802  |   in|    8|     ap_none|                                                              add_ln1347_802|        scalar|
|add_ln1347_628  |   in|    8|     ap_none|                                                              add_ln1347_628|        scalar|
|add_ln1347_803  |   in|    8|     ap_none|                                                              add_ln1347_803|        scalar|
|add_ln1347_627  |   in|    8|     ap_none|                                                              add_ln1347_627|        scalar|
|add_ln1347_804  |   in|    8|     ap_none|                                                              add_ln1347_804|        scalar|
|add_ln1347_626  |   in|    8|     ap_none|                                                              add_ln1347_626|        scalar|
|add_ln1347_805  |   in|    8|     ap_none|                                                              add_ln1347_805|        scalar|
|add_ln1347_625  |   in|    8|     ap_none|                                                              add_ln1347_625|        scalar|
|add_ln1347_806  |   in|    8|     ap_none|                                                              add_ln1347_806|        scalar|
|add_ln1347_624  |   in|    8|     ap_none|                                                              add_ln1347_624|        scalar|
|add_ln1347_807  |   in|    8|     ap_none|                                                              add_ln1347_807|        scalar|
|add_ln1347_623  |   in|    8|     ap_none|                                                              add_ln1347_623|        scalar|
|add_ln1347_808  |   in|    8|     ap_none|                                                              add_ln1347_808|        scalar|
|add_ln1347_622  |   in|    8|     ap_none|                                                              add_ln1347_622|        scalar|
|add_ln1347_809  |   in|    8|     ap_none|                                                              add_ln1347_809|        scalar|
|add_ln1347_621  |   in|    8|     ap_none|                                                              add_ln1347_621|        scalar|
|add_ln1347_810  |   in|    8|     ap_none|                                                              add_ln1347_810|        scalar|
|add_ln1347_620  |   in|    8|     ap_none|                                                              add_ln1347_620|        scalar|
|add_ln1347_811  |   in|    8|     ap_none|                                                              add_ln1347_811|        scalar|
|add_ln1347_619  |   in|    8|     ap_none|                                                              add_ln1347_619|        scalar|
|add_ln1347_812  |   in|    8|     ap_none|                                                              add_ln1347_812|        scalar|
|add_ln1347_618  |   in|    8|     ap_none|                                                              add_ln1347_618|        scalar|
|add_ln1347_813  |   in|    8|     ap_none|                                                              add_ln1347_813|        scalar|
|add_ln1347_617  |   in|    8|     ap_none|                                                              add_ln1347_617|        scalar|
|add_ln1347_814  |   in|    8|     ap_none|                                                              add_ln1347_814|        scalar|
|add_ln1347_616  |   in|    8|     ap_none|                                                              add_ln1347_616|        scalar|
|add_ln1347_815  |   in|    8|     ap_none|                                                              add_ln1347_815|        scalar|
|add_ln1347_615  |   in|    8|     ap_none|                                                              add_ln1347_615|        scalar|
|add_ln1347_816  |   in|    8|     ap_none|                                                              add_ln1347_816|        scalar|
|add_ln1347_614  |   in|    8|     ap_none|                                                              add_ln1347_614|        scalar|
|add_ln1347_817  |   in|    8|     ap_none|                                                              add_ln1347_817|        scalar|
|add_ln1347_613  |   in|    8|     ap_none|                                                              add_ln1347_613|        scalar|
|add_ln1347_818  |   in|    8|     ap_none|                                                              add_ln1347_818|        scalar|
|add_ln1347_612  |   in|    8|     ap_none|                                                              add_ln1347_612|        scalar|
|add_ln1347_819  |   in|    8|     ap_none|                                                              add_ln1347_819|        scalar|
|add_ln1347_611  |   in|    8|     ap_none|                                                              add_ln1347_611|        scalar|
|add_ln1347_820  |   in|    8|     ap_none|                                                              add_ln1347_820|        scalar|
|add_ln1347_610  |   in|    8|     ap_none|                                                              add_ln1347_610|        scalar|
|add_ln1347_821  |   in|    8|     ap_none|                                                              add_ln1347_821|        scalar|
|add_ln1347_609  |   in|    8|     ap_none|                                                              add_ln1347_609|        scalar|
|add_ln1347_822  |   in|    8|     ap_none|                                                              add_ln1347_822|        scalar|
|add_ln1347_608  |   in|    8|     ap_none|                                                              add_ln1347_608|        scalar|
|add_ln1347_823  |   in|    8|     ap_none|                                                              add_ln1347_823|        scalar|
|add_ln1347_607  |   in|    8|     ap_none|                                                              add_ln1347_607|        scalar|
|add_ln1347_824  |   in|    8|     ap_none|                                                              add_ln1347_824|        scalar|
|add_ln1347_606  |   in|    8|     ap_none|                                                              add_ln1347_606|        scalar|
|add_ln1347_825  |   in|    8|     ap_none|                                                              add_ln1347_825|        scalar|
|add_ln1347_605  |   in|    8|     ap_none|                                                              add_ln1347_605|        scalar|
|add_ln1347_826  |   in|    8|     ap_none|                                                              add_ln1347_826|        scalar|
|add_ln1347_604  |   in|    8|     ap_none|                                                              add_ln1347_604|        scalar|
|add_ln1347_827  |   in|    8|     ap_none|                                                              add_ln1347_827|        scalar|
|add_ln1347_603  |   in|    8|     ap_none|                                                              add_ln1347_603|        scalar|
|add_ln1347_828  |   in|    8|     ap_none|                                                              add_ln1347_828|        scalar|
|add_ln1347_602  |   in|    8|     ap_none|                                                              add_ln1347_602|        scalar|
|add_ln1347_829  |   in|    8|     ap_none|                                                              add_ln1347_829|        scalar|
|add_ln1347_601  |   in|    8|     ap_none|                                                              add_ln1347_601|        scalar|
|add_ln1347_830  |   in|    8|     ap_none|                                                              add_ln1347_830|        scalar|
|add_ln1347_600  |   in|    8|     ap_none|                                                              add_ln1347_600|        scalar|
|add_ln1347_831  |   in|    8|     ap_none|                                                              add_ln1347_831|        scalar|
|add_ln1347_599  |   in|    8|     ap_none|                                                              add_ln1347_599|        scalar|
|add_ln1347_832  |   in|    8|     ap_none|                                                              add_ln1347_832|        scalar|
|add_ln1347_598  |   in|    8|     ap_none|                                                              add_ln1347_598|        scalar|
|add_ln1347_833  |   in|    8|     ap_none|                                                              add_ln1347_833|        scalar|
|add_ln1347_597  |   in|    8|     ap_none|                                                              add_ln1347_597|        scalar|
|add_ln1347_834  |   in|    8|     ap_none|                                                              add_ln1347_834|        scalar|
|add_ln1347_596  |   in|    8|     ap_none|                                                              add_ln1347_596|        scalar|
|add_ln1347_835  |   in|    8|     ap_none|                                                              add_ln1347_835|        scalar|
|add_ln1347_595  |   in|    8|     ap_none|                                                              add_ln1347_595|        scalar|
|add_ln1347_836  |   in|    8|     ap_none|                                                              add_ln1347_836|        scalar|
|add_ln1347_594  |   in|    8|     ap_none|                                                              add_ln1347_594|        scalar|
|add_ln1347_837  |   in|    8|     ap_none|                                                              add_ln1347_837|        scalar|
|add_ln1347_593  |   in|    8|     ap_none|                                                              add_ln1347_593|        scalar|
|add_ln1347_838  |   in|    8|     ap_none|                                                              add_ln1347_838|        scalar|
|add_ln1347_592  |   in|    8|     ap_none|                                                              add_ln1347_592|        scalar|
|add_ln1347_839  |   in|    8|     ap_none|                                                              add_ln1347_839|        scalar|
|add_ln1347_591  |   in|    8|     ap_none|                                                              add_ln1347_591|        scalar|
|add_ln1347_840  |   in|    8|     ap_none|                                                              add_ln1347_840|        scalar|
|add_ln1347_590  |   in|    8|     ap_none|                                                              add_ln1347_590|        scalar|
|add_ln1347_841  |   in|    8|     ap_none|                                                              add_ln1347_841|        scalar|
|add_ln1347_589  |   in|    8|     ap_none|                                                              add_ln1347_589|        scalar|
|add_ln1347_842  |   in|    8|     ap_none|                                                              add_ln1347_842|        scalar|
|add_ln1347_588  |   in|    8|     ap_none|                                                              add_ln1347_588|        scalar|
|add_ln1347_843  |   in|    8|     ap_none|                                                              add_ln1347_843|        scalar|
|add_ln1347_587  |   in|    8|     ap_none|                                                              add_ln1347_587|        scalar|
|add_ln1347_844  |   in|    8|     ap_none|                                                              add_ln1347_844|        scalar|
|add_ln1347_586  |   in|    8|     ap_none|                                                              add_ln1347_586|        scalar|
|add_ln1347_845  |   in|    8|     ap_none|                                                              add_ln1347_845|        scalar|
|add_ln1347_585  |   in|    8|     ap_none|                                                              add_ln1347_585|        scalar|
|add_ln1347_846  |   in|    8|     ap_none|                                                              add_ln1347_846|        scalar|
|add_ln1347_584  |   in|    8|     ap_none|                                                              add_ln1347_584|        scalar|
|add_ln1347_847  |   in|    8|     ap_none|                                                              add_ln1347_847|        scalar|
|add_ln1347_583  |   in|    8|     ap_none|                                                              add_ln1347_583|        scalar|
|add_ln1347_848  |   in|    8|     ap_none|                                                              add_ln1347_848|        scalar|
|add_ln1347_582  |   in|    8|     ap_none|                                                              add_ln1347_582|        scalar|
|add_ln1347_849  |   in|    8|     ap_none|                                                              add_ln1347_849|        scalar|
|add_ln1347_581  |   in|    8|     ap_none|                                                              add_ln1347_581|        scalar|
|add_ln1347_850  |   in|    8|     ap_none|                                                              add_ln1347_850|        scalar|
|add_ln1347_580  |   in|    8|     ap_none|                                                              add_ln1347_580|        scalar|
|add_ln1347_851  |   in|    8|     ap_none|                                                              add_ln1347_851|        scalar|
|add_ln1347_579  |   in|    8|     ap_none|                                                              add_ln1347_579|        scalar|
|add_ln1347_852  |   in|    8|     ap_none|                                                              add_ln1347_852|        scalar|
|add_ln1347_578  |   in|    8|     ap_none|                                                              add_ln1347_578|        scalar|
|add_ln1347_853  |   in|    8|     ap_none|                                                              add_ln1347_853|        scalar|
|add_ln1347_577  |   in|    8|     ap_none|                                                              add_ln1347_577|        scalar|
|add_ln1347_854  |   in|    8|     ap_none|                                                              add_ln1347_854|        scalar|
|add_ln1347_576  |   in|    8|     ap_none|                                                              add_ln1347_576|        scalar|
|add_ln1347_855  |   in|    8|     ap_none|                                                              add_ln1347_855|        scalar|
|add_ln1347_575  |   in|    8|     ap_none|                                                              add_ln1347_575|        scalar|
|add_ln1347_856  |   in|    8|     ap_none|                                                              add_ln1347_856|        scalar|
|add_ln1347_574  |   in|    8|     ap_none|                                                              add_ln1347_574|        scalar|
|add_ln1347_857  |   in|    8|     ap_none|                                                              add_ln1347_857|        scalar|
|add_ln1347_573  |   in|    8|     ap_none|                                                              add_ln1347_573|        scalar|
|add_ln1347_858  |   in|    8|     ap_none|                                                              add_ln1347_858|        scalar|
|add_ln1347_572  |   in|    8|     ap_none|                                                              add_ln1347_572|        scalar|
|add_ln1347_859  |   in|    8|     ap_none|                                                              add_ln1347_859|        scalar|
|add_ln1347_571  |   in|    8|     ap_none|                                                              add_ln1347_571|        scalar|
|add_ln1347_860  |   in|    8|     ap_none|                                                              add_ln1347_860|        scalar|
|add_ln1347_570  |   in|    8|     ap_none|                                                              add_ln1347_570|        scalar|
|add_ln1347_861  |   in|    8|     ap_none|                                                              add_ln1347_861|        scalar|
|add_ln1347_569  |   in|    8|     ap_none|                                                              add_ln1347_569|        scalar|
|add_ln1347_862  |   in|    8|     ap_none|                                                              add_ln1347_862|        scalar|
|add_ln1347_568  |   in|    8|     ap_none|                                                              add_ln1347_568|        scalar|
|add_ln1347_863  |   in|    8|     ap_none|                                                              add_ln1347_863|        scalar|
|add_ln1347_567  |   in|    8|     ap_none|                                                              add_ln1347_567|        scalar|
|add_ln1347_864  |   in|    8|     ap_none|                                                              add_ln1347_864|        scalar|
|add_ln1347_566  |   in|    8|     ap_none|                                                              add_ln1347_566|        scalar|
|add_ln1347_865  |   in|    8|     ap_none|                                                              add_ln1347_865|        scalar|
|add_ln1347_565  |   in|    8|     ap_none|                                                              add_ln1347_565|        scalar|
|add_ln1347_866  |   in|    8|     ap_none|                                                              add_ln1347_866|        scalar|
|add_ln1347_564  |   in|    8|     ap_none|                                                              add_ln1347_564|        scalar|
|add_ln1347_867  |   in|    8|     ap_none|                                                              add_ln1347_867|        scalar|
|add_ln1347_563  |   in|    8|     ap_none|                                                              add_ln1347_563|        scalar|
|add_ln1347_868  |   in|    8|     ap_none|                                                              add_ln1347_868|        scalar|
|add_ln1347_562  |   in|    8|     ap_none|                                                              add_ln1347_562|        scalar|
|add_ln1347_869  |   in|    8|     ap_none|                                                              add_ln1347_869|        scalar|
|add_ln1347_561  |   in|    8|     ap_none|                                                              add_ln1347_561|        scalar|
|add_ln1347_870  |   in|    8|     ap_none|                                                              add_ln1347_870|        scalar|
|add_ln1347_560  |   in|    8|     ap_none|                                                              add_ln1347_560|        scalar|
|add_ln1347_871  |   in|    8|     ap_none|                                                              add_ln1347_871|        scalar|
|add_ln1347_559  |   in|    8|     ap_none|                                                              add_ln1347_559|        scalar|
|add_ln1347_872  |   in|    8|     ap_none|                                                              add_ln1347_872|        scalar|
|add_ln1347_558  |   in|    8|     ap_none|                                                              add_ln1347_558|        scalar|
|add_ln1347_873  |   in|    8|     ap_none|                                                              add_ln1347_873|        scalar|
|add_ln1347_557  |   in|    8|     ap_none|                                                              add_ln1347_557|        scalar|
|add_ln1347_874  |   in|    8|     ap_none|                                                              add_ln1347_874|        scalar|
|add_ln1347_556  |   in|    8|     ap_none|                                                              add_ln1347_556|        scalar|
|add_ln1347_875  |   in|    8|     ap_none|                                                              add_ln1347_875|        scalar|
|add_ln1347_555  |   in|    8|     ap_none|                                                              add_ln1347_555|        scalar|
|add_ln1347_876  |   in|    8|     ap_none|                                                              add_ln1347_876|        scalar|
|add_ln1347_554  |   in|    8|     ap_none|                                                              add_ln1347_554|        scalar|
|add_ln1347_877  |   in|    8|     ap_none|                                                              add_ln1347_877|        scalar|
|add_ln1347_553  |   in|    8|     ap_none|                                                              add_ln1347_553|        scalar|
|add_ln1347_878  |   in|    8|     ap_none|                                                              add_ln1347_878|        scalar|
|add_ln1347_552  |   in|    8|     ap_none|                                                              add_ln1347_552|        scalar|
|add_ln1347_879  |   in|    8|     ap_none|                                                              add_ln1347_879|        scalar|
|add_ln1347_551  |   in|    8|     ap_none|                                                              add_ln1347_551|        scalar|
|add_ln1347_880  |   in|    8|     ap_none|                                                              add_ln1347_880|        scalar|
|add_ln1347_550  |   in|    8|     ap_none|                                                              add_ln1347_550|        scalar|
|add_ln1347_881  |   in|    8|     ap_none|                                                              add_ln1347_881|        scalar|
|add_ln1347_549  |   in|    8|     ap_none|                                                              add_ln1347_549|        scalar|
|add_ln1347_882  |   in|    8|     ap_none|                                                              add_ln1347_882|        scalar|
|add_ln1347_548  |   in|    8|     ap_none|                                                              add_ln1347_548|        scalar|
|add_ln1347_883  |   in|    8|     ap_none|                                                              add_ln1347_883|        scalar|
|add_ln1347_547  |   in|    8|     ap_none|                                                              add_ln1347_547|        scalar|
|add_ln1347_884  |   in|    8|     ap_none|                                                              add_ln1347_884|        scalar|
|add_ln1347_546  |   in|    8|     ap_none|                                                              add_ln1347_546|        scalar|
|add_ln1347_885  |   in|    8|     ap_none|                                                              add_ln1347_885|        scalar|
|add_ln1347_545  |   in|    8|     ap_none|                                                              add_ln1347_545|        scalar|
|add_ln1347_886  |   in|    8|     ap_none|                                                              add_ln1347_886|        scalar|
|add_ln1347_544  |   in|    8|     ap_none|                                                              add_ln1347_544|        scalar|
|add_ln1347_887  |   in|    8|     ap_none|                                                              add_ln1347_887|        scalar|
|add_ln1347_543  |   in|    8|     ap_none|                                                              add_ln1347_543|        scalar|
|add_ln1347_888  |   in|    8|     ap_none|                                                              add_ln1347_888|        scalar|
|add_ln1347_542  |   in|    8|     ap_none|                                                              add_ln1347_542|        scalar|
|add_ln1347_889  |   in|    8|     ap_none|                                                              add_ln1347_889|        scalar|
|add_ln1347_541  |   in|    8|     ap_none|                                                              add_ln1347_541|        scalar|
|add_ln1347_890  |   in|    8|     ap_none|                                                              add_ln1347_890|        scalar|
|add_ln1347_540  |   in|    8|     ap_none|                                                              add_ln1347_540|        scalar|
|add_ln1347_891  |   in|    8|     ap_none|                                                              add_ln1347_891|        scalar|
|add_ln1347_539  |   in|    8|     ap_none|                                                              add_ln1347_539|        scalar|
|add_ln1347_892  |   in|    8|     ap_none|                                                              add_ln1347_892|        scalar|
|add_ln1347_538  |   in|    8|     ap_none|                                                              add_ln1347_538|        scalar|
|add_ln1347_893  |   in|    8|     ap_none|                                                              add_ln1347_893|        scalar|
|add_ln1347_537  |   in|    8|     ap_none|                                                              add_ln1347_537|        scalar|
|add_ln1347_894  |   in|    8|     ap_none|                                                              add_ln1347_894|        scalar|
|add_ln1347_536  |   in|    8|     ap_none|                                                              add_ln1347_536|        scalar|
|add_ln1347_895  |   in|    8|     ap_none|                                                              add_ln1347_895|        scalar|
|add_ln1347_535  |   in|    8|     ap_none|                                                              add_ln1347_535|        scalar|
|add_ln1347_896  |   in|    8|     ap_none|                                                              add_ln1347_896|        scalar|
|add_ln1347_534  |   in|    8|     ap_none|                                                              add_ln1347_534|        scalar|
|add_ln1347_897  |   in|    8|     ap_none|                                                              add_ln1347_897|        scalar|
|add_ln1347_533  |   in|    8|     ap_none|                                                              add_ln1347_533|        scalar|
|add_ln1347_898  |   in|    8|     ap_none|                                                              add_ln1347_898|        scalar|
|add_ln1347_532  |   in|    8|     ap_none|                                                              add_ln1347_532|        scalar|
|add_ln1347_899  |   in|    8|     ap_none|                                                              add_ln1347_899|        scalar|
|add_ln1347_531  |   in|    8|     ap_none|                                                              add_ln1347_531|        scalar|
|add_ln1347_900  |   in|    8|     ap_none|                                                              add_ln1347_900|        scalar|
|add_ln1347_530  |   in|    8|     ap_none|                                                              add_ln1347_530|        scalar|
|add_ln1347_901  |   in|    8|     ap_none|                                                              add_ln1347_901|        scalar|
|add_ln1347_529  |   in|    8|     ap_none|                                                              add_ln1347_529|        scalar|
|add_ln1347_902  |   in|    8|     ap_none|                                                              add_ln1347_902|        scalar|
|add_ln1347_528  |   in|    8|     ap_none|                                                              add_ln1347_528|        scalar|
|add_ln1347_903  |   in|    8|     ap_none|                                                              add_ln1347_903|        scalar|
|add_ln1347_527  |   in|    8|     ap_none|                                                              add_ln1347_527|        scalar|
|add_ln1347_904  |   in|    8|     ap_none|                                                              add_ln1347_904|        scalar|
|add_ln1347_526  |   in|    8|     ap_none|                                                              add_ln1347_526|        scalar|
|add_ln1347_905  |   in|    8|     ap_none|                                                              add_ln1347_905|        scalar|
|add_ln1347_525  |   in|    8|     ap_none|                                                              add_ln1347_525|        scalar|
|add_ln1347_906  |   in|    8|     ap_none|                                                              add_ln1347_906|        scalar|
|add_ln1347_524  |   in|    8|     ap_none|                                                              add_ln1347_524|        scalar|
|add_ln1347_907  |   in|    8|     ap_none|                                                              add_ln1347_907|        scalar|
|add_ln1347_523  |   in|    8|     ap_none|                                                              add_ln1347_523|        scalar|
|add_ln1347_908  |   in|    8|     ap_none|                                                              add_ln1347_908|        scalar|
|add_ln1347_522  |   in|    8|     ap_none|                                                              add_ln1347_522|        scalar|
|add_ln1347_909  |   in|    8|     ap_none|                                                              add_ln1347_909|        scalar|
|add_ln1347_521  |   in|    8|     ap_none|                                                              add_ln1347_521|        scalar|
|add_ln1347_910  |   in|    8|     ap_none|                                                              add_ln1347_910|        scalar|
|add_ln1347_520  |   in|    8|     ap_none|                                                              add_ln1347_520|        scalar|
|add_ln1347_911  |   in|    8|     ap_none|                                                              add_ln1347_911|        scalar|
|add_ln1347_519  |   in|    8|     ap_none|                                                              add_ln1347_519|        scalar|
|add_ln1347_912  |   in|    8|     ap_none|                                                              add_ln1347_912|        scalar|
|add_ln1347_518  |   in|    8|     ap_none|                                                              add_ln1347_518|        scalar|
|add_ln1347_913  |   in|    8|     ap_none|                                                              add_ln1347_913|        scalar|
|add_ln1347_517  |   in|    8|     ap_none|                                                              add_ln1347_517|        scalar|
|add_ln1347_914  |   in|    8|     ap_none|                                                              add_ln1347_914|        scalar|
|add_ln1347_516  |   in|    8|     ap_none|                                                              add_ln1347_516|        scalar|
|add_ln1347_915  |   in|    8|     ap_none|                                                              add_ln1347_915|        scalar|
|add_ln1347_515  |   in|    8|     ap_none|                                                              add_ln1347_515|        scalar|
|add_ln1347_916  |   in|    8|     ap_none|                                                              add_ln1347_916|        scalar|
|add_ln1347_514  |   in|    8|     ap_none|                                                              add_ln1347_514|        scalar|
|add_ln1347_917  |   in|    8|     ap_none|                                                              add_ln1347_917|        scalar|
|add_ln1347_513  |   in|    8|     ap_none|                                                              add_ln1347_513|        scalar|
|add_ln1347_918  |   in|    8|     ap_none|                                                              add_ln1347_918|        scalar|
|add_ln1347_512  |   in|    8|     ap_none|                                                              add_ln1347_512|        scalar|
|add_ln1347_919  |   in|    8|     ap_none|                                                              add_ln1347_919|        scalar|
|add_ln1347_511  |   in|    8|     ap_none|                                                              add_ln1347_511|        scalar|
|add_ln1347_920  |   in|    8|     ap_none|                                                              add_ln1347_920|        scalar|
|add_ln1347_510  |   in|    8|     ap_none|                                                              add_ln1347_510|        scalar|
|add_ln1347_921  |   in|    8|     ap_none|                                                              add_ln1347_921|        scalar|
|add_ln1347_509  |   in|    8|     ap_none|                                                              add_ln1347_509|        scalar|
|add_ln1347_922  |   in|    8|     ap_none|                                                              add_ln1347_922|        scalar|
|add_ln1347_508  |   in|    8|     ap_none|                                                              add_ln1347_508|        scalar|
|add_ln1347_923  |   in|    8|     ap_none|                                                              add_ln1347_923|        scalar|
|add_ln1347_507  |   in|    8|     ap_none|                                                              add_ln1347_507|        scalar|
|add_ln1347_924  |   in|    8|     ap_none|                                                              add_ln1347_924|        scalar|
|add_ln1347_506  |   in|    8|     ap_none|                                                              add_ln1347_506|        scalar|
|add_ln1347_925  |   in|    8|     ap_none|                                                              add_ln1347_925|        scalar|
|add_ln1347_505  |   in|    8|     ap_none|                                                              add_ln1347_505|        scalar|
|add_ln1347_926  |   in|    8|     ap_none|                                                              add_ln1347_926|        scalar|
|add_ln1347_504  |   in|    8|     ap_none|                                                              add_ln1347_504|        scalar|
|add_ln1347_927  |   in|    8|     ap_none|                                                              add_ln1347_927|        scalar|
|add_ln1347_503  |   in|    8|     ap_none|                                                              add_ln1347_503|        scalar|
|add_ln1347_928  |   in|    8|     ap_none|                                                              add_ln1347_928|        scalar|
|add_ln1347_502  |   in|    8|     ap_none|                                                              add_ln1347_502|        scalar|
|add_ln1347_929  |   in|    8|     ap_none|                                                              add_ln1347_929|        scalar|
|add_ln1347_501  |   in|    8|     ap_none|                                                              add_ln1347_501|        scalar|
|add_ln1347_930  |   in|    8|     ap_none|                                                              add_ln1347_930|        scalar|
|add_ln1347_500  |   in|    8|     ap_none|                                                              add_ln1347_500|        scalar|
|add_ln1347_931  |   in|    8|     ap_none|                                                              add_ln1347_931|        scalar|
|add_ln1347_499  |   in|    8|     ap_none|                                                              add_ln1347_499|        scalar|
|add_ln1347_932  |   in|    8|     ap_none|                                                              add_ln1347_932|        scalar|
|add_ln1347_498  |   in|    8|     ap_none|                                                              add_ln1347_498|        scalar|
|add_ln1347_933  |   in|    8|     ap_none|                                                              add_ln1347_933|        scalar|
|add_ln1347_497  |   in|    8|     ap_none|                                                              add_ln1347_497|        scalar|
|add_ln1347_934  |   in|    8|     ap_none|                                                              add_ln1347_934|        scalar|
|add_ln1347_496  |   in|    8|     ap_none|                                                              add_ln1347_496|        scalar|
|add_ln1347_935  |   in|    8|     ap_none|                                                              add_ln1347_935|        scalar|
|add_ln1347_495  |   in|    8|     ap_none|                                                              add_ln1347_495|        scalar|
|add_ln1347_936  |   in|    8|     ap_none|                                                              add_ln1347_936|        scalar|
|add_ln1347_494  |   in|    8|     ap_none|                                                              add_ln1347_494|        scalar|
|add_ln1347_937  |   in|    8|     ap_none|                                                              add_ln1347_937|        scalar|
|add_ln1347_493  |   in|    8|     ap_none|                                                              add_ln1347_493|        scalar|
|add_ln1347_938  |   in|    8|     ap_none|                                                              add_ln1347_938|        scalar|
|add_ln1347_492  |   in|    8|     ap_none|                                                              add_ln1347_492|        scalar|
|add_ln1347_939  |   in|    8|     ap_none|                                                              add_ln1347_939|        scalar|
|add_ln1347_491  |   in|    8|     ap_none|                                                              add_ln1347_491|        scalar|
|add_ln1347_940  |   in|    8|     ap_none|                                                              add_ln1347_940|        scalar|
|add_ln1347_490  |   in|    8|     ap_none|                                                              add_ln1347_490|        scalar|
|add_ln1347_941  |   in|    8|     ap_none|                                                              add_ln1347_941|        scalar|
|add_ln1347_489  |   in|    8|     ap_none|                                                              add_ln1347_489|        scalar|
|add_ln1347_942  |   in|    8|     ap_none|                                                              add_ln1347_942|        scalar|
|add_ln1347_488  |   in|    8|     ap_none|                                                              add_ln1347_488|        scalar|
|add_ln1347_943  |   in|    8|     ap_none|                                                              add_ln1347_943|        scalar|
|add_ln1347_487  |   in|    8|     ap_none|                                                              add_ln1347_487|        scalar|
|add_ln1347_944  |   in|    8|     ap_none|                                                              add_ln1347_944|        scalar|
|add_ln1347_486  |   in|    8|     ap_none|                                                              add_ln1347_486|        scalar|
|add_ln1347_945  |   in|    8|     ap_none|                                                              add_ln1347_945|        scalar|
|add_ln1347_485  |   in|    8|     ap_none|                                                              add_ln1347_485|        scalar|
|add_ln1347_946  |   in|    8|     ap_none|                                                              add_ln1347_946|        scalar|
|add_ln1347_484  |   in|    8|     ap_none|                                                              add_ln1347_484|        scalar|
|add_ln1347_947  |   in|    8|     ap_none|                                                              add_ln1347_947|        scalar|
|add_ln1347_483  |   in|    8|     ap_none|                                                              add_ln1347_483|        scalar|
|add_ln1347_948  |   in|    8|     ap_none|                                                              add_ln1347_948|        scalar|
|add_ln1347_482  |   in|    8|     ap_none|                                                              add_ln1347_482|        scalar|
|add_ln1347_949  |   in|    8|     ap_none|                                                              add_ln1347_949|        scalar|
|add_ln1347_481  |   in|    8|     ap_none|                                                              add_ln1347_481|        scalar|
|add_ln1347_950  |   in|    8|     ap_none|                                                              add_ln1347_950|        scalar|
|add_ln1347_480  |   in|    8|     ap_none|                                                              add_ln1347_480|        scalar|
|add_ln1347_951  |   in|    8|     ap_none|                                                              add_ln1347_951|        scalar|
|add_ln1347_479  |   in|    8|     ap_none|                                                              add_ln1347_479|        scalar|
|add_ln1347_952  |   in|    8|     ap_none|                                                              add_ln1347_952|        scalar|
|add_ln1347_478  |   in|    8|     ap_none|                                                              add_ln1347_478|        scalar|
|add_ln1347_953  |   in|    8|     ap_none|                                                              add_ln1347_953|        scalar|
|add_ln1347      |   in|    8|     ap_none|                                                                  add_ln1347|        scalar|
|add_ln1347_954  |   in|    8|     ap_none|                                                              add_ln1347_954|        scalar|
|acc_V_3066      |   in|    8|     ap_none|                                                                  acc_V_3066|        scalar|
|count           |   in|    2|     ap_none|                                                                       count|        scalar|
+----------------+-----+-----+------------+----------------------------------------------------------------------------+--------------+

