

================================================================
== Vitis HLS Report for 'gru_static_ap_fixed_ap_fixed_config2_f_Pipeline_VITIS_LOOP_483_1'
================================================================
* Date:           Tue Sep 19 13:52:09 2023

* Version:        2022.2 (Build 3670227 on Oct 13 2022)
* Project:        alveo_hls4ml
* Solution:       solution (Vitis Kernel Flow Target)
* Product family: virtexuplus
* Target device:  xcu55c-fsvh2892-2L-e


================================================================
== Performance Estimates
================================================================
+ Timing: 
    * Summary: 
    +--------+---------+----------+------------+
    |  Clock |  Target | Estimated| Uncertainty|
    +--------+---------+----------+------------+
    |ap_clk  |  4.00 ns|  2.013 ns|     1.08 ns|
    +--------+---------+----------+------------+

+ Latency: 
    * Summary: 
    +---------+---------+----------+----------+-----+-----+---------+
    |  Latency (cycles) |  Latency (absolute) |  Interval | Pipeline|
    |   min   |   max   |    min   |    max   | min | max |   Type  |
    +---------+---------+----------+----------+-----+-----+---------+
    |      515|      515|  2.060 us|  2.060 us|  515|  515|       no|
    +---------+---------+----------+----------+-----+-----+---------+

    + Detail: 
        * Instance: 
        N/A

        * Loop: 
        +--------------------+---------+---------+----------+-----------+-----------+------+----------+
        |                    |  Latency (cycles) | Iteration|  Initiation Interval  | Trip |          |
        |      Loop Name     |   min   |   max   |  Latency |  achieved |   target  | Count| Pipelined|
        +--------------------+---------+---------+----------+-----------+-----------+------+----------+
        |- VITIS_LOOP_483_1  |      513|      513|         3|          1|          1|   512|       yes|
        +--------------------+---------+---------+----------+-----------+-----------+------+----------+



================================================================
== Utilization Estimates
================================================================
* Summary: 
+---------------------+---------+------+---------+---------+-----+
|         Name        | BRAM_18K|  DSP |    FF   |   LUT   | URAM|
+---------------------+---------+------+---------+---------+-----+
|DSP                  |        -|     -|        -|        -|    -|
|Expression           |        -|     -|        0|       90|    -|
|FIFO                 |        -|     -|        -|        -|    -|
|Instance             |        -|     -|        -|        -|    -|
|Memory               |        -|     -|        -|        -|    -|
|Multiplexer          |        -|     -|        -|       36|    -|
|Register             |        -|     -|       43|        -|    -|
+---------------------+---------+------+---------+---------+-----+
|Total                |        0|     0|       43|      126|    0|
+---------------------+---------+------+---------+---------+-----+
|Available SLR        |     1344|  3008|   869120|   434560|  320|
+---------------------+---------+------+---------+---------+-----+
|Utilization SLR (%)  |        0|     0|       ~0|       ~0|    0|
+---------------------+---------+------+---------+---------+-----+
|Available            |     4032|  9024|  2607360|  1303680|  960|
+---------------------+---------+------+---------+---------+-----+
|Utilization (%)      |        0|     0|       ~0|       ~0|    0|
+---------------------+---------+------+---------+---------+-----+

+ Detail: 
    * Instance: 
    N/A

    * DSP: 
    N/A

    * Memory: 
    N/A

    * FIFO: 
    N/A

    * Expression: 
    +--------------------------+----------+----+---+----+------------+------------+
    |       Variable Name      | Operation| DSP| FF| LUT| Bitwidth P0| Bitwidth P1|
    +--------------------------+----------+----+---+----+------------+------------+
    |add_ln483_fu_104_p2       |         +|   0|  0|  17|          10|           1|
    |and_ln896_fu_193_p2       |       and|   0|  0|   2|           1|           1|
    |overflow_fu_187_p2        |       and|   0|  0|   2|           1|           1|
    |icmp_ln483_fu_98_p2       |      icmp|   0|  0|  11|          10|          11|
    |or_ln346_fu_219_p2        |        or|   0|  0|   2|           1|           1|
    |or_ln895_fu_181_p2        |        or|   0|  0|   2|           1|           1|
    |or_ln896_fu_199_p2        |        or|   0|  0|   2|           1|           1|
    |select_ln346_1_fu_211_p3  |    select|   0|  0|   9|           1|           7|
    |tmpres_h_V_d0             |    select|   0|  0|   8|           1|           8|
    |ap_enable_pp0             |       xor|   0|  0|   2|           1|           2|
    |ret_V_fu_141_p2           |       xor|   0|  0|  16|          15|          16|
    |underflow_fu_205_p2       |       xor|   0|  0|   2|           1|           2|
    |xor_ln1347_fu_127_p2      |       xor|   0|  0|  15|          14|          15|
    +--------------------------+----------+----+---+----+------------+------------+
    |Total                     |          |   0|  0|  90|          58|          67|
    +--------------------------+----------+----+---+----+------------+------------+

    * Multiplexer: 
    +-------------------------+----+-----------+-----+-----------+
    |           Name          | LUT| Input Size| Bits| Total Bits|
    +-------------------------+----+-----------+-----+-----------+
    |ap_done_int              |   9|          2|    1|          2|
    |ap_enable_reg_pp0_iter1  |   9|          2|    1|          2|
    |ap_sig_allocacmp_ii_1    |   9|          2|   10|         20|
    |ii_fu_60                 |   9|          2|   10|         20|
    +-------------------------+----+-----------+-----+-----------+
    |Total                    |  36|          8|   22|         44|
    +-------------------------+----+-----------+-----+-----------+

    * Register: 
    +----------------------------------+----+----+-----+-----------+
    |               Name               | FF | LUT| Bits| Const Bits|
    +----------------------------------+----+----+-----+-----------+
    |ap_CS_fsm                         |   1|   0|    1|          0|
    |ap_done_reg                       |   1|   0|    1|          0|
    |ap_enable_reg_pp0_iter1           |   1|   0|    1|          0|
    |ap_enable_reg_pp0_iter2           |   1|   0|    1|          0|
    |ap_loop_exit_ready_pp0_iter1_reg  |   1|   0|    1|          0|
    |ii_fu_60                          |  10|   0|   10|          0|
    |inputacc_h_V_load_reg_255         |   8|   0|    8|          0|
    |zext_ln483_reg_245                |  10|   0|   64|         54|
    |zext_ln483_reg_245_pp0_iter1_reg  |  10|   0|   64|         54|
    +----------------------------------+----+----+-----+-----------+
    |Total                             |  43|   0|  151|        108|
    +----------------------------------+----+----+-----+-----------+



================================================================
== Interface
================================================================
* Summary: 
+-----------------------+-----+-----+------------+-------------------------------------------------------------------+--------------+
|       RTL Ports       | Dir | Bits|  Protocol  |                           Source Object                           |    C Type    |
+-----------------------+-----+-----+------------+-------------------------------------------------------------------+--------------+
|ap_clk                 |   in|    1|  ap_ctrl_hs|  gru_static<ap_fixed,ap_fixed,config2_f>_Pipeline_VITIS_LOOP_483_1|  return value|
|ap_rst                 |   in|    1|  ap_ctrl_hs|  gru_static<ap_fixed,ap_fixed,config2_f>_Pipeline_VITIS_LOOP_483_1|  return value|
|ap_start               |   in|    1|  ap_ctrl_hs|  gru_static<ap_fixed,ap_fixed,config2_f>_Pipeline_VITIS_LOOP_483_1|  return value|
|ap_done                |  out|    1|  ap_ctrl_hs|  gru_static<ap_fixed,ap_fixed,config2_f>_Pipeline_VITIS_LOOP_483_1|  return value|
|ap_idle                |  out|    1|  ap_ctrl_hs|  gru_static<ap_fixed,ap_fixed,config2_f>_Pipeline_VITIS_LOOP_483_1|  return value|
|ap_ready               |  out|    1|  ap_ctrl_hs|  gru_static<ap_fixed,ap_fixed,config2_f>_Pipeline_VITIS_LOOP_483_1|  return value|
|inputacc_h_V_address0  |  out|    9|   ap_memory|                                                       inputacc_h_V|         array|
|inputacc_h_V_ce0       |  out|    1|   ap_memory|                                                       inputacc_h_V|         array|
|inputacc_h_V_q0        |   in|    8|   ap_memory|                                                       inputacc_h_V|         array|
|tmpres_h_V_address0    |  out|    9|   ap_memory|                                                         tmpres_h_V|         array|
|tmpres_h_V_ce0         |  out|    1|   ap_memory|                                                         tmpres_h_V|         array|
|tmpres_h_V_we0         |  out|    1|   ap_memory|                                                         tmpres_h_V|         array|
|tmpres_h_V_d0          |  out|    8|   ap_memory|                                                         tmpres_h_V|         array|
+-----------------------+-----+-----+------------+-------------------------------------------------------------------+--------------+

