

================================================================
== Vitis HLS Report for 'gru_stack_ap_fixed_8_1_5_3_0_ap_fixed_8_1_5_3_0_config2_f_s'
================================================================
* Date:           Tue Sep 19 13:52:25 2023

* Version:        2022.2 (Build 3670227 on Oct 13 2022)
* Project:        alveo_hls4ml
* Solution:       solution (Vitis Kernel Flow Target)
* Product family: virtexuplus
* Target device:  xcu55c-fsvh2892-2L-e


================================================================
== Performance Estimates
================================================================
+ Timing: 
    * Summary: 
    +--------+---------+----------+------------+
    |  Clock |  Target | Estimated| Uncertainty|
    +--------+---------+----------+------------+
    |ap_clk  |  4.00 ns|  2.882 ns|     1.08 ns|
    +--------+---------+----------+------------+

+ Latency: 
    * Summary: 
    +---------+----------+----------+-----------+---------+----------+---------+
    |  Latency (cycles)  |  Latency (absolute)  |      Interval      | Pipeline|
    |   min   |    max   |    min   |    max    |   min   |    max   |   Type  |
    +---------+----------+----------+-----------+---------+----------+---------+
    |  1260861|  64468057|  5.043 ms|  0.258 sec|  1260861|  64468057|       no|
    +---------+----------+----------+-----------+---------+----------+---------+

    + Detail: 
        * Instance: 
        +----------------------------------------------------------------------------+-----------------------------------------------------------------+---------+---------+-----------+----------+-------+--------+---------+
        |                                                                            |                                                                 |  Latency (cycles) |  Latency (absolute)  |    Interval    | Pipeline|
        |                                  Instance                                  |                              Module                             |   min   |   max   |    min    |    max   |  min  |   max  |   Type  |
        +----------------------------------------------------------------------------+-----------------------------------------------------------------+---------+---------+-----------+----------+-------+--------+---------+
        |grp_gru_stack_ap_fixed_ap_fixed_config2_f_Pipeline_VITIS_LOOP_561_4_fu_799  |gru_stack_ap_fixed_ap_fixed_config2_f_Pipeline_VITIS_LOOP_561_4  |      514|      514|   2.056 us|  2.056 us|    514|     514|       no|
        |grp_gru_static_ap_fixed_8_1_5_3_0_ap_fixed_8_1_5_3_0_config2_f_s_fu_807     |gru_static_ap_fixed_8_1_5_3_0_ap_fixed_8_1_5_3_0_config2_f_s     |    17262|   883114|  69.048 us|  3.532 ms|  17262|  883114|       no|
        +----------------------------------------------------------------------------+-----------------------------------------------------------------+---------+---------+-----------+----------+-------+--------+---------+

        * Loop: 
        +--------------------+---------+----------+----------------+-----------+-----------+------+----------+
        |                    |  Latency (cycles)  |    Iteration   |  Initiation Interval  | Trip |          |
        |      Loop Name     |   min   |    max   |     Latency    |  achieved |   target  | Count| Pipelined|
        +--------------------+---------+----------+----------------+-----------+-----------+------+----------+
        |- VITIS_LOOP_544_2  |  1260345|  64467541|  17265 ~ 883117|          -|          -|    73|        no|
        +--------------------+---------+----------+----------------+-----------+-----------+------+----------+



================================================================
== Utilization Estimates
================================================================
* Summary: 
+---------------------+---------+------+---------+---------+-----+
|         Name        | BRAM_18K|  DSP |    FF   |   LUT   | URAM|
+---------------------+---------+------+---------+---------+-----+
|DSP                  |        -|     -|        -|        -|    -|
|Expression           |        -|     -|        0|       24|    -|
|FIFO                 |        -|     -|        -|        -|    -|
|Instance             |       24|     2|    70514|   190103|    0|
|Memory               |        1|     -|        0|        0|    0|
|Multiplexer          |        -|     -|        -|       77|    -|
|Register             |        -|     -|      407|        -|    -|
+---------------------+---------+------+---------+---------+-----+
|Total                |       25|     2|    70921|   190204|    0|
+---------------------+---------+------+---------+---------+-----+
|Available SLR        |     1344|  3008|   869120|   434560|  320|
+---------------------+---------+------+---------+---------+-----+
|Utilization SLR (%)  |        1|    ~0|        8|       43|    0|
+---------------------+---------+------+---------+---------+-----+
|Available            |     4032|  9024|  2607360|  1303680|  960|
+---------------------+---------+------+---------+---------+-----+
|Utilization (%)      |       ~0|    ~0|        2|       14|    0|
+---------------------+---------+------+---------+---------+-----+

+ Detail: 
    * Instance: 
    +----------------------------------------------------------------------------+-----------------------------------------------------------------+---------+----+-------+--------+-----+
    |                                  Instance                                  |                              Module                             | BRAM_18K| DSP|   FF  |   LUT  | URAM|
    +----------------------------------------------------------------------------+-----------------------------------------------------------------+---------+----+-------+--------+-----+
    |grp_gru_stack_ap_fixed_ap_fixed_config2_f_Pipeline_VITIS_LOOP_561_4_fu_799  |gru_stack_ap_fixed_ap_fixed_config2_f_Pipeline_VITIS_LOOP_561_4  |        0|   0|     23|      66|    0|
    |grp_gru_static_ap_fixed_8_1_5_3_0_ap_fixed_8_1_5_3_0_config2_f_s_fu_807     |gru_static_ap_fixed_8_1_5_3_0_ap_fixed_8_1_5_3_0_config2_f_s     |       24|   2|  70491|  190037|    0|
    +----------------------------------------------------------------------------+-----------------------------------------------------------------+---------+----+-------+--------+-----+
    |Total                                                                       |                                                                 |       24|   2|  70514|  190103|    0|
    +----------------------------------------------------------------------------+-----------------------------------------------------------------+---------+----+-------+--------+-----+

    * DSP: 
    N/A

    * Memory: 
    +-----------+----------------------------------------------------------------------------------+---------+---+----+-----+------+-----+------+-------------+
    |   Memory  |                                      Module                                      | BRAM_18K| FF| LUT| URAM| Words| Bits| Banks| W*Bits*Banks|
    +-----------+----------------------------------------------------------------------------------+---------+---+----+-----+------+-----+------+-------------+
    |h_state_U  |gru_stack_ap_fixed_8_1_5_3_0_ap_fixed_8_1_5_3_0_config2_f_s_h_state_RAM_AUTO_lbW  |        1|  0|   0|    0|   512|    8|     1|         4096|
    +-----------+----------------------------------------------------------------------------------+---------+---+----+-----+------+-----+------+-------------+
    |Total      |                                                                                  |        1|  0|   0|    0|   512|    8|     1|         4096|
    +-----------+----------------------------------------------------------------------------------+---------+---+----+-----+------+-----+------+-------------+

    * FIFO: 
    N/A

    * Expression: 
    +----------------------+----------+----+---+----+------------+------------+
    |     Variable Name    | Operation| DSP| FF| LUT| Bitwidth P0| Bitwidth P1|
    +----------------------+----------+----+---+----+------------+------------+
    |add_ln544_fu_994_p2   |         +|   0|  0|  14|           7|           1|
    |icmp_ln544_fu_988_p2  |      icmp|   0|  0|  10|           7|           7|
    +----------------------+----------+----+---+----+------------+------------+
    |Total                 |          |   0|  0|  24|          14|           8|
    +----------------------+----------+----+---+----+------------+------------+

    * Multiplexer: 
    +------------------+----+-----------+-----+-----------+
    |       Name       | LUT| Input Size| Bits| Total Bits|
    +------------------+----+-----------+-----+-----------+
    |ap_NS_fsm         |  31|          6|    1|          6|
    |h_state_address0  |  14|          3|    9|         27|
    |h_state_ce0       |  14|          3|    1|          3|
    |h_state_we0       |   9|          2|    1|          2|
    |iloop_fu_144      |   9|          2|    7|         14|
    +------------------+----+-----------+-----+-----------+
    |Total             |  77|         16|   19|         52|
    +------------------+----+-----------+-----+-----------+

    * Register: 
    +-----------------------------------------------------------------------------------------+---+----+-----+-----------+
    |                                           Name                                          | FF| LUT| Bits| Const Bits|
    +-----------------------------------------------------------------------------------------+---+----+-----+-----------+
    |ap_CS_fsm                                                                                |  5|   0|    5|          0|
    |data_in_V_10_reg_1310                                                                    |  8|   0|    8|          0|
    |data_in_V_11_reg_1315                                                                    |  8|   0|    8|          0|
    |data_in_V_12_reg_1320                                                                    |  8|   0|    8|          0|
    |data_in_V_13_reg_1325                                                                    |  8|   0|    8|          0|
    |data_in_V_14_reg_1330                                                                    |  8|   0|    8|          0|
    |data_in_V_15_reg_1335                                                                    |  8|   0|    8|          0|
    |data_in_V_16_reg_1340                                                                    |  8|   0|    8|          0|
    |data_in_V_17_reg_1345                                                                    |  8|   0|    8|          0|
    |data_in_V_18_reg_1350                                                                    |  8|   0|    8|          0|
    |data_in_V_19_reg_1355                                                                    |  8|   0|    8|          0|
    |data_in_V_1_reg_1265                                                                     |  8|   0|    8|          0|
    |data_in_V_20_reg_1360                                                                    |  8|   0|    8|          0|
    |data_in_V_21_reg_1365                                                                    |  8|   0|    8|          0|
    |data_in_V_22_reg_1370                                                                    |  8|   0|    8|          0|
    |data_in_V_23_reg_1375                                                                    |  8|   0|    8|          0|
    |data_in_V_24_reg_1380                                                                    |  8|   0|    8|          0|
    |data_in_V_25_reg_1385                                                                    |  8|   0|    8|          0|
    |data_in_V_26_reg_1390                                                                    |  8|   0|    8|          0|
    |data_in_V_27_reg_1395                                                                    |  8|   0|    8|          0|
    |data_in_V_28_reg_1400                                                                    |  8|   0|    8|          0|
    |data_in_V_29_reg_1405                                                                    |  8|   0|    8|          0|
    |data_in_V_2_reg_1270                                                                     |  8|   0|    8|          0|
    |data_in_V_30_reg_1410                                                                    |  8|   0|    8|          0|
    |data_in_V_31_reg_1415                                                                    |  8|   0|    8|          0|
    |data_in_V_32_reg_1420                                                                    |  8|   0|    8|          0|
    |data_in_V_33_reg_1425                                                                    |  8|   0|    8|          0|
    |data_in_V_34_reg_1430                                                                    |  8|   0|    8|          0|
    |data_in_V_35_reg_1435                                                                    |  8|   0|    8|          0|
    |data_in_V_36_reg_1440                                                                    |  8|   0|    8|          0|
    |data_in_V_37_reg_1445                                                                    |  8|   0|    8|          0|
    |data_in_V_38_reg_1450                                                                    |  8|   0|    8|          0|
    |data_in_V_39_reg_1455                                                                    |  8|   0|    8|          0|
    |data_in_V_3_reg_1275                                                                     |  8|   0|    8|          0|
    |data_in_V_40_reg_1460                                                                    |  8|   0|    8|          0|
    |data_in_V_41_reg_1465                                                                    |  8|   0|    8|          0|
    |data_in_V_42_reg_1470                                                                    |  8|   0|    8|          0|
    |data_in_V_43_reg_1475                                                                    |  8|   0|    8|          0|
    |data_in_V_44_reg_1480                                                                    |  8|   0|    8|          0|
    |data_in_V_45_reg_1485                                                                    |  8|   0|    8|          0|
    |data_in_V_46_reg_1490                                                                    |  8|   0|    8|          0|
    |data_in_V_47_reg_1495                                                                    |  8|   0|    8|          0|
    |data_in_V_48_reg_1500                                                                    |  8|   0|    8|          0|
    |data_in_V_4_reg_1280                                                                     |  8|   0|    8|          0|
    |data_in_V_5_reg_1285                                                                     |  8|   0|    8|          0|
    |data_in_V_6_reg_1290                                                                     |  8|   0|    8|          0|
    |data_in_V_7_reg_1295                                                                     |  8|   0|    8|          0|
    |data_in_V_8_reg_1300                                                                     |  8|   0|    8|          0|
    |data_in_V_9_reg_1305                                                                     |  8|   0|    8|          0|
    |data_in_V_reg_1260                                                                       |  8|   0|    8|          0|
    |grp_gru_stack_ap_fixed_ap_fixed_config2_f_Pipeline_VITIS_LOOP_561_4_fu_799_ap_start_reg  |  1|   0|    1|          0|
    |grp_gru_static_ap_fixed_8_1_5_3_0_ap_fixed_8_1_5_3_0_config2_f_s_fu_807_ap_start_reg     |  1|   0|    1|          0|
    |iloop_fu_144                                                                             |  7|   0|    7|          0|
    |reset_state_reg_785                                                                      |  1|   0|    1|          0|
    +-----------------------------------------------------------------------------------------+---+----+-----+-----------+
    |Total                                                                                    |407|   0|  407|          0|
    +-----------------------------------------------------------------------------------------+---+----+-----+-----------+



================================================================
== Interface
================================================================
* Summary: 
+------------------+-----+------+------------+------------------------------------------------------------------------+--------------+
|     RTL Ports    | Dir | Bits |  Protocol  |                              Source Object                             |    C Type    |
+------------------+-----+------+------------+------------------------------------------------------------------------+--------------+
|ap_clk            |   in|     1|  ap_ctrl_hs|  gru_stack<ap_fixed<8, 1, 5, 3, 0>, ap_fixed<8, 1, 5, 3, 0>, config2_f>|  return value|
|ap_rst            |   in|     1|  ap_ctrl_hs|  gru_stack<ap_fixed<8, 1, 5, 3, 0>, ap_fixed<8, 1, 5, 3, 0>, config2_f>|  return value|
|ap_start          |   in|     1|  ap_ctrl_hs|  gru_stack<ap_fixed<8, 1, 5, 3, 0>, ap_fixed<8, 1, 5, 3, 0>, config2_f>|  return value|
|ap_done           |  out|     1|  ap_ctrl_hs|  gru_stack<ap_fixed<8, 1, 5, 3, 0>, ap_fixed<8, 1, 5, 3, 0>, config2_f>|  return value|
|ap_idle           |  out|     1|  ap_ctrl_hs|  gru_stack<ap_fixed<8, 1, 5, 3, 0>, ap_fixed<8, 1, 5, 3, 0>, config2_f>|  return value|
|ap_ready          |  out|     1|  ap_ctrl_hs|  gru_stack<ap_fixed<8, 1, 5, 3, 0>, ap_fixed<8, 1, 5, 3, 0>, config2_f>|  return value|
|data_0_address0   |  out|     7|   ap_memory|                                                                  data_0|         array|
|data_0_ce0        |  out|     1|   ap_memory|                                                                  data_0|         array|
|data_0_q0         |   in|     8|   ap_memory|                                                                  data_0|         array|
|data_1_address0   |  out|     7|   ap_memory|                                                                  data_1|         array|
|data_1_ce0        |  out|     1|   ap_memory|                                                                  data_1|         array|
|data_1_q0         |   in|     8|   ap_memory|                                                                  data_1|         array|
|data_2_address0   |  out|     7|   ap_memory|                                                                  data_2|         array|
|data_2_ce0        |  out|     1|   ap_memory|                                                                  data_2|         array|
|data_2_q0         |   in|     8|   ap_memory|                                                                  data_2|         array|
|data_3_address0   |  out|     7|   ap_memory|                                                                  data_3|         array|
|data_3_ce0        |  out|     1|   ap_memory|                                                                  data_3|         array|
|data_3_q0         |   in|     8|   ap_memory|                                                                  data_3|         array|
|data_4_address0   |  out|     7|   ap_memory|                                                                  data_4|         array|
|data_4_ce0        |  out|     1|   ap_memory|                                                                  data_4|         array|
|data_4_q0         |   in|     8|   ap_memory|                                                                  data_4|         array|
|data_5_address0   |  out|     7|   ap_memory|                                                                  data_5|         array|
|data_5_ce0        |  out|     1|   ap_memory|                                                                  data_5|         array|
|data_5_q0         |   in|     8|   ap_memory|                                                                  data_5|         array|
|data_6_address0   |  out|     7|   ap_memory|                                                                  data_6|         array|
|data_6_ce0        |  out|     1|   ap_memory|                                                                  data_6|         array|
|data_6_q0         |   in|     8|   ap_memory|                                                                  data_6|         array|
|data_7_address0   |  out|     7|   ap_memory|                                                                  data_7|         array|
|data_7_ce0        |  out|     1|   ap_memory|                                                                  data_7|         array|
|data_7_q0         |   in|     8|   ap_memory|                                                                  data_7|         array|
|data_8_address0   |  out|     7|   ap_memory|                                                                  data_8|         array|
|data_8_ce0        |  out|     1|   ap_memory|                                                                  data_8|         array|
|data_8_q0         |   in|     8|   ap_memory|                                                                  data_8|         array|
|data_9_address0   |  out|     7|   ap_memory|                                                                  data_9|         array|
|data_9_ce0        |  out|     1|   ap_memory|                                                                  data_9|         array|
|data_9_q0         |   in|     8|   ap_memory|                                                                  data_9|         array|
|data_10_address0  |  out|     7|   ap_memory|                                                                 data_10|         array|
|data_10_ce0       |  out|     1|   ap_memory|                                                                 data_10|         array|
|data_10_q0        |   in|     8|   ap_memory|                                                                 data_10|         array|
|data_11_address0  |  out|     7|   ap_memory|                                                                 data_11|         array|
|data_11_ce0       |  out|     1|   ap_memory|                                                                 data_11|         array|
|data_11_q0        |   in|     8|   ap_memory|                                                                 data_11|         array|
|data_12_address0  |  out|     7|   ap_memory|                                                                 data_12|         array|
|data_12_ce0       |  out|     1|   ap_memory|                                                                 data_12|         array|
|data_12_q0        |   in|     8|   ap_memory|                                                                 data_12|         array|
|data_13_address0  |  out|     7|   ap_memory|                                                                 data_13|         array|
|data_13_ce0       |  out|     1|   ap_memory|                                                                 data_13|         array|
|data_13_q0        |   in|     8|   ap_memory|                                                                 data_13|         array|
|data_14_address0  |  out|     7|   ap_memory|                                                                 data_14|         array|
|data_14_ce0       |  out|     1|   ap_memory|                                                                 data_14|         array|
|data_14_q0        |   in|     8|   ap_memory|                                                                 data_14|         array|
|data_15_address0  |  out|     7|   ap_memory|                                                                 data_15|         array|
|data_15_ce0       |  out|     1|   ap_memory|                                                                 data_15|         array|
|data_15_q0        |   in|     8|   ap_memory|                                                                 data_15|         array|
|data_16_address0  |  out|     7|   ap_memory|                                                                 data_16|         array|
|data_16_ce0       |  out|     1|   ap_memory|                                                                 data_16|         array|
|data_16_q0        |   in|     8|   ap_memory|                                                                 data_16|         array|
|data_17_address0  |  out|     7|   ap_memory|                                                                 data_17|         array|
|data_17_ce0       |  out|     1|   ap_memory|                                                                 data_17|         array|
|data_17_q0        |   in|     8|   ap_memory|                                                                 data_17|         array|
|data_18_address0  |  out|     7|   ap_memory|                                                                 data_18|         array|
|data_18_ce0       |  out|     1|   ap_memory|                                                                 data_18|         array|
|data_18_q0        |   in|     8|   ap_memory|                                                                 data_18|         array|
|data_19_address0  |  out|     7|   ap_memory|                                                                 data_19|         array|
|data_19_ce0       |  out|     1|   ap_memory|                                                                 data_19|         array|
|data_19_q0        |   in|     8|   ap_memory|                                                                 data_19|         array|
|data_20_address0  |  out|     7|   ap_memory|                                                                 data_20|         array|
|data_20_ce0       |  out|     1|   ap_memory|                                                                 data_20|         array|
|data_20_q0        |   in|     8|   ap_memory|                                                                 data_20|         array|
|data_21_address0  |  out|     7|   ap_memory|                                                                 data_21|         array|
|data_21_ce0       |  out|     1|   ap_memory|                                                                 data_21|         array|
|data_21_q0        |   in|     8|   ap_memory|                                                                 data_21|         array|
|data_22_address0  |  out|     7|   ap_memory|                                                                 data_22|         array|
|data_22_ce0       |  out|     1|   ap_memory|                                                                 data_22|         array|
|data_22_q0        |   in|     8|   ap_memory|                                                                 data_22|         array|
|data_23_address0  |  out|     7|   ap_memory|                                                                 data_23|         array|
|data_23_ce0       |  out|     1|   ap_memory|                                                                 data_23|         array|
|data_23_q0        |   in|     8|   ap_memory|                                                                 data_23|         array|
|data_24_address0  |  out|     7|   ap_memory|                                                                 data_24|         array|
|data_24_ce0       |  out|     1|   ap_memory|                                                                 data_24|         array|
|data_24_q0        |   in|     8|   ap_memory|                                                                 data_24|         array|
|data_25_address0  |  out|     7|   ap_memory|                                                                 data_25|         array|
|data_25_ce0       |  out|     1|   ap_memory|                                                                 data_25|         array|
|data_25_q0        |   in|     8|   ap_memory|                                                                 data_25|         array|
|data_26_address0  |  out|     7|   ap_memory|                                                                 data_26|         array|
|data_26_ce0       |  out|     1|   ap_memory|                                                                 data_26|         array|
|data_26_q0        |   in|     8|   ap_memory|                                                                 data_26|         array|
|data_27_address0  |  out|     7|   ap_memory|                                                                 data_27|         array|
|data_27_ce0       |  out|     1|   ap_memory|                                                                 data_27|         array|
|data_27_q0        |   in|     8|   ap_memory|                                                                 data_27|         array|
|data_28_address0  |  out|     7|   ap_memory|                                                                 data_28|         array|
|data_28_ce0       |  out|     1|   ap_memory|                                                                 data_28|         array|
|data_28_q0        |   in|     8|   ap_memory|                                                                 data_28|         array|
|data_29_address0  |  out|     7|   ap_memory|                                                                 data_29|         array|
|data_29_ce0       |  out|     1|   ap_memory|                                                                 data_29|         array|
|data_29_q0        |   in|     8|   ap_memory|                                                                 data_29|         array|
|data_30_address0  |  out|     7|   ap_memory|                                                                 data_30|         array|
|data_30_ce0       |  out|     1|   ap_memory|                                                                 data_30|         array|
|data_30_q0        |   in|     8|   ap_memory|                                                                 data_30|         array|
|data_31_address0  |  out|     7|   ap_memory|                                                                 data_31|         array|
|data_31_ce0       |  out|     1|   ap_memory|                                                                 data_31|         array|
|data_31_q0        |   in|     8|   ap_memory|                                                                 data_31|         array|
|data_32_address0  |  out|     7|   ap_memory|                                                                 data_32|         array|
|data_32_ce0       |  out|     1|   ap_memory|                                                                 data_32|         array|
|data_32_q0        |   in|     8|   ap_memory|                                                                 data_32|         array|
|data_33_address0  |  out|     7|   ap_memory|                                                                 data_33|         array|
|data_33_ce0       |  out|     1|   ap_memory|                                                                 data_33|         array|
|data_33_q0        |   in|     8|   ap_memory|                                                                 data_33|         array|
|data_34_address0  |  out|     7|   ap_memory|                                                                 data_34|         array|
|data_34_ce0       |  out|     1|   ap_memory|                                                                 data_34|         array|
|data_34_q0        |   in|     8|   ap_memory|                                                                 data_34|         array|
|data_35_address0  |  out|     7|   ap_memory|                                                                 data_35|         array|
|data_35_ce0       |  out|     1|   ap_memory|                                                                 data_35|         array|
|data_35_q0        |   in|     8|   ap_memory|                                                                 data_35|         array|
|data_36_address0  |  out|     7|   ap_memory|                                                                 data_36|         array|
|data_36_ce0       |  out|     1|   ap_memory|                                                                 data_36|         array|
|data_36_q0        |   in|     8|   ap_memory|                                                                 data_36|         array|
|data_37_address0  |  out|     7|   ap_memory|                                                                 data_37|         array|
|data_37_ce0       |  out|     1|   ap_memory|                                                                 data_37|         array|
|data_37_q0        |   in|     8|   ap_memory|                                                                 data_37|         array|
|data_38_address0  |  out|     7|   ap_memory|                                                                 data_38|         array|
|data_38_ce0       |  out|     1|   ap_memory|                                                                 data_38|         array|
|data_38_q0        |   in|     8|   ap_memory|                                                                 data_38|         array|
|data_39_address0  |  out|     7|   ap_memory|                                                                 data_39|         array|
|data_39_ce0       |  out|     1|   ap_memory|                                                                 data_39|         array|
|data_39_q0        |   in|     8|   ap_memory|                                                                 data_39|         array|
|data_40_address0  |  out|     7|   ap_memory|                                                                 data_40|         array|
|data_40_ce0       |  out|     1|   ap_memory|                                                                 data_40|         array|
|data_40_q0        |   in|     8|   ap_memory|                                                                 data_40|         array|
|data_41_address0  |  out|     7|   ap_memory|                                                                 data_41|         array|
|data_41_ce0       |  out|     1|   ap_memory|                                                                 data_41|         array|
|data_41_q0        |   in|     8|   ap_memory|                                                                 data_41|         array|
|data_42_address0  |  out|     7|   ap_memory|                                                                 data_42|         array|
|data_42_ce0       |  out|     1|   ap_memory|                                                                 data_42|         array|
|data_42_q0        |   in|     8|   ap_memory|                                                                 data_42|         array|
|data_43_address0  |  out|     7|   ap_memory|                                                                 data_43|         array|
|data_43_ce0       |  out|     1|   ap_memory|                                                                 data_43|         array|
|data_43_q0        |   in|     8|   ap_memory|                                                                 data_43|         array|
|data_44_address0  |  out|     7|   ap_memory|                                                                 data_44|         array|
|data_44_ce0       |  out|     1|   ap_memory|                                                                 data_44|         array|
|data_44_q0        |   in|     8|   ap_memory|                                                                 data_44|         array|
|data_45_address0  |  out|     7|   ap_memory|                                                                 data_45|         array|
|data_45_ce0       |  out|     1|   ap_memory|                                                                 data_45|         array|
|data_45_q0        |   in|     8|   ap_memory|                                                                 data_45|         array|
|data_46_address0  |  out|     7|   ap_memory|                                                                 data_46|         array|
|data_46_ce0       |  out|     1|   ap_memory|                                                                 data_46|         array|
|data_46_q0        |   in|     8|   ap_memory|                                                                 data_46|         array|
|data_47_address0  |  out|     7|   ap_memory|                                                                 data_47|         array|
|data_47_ce0       |  out|     1|   ap_memory|                                                                 data_47|         array|
|data_47_q0        |   in|     8|   ap_memory|                                                                 data_47|         array|
|data_48_address0  |  out|     7|   ap_memory|                                                                 data_48|         array|
|data_48_ce0       |  out|     1|   ap_memory|                                                                 data_48|         array|
|data_48_q0        |   in|     8|   ap_memory|                                                                 data_48|         array|
|res_address0      |  out|     9|   ap_memory|                                                                     res|         array|
|res_ce0           |  out|     1|   ap_memory|                                                                     res|         array|
|res_we0           |  out|     1|   ap_memory|                                                                     res|         array|
|res_d0            |  out|     8|   ap_memory|                                                                     res|         array|
|fw2_v1_address0   |  out|     6|   ap_memory|                                                                  fw2_v1|         array|
|fw2_v1_ce0        |  out|     1|   ap_memory|                                                                  fw2_v1|         array|
|fw2_v1_q0         |   in|  4096|   ap_memory|                                                                  fw2_v1|         array|
|fw2_v2_address0   |  out|     6|   ap_memory|                                                                  fw2_v2|         array|
|fw2_v2_ce0        |  out|     1|   ap_memory|                                                                  fw2_v2|         array|
|fw2_v2_q0         |   in|  4096|   ap_memory|                                                                  fw2_v2|         array|
|fw2_v3_address0   |  out|     6|   ap_memory|                                                                  fw2_v3|         array|
|fw2_v3_ce0        |  out|     1|   ap_memory|                                                                  fw2_v3|         array|
|fw2_v3_q0         |   in|  4096|   ap_memory|                                                                  fw2_v3|         array|
|fwr2_v1_address0  |  out|     9|   ap_memory|                                                                 fwr2_v1|         array|
|fwr2_v1_ce0       |  out|     1|   ap_memory|                                                                 fwr2_v1|         array|
|fwr2_v1_q0        |   in|  4096|   ap_memory|                                                                 fwr2_v1|         array|
|fwr2_v2_address0  |  out|     9|   ap_memory|                                                                 fwr2_v2|         array|
|fwr2_v2_ce0       |  out|     1|   ap_memory|                                                                 fwr2_v2|         array|
|fwr2_v2_q0        |   in|  4096|   ap_memory|                                                                 fwr2_v2|         array|
|fwr2_v3_address0  |  out|     9|   ap_memory|                                                                 fwr2_v3|         array|
|fwr2_v3_ce0       |  out|     1|   ap_memory|                                                                 fwr2_v3|         array|
|fwr2_v3_q0        |   in|  4096|   ap_memory|                                                                 fwr2_v3|         array|
+------------------+-----+------+------------+------------------------------------------------------------------------+--------------+

