

================================================================
== Vitis HLS Report for 'kernel_Loop_VITIS_LOOP_86_2_proc23'
================================================================
* Date:           Sat Sep 16 17:47:12 2023

* Version:        2022.2 (Build 3670227 on Oct 13 2022)
* Project:        alveo_hls4ml
* Solution:       solution (Vitis Kernel Flow Target)
* Product family: virtexuplus
* Target device:  xcu55c-fsvh2892-2L-e


================================================================
== Performance Estimates
================================================================
+ Timing: 
    * Summary: 
    +--------+---------+----------+------------+
    |  Clock |  Target | Estimated| Uncertainty|
    +--------+---------+----------+------------+
    |ap_clk  |  4.00 ns|  2.920 ns|     1.08 ns|
    +--------+---------+----------+------------+

+ Latency: 
    * Summary: 
    +---------+---------+----------+----------+------+------+---------+
    |  Latency (cycles) |  Latency (absolute) |   Interval  | Pipeline|
    |   min   |   max   |    min   |    max   |  min |  max |   Type  |
    +---------+---------+----------+----------+------+------+---------+
    |     1098|     1098|  4.392 us|  4.392 us|  1098|  1098|       no|
    +---------+---------+----------+----------+------+------+---------+

    + Detail: 
        * Instance: 
        +-----------------------------------------------------------------------+-------------------------------------------------------------+---------+---------+----------+----------+------+------+---------+
        |                                                                       |                                                             |  Latency (cycles) |  Latency (absolute) |   Interval  | Pipeline|
        |                                Instance                               |                            Module                           |   min   |   max   |    min   |    max   |  min |  max |   Type  |
        +-----------------------------------------------------------------------+-------------------------------------------------------------+---------+---------+----------+----------+------+------+---------+
        |grp_kernel_Loop_VITIS_LOOP_86_2_proc23_Pipeline_VITIS_LOOP_86_2_fu_60  |kernel_Loop_VITIS_LOOP_86_2_proc23_Pipeline_VITIS_LOOP_86_2  |     1027|     1027|  4.108 us|  4.108 us|  1027|  1027|       no|
        +-----------------------------------------------------------------------+-------------------------------------------------------------+---------+---------+----------+----------+------+------+---------+

        * Loop: 
        N/A



================================================================
== Utilization Estimates
================================================================
* Summary: 
+---------------------+---------+------+---------+---------+-----+
|         Name        | BRAM_18K|  DSP |    FF   |   LUT   | URAM|
+---------------------+---------+------+---------+---------+-----+
|DSP                  |        -|     -|        -|        -|    -|
|Expression           |        -|     -|        0|        2|    -|
|FIFO                 |        -|     -|        -|        -|    -|
|Instance             |        -|     -|       24|       90|    -|
|Memory               |        -|     -|        -|        -|    -|
|Multiplexer          |        -|     -|        -|      522|    -|
|Register             |        -|     -|      138|        -|    -|
+---------------------+---------+------+---------+---------+-----+
|Total                |        0|     0|      162|      614|    0|
+---------------------+---------+------+---------+---------+-----+
|Available SLR        |     1344|  3008|   869120|   434560|  320|
+---------------------+---------+------+---------+---------+-----+
|Utilization SLR (%)  |        0|     0|       ~0|       ~0|    0|
+---------------------+---------+------+---------+---------+-----+
|Available            |     4032|  9024|  2607360|  1303680|  960|
+---------------------+---------+------+---------+---------+-----+
|Utilization (%)      |        0|     0|       ~0|       ~0|    0|
+---------------------+---------+------+---------+---------+-----+

+ Detail: 
    * Instance: 
    +-----------------------------------------------------------------------+-------------------------------------------------------------+---------+----+----+----+-----+
    |                                Instance                               |                            Module                           | BRAM_18K| DSP| FF | LUT| URAM|
    +-----------------------------------------------------------------------+-------------------------------------------------------------+---------+----+----+----+-----+
    |grp_kernel_Loop_VITIS_LOOP_86_2_proc23_Pipeline_VITIS_LOOP_86_2_fu_60  |kernel_Loop_VITIS_LOOP_86_2_proc23_Pipeline_VITIS_LOOP_86_2  |        0|   0|  24|  90|    0|
    +-----------------------------------------------------------------------+-------------------------------------------------------------+---------+----+----+----+-----+
    |Total                                                                  |                                                             |        0|   0|  24|  90|    0|
    +-----------------------------------------------------------------------+-------------------------------------------------------------+---------+----+----+----+-----+

    * DSP: 
    N/A

    * Memory: 
    N/A

    * FIFO: 
    N/A

    * Expression: 
    +-----------------+----------+----+---+----+------------+------------+
    |  Variable Name  | Operation| DSP| FF| LUT| Bitwidth P0| Bitwidth P1|
    +-----------------+----------+----+---+----+------------+------------+
    |ap_block_state1  |        or|   0|  0|   2|           1|           1|
    +-----------------+----------+----+---+----+------------+------------+
    |Total            |          |   0|  0|   2|           1|           1|
    +-----------------+----------+----+---+----+------------+------------+

    * Multiplexer: 
    +-----------------------+-----+-----------+-----+-----------+
    |          Name         | LUT | Input Size| Bits| Total Bits|
    +-----------------------+-----+-----------+-----+-----------+
    |ap_NS_fsm              |  331|         73|    1|         73|
    |ap_done                |    9|          2|    1|          2|
    |gmem10_blk_n_AW        |    9|          2|    1|          2|
    |gmem10_blk_n_B         |    9|          2|    1|          2|
    |m_axi_gmem10_AWADDR    |   14|          3|   64|        192|
    |m_axi_gmem10_AWBURST   |    9|          2|    2|          4|
    |m_axi_gmem10_AWCACHE   |    9|          2|    4|          8|
    |m_axi_gmem10_AWID      |    9|          2|    1|          2|
    |m_axi_gmem10_AWLEN     |   14|          3|   32|         96|
    |m_axi_gmem10_AWLOCK    |    9|          2|    2|          4|
    |m_axi_gmem10_AWPROT    |    9|          2|    3|          6|
    |m_axi_gmem10_AWQOS     |    9|          2|    4|          8|
    |m_axi_gmem10_AWREGION  |    9|          2|    4|          8|
    |m_axi_gmem10_AWSIZE    |    9|          2|    3|          6|
    |m_axi_gmem10_AWUSER    |    9|          2|    1|          2|
    |m_axi_gmem10_AWVALID   |   14|          3|    1|          3|
    |m_axi_gmem10_BREADY    |   14|          3|    1|          3|
    |m_axi_gmem10_WVALID    |    9|          2|    1|          2|
    |out_buf2_read          |    9|          2|    1|          2|
    |out_r_blk_n            |    9|          2|    1|          2|
    +-----------------------+-----+-----------+-----+-----------+
    |Total                  |  522|        115|  129|        427|
    +-----------------------+-----+-----------+-----+-----------+

    * Register: 
    +------------------------------------------------------------------------------------+----+----+-----+-----------+
    |                                        Name                                        | FF | LUT| Bits| Const Bits|
    +------------------------------------------------------------------------------------+----+----+-----+-----------+
    |ap_CS_fsm                                                                           |  72|   0|   72|          0|
    |ap_done_reg                                                                         |   1|   0|    1|          0|
    |grp_kernel_Loop_VITIS_LOOP_86_2_proc23_Pipeline_VITIS_LOOP_86_2_fu_60_ap_start_reg  |   1|   0|    1|          0|
    |out_read_reg_75                                                                     |  64|   0|   64|          0|
    +------------------------------------------------------------------------------------+----+----+-----+-----------+
    |Total                                                                               | 138|   0|  138|          0|
    +------------------------------------------------------------------------------------+----+----+-----+-----------+



================================================================
== Interface
================================================================
* Summary: 
+-------------------------+-----+-----+------------+------------------------------------+--------------+
|        RTL Ports        | Dir | Bits|  Protocol  |            Source Object           |    C Type    |
+-------------------------+-----+-----+------------+------------------------------------+--------------+
|ap_clk                   |   in|    1|  ap_ctrl_hs|  kernel_Loop_VITIS_LOOP_86_2_proc23|  return value|
|ap_rst                   |   in|    1|  ap_ctrl_hs|  kernel_Loop_VITIS_LOOP_86_2_proc23|  return value|
|ap_start                 |   in|    1|  ap_ctrl_hs|  kernel_Loop_VITIS_LOOP_86_2_proc23|  return value|
|ap_done                  |  out|    1|  ap_ctrl_hs|  kernel_Loop_VITIS_LOOP_86_2_proc23|  return value|
|ap_continue              |   in|    1|  ap_ctrl_hs|  kernel_Loop_VITIS_LOOP_86_2_proc23|  return value|
|ap_idle                  |  out|    1|  ap_ctrl_hs|  kernel_Loop_VITIS_LOOP_86_2_proc23|  return value|
|ap_ready                 |  out|    1|  ap_ctrl_hs|  kernel_Loop_VITIS_LOOP_86_2_proc23|  return value|
|m_axi_gmem10_AWVALID     |  out|    1|       m_axi|                              gmem10|       pointer|
|m_axi_gmem10_AWREADY     |   in|    1|       m_axi|                              gmem10|       pointer|
|m_axi_gmem10_AWADDR      |  out|   64|       m_axi|                              gmem10|       pointer|
|m_axi_gmem10_AWID        |  out|    1|       m_axi|                              gmem10|       pointer|
|m_axi_gmem10_AWLEN       |  out|   32|       m_axi|                              gmem10|       pointer|
|m_axi_gmem10_AWSIZE      |  out|    3|       m_axi|                              gmem10|       pointer|
|m_axi_gmem10_AWBURST     |  out|    2|       m_axi|                              gmem10|       pointer|
|m_axi_gmem10_AWLOCK      |  out|    2|       m_axi|                              gmem10|       pointer|
|m_axi_gmem10_AWCACHE     |  out|    4|       m_axi|                              gmem10|       pointer|
|m_axi_gmem10_AWPROT      |  out|    3|       m_axi|                              gmem10|       pointer|
|m_axi_gmem10_AWQOS       |  out|    4|       m_axi|                              gmem10|       pointer|
|m_axi_gmem10_AWREGION    |  out|    4|       m_axi|                              gmem10|       pointer|
|m_axi_gmem10_AWUSER      |  out|    1|       m_axi|                              gmem10|       pointer|
|m_axi_gmem10_WVALID      |  out|    1|       m_axi|                              gmem10|       pointer|
|m_axi_gmem10_WREADY      |   in|    1|       m_axi|                              gmem10|       pointer|
|m_axi_gmem10_WDATA       |  out|    8|       m_axi|                              gmem10|       pointer|
|m_axi_gmem10_WSTRB       |  out|    1|       m_axi|                              gmem10|       pointer|
|m_axi_gmem10_WLAST       |  out|    1|       m_axi|                              gmem10|       pointer|
|m_axi_gmem10_WID         |  out|    1|       m_axi|                              gmem10|       pointer|
|m_axi_gmem10_WUSER       |  out|    1|       m_axi|                              gmem10|       pointer|
|m_axi_gmem10_ARVALID     |  out|    1|       m_axi|                              gmem10|       pointer|
|m_axi_gmem10_ARREADY     |   in|    1|       m_axi|                              gmem10|       pointer|
|m_axi_gmem10_ARADDR      |  out|   64|       m_axi|                              gmem10|       pointer|
|m_axi_gmem10_ARID        |  out|    1|       m_axi|                              gmem10|       pointer|
|m_axi_gmem10_ARLEN       |  out|   32|       m_axi|                              gmem10|       pointer|
|m_axi_gmem10_ARSIZE      |  out|    3|       m_axi|                              gmem10|       pointer|
|m_axi_gmem10_ARBURST     |  out|    2|       m_axi|                              gmem10|       pointer|
|m_axi_gmem10_ARLOCK      |  out|    2|       m_axi|                              gmem10|       pointer|
|m_axi_gmem10_ARCACHE     |  out|    4|       m_axi|                              gmem10|       pointer|
|m_axi_gmem10_ARPROT      |  out|    3|       m_axi|                              gmem10|       pointer|
|m_axi_gmem10_ARQOS       |  out|    4|       m_axi|                              gmem10|       pointer|
|m_axi_gmem10_ARREGION    |  out|    4|       m_axi|                              gmem10|       pointer|
|m_axi_gmem10_ARUSER      |  out|    1|       m_axi|                              gmem10|       pointer|
|m_axi_gmem10_RVALID      |   in|    1|       m_axi|                              gmem10|       pointer|
|m_axi_gmem10_RREADY      |  out|    1|       m_axi|                              gmem10|       pointer|
|m_axi_gmem10_RDATA       |   in|    8|       m_axi|                              gmem10|       pointer|
|m_axi_gmem10_RLAST       |   in|    1|       m_axi|                              gmem10|       pointer|
|m_axi_gmem10_RID         |   in|    1|       m_axi|                              gmem10|       pointer|
|m_axi_gmem10_RFIFONUM    |   in|   11|       m_axi|                              gmem10|       pointer|
|m_axi_gmem10_RUSER       |   in|    1|       m_axi|                              gmem10|       pointer|
|m_axi_gmem10_RRESP       |   in|    2|       m_axi|                              gmem10|       pointer|
|m_axi_gmem10_BVALID      |   in|    1|       m_axi|                              gmem10|       pointer|
|m_axi_gmem10_BREADY      |  out|    1|       m_axi|                              gmem10|       pointer|
|m_axi_gmem10_BRESP       |   in|    2|       m_axi|                              gmem10|       pointer|
|m_axi_gmem10_BID         |   in|    1|       m_axi|                              gmem10|       pointer|
|m_axi_gmem10_BUSER       |   in|    1|       m_axi|                              gmem10|       pointer|
|out_r_dout               |   in|   64|     ap_fifo|                               out_r|       pointer|
|out_r_num_data_valid     |   in|    3|     ap_fifo|                               out_r|       pointer|
|out_r_fifo_cap           |   in|    3|     ap_fifo|                               out_r|       pointer|
|out_r_empty_n            |   in|    1|     ap_fifo|                               out_r|       pointer|
|out_r_read               |  out|    1|     ap_fifo|                               out_r|       pointer|
|out_buf2_dout            |   in|    8|     ap_fifo|                            out_buf2|       pointer|
|out_buf2_num_data_valid  |   in|   11|     ap_fifo|                            out_buf2|       pointer|
|out_buf2_fifo_cap        |   in|   11|     ap_fifo|                            out_buf2|       pointer|
|out_buf2_empty_n         |   in|    1|     ap_fifo|                            out_buf2|       pointer|
|out_buf2_read            |  out|    1|     ap_fifo|                            out_buf2|       pointer|
+-------------------------+-----+-----+------------+------------------------------------+--------------+

