

================================================================
== Vitis HLS Report for 'kernel_Loop_VITIS_LOOP_86_2_proc22_Pipeline_VITIS_LOOP_86_2'
================================================================
* Date:           Sat Sep 16 13:31:27 2023

* Version:        2022.2 (Build 3670227 on Oct 13 2022)
* Project:        alveo_hls4ml
* Solution:       solution (Vitis Kernel Flow Target)
* Product family: virtexuplus
* Target device:  xcu55c-fsvh2892-2L-e


================================================================
== Performance Estimates
================================================================
+ Timing: 
    * Summary: 
    +--------+---------+----------+------------+
    |  Clock |  Target | Estimated| Uncertainty|
    +--------+---------+----------+------------+
    |ap_clk  |  9.00 ns|  6.570 ns|     2.43 ns|
    +--------+---------+----------+------------+

+ Latency: 
    * Summary: 
    +---------+---------+----------+----------+------+------+---------+
    |  Latency (cycles) |  Latency (absolute) |   Interval  | Pipeline|
    |   min   |   max   |    min   |    max   |  min |  max |   Type  |
    +---------+---------+----------+----------+------+------+---------+
    |     1027|     1027|  9.243 us|  9.243 us|  1027|  1027|       no|
    +---------+---------+----------+----------+------+------+---------+

    + Detail: 
        * Instance: 
        N/A

        * Loop: 
        +-------------------+---------+---------+----------+-----------+-----------+------+----------+
        |                   |  Latency (cycles) | Iteration|  Initiation Interval  | Trip |          |
        |     Loop Name     |   min   |   max   |  Latency |  achieved |   target  | Count| Pipelined|
        +-------------------+---------+---------+----------+-----------+-----------+------+----------+
        |- VITIS_LOOP_86_2  |     1025|     1025|         3|          1|          1|  1024|       yes|
        +-------------------+---------+---------+----------+-----------+-----------+------+----------+



================================================================
== Utilization Estimates
================================================================
* Summary: 
+---------------------+---------+------+---------+---------+-----+
|         Name        | BRAM_18K|  DSP |    FF   |   LUT   | URAM|
+---------------------+---------+------+---------+---------+-----+
|DSP                  |        -|     -|        -|        -|    -|
|Expression           |        -|     -|        0|       36|    -|
|FIFO                 |        -|     -|        -|        -|    -|
|Instance             |        -|     -|        -|        -|    -|
|Memory               |        -|     -|        -|        -|    -|
|Multiplexer          |        -|     -|        -|       54|    -|
|Register             |        -|     -|       24|        -|    -|
+---------------------+---------+------+---------+---------+-----+
|Total                |        0|     0|       24|       90|    0|
+---------------------+---------+------+---------+---------+-----+
|Available SLR        |     1344|  3008|   869120|   434560|  320|
+---------------------+---------+------+---------+---------+-----+
|Utilization SLR (%)  |        0|     0|       ~0|       ~0|    0|
+---------------------+---------+------+---------+---------+-----+
|Available            |     4032|  9024|  2607360|  1303680|  960|
+---------------------+---------+------+---------+---------+-----+
|Utilization (%)      |        0|     0|       ~0|       ~0|    0|
+---------------------+---------+------+---------+---------+-----+

+ Detail: 
    * Instance: 
    N/A

    * DSP: 
    N/A

    * Memory: 
    N/A

    * FIFO: 
    N/A

    * Expression: 
    +---------------------------+----------+----+---+----+------------+------------+
    |       Variable Name       | Operation| DSP| FF| LUT| Bitwidth P0| Bitwidth P1|
    +---------------------------+----------+----+---+----+------------+------------+
    |add_ln86_fu_96_p2          |         +|   0|  0|  18|          11|           1|
    |ap_block_pp0_stage0_01001  |       and|   0|  0|   2|           1|           1|
    |icmp_ln86_fu_90_p2         |      icmp|   0|  0|  12|          11|          12|
    |ap_block_pp0_stage0_11001  |        or|   0|  0|   2|           1|           1|
    |ap_enable_pp0              |       xor|   0|  0|   2|           1|           2|
    +---------------------------+----------+----+---+----+------------+------------+
    |Total                      |          |   0|  0|  36|          25|          17|
    +---------------------------+----------+----+---+----+------------+------------+

    * Multiplexer: 
    +-------------------------+----+-----------+-----+-----------+
    |           Name          | LUT| Input Size| Bits| Total Bits|
    +-------------------------+----+-----------+-----+-----------+
    |ap_done_int              |   9|          2|    1|          2|
    |ap_enable_reg_pp0_iter1  |   9|          2|    1|          2|
    |ap_sig_allocacmp_i0_1    |   9|          2|   11|         22|
    |gmem10_blk_n_W           |   9|          2|    1|          2|
    |i0_fu_52                 |   9|          2|   11|         22|
    |out_buf2_blk_n           |   9|          2|    1|          2|
    +-------------------------+----+-----------+-----+-----------+
    |Total                    |  54|         12|   26|         52|
    +-------------------------+----+-----------+-----+-----------+

    * Register: 
    +----------------------------------+----+----+-----+-----------+
    |               Name               | FF | LUT| Bits| Const Bits|
    +----------------------------------+----+----+-----+-----------+
    |ap_CS_fsm                         |   1|   0|    1|          0|
    |ap_done_reg                       |   1|   0|    1|          0|
    |ap_enable_reg_pp0_iter1           |   1|   0|    1|          0|
    |ap_enable_reg_pp0_iter2           |   1|   0|    1|          0|
    |ap_loop_exit_ready_pp0_iter1_reg  |   1|   0|    1|          0|
    |i0_fu_52                          |  11|   0|   11|          0|
    |out_buf2_read_reg_123             |   8|   0|    8|          0|
    +----------------------------------+----+----+-----+-----------+
    |Total                             |  24|   0|   24|          0|
    +----------------------------------+----+----+-----+-----------+



================================================================
== Interface
================================================================
* Summary: 
+-------------------------+-----+-----+------------+-------------------------------------------------------------+--------------+
|        RTL Ports        | Dir | Bits|  Protocol  |                        Source Object                        |    C Type    |
+-------------------------+-----+-----+------------+-------------------------------------------------------------+--------------+
|ap_clk                   |   in|    1|  ap_ctrl_hs|  kernel_Loop_VITIS_LOOP_86_2_proc22_Pipeline_VITIS_LOOP_86_2|  return value|
|ap_rst                   |   in|    1|  ap_ctrl_hs|  kernel_Loop_VITIS_LOOP_86_2_proc22_Pipeline_VITIS_LOOP_86_2|  return value|
|ap_start                 |   in|    1|  ap_ctrl_hs|  kernel_Loop_VITIS_LOOP_86_2_proc22_Pipeline_VITIS_LOOP_86_2|  return value|
|ap_done                  |  out|    1|  ap_ctrl_hs|  kernel_Loop_VITIS_LOOP_86_2_proc22_Pipeline_VITIS_LOOP_86_2|  return value|
|ap_idle                  |  out|    1|  ap_ctrl_hs|  kernel_Loop_VITIS_LOOP_86_2_proc22_Pipeline_VITIS_LOOP_86_2|  return value|
|ap_ready                 |  out|    1|  ap_ctrl_hs|  kernel_Loop_VITIS_LOOP_86_2_proc22_Pipeline_VITIS_LOOP_86_2|  return value|
|out_buf2_dout            |   in|    8|     ap_fifo|                                                     out_buf2|       pointer|
|out_buf2_num_data_valid  |   in|   11|     ap_fifo|                                                     out_buf2|       pointer|
|out_buf2_fifo_cap        |   in|   11|     ap_fifo|                                                     out_buf2|       pointer|
|out_buf2_empty_n         |   in|    1|     ap_fifo|                                                     out_buf2|       pointer|
|out_buf2_read            |  out|    1|     ap_fifo|                                                     out_buf2|       pointer|
|m_axi_gmem10_AWVALID     |  out|    1|       m_axi|                                                       gmem10|       pointer|
|m_axi_gmem10_AWREADY     |   in|    1|       m_axi|                                                       gmem10|       pointer|
|m_axi_gmem10_AWADDR      |  out|   64|       m_axi|                                                       gmem10|       pointer|
|m_axi_gmem10_AWID        |  out|    1|       m_axi|                                                       gmem10|       pointer|
|m_axi_gmem10_AWLEN       |  out|   32|       m_axi|                                                       gmem10|       pointer|
|m_axi_gmem10_AWSIZE      |  out|    3|       m_axi|                                                       gmem10|       pointer|
|m_axi_gmem10_AWBURST     |  out|    2|       m_axi|                                                       gmem10|       pointer|
|m_axi_gmem10_AWLOCK      |  out|    2|       m_axi|                                                       gmem10|       pointer|
|m_axi_gmem10_AWCACHE     |  out|    4|       m_axi|                                                       gmem10|       pointer|
|m_axi_gmem10_AWPROT      |  out|    3|       m_axi|                                                       gmem10|       pointer|
|m_axi_gmem10_AWQOS       |  out|    4|       m_axi|                                                       gmem10|       pointer|
|m_axi_gmem10_AWREGION    |  out|    4|       m_axi|                                                       gmem10|       pointer|
|m_axi_gmem10_AWUSER      |  out|    1|       m_axi|                                                       gmem10|       pointer|
|m_axi_gmem10_WVALID      |  out|    1|       m_axi|                                                       gmem10|       pointer|
|m_axi_gmem10_WREADY      |   in|    1|       m_axi|                                                       gmem10|       pointer|
|m_axi_gmem10_WDATA       |  out|    8|       m_axi|                                                       gmem10|       pointer|
|m_axi_gmem10_WSTRB       |  out|    1|       m_axi|                                                       gmem10|       pointer|
|m_axi_gmem10_WLAST       |  out|    1|       m_axi|                                                       gmem10|       pointer|
|m_axi_gmem10_WID         |  out|    1|       m_axi|                                                       gmem10|       pointer|
|m_axi_gmem10_WUSER       |  out|    1|       m_axi|                                                       gmem10|       pointer|
|m_axi_gmem10_ARVALID     |  out|    1|       m_axi|                                                       gmem10|       pointer|
|m_axi_gmem10_ARREADY     |   in|    1|       m_axi|                                                       gmem10|       pointer|
|m_axi_gmem10_ARADDR      |  out|   64|       m_axi|                                                       gmem10|       pointer|
|m_axi_gmem10_ARID        |  out|    1|       m_axi|                                                       gmem10|       pointer|
|m_axi_gmem10_ARLEN       |  out|   32|       m_axi|                                                       gmem10|       pointer|
|m_axi_gmem10_ARSIZE      |  out|    3|       m_axi|                                                       gmem10|       pointer|
|m_axi_gmem10_ARBURST     |  out|    2|       m_axi|                                                       gmem10|       pointer|
|m_axi_gmem10_ARLOCK      |  out|    2|       m_axi|                                                       gmem10|       pointer|
|m_axi_gmem10_ARCACHE     |  out|    4|       m_axi|                                                       gmem10|       pointer|
|m_axi_gmem10_ARPROT      |  out|    3|       m_axi|                                                       gmem10|       pointer|
|m_axi_gmem10_ARQOS       |  out|    4|       m_axi|                                                       gmem10|       pointer|
|m_axi_gmem10_ARREGION    |  out|    4|       m_axi|                                                       gmem10|       pointer|
|m_axi_gmem10_ARUSER      |  out|    1|       m_axi|                                                       gmem10|       pointer|
|m_axi_gmem10_RVALID      |   in|    1|       m_axi|                                                       gmem10|       pointer|
|m_axi_gmem10_RREADY      |  out|    1|       m_axi|                                                       gmem10|       pointer|
|m_axi_gmem10_RDATA       |   in|    8|       m_axi|                                                       gmem10|       pointer|
|m_axi_gmem10_RLAST       |   in|    1|       m_axi|                                                       gmem10|       pointer|
|m_axi_gmem10_RID         |   in|    1|       m_axi|                                                       gmem10|       pointer|
|m_axi_gmem10_RFIFONUM    |   in|   11|       m_axi|                                                       gmem10|       pointer|
|m_axi_gmem10_RUSER       |   in|    1|       m_axi|                                                       gmem10|       pointer|
|m_axi_gmem10_RRESP       |   in|    2|       m_axi|                                                       gmem10|       pointer|
|m_axi_gmem10_BVALID      |   in|    1|       m_axi|                                                       gmem10|       pointer|
|m_axi_gmem10_BREADY      |  out|    1|       m_axi|                                                       gmem10|       pointer|
|m_axi_gmem10_BRESP       |   in|    2|       m_axi|                                                       gmem10|       pointer|
|m_axi_gmem10_BID         |   in|    1|       m_axi|                                                       gmem10|       pointer|
|m_axi_gmem10_BUSER       |   in|    1|       m_axi|                                                       gmem10|       pointer|
|out_load                 |   in|   64|     ap_none|                                                     out_load|        scalar|
+-------------------------+-----+-----+------------+-------------------------------------------------------------+--------------+

