

================================================================
== Vitis HLS Report for 'kernel_Loop_VITIS_LOOP_109_3_proc40_Pipeline_VITIS_LOOP_109_3'
================================================================
* Date:           Tue Sep 19 13:56:32 2023

* Version:        2022.2 (Build 3670227 on Oct 13 2022)
* Project:        alveo_hls4ml
* Solution:       solution (Vitis Kernel Flow Target)
* Product family: virtexuplus
* Target device:  xcu55c-fsvh2892-2L-e


================================================================
== Performance Estimates
================================================================
+ Timing: 
    * Summary: 
    +--------+---------+----------+------------+
    |  Clock |  Target | Estimated| Uncertainty|
    +--------+---------+----------+------------+
    |ap_clk  |  4.00 ns|  2.920 ns|     1.08 ns|
    +--------+---------+----------+------------+

+ Latency: 
    * Summary: 
    +---------+---------+-----------+-----------+------+------+---------+
    |  Latency (cycles) |   Latency (absolute)  |   Interval  | Pipeline|
    |   min   |   max   |    min    |    max    |  min |  max |   Type  |
    +---------+---------+-----------+-----------+------+------+---------+
    |     3580|     3580|  14.320 us|  14.320 us|  3580|  3580|       no|
    +---------+---------+-----------+-----------+------+------+---------+

    + Detail: 
        * Instance: 
        N/A

        * Loop: 
        +--------------------+---------+---------+----------+-----------+-----------+------+----------+
        |                    |  Latency (cycles) | Iteration|  Initiation Interval  | Trip |          |
        |      Loop Name     |   min   |   max   |  Latency |  achieved |   target  | Count| Pipelined|
        +--------------------+---------+---------+----------+-----------+-----------+------+----------+
        |- VITIS_LOOP_109_3  |     3578|     3578|         3|          1|          1|  3577|       yes|
        +--------------------+---------+---------+----------+-----------+-----------+------+----------+



================================================================
== Utilization Estimates
================================================================
* Summary: 
+---------------------+---------+------+---------+---------+-----+
|         Name        | BRAM_18K|  DSP |    FF   |   LUT   | URAM|
+---------------------+---------+------+---------+---------+-----+
|DSP                  |        -|     -|        -|        -|    -|
|Expression           |        -|     -|        0|       37|    -|
|FIFO                 |        -|     -|        -|        -|    -|
|Instance             |        -|     -|        -|        -|    -|
|Memory               |        -|     -|        -|        -|    -|
|Multiplexer          |        -|     -|        -|       54|    -|
|Register             |        -|     -|       25|        -|    -|
+---------------------+---------+------+---------+---------+-----+
|Total                |        0|     0|       25|       91|    0|
+---------------------+---------+------+---------+---------+-----+
|Available SLR        |     1344|  3008|   869120|   434560|  320|
+---------------------+---------+------+---------+---------+-----+
|Utilization SLR (%)  |        0|     0|       ~0|       ~0|    0|
+---------------------+---------+------+---------+---------+-----+
|Available            |     4032|  9024|  2607360|  1303680|  960|
+---------------------+---------+------+---------+---------+-----+
|Utilization (%)      |        0|     0|       ~0|       ~0|    0|
+---------------------+---------+------+---------+---------+-----+

+ Detail: 
    * Instance: 
    N/A

    * DSP: 
    N/A

    * Memory: 
    N/A

    * FIFO: 
    N/A

    * Expression: 
    +---------------------------+----------+----+---+----+------------+------------+
    |       Variable Name       | Operation| DSP| FF| LUT| Bitwidth P0| Bitwidth P1|
    +---------------------------+----------+----+---+----+------------+------------+
    |add_ln109_fu_96_p2         |         +|   0|  0|  19|          12|           1|
    |ap_block_pp0_stage0_01001  |       and|   0|  0|   2|           1|           1|
    |icmp_ln109_fu_90_p2        |      icmp|   0|  0|  12|          12|          11|
    |ap_block_pp0_stage0_11001  |        or|   0|  0|   2|           1|           1|
    |ap_enable_pp0              |       xor|   0|  0|   2|           1|           2|
    +---------------------------+----------+----+---+----+------------+------------+
    |Total                      |          |   0|  0|  37|          27|          16|
    +---------------------------+----------+----+---+----+------------+------------+

    * Multiplexer: 
    +-------------------------+----+-----------+-----+-----------+
    |           Name          | LUT| Input Size| Bits| Total Bits|
    +-------------------------+----+-----------+-----+-----------+
    |ap_done_int              |   9|          2|    1|          2|
    |ap_enable_reg_pp0_iter1  |   9|          2|    1|          2|
    |ap_sig_allocacmp_i0_1    |   9|          2|   12|         24|
    |gmem22_blk_n_W           |   9|          2|    1|          2|
    |i0_fu_52                 |   9|          2|   12|         24|
    |out_buf3_blk_n           |   9|          2|    1|          2|
    +-------------------------+----+-----------+-----+-----------+
    |Total                    |  54|         12|   28|         56|
    +-------------------------+----+-----------+-----+-----------+

    * Register: 
    +----------------------------------+----+----+-----+-----------+
    |               Name               | FF | LUT| Bits| Const Bits|
    +----------------------------------+----+----+-----+-----------+
    |ap_CS_fsm                         |   1|   0|    1|          0|
    |ap_done_reg                       |   1|   0|    1|          0|
    |ap_enable_reg_pp0_iter1           |   1|   0|    1|          0|
    |ap_enable_reg_pp0_iter2           |   1|   0|    1|          0|
    |ap_loop_exit_ready_pp0_iter1_reg  |   1|   0|    1|          0|
    |i0_fu_52                          |  12|   0|   12|          0|
    |tmp3_V_reg_123                    |   8|   0|    8|          0|
    +----------------------------------+----+----+-----+-----------+
    |Total                             |  25|   0|   25|          0|
    +----------------------------------+----+----+-----+-----------+



================================================================
== Interface
================================================================
* Summary: 
+-------------------------+-----+-----+------------+---------------------------------------------------------------+--------------+
|        RTL Ports        | Dir | Bits|  Protocol  |                         Source Object                         |    C Type    |
+-------------------------+-----+-----+------------+---------------------------------------------------------------+--------------+
|ap_clk                   |   in|    1|  ap_ctrl_hs|  kernel_Loop_VITIS_LOOP_109_3_proc40_Pipeline_VITIS_LOOP_109_3|  return value|
|ap_rst                   |   in|    1|  ap_ctrl_hs|  kernel_Loop_VITIS_LOOP_109_3_proc40_Pipeline_VITIS_LOOP_109_3|  return value|
|ap_start                 |   in|    1|  ap_ctrl_hs|  kernel_Loop_VITIS_LOOP_109_3_proc40_Pipeline_VITIS_LOOP_109_3|  return value|
|ap_done                  |  out|    1|  ap_ctrl_hs|  kernel_Loop_VITIS_LOOP_109_3_proc40_Pipeline_VITIS_LOOP_109_3|  return value|
|ap_idle                  |  out|    1|  ap_ctrl_hs|  kernel_Loop_VITIS_LOOP_109_3_proc40_Pipeline_VITIS_LOOP_109_3|  return value|
|ap_ready                 |  out|    1|  ap_ctrl_hs|  kernel_Loop_VITIS_LOOP_109_3_proc40_Pipeline_VITIS_LOOP_109_3|  return value|
|out_buf3_dout            |   in|    8|     ap_fifo|                                                       out_buf3|       pointer|
|out_buf3_num_data_valid  |   in|   11|     ap_fifo|                                                       out_buf3|       pointer|
|out_buf3_fifo_cap        |   in|   11|     ap_fifo|                                                       out_buf3|       pointer|
|out_buf3_empty_n         |   in|    1|     ap_fifo|                                                       out_buf3|       pointer|
|out_buf3_read            |  out|    1|     ap_fifo|                                                       out_buf3|       pointer|
|m_axi_gmem22_AWVALID     |  out|    1|       m_axi|                                                         gmem22|       pointer|
|m_axi_gmem22_AWREADY     |   in|    1|       m_axi|                                                         gmem22|       pointer|
|m_axi_gmem22_AWADDR      |  out|   64|       m_axi|                                                         gmem22|       pointer|
|m_axi_gmem22_AWID        |  out|    1|       m_axi|                                                         gmem22|       pointer|
|m_axi_gmem22_AWLEN       |  out|   32|       m_axi|                                                         gmem22|       pointer|
|m_axi_gmem22_AWSIZE      |  out|    3|       m_axi|                                                         gmem22|       pointer|
|m_axi_gmem22_AWBURST     |  out|    2|       m_axi|                                                         gmem22|       pointer|
|m_axi_gmem22_AWLOCK      |  out|    2|       m_axi|                                                         gmem22|       pointer|
|m_axi_gmem22_AWCACHE     |  out|    4|       m_axi|                                                         gmem22|       pointer|
|m_axi_gmem22_AWPROT      |  out|    3|       m_axi|                                                         gmem22|       pointer|
|m_axi_gmem22_AWQOS       |  out|    4|       m_axi|                                                         gmem22|       pointer|
|m_axi_gmem22_AWREGION    |  out|    4|       m_axi|                                                         gmem22|       pointer|
|m_axi_gmem22_AWUSER      |  out|    1|       m_axi|                                                         gmem22|       pointer|
|m_axi_gmem22_WVALID      |  out|    1|       m_axi|                                                         gmem22|       pointer|
|m_axi_gmem22_WREADY      |   in|    1|       m_axi|                                                         gmem22|       pointer|
|m_axi_gmem22_WDATA       |  out|    8|       m_axi|                                                         gmem22|       pointer|
|m_axi_gmem22_WSTRB       |  out|    1|       m_axi|                                                         gmem22|       pointer|
|m_axi_gmem22_WLAST       |  out|    1|       m_axi|                                                         gmem22|       pointer|
|m_axi_gmem22_WID         |  out|    1|       m_axi|                                                         gmem22|       pointer|
|m_axi_gmem22_WUSER       |  out|    1|       m_axi|                                                         gmem22|       pointer|
|m_axi_gmem22_ARVALID     |  out|    1|       m_axi|                                                         gmem22|       pointer|
|m_axi_gmem22_ARREADY     |   in|    1|       m_axi|                                                         gmem22|       pointer|
|m_axi_gmem22_ARADDR      |  out|   64|       m_axi|                                                         gmem22|       pointer|
|m_axi_gmem22_ARID        |  out|    1|       m_axi|                                                         gmem22|       pointer|
|m_axi_gmem22_ARLEN       |  out|   32|       m_axi|                                                         gmem22|       pointer|
|m_axi_gmem22_ARSIZE      |  out|    3|       m_axi|                                                         gmem22|       pointer|
|m_axi_gmem22_ARBURST     |  out|    2|       m_axi|                                                         gmem22|       pointer|
|m_axi_gmem22_ARLOCK      |  out|    2|       m_axi|                                                         gmem22|       pointer|
|m_axi_gmem22_ARCACHE     |  out|    4|       m_axi|                                                         gmem22|       pointer|
|m_axi_gmem22_ARPROT      |  out|    3|       m_axi|                                                         gmem22|       pointer|
|m_axi_gmem22_ARQOS       |  out|    4|       m_axi|                                                         gmem22|       pointer|
|m_axi_gmem22_ARREGION    |  out|    4|       m_axi|                                                         gmem22|       pointer|
|m_axi_gmem22_ARUSER      |  out|    1|       m_axi|                                                         gmem22|       pointer|
|m_axi_gmem22_RVALID      |   in|    1|       m_axi|                                                         gmem22|       pointer|
|m_axi_gmem22_RREADY      |  out|    1|       m_axi|                                                         gmem22|       pointer|
|m_axi_gmem22_RDATA       |   in|    8|       m_axi|                                                         gmem22|       pointer|
|m_axi_gmem22_RLAST       |   in|    1|       m_axi|                                                         gmem22|       pointer|
|m_axi_gmem22_RID         |   in|    1|       m_axi|                                                         gmem22|       pointer|
|m_axi_gmem22_RFIFONUM    |   in|   11|       m_axi|                                                         gmem22|       pointer|
|m_axi_gmem22_RUSER       |   in|    1|       m_axi|                                                         gmem22|       pointer|
|m_axi_gmem22_RRESP       |   in|    2|       m_axi|                                                         gmem22|       pointer|
|m_axi_gmem22_BVALID      |   in|    1|       m_axi|                                                         gmem22|       pointer|
|m_axi_gmem22_BREADY      |  out|    1|       m_axi|                                                         gmem22|       pointer|
|m_axi_gmem22_BRESP       |   in|    2|       m_axi|                                                         gmem22|       pointer|
|m_axi_gmem22_BID         |   in|    1|       m_axi|                                                         gmem22|       pointer|
|m_axi_gmem22_BUSER       |   in|    1|       m_axi|                                                         gmem22|       pointer|
|out_load                 |   in|   64|     ap_none|                                                       out_load|        scalar|
+-------------------------+-----+-----+------------+---------------------------------------------------------------+--------------+

