

================================================================
== Vitis HLS Report for 'kernel_Loop_VITIS_LOOP_109_3_proc40'
================================================================
* Date:           Tue Sep 19 13:56:33 2023

* Version:        2022.2 (Build 3670227 on Oct 13 2022)
* Project:        alveo_hls4ml
* Solution:       solution (Vitis Kernel Flow Target)
* Product family: virtexuplus
* Target device:  xcu55c-fsvh2892-2L-e


================================================================
== Performance Estimates
================================================================
+ Timing: 
    * Summary: 
    +--------+---------+----------+------------+
    |  Clock |  Target | Estimated| Uncertainty|
    +--------+---------+----------+------------+
    |ap_clk  |  4.00 ns|  2.920 ns|     1.08 ns|
    +--------+---------+----------+------------+

+ Latency: 
    * Summary: 
    +---------+---------+-----------+-----------+------+------+---------+
    |  Latency (cycles) |   Latency (absolute)  |   Interval  | Pipeline|
    |   min   |   max   |    min    |    max    |  min |  max |   Type  |
    +---------+---------+-----------+-----------+------+------+---------+
    |     3651|     3651|  14.604 us|  14.604 us|  3651|  3651|       no|
    +---------+---------+-----------+-----------+------+------+---------+

    + Detail: 
        * Instance: 
        +-------------------------------------------------------------------------+---------------------------------------------------------------+---------+---------+-----------+-----------+------+------+---------+
        |                                                                         |                                                               |  Latency (cycles) |   Latency (absolute)  |   Interval  | Pipeline|
        |                                 Instance                                |                             Module                            |   min   |   max   |    min    |    max    |  min |  max |   Type  |
        +-------------------------------------------------------------------------+---------------------------------------------------------------+---------+---------+-----------+-----------+------+------+---------+
        |grp_kernel_Loop_VITIS_LOOP_109_3_proc40_Pipeline_VITIS_LOOP_109_3_fu_60  |kernel_Loop_VITIS_LOOP_109_3_proc40_Pipeline_VITIS_LOOP_109_3  |     3580|     3580|  14.320 us|  14.320 us|  3580|  3580|       no|
        +-------------------------------------------------------------------------+---------------------------------------------------------------+---------+---------+-----------+-----------+------+------+---------+

        * Loop: 
        N/A



================================================================
== Utilization Estimates
================================================================
* Summary: 
+---------------------+---------+------+---------+---------+-----+
|         Name        | BRAM_18K|  DSP |    FF   |   LUT   | URAM|
+---------------------+---------+------+---------+---------+-----+
|DSP                  |        -|     -|        -|        -|    -|
|Expression           |        -|     -|        0|        2|    -|
|FIFO                 |        -|     -|        -|        -|    -|
|Instance             |        -|     -|       25|       91|    -|
|Memory               |        -|     -|        -|        -|    -|
|Multiplexer          |        -|     -|        -|      522|    -|
|Register             |        -|     -|      138|        -|    -|
+---------------------+---------+------+---------+---------+-----+
|Total                |        0|     0|      163|      615|    0|
+---------------------+---------+------+---------+---------+-----+
|Available SLR        |     1344|  3008|   869120|   434560|  320|
+---------------------+---------+------+---------+---------+-----+
|Utilization SLR (%)  |        0|     0|       ~0|       ~0|    0|
+---------------------+---------+------+---------+---------+-----+
|Available            |     4032|  9024|  2607360|  1303680|  960|
+---------------------+---------+------+---------+---------+-----+
|Utilization (%)      |        0|     0|       ~0|       ~0|    0|
+---------------------+---------+------+---------+---------+-----+

+ Detail: 
    * Instance: 
    +-------------------------------------------------------------------------+---------------------------------------------------------------+---------+----+----+----+-----+
    |                                 Instance                                |                             Module                            | BRAM_18K| DSP| FF | LUT| URAM|
    +-------------------------------------------------------------------------+---------------------------------------------------------------+---------+----+----+----+-----+
    |grp_kernel_Loop_VITIS_LOOP_109_3_proc40_Pipeline_VITIS_LOOP_109_3_fu_60  |kernel_Loop_VITIS_LOOP_109_3_proc40_Pipeline_VITIS_LOOP_109_3  |        0|   0|  25|  91|    0|
    +-------------------------------------------------------------------------+---------------------------------------------------------------+---------+----+----+----+-----+
    |Total                                                                    |                                                               |        0|   0|  25|  91|    0|
    +-------------------------------------------------------------------------+---------------------------------------------------------------+---------+----+----+----+-----+

    * DSP: 
    N/A

    * Memory: 
    N/A

    * FIFO: 
    N/A

    * Expression: 
    +-----------------+----------+----+---+----+------------+------------+
    |  Variable Name  | Operation| DSP| FF| LUT| Bitwidth P0| Bitwidth P1|
    +-----------------+----------+----+---+----+------------+------------+
    |ap_block_state1  |        or|   0|  0|   2|           1|           1|
    +-----------------+----------+----+---+----+------------+------------+
    |Total            |          |   0|  0|   2|           1|           1|
    +-----------------+----------+----+---+----+------------+------------+

    * Multiplexer: 
    +-----------------------+-----+-----------+-----+-----------+
    |          Name         | LUT | Input Size| Bits| Total Bits|
    +-----------------------+-----+-----------+-----+-----------+
    |ap_NS_fsm              |  331|         73|    1|         73|
    |ap_done                |    9|          2|    1|          2|
    |gmem22_blk_n_AW        |    9|          2|    1|          2|
    |gmem22_blk_n_B         |    9|          2|    1|          2|
    |m_axi_gmem22_AWADDR    |   14|          3|   64|        192|
    |m_axi_gmem22_AWBURST   |    9|          2|    2|          4|
    |m_axi_gmem22_AWCACHE   |    9|          2|    4|          8|
    |m_axi_gmem22_AWID      |    9|          2|    1|          2|
    |m_axi_gmem22_AWLEN     |   14|          3|   32|         96|
    |m_axi_gmem22_AWLOCK    |    9|          2|    2|          4|
    |m_axi_gmem22_AWPROT    |    9|          2|    3|          6|
    |m_axi_gmem22_AWQOS     |    9|          2|    4|          8|
    |m_axi_gmem22_AWREGION  |    9|          2|    4|          8|
    |m_axi_gmem22_AWSIZE    |    9|          2|    3|          6|
    |m_axi_gmem22_AWUSER    |    9|          2|    1|          2|
    |m_axi_gmem22_AWVALID   |   14|          3|    1|          3|
    |m_axi_gmem22_BREADY    |   14|          3|    1|          3|
    |m_axi_gmem22_WVALID    |    9|          2|    1|          2|
    |out_buf3_read          |    9|          2|    1|          2|
    |out_r_blk_n            |    9|          2|    1|          2|
    +-----------------------+-----+-----------+-----+-----------+
    |Total                  |  522|        115|  129|        427|
    +-----------------------+-----+-----------+-----+-----------+

    * Register: 
    +--------------------------------------------------------------------------------------+----+----+-----+-----------+
    |                                         Name                                         | FF | LUT| Bits| Const Bits|
    +--------------------------------------------------------------------------------------+----+----+-----+-----------+
    |ap_CS_fsm                                                                             |  72|   0|   72|          0|
    |ap_done_reg                                                                           |   1|   0|    1|          0|
    |grp_kernel_Loop_VITIS_LOOP_109_3_proc40_Pipeline_VITIS_LOOP_109_3_fu_60_ap_start_reg  |   1|   0|    1|          0|
    |out_read_reg_75                                                                       |  64|   0|   64|          0|
    +--------------------------------------------------------------------------------------+----+----+-----+-----------+
    |Total                                                                                 | 138|   0|  138|          0|
    +--------------------------------------------------------------------------------------+----+----+-----+-----------+



================================================================
== Interface
================================================================
* Summary: 
+-------------------------+-----+-----+------------+-------------------------------------+--------------+
|        RTL Ports        | Dir | Bits|  Protocol  |            Source Object            |    C Type    |
+-------------------------+-----+-----+------------+-------------------------------------+--------------+
|ap_clk                   |   in|    1|  ap_ctrl_hs|  kernel_Loop_VITIS_LOOP_109_3_proc40|  return value|
|ap_rst                   |   in|    1|  ap_ctrl_hs|  kernel_Loop_VITIS_LOOP_109_3_proc40|  return value|
|ap_start                 |   in|    1|  ap_ctrl_hs|  kernel_Loop_VITIS_LOOP_109_3_proc40|  return value|
|ap_done                  |  out|    1|  ap_ctrl_hs|  kernel_Loop_VITIS_LOOP_109_3_proc40|  return value|
|ap_continue              |   in|    1|  ap_ctrl_hs|  kernel_Loop_VITIS_LOOP_109_3_proc40|  return value|
|ap_idle                  |  out|    1|  ap_ctrl_hs|  kernel_Loop_VITIS_LOOP_109_3_proc40|  return value|
|ap_ready                 |  out|    1|  ap_ctrl_hs|  kernel_Loop_VITIS_LOOP_109_3_proc40|  return value|
|m_axi_gmem22_AWVALID     |  out|    1|       m_axi|                               gmem22|       pointer|
|m_axi_gmem22_AWREADY     |   in|    1|       m_axi|                               gmem22|       pointer|
|m_axi_gmem22_AWADDR      |  out|   64|       m_axi|                               gmem22|       pointer|
|m_axi_gmem22_AWID        |  out|    1|       m_axi|                               gmem22|       pointer|
|m_axi_gmem22_AWLEN       |  out|   32|       m_axi|                               gmem22|       pointer|
|m_axi_gmem22_AWSIZE      |  out|    3|       m_axi|                               gmem22|       pointer|
|m_axi_gmem22_AWBURST     |  out|    2|       m_axi|                               gmem22|       pointer|
|m_axi_gmem22_AWLOCK      |  out|    2|       m_axi|                               gmem22|       pointer|
|m_axi_gmem22_AWCACHE     |  out|    4|       m_axi|                               gmem22|       pointer|
|m_axi_gmem22_AWPROT      |  out|    3|       m_axi|                               gmem22|       pointer|
|m_axi_gmem22_AWQOS       |  out|    4|       m_axi|                               gmem22|       pointer|
|m_axi_gmem22_AWREGION    |  out|    4|       m_axi|                               gmem22|       pointer|
|m_axi_gmem22_AWUSER      |  out|    1|       m_axi|                               gmem22|       pointer|
|m_axi_gmem22_WVALID      |  out|    1|       m_axi|                               gmem22|       pointer|
|m_axi_gmem22_WREADY      |   in|    1|       m_axi|                               gmem22|       pointer|
|m_axi_gmem22_WDATA       |  out|    8|       m_axi|                               gmem22|       pointer|
|m_axi_gmem22_WSTRB       |  out|    1|       m_axi|                               gmem22|       pointer|
|m_axi_gmem22_WLAST       |  out|    1|       m_axi|                               gmem22|       pointer|
|m_axi_gmem22_WID         |  out|    1|       m_axi|                               gmem22|       pointer|
|m_axi_gmem22_WUSER       |  out|    1|       m_axi|                               gmem22|       pointer|
|m_axi_gmem22_ARVALID     |  out|    1|       m_axi|                               gmem22|       pointer|
|m_axi_gmem22_ARREADY     |   in|    1|       m_axi|                               gmem22|       pointer|
|m_axi_gmem22_ARADDR      |  out|   64|       m_axi|                               gmem22|       pointer|
|m_axi_gmem22_ARID        |  out|    1|       m_axi|                               gmem22|       pointer|
|m_axi_gmem22_ARLEN       |  out|   32|       m_axi|                               gmem22|       pointer|
|m_axi_gmem22_ARSIZE      |  out|    3|       m_axi|                               gmem22|       pointer|
|m_axi_gmem22_ARBURST     |  out|    2|       m_axi|                               gmem22|       pointer|
|m_axi_gmem22_ARLOCK      |  out|    2|       m_axi|                               gmem22|       pointer|
|m_axi_gmem22_ARCACHE     |  out|    4|       m_axi|                               gmem22|       pointer|
|m_axi_gmem22_ARPROT      |  out|    3|       m_axi|                               gmem22|       pointer|
|m_axi_gmem22_ARQOS       |  out|    4|       m_axi|                               gmem22|       pointer|
|m_axi_gmem22_ARREGION    |  out|    4|       m_axi|                               gmem22|       pointer|
|m_axi_gmem22_ARUSER      |  out|    1|       m_axi|                               gmem22|       pointer|
|m_axi_gmem22_RVALID      |   in|    1|       m_axi|                               gmem22|       pointer|
|m_axi_gmem22_RREADY      |  out|    1|       m_axi|                               gmem22|       pointer|
|m_axi_gmem22_RDATA       |   in|    8|       m_axi|                               gmem22|       pointer|
|m_axi_gmem22_RLAST       |   in|    1|       m_axi|                               gmem22|       pointer|
|m_axi_gmem22_RID         |   in|    1|       m_axi|                               gmem22|       pointer|
|m_axi_gmem22_RFIFONUM    |   in|   11|       m_axi|                               gmem22|       pointer|
|m_axi_gmem22_RUSER       |   in|    1|       m_axi|                               gmem22|       pointer|
|m_axi_gmem22_RRESP       |   in|    2|       m_axi|                               gmem22|       pointer|
|m_axi_gmem22_BVALID      |   in|    1|       m_axi|                               gmem22|       pointer|
|m_axi_gmem22_BREADY      |  out|    1|       m_axi|                               gmem22|       pointer|
|m_axi_gmem22_BRESP       |   in|    2|       m_axi|                               gmem22|       pointer|
|m_axi_gmem22_BID         |   in|    1|       m_axi|                               gmem22|       pointer|
|m_axi_gmem22_BUSER       |   in|    1|       m_axi|                               gmem22|       pointer|
|out_r_dout               |   in|   64|     ap_fifo|                                out_r|       pointer|
|out_r_num_data_valid     |   in|    3|     ap_fifo|                                out_r|       pointer|
|out_r_fifo_cap           |   in|    3|     ap_fifo|                                out_r|       pointer|
|out_r_empty_n            |   in|    1|     ap_fifo|                                out_r|       pointer|
|out_r_read               |  out|    1|     ap_fifo|                                out_r|       pointer|
|out_buf3_dout            |   in|    8|     ap_fifo|                             out_buf3|       pointer|
|out_buf3_num_data_valid  |   in|   11|     ap_fifo|                             out_buf3|       pointer|
|out_buf3_fifo_cap        |   in|   11|     ap_fifo|                             out_buf3|       pointer|
|out_buf3_empty_n         |   in|    1|     ap_fifo|                             out_buf3|       pointer|
|out_buf3_read            |  out|    1|     ap_fifo|                             out_buf3|       pointer|
+-------------------------+-----+-----+------------+-------------------------------------+--------------+

