

================================================================
== Vitis HLS Report for 'kernel_Loop_VITIS_LOOP_92_2_proc39'
================================================================
* Date:           Tue Sep 19 13:51:05 2023

* Version:        2022.2 (Build 3670227 on Oct 13 2022)
* Project:        alveo_hls4ml
* Solution:       solution (Vitis Kernel Flow Target)
* Product family: virtexuplus
* Target device:  xcu55c-fsvh2892-2L-e


================================================================
== Performance Estimates
================================================================
+ Timing: 
    * Summary: 
    +--------+---------+----------+------------+
    |  Clock |  Target | Estimated| Uncertainty|
    +--------+---------+----------+------------+
    |ap_clk  |  4.00 ns|  2.920 ns|     1.08 ns|
    +--------+---------+----------+------------+

+ Latency: 
    * Summary: 
    +---------+---------+----------+----------+-------+-------+---------+
    |  Latency (cycles) |  Latency (absolute) |    Interval   | Pipeline|
    |   min   |   max   |    min   |    max   |  min  |  max  |   Type  |
    +---------+---------+----------+----------+-------+-------+---------+
    |    37450|    37450|  0.150 ms|  0.150 ms|  37450|  37450|       no|
    +---------+---------+----------+----------+-------+-------+---------+

    + Detail: 
        * Instance: 
        +-----------------------------------------------------------------------+-------------------------------------------------------------+---------+---------+----------+----------+-------+-------+---------+
        |                                                                       |                                                             |  Latency (cycles) |  Latency (absolute) |    Interval   | Pipeline|
        |                                Instance                               |                            Module                           |   min   |   max   |    min   |    max   |  min  |  max  |   Type  |
        +-----------------------------------------------------------------------+-------------------------------------------------------------+---------+---------+----------+----------+-------+-------+---------+
        |grp_kernel_Loop_VITIS_LOOP_92_2_proc39_Pipeline_VITIS_LOOP_92_2_fu_49  |kernel_Loop_VITIS_LOOP_92_2_proc39_Pipeline_VITIS_LOOP_92_2  |    37379|    37379|  0.150 ms|  0.150 ms|  37379|  37379|       no|
        +-----------------------------------------------------------------------+-------------------------------------------------------------+---------+---------+----------+----------+-------+-------+---------+

        * Loop: 
        N/A



================================================================
== Utilization Estimates
================================================================
* Summary: 
+---------------------+---------+------+---------+---------+-----+
|         Name        | BRAM_18K|  DSP |    FF   |   LUT   | URAM|
+---------------------+---------+------+---------+---------+-----+
|DSP                  |        -|     -|        -|        -|    -|
|Expression           |        -|     -|        0|        2|    -|
|FIFO                 |        -|     -|        -|        -|    -|
|Instance             |        -|     -|       29|       94|    -|
|Memory               |        -|     -|        -|        -|    -|
|Multiplexer          |        -|     -|        -|      490|    -|
|Register             |        -|     -|       74|        -|    -|
+---------------------+---------+------+---------+---------+-----+
|Total                |        0|     0|      103|      586|    0|
+---------------------+---------+------+---------+---------+-----+
|Available SLR        |     1344|  3008|   869120|   434560|  320|
+---------------------+---------+------+---------+---------+-----+
|Utilization SLR (%)  |        0|     0|       ~0|       ~0|    0|
+---------------------+---------+------+---------+---------+-----+
|Available            |     4032|  9024|  2607360|  1303680|  960|
+---------------------+---------+------+---------+---------+-----+
|Utilization (%)      |        0|     0|       ~0|       ~0|    0|
+---------------------+---------+------+---------+---------+-----+

+ Detail: 
    * Instance: 
    +-----------------------------------------------------------------------+-------------------------------------------------------------+---------+----+----+----+-----+
    |                                Instance                               |                            Module                           | BRAM_18K| DSP| FF | LUT| URAM|
    +-----------------------------------------------------------------------+-------------------------------------------------------------+---------+----+----+----+-----+
    |grp_kernel_Loop_VITIS_LOOP_92_2_proc39_Pipeline_VITIS_LOOP_92_2_fu_49  |kernel_Loop_VITIS_LOOP_92_2_proc39_Pipeline_VITIS_LOOP_92_2  |        0|   0|  29|  94|    0|
    +-----------------------------------------------------------------------+-------------------------------------------------------------+---------+----+----+----+-----+
    |Total                                                                  |                                                             |        0|   0|  29|  94|    0|
    +-----------------------------------------------------------------------+-------------------------------------------------------------+---------+----+----+----+-----+

    * DSP: 
    N/A

    * Memory: 
    N/A

    * FIFO: 
    N/A

    * Expression: 
    +-----------------+----------+----+---+----+------------+------------+
    |  Variable Name  | Operation| DSP| FF| LUT| Bitwidth P0| Bitwidth P1|
    +-----------------+----------+----+---+----+------------+------------+
    |ap_block_state1  |        or|   0|  0|   2|           1|           1|
    +-----------------+----------+----+---+----+------------+------------+
    |Total            |          |   0|  0|   2|           1|           1|
    +-----------------+----------+----+---+----+------------+------------+

    * Multiplexer: 
    +----------------------+-----+-----------+-----+-----------+
    |         Name         | LUT | Input Size| Bits| Total Bits|
    +----------------------+-----+-----------+-----+-----------+
    |ap_NS_fsm             |  331|         73|    1|         73|
    |ap_done               |    9|          2|    1|          2|
    |gmem1_blk_n_AR        |    9|          2|    1|          2|
    |in2_buf2_write        |    9|          2|    1|          2|
    |m_axi_gmem1_ARADDR    |   14|          3|   64|        192|
    |m_axi_gmem1_ARBURST   |    9|          2|    2|          4|
    |m_axi_gmem1_ARCACHE   |    9|          2|    4|          8|
    |m_axi_gmem1_ARID      |    9|          2|    1|          2|
    |m_axi_gmem1_ARLEN     |   14|          3|   32|         96|
    |m_axi_gmem1_ARLOCK    |    9|          2|    2|          4|
    |m_axi_gmem1_ARPROT    |    9|          2|    3|          6|
    |m_axi_gmem1_ARQOS     |    9|          2|    4|          8|
    |m_axi_gmem1_ARREGION  |    9|          2|    4|          8|
    |m_axi_gmem1_ARSIZE    |    9|          2|    3|          6|
    |m_axi_gmem1_ARUSER    |    9|          2|    1|          2|
    |m_axi_gmem1_ARVALID   |   14|          3|    1|          3|
    |m_axi_gmem1_RREADY    |    9|          2|    1|          2|
    +----------------------+-----+-----------+-----+-----------+
    |Total                 |  490|        108|  126|        420|
    +----------------------+-----+-----------+-----+-----------+

    * Register: 
    +------------------------------------------------------------------------------------+----+----+-----+-----------+
    |                                        Name                                        | FF | LUT| Bits| Const Bits|
    +------------------------------------------------------------------------------------+----+----+-----+-----------+
    |ap_CS_fsm                                                                           |  72|   0|   72|          0|
    |ap_done_reg                                                                         |   1|   0|    1|          0|
    |grp_kernel_Loop_VITIS_LOOP_92_2_proc39_Pipeline_VITIS_LOOP_92_2_fu_49_ap_start_reg  |   1|   0|    1|          0|
    +------------------------------------------------------------------------------------+----+----+-----+-----------+
    |Total                                                                               |  74|   0|   74|          0|
    +------------------------------------------------------------------------------------+----+----+-----+-----------+



================================================================
== Interface
================================================================
* Summary: 
+-------------------------+-----+-----+------------+------------------------------------+--------------+
|        RTL Ports        | Dir | Bits|  Protocol  |            Source Object           |    C Type    |
+-------------------------+-----+-----+------------+------------------------------------+--------------+
|ap_clk                   |   in|    1|  ap_ctrl_hs|  kernel_Loop_VITIS_LOOP_92_2_proc39|  return value|
|ap_rst                   |   in|    1|  ap_ctrl_hs|  kernel_Loop_VITIS_LOOP_92_2_proc39|  return value|
|ap_start                 |   in|    1|  ap_ctrl_hs|  kernel_Loop_VITIS_LOOP_92_2_proc39|  return value|
|ap_done                  |  out|    1|  ap_ctrl_hs|  kernel_Loop_VITIS_LOOP_92_2_proc39|  return value|
|ap_continue              |   in|    1|  ap_ctrl_hs|  kernel_Loop_VITIS_LOOP_92_2_proc39|  return value|
|ap_idle                  |  out|    1|  ap_ctrl_hs|  kernel_Loop_VITIS_LOOP_92_2_proc39|  return value|
|ap_ready                 |  out|    1|  ap_ctrl_hs|  kernel_Loop_VITIS_LOOP_92_2_proc39|  return value|
|m_axi_gmem1_AWVALID      |  out|    1|       m_axi|                               gmem1|       pointer|
|m_axi_gmem1_AWREADY      |   in|    1|       m_axi|                               gmem1|       pointer|
|m_axi_gmem1_AWADDR       |  out|   64|       m_axi|                               gmem1|       pointer|
|m_axi_gmem1_AWID         |  out|    1|       m_axi|                               gmem1|       pointer|
|m_axi_gmem1_AWLEN        |  out|   32|       m_axi|                               gmem1|       pointer|
|m_axi_gmem1_AWSIZE       |  out|    3|       m_axi|                               gmem1|       pointer|
|m_axi_gmem1_AWBURST      |  out|    2|       m_axi|                               gmem1|       pointer|
|m_axi_gmem1_AWLOCK       |  out|    2|       m_axi|                               gmem1|       pointer|
|m_axi_gmem1_AWCACHE      |  out|    4|       m_axi|                               gmem1|       pointer|
|m_axi_gmem1_AWPROT       |  out|    3|       m_axi|                               gmem1|       pointer|
|m_axi_gmem1_AWQOS        |  out|    4|       m_axi|                               gmem1|       pointer|
|m_axi_gmem1_AWREGION     |  out|    4|       m_axi|                               gmem1|       pointer|
|m_axi_gmem1_AWUSER       |  out|    1|       m_axi|                               gmem1|       pointer|
|m_axi_gmem1_WVALID       |  out|    1|       m_axi|                               gmem1|       pointer|
|m_axi_gmem1_WREADY       |   in|    1|       m_axi|                               gmem1|       pointer|
|m_axi_gmem1_WDATA        |  out|    8|       m_axi|                               gmem1|       pointer|
|m_axi_gmem1_WSTRB        |  out|    1|       m_axi|                               gmem1|       pointer|
|m_axi_gmem1_WLAST        |  out|    1|       m_axi|                               gmem1|       pointer|
|m_axi_gmem1_WID          |  out|    1|       m_axi|                               gmem1|       pointer|
|m_axi_gmem1_WUSER        |  out|    1|       m_axi|                               gmem1|       pointer|
|m_axi_gmem1_ARVALID      |  out|    1|       m_axi|                               gmem1|       pointer|
|m_axi_gmem1_ARREADY      |   in|    1|       m_axi|                               gmem1|       pointer|
|m_axi_gmem1_ARADDR       |  out|   64|       m_axi|                               gmem1|       pointer|
|m_axi_gmem1_ARID         |  out|    1|       m_axi|                               gmem1|       pointer|
|m_axi_gmem1_ARLEN        |  out|   32|       m_axi|                               gmem1|       pointer|
|m_axi_gmem1_ARSIZE       |  out|    3|       m_axi|                               gmem1|       pointer|
|m_axi_gmem1_ARBURST      |  out|    2|       m_axi|                               gmem1|       pointer|
|m_axi_gmem1_ARLOCK       |  out|    2|       m_axi|                               gmem1|       pointer|
|m_axi_gmem1_ARCACHE      |  out|    4|       m_axi|                               gmem1|       pointer|
|m_axi_gmem1_ARPROT       |  out|    3|       m_axi|                               gmem1|       pointer|
|m_axi_gmem1_ARQOS        |  out|    4|       m_axi|                               gmem1|       pointer|
|m_axi_gmem1_ARREGION     |  out|    4|       m_axi|                               gmem1|       pointer|
|m_axi_gmem1_ARUSER       |  out|    1|       m_axi|                               gmem1|       pointer|
|m_axi_gmem1_RVALID       |   in|    1|       m_axi|                               gmem1|       pointer|
|m_axi_gmem1_RREADY       |  out|    1|       m_axi|                               gmem1|       pointer|
|m_axi_gmem1_RDATA        |   in|    8|       m_axi|                               gmem1|       pointer|
|m_axi_gmem1_RLAST        |   in|    1|       m_axi|                               gmem1|       pointer|
|m_axi_gmem1_RID          |   in|    1|       m_axi|                               gmem1|       pointer|
|m_axi_gmem1_RFIFONUM     |   in|   11|       m_axi|                               gmem1|       pointer|
|m_axi_gmem1_RUSER        |   in|    1|       m_axi|                               gmem1|       pointer|
|m_axi_gmem1_RRESP        |   in|    2|       m_axi|                               gmem1|       pointer|
|m_axi_gmem1_BVALID       |   in|    1|       m_axi|                               gmem1|       pointer|
|m_axi_gmem1_BREADY       |  out|    1|       m_axi|                               gmem1|       pointer|
|m_axi_gmem1_BRESP        |   in|    2|       m_axi|                               gmem1|       pointer|
|m_axi_gmem1_BID          |   in|    1|       m_axi|                               gmem1|       pointer|
|m_axi_gmem1_BUSER        |   in|    1|       m_axi|                               gmem1|       pointer|
|in2                      |   in|   64|     ap_none|                                 in2|        scalar|
|in2_buf2_din             |  out|    8|     ap_fifo|                            in2_buf2|       pointer|
|in2_buf2_num_data_valid  |   in|    8|     ap_fifo|                            in2_buf2|       pointer|
|in2_buf2_fifo_cap        |   in|    8|     ap_fifo|                            in2_buf2|       pointer|
|in2_buf2_full_n          |   in|    1|     ap_fifo|                            in2_buf2|       pointer|
|in2_buf2_write           |  out|    1|     ap_fifo|                            in2_buf2|       pointer|
+-------------------------+-----+-----+------------+------------------------------------+--------------+

