

================================================================
== Vitis HLS Report for 'linear_single_ap_fixed_8_1_5_3_0_ap_fixed_8_1_4_0_0_linear_config13_s'
================================================================
* Date:           Tue Sep 19 13:55:38 2023

* Version:        2022.2 (Build 3670227 on Oct 13 2022)
* Project:        alveo_hls4ml
* Solution:       solution (Vitis Kernel Flow Target)
* Product family: virtexuplus
* Target device:  xcu55c-fsvh2892-2L-e


================================================================
== Performance Estimates
================================================================
+ Timing: 
    * Summary: 
    +--------+---------+----------+------------+
    |  Clock |  Target | Estimated| Uncertainty|
    +--------+---------+----------+------------+
    |ap_clk  |  4.00 ns|  2.796 ns|     1.08 ns|
    +--------+---------+----------+------------+

+ Latency: 
    * Summary: 
    +---------+---------+----------+----------+-------+-------+---------+
    |  Latency (cycles) |  Latency (absolute) |    Interval   | Pipeline|
    |   min   |   max   |    min   |    max   |  min  |  max  |   Type  |
    +---------+---------+----------+----------+-------+-------+---------+
    |    37378|    37378|  0.150 ms|  0.150 ms|  37378|  37378|       no|
    +---------+---------+----------+----------+-------+-------+---------+

    + Detail: 
        * Instance: 
        N/A

        * Loop: 
        +--------------+---------+---------+----------+-----------+-----------+-------+----------+
        |              |  Latency (cycles) | Iteration|  Initiation Interval  |  Trip |          |
        |   Loop Name  |   min   |   max   |  Latency |  achieved |   target  | Count | Pipelined|
        +--------------+---------+---------+----------+-----------+-----------+-------+----------+
        |- LinearLoop  |    37376|    37376|         2|          1|          1|  37376|       yes|
        +--------------+---------+---------+----------+-----------+-----------+-------+----------+



================================================================
== Utilization Estimates
================================================================
* Summary: 
+---------------------+---------+------+---------+---------+-----+
|         Name        | BRAM_18K|  DSP |    FF   |   LUT   | URAM|
+---------------------+---------+------+---------+---------+-----+
|DSP                  |        -|     -|        -|        -|    -|
|Expression           |        -|     -|        0|       44|    -|
|FIFO                 |        -|     -|        -|        -|    -|
|Instance             |        -|     -|        -|        -|    -|
|Memory               |        -|     -|        -|        -|    -|
|Multiplexer          |        -|     -|        -|       63|    -|
|Register             |        -|     -|       20|        -|    -|
+---------------------+---------+------+---------+---------+-----+
|Total                |        0|     0|       20|      107|    0|
+---------------------+---------+------+---------+---------+-----+
|Available SLR        |     1344|  3008|   869120|   434560|  320|
+---------------------+---------+------+---------+---------+-----+
|Utilization SLR (%)  |        0|     0|       ~0|       ~0|    0|
+---------------------+---------+------+---------+---------+-----+
|Available            |     4032|  9024|  2607360|  1303680|  960|
+---------------------+---------+------+---------+---------+-----+
|Utilization (%)      |        0|     0|       ~0|       ~0|    0|
+---------------------+---------+------+---------+---------+-----+

+ Detail: 
    * Instance: 
    N/A

    * DSP: 
    N/A

    * Memory: 
    N/A

    * FIFO: 
    N/A

    * Expression: 
    +----------------------------------+----------+----+---+----+------------+------------+
    |           Variable Name          | Operation| DSP| FF| LUT| Bitwidth P0| Bitwidth P1|
    +----------------------------------+----------+----+---+----+------------+------------+
    |i_11_fu_68_p2                     |         +|   0|  0|  23|          16|           1|
    |ap_condition_101                  |       and|   0|  0|   2|           1|           1|
    |icmp_ln16_fu_62_p2                |      icmp|   0|  0|  13|          16|          16|
    |ap_block_pp0_stage0_01001         |        or|   0|  0|   2|           1|           1|
    |ap_block_state2_pp0_stage0_iter1  |        or|   0|  0|   2|           1|           1|
    |ap_enable_pp0                     |       xor|   0|  0|   2|           1|           2|
    +----------------------------------+----------+----+---+----+------------+------------+
    |Total                             |          |   0|  0|  44|          36|          22|
    +----------------------------------+----------+----+---+----+------------+------------+

    * Multiplexer: 
    +-------------------------+----+-----------+-----+-----------+
    |           Name          | LUT| Input Size| Bits| Total Bits|
    +-------------------------+----+-----------+-----+-----------+
    |ap_done_int              |   9|          2|    1|          2|
    |ap_enable_reg_pp0_iter1  |   9|          2|    1|          2|
    |ap_sig_allocacmp_i_10    |   9|          2|   16|         32|
    |i_fu_36                  |   9|          2|   16|         32|
    |layer12_out10_blk_n      |   9|          2|    1|          2|
    |layer13_out11_blk_n      |   9|          2|    1|          2|
    |real_start               |   9|          2|    1|          2|
    +-------------------------+----+-----------+-----+-----------+
    |Total                    |  63|         14|   37|         74|
    +-------------------------+----+-----------+-----+-----------+

    * Register: 
    +-------------------------+----+----+-----+-----------+
    |           Name          | FF | LUT| Bits| Const Bits|
    +-------------------------+----+----+-----+-----------+
    |ap_CS_fsm                |   1|   0|    1|          0|
    |ap_done_reg              |   1|   0|    1|          0|
    |ap_enable_reg_pp0_iter1  |   1|   0|    1|          0|
    |i_fu_36                  |  16|   0|   16|          0|
    |start_once_reg           |   1|   0|    1|          0|
    +-------------------------+----+----+-----+-----------+
    |Total                    |  20|   0|   20|          0|
    +-------------------------+----+----+-----+-----------+



================================================================
== Interface
================================================================
* Summary: 
+------------------------------+-----+-----+------------+----------------------------------------------------------------------------------+--------------+
|           RTL Ports          | Dir | Bits|  Protocol  |                                   Source Object                                  |    C Type    |
+------------------------------+-----+-----+------------+----------------------------------------------------------------------------------+--------------+
|ap_clk                        |   in|    1|  ap_ctrl_hs|  linear_single<ap_fixed<8, 1, 5, 3, 0>, ap_fixed<8, 1, 4, 0, 0>, linear_config13>|  return value|
|ap_rst                        |   in|    1|  ap_ctrl_hs|  linear_single<ap_fixed<8, 1, 5, 3, 0>, ap_fixed<8, 1, 4, 0, 0>, linear_config13>|  return value|
|ap_start                      |   in|    1|  ap_ctrl_hs|  linear_single<ap_fixed<8, 1, 5, 3, 0>, ap_fixed<8, 1, 4, 0, 0>, linear_config13>|  return value|
|start_full_n                  |   in|    1|  ap_ctrl_hs|  linear_single<ap_fixed<8, 1, 5, 3, 0>, ap_fixed<8, 1, 4, 0, 0>, linear_config13>|  return value|
|ap_done                       |  out|    1|  ap_ctrl_hs|  linear_single<ap_fixed<8, 1, 5, 3, 0>, ap_fixed<8, 1, 4, 0, 0>, linear_config13>|  return value|
|ap_continue                   |   in|    1|  ap_ctrl_hs|  linear_single<ap_fixed<8, 1, 5, 3, 0>, ap_fixed<8, 1, 4, 0, 0>, linear_config13>|  return value|
|ap_idle                       |  out|    1|  ap_ctrl_hs|  linear_single<ap_fixed<8, 1, 5, 3, 0>, ap_fixed<8, 1, 4, 0, 0>, linear_config13>|  return value|
|ap_ready                      |  out|    1|  ap_ctrl_hs|  linear_single<ap_fixed<8, 1, 5, 3, 0>, ap_fixed<8, 1, 4, 0, 0>, linear_config13>|  return value|
|start_out                     |  out|    1|  ap_ctrl_hs|  linear_single<ap_fixed<8, 1, 5, 3, 0>, ap_fixed<8, 1, 4, 0, 0>, linear_config13>|  return value|
|start_write                   |  out|    1|  ap_ctrl_hs|  linear_single<ap_fixed<8, 1, 5, 3, 0>, ap_fixed<8, 1, 4, 0, 0>, linear_config13>|  return value|
|layer12_out10_dout            |   in|    8|     ap_fifo|                                                                     layer12_out10|       pointer|
|layer12_out10_num_data_valid  |   in|    8|     ap_fifo|                                                                     layer12_out10|       pointer|
|layer12_out10_fifo_cap        |   in|    8|     ap_fifo|                                                                     layer12_out10|       pointer|
|layer12_out10_empty_n         |   in|    1|     ap_fifo|                                                                     layer12_out10|       pointer|
|layer12_out10_read            |  out|    1|     ap_fifo|                                                                     layer12_out10|       pointer|
|layer13_out11_din             |  out|    8|     ap_fifo|                                                                     layer13_out11|       pointer|
|layer13_out11_num_data_valid  |   in|    8|     ap_fifo|                                                                     layer13_out11|       pointer|
|layer13_out11_fifo_cap        |   in|    8|     ap_fifo|                                                                     layer13_out11|       pointer|
|layer13_out11_full_n          |   in|    1|     ap_fifo|                                                                     layer13_out11|       pointer|
|layer13_out11_write           |  out|    1|     ap_fifo|                                                                     layer13_out11|       pointer|
+------------------------------+-----+-----+------------+----------------------------------------------------------------------------------+--------------+

