

================================================================
== Vitis HLS Report for 'linear_single_ap_fixed_8_1_5_3_0_ap_fixed_8_1_4_0_0_linear_config16_s'
================================================================
* Date:           Tue Sep 19 13:55:51 2023

* Version:        2022.2 (Build 3670227 on Oct 13 2022)
* Project:        alveo_hls4ml
* Solution:       solution (Vitis Kernel Flow Target)
* Product family: virtexuplus
* Target device:  xcu55c-fsvh2892-2L-e


================================================================
== Performance Estimates
================================================================
+ Timing: 
    * Summary: 
    +--------+---------+----------+------------+
    |  Clock |  Target | Estimated| Uncertainty|
    +--------+---------+----------+------------+
    |ap_clk  |  4.00 ns|  2.639 ns|     1.08 ns|
    +--------+---------+----------+------------+

+ Latency: 
    * Summary: 
    +---------+---------+-----------+-----------+------+------+---------+
    |  Latency (cycles) |   Latency (absolute)  |   Interval  | Pipeline|
    |   min   |   max   |    min    |    max    |  min |  max |   Type  |
    +---------+---------+-----------+-----------+------+------+---------+
    |     3579|     3579|  14.316 us|  14.316 us|  3579|  3579|       no|
    +---------+---------+-----------+-----------+------+------+---------+

    + Detail: 
        * Instance: 
        N/A

        * Loop: 
        +--------------+---------+---------+----------+-----------+-----------+------+----------+
        |              |  Latency (cycles) | Iteration|  Initiation Interval  | Trip |          |
        |   Loop Name  |   min   |   max   |  Latency |  achieved |   target  | Count| Pipelined|
        +--------------+---------+---------+----------+-----------+-----------+------+----------+
        |- LinearLoop  |     3577|     3577|         2|          1|          1|  3577|       yes|
        +--------------+---------+---------+----------+-----------+-----------+------+----------+



================================================================
== Utilization Estimates
================================================================
* Summary: 
+---------------------+---------+------+---------+---------+-----+
|         Name        | BRAM_18K|  DSP |    FF   |   LUT   | URAM|
+---------------------+---------+------+---------+---------+-----+
|DSP                  |        -|     -|        -|        -|    -|
|Expression           |        -|     -|        0|       39|    -|
|FIFO                 |        -|     -|        -|        -|    -|
|Instance             |        -|     -|        -|        -|    -|
|Memory               |        -|     -|        -|        -|    -|
|Multiplexer          |        -|     -|        -|       54|    -|
|Register             |        -|     -|       15|        -|    -|
+---------------------+---------+------+---------+---------+-----+
|Total                |        0|     0|       15|       93|    0|
+---------------------+---------+------+---------+---------+-----+
|Available SLR        |     1344|  3008|   869120|   434560|  320|
+---------------------+---------+------+---------+---------+-----+
|Utilization SLR (%)  |        0|     0|       ~0|       ~0|    0|
+---------------------+---------+------+---------+---------+-----+
|Available            |     4032|  9024|  2607360|  1303680|  960|
+---------------------+---------+------+---------+---------+-----+
|Utilization (%)      |        0|     0|       ~0|       ~0|    0|
+---------------------+---------+------+---------+---------+-----+

+ Detail: 
    * Instance: 
    N/A

    * DSP: 
    N/A

    * Memory: 
    N/A

    * FIFO: 
    N/A

    * Expression: 
    +----------------------------------+----------+----+---+----+------------+------------+
    |           Variable Name          | Operation| DSP| FF| LUT| Bitwidth P0| Bitwidth P1|
    +----------------------------------+----------+----+---+----+------------+------------+
    |i_9_fu_68_p2                      |         +|   0|  0|  19|          12|           1|
    |ap_condition_87                   |       and|   0|  0|   2|           1|           1|
    |icmp_ln16_fu_62_p2                |      icmp|   0|  0|  12|          12|          11|
    |ap_block_pp0_stage0_01001         |        or|   0|  0|   2|           1|           1|
    |ap_block_state2_pp0_stage0_iter1  |        or|   0|  0|   2|           1|           1|
    |ap_enable_pp0                     |       xor|   0|  0|   2|           1|           2|
    +----------------------------------+----------+----+---+----+------------+------------+
    |Total                             |          |   0|  0|  39|          28|          17|
    +----------------------------------+----------+----+---+----+------------+------------+

    * Multiplexer: 
    +-------------------------+----+-----------+-----+-----------+
    |           Name          | LUT| Input Size| Bits| Total Bits|
    +-------------------------+----+-----------+-----+-----------+
    |ap_done_int              |   9|          2|    1|          2|
    |ap_enable_reg_pp0_iter1  |   9|          2|    1|          2|
    |ap_sig_allocacmp_i_8     |   9|          2|   12|         24|
    |i_fu_36                  |   9|          2|   12|         24|
    |layer17_out12_blk_n      |   9|          2|    1|          2|
    |out_buf3_blk_n           |   9|          2|    1|          2|
    +-------------------------+----+-----------+-----+-----------+
    |Total                    |  54|         12|   28|         56|
    +-------------------------+----+-----------+-----+-----------+

    * Register: 
    +-------------------------+----+----+-----+-----------+
    |           Name          | FF | LUT| Bits| Const Bits|
    +-------------------------+----+----+-----+-----------+
    |ap_CS_fsm                |   1|   0|    1|          0|
    |ap_done_reg              |   1|   0|    1|          0|
    |ap_enable_reg_pp0_iter1  |   1|   0|    1|          0|
    |i_fu_36                  |  12|   0|   12|          0|
    +-------------------------+----+----+-----+-----------+
    |Total                    |  15|   0|   15|          0|
    +-------------------------+----+----+-----+-----------+



================================================================
== Interface
================================================================
* Summary: 
+------------------------------+-----+-----+------------+----------------------------------------------------------------------------------+--------------+
|           RTL Ports          | Dir | Bits|  Protocol  |                                   Source Object                                  |    C Type    |
+------------------------------+-----+-----+------------+----------------------------------------------------------------------------------+--------------+
|ap_clk                        |   in|    1|  ap_ctrl_hs|  linear_single<ap_fixed<8, 1, 5, 3, 0>, ap_fixed<8, 1, 4, 0, 0>, linear_config16>|  return value|
|ap_rst                        |   in|    1|  ap_ctrl_hs|  linear_single<ap_fixed<8, 1, 5, 3, 0>, ap_fixed<8, 1, 4, 0, 0>, linear_config16>|  return value|
|ap_start                      |   in|    1|  ap_ctrl_hs|  linear_single<ap_fixed<8, 1, 5, 3, 0>, ap_fixed<8, 1, 4, 0, 0>, linear_config16>|  return value|
|ap_done                       |  out|    1|  ap_ctrl_hs|  linear_single<ap_fixed<8, 1, 5, 3, 0>, ap_fixed<8, 1, 4, 0, 0>, linear_config16>|  return value|
|ap_continue                   |   in|    1|  ap_ctrl_hs|  linear_single<ap_fixed<8, 1, 5, 3, 0>, ap_fixed<8, 1, 4, 0, 0>, linear_config16>|  return value|
|ap_idle                       |  out|    1|  ap_ctrl_hs|  linear_single<ap_fixed<8, 1, 5, 3, 0>, ap_fixed<8, 1, 4, 0, 0>, linear_config16>|  return value|
|ap_ready                      |  out|    1|  ap_ctrl_hs|  linear_single<ap_fixed<8, 1, 5, 3, 0>, ap_fixed<8, 1, 4, 0, 0>, linear_config16>|  return value|
|layer17_out12_dout            |   in|    8|     ap_fifo|                                                                     layer17_out12|       pointer|
|layer17_out12_num_data_valid  |   in|    8|     ap_fifo|                                                                     layer17_out12|       pointer|
|layer17_out12_fifo_cap        |   in|    8|     ap_fifo|                                                                     layer17_out12|       pointer|
|layer17_out12_empty_n         |   in|    1|     ap_fifo|                                                                     layer17_out12|       pointer|
|layer17_out12_read            |  out|    1|     ap_fifo|                                                                     layer17_out12|       pointer|
|out_buf3_din                  |  out|    8|     ap_fifo|                                                                          out_buf3|       pointer|
|out_buf3_num_data_valid       |   in|   11|     ap_fifo|                                                                          out_buf3|       pointer|
|out_buf3_fifo_cap             |   in|   11|     ap_fifo|                                                                          out_buf3|       pointer|
|out_buf3_full_n               |   in|    1|     ap_fifo|                                                                          out_buf3|       pointer|
|out_buf3_write                |  out|    1|     ap_fifo|                                                                          out_buf3|       pointer|
+------------------------------+-----+-----+------------+----------------------------------------------------------------------------------+--------------+

