

================================================================
== Vitis HLS Report for 'pointwise_conv_1d_cl_single_ap_fixed_ap_fixed_8_1_5_3_0_config17_s'
================================================================
* Date:           Tue Sep 19 13:55:49 2023

* Version:        2022.2 (Build 3670227 on Oct 13 2022)
* Project:        alveo_hls4ml
* Solution:       solution (Vitis Kernel Flow Target)
* Product family: virtexuplus
* Target device:  xcu55c-fsvh2892-2L-e


================================================================
== Performance Estimates
================================================================
+ Timing: 
    * Summary: 
    +--------+---------+----------+------------+
    |  Clock |  Target | Estimated| Uncertainty|
    +--------+---------+----------+------------+
    |ap_clk  |  4.00 ns|  2.255 ns|     1.08 ns|
    +--------+---------+----------+------------+

+ Latency: 
    * Summary: 
    +---------+---------+----------+----------+-------+-------+---------+
    |  Latency (cycles) |  Latency (absolute) |    Interval   | Pipeline|
    |   min   |   max   |    min   |    max   |  min  |  max  |   Type  |
    +---------+---------+----------+----------+-------+-------+---------+
    |    79133|    79206|  0.317 ms|  0.317 ms|  79133|  79206|       no|
    +---------+---------+----------+----------+-------+-------+---------+

    + Detail: 
        * Instance: 
        +---------------------------------------------------------------------------------------------+---------------------------------------------------------------------------------+---------+---------+----------+----------+-----+-----+------------------------------------------+
        |                                                                                             |                                                                                 |  Latency (cycles) |  Latency (absolute) |  Interval |                 Pipeline                 |
        |                                           Instance                                          |                                      Module                                     |   min   |   max   |    min   |    max   | min | max |                   Type                   |
        +---------------------------------------------------------------------------------------------+---------------------------------------------------------------------------------+---------+---------+----------+----------+-----+-----+------------------------------------------+
        |grp_pointwise_conv_1d_cl_single_ap_fixed_ap_fixed_config17_Pipeline_VITIS_LOOP_97_1_fu_4142  |pointwise_conv_1d_cl_single_ap_fixed_ap_fixed_config17_Pipeline_VITIS_LOOP_97_1  |      514|      514|  2.056 us|  2.056 us|  514|  514|                                        no|
        |grp_dense_resource_ap_fixed_8_1_4_0_0_ap_fixed_8_1_5_3_0_config17_mult_s_fu_5172             |dense_resource_ap_fixed_8_1_4_0_0_ap_fixed_8_1_5_3_0_config17_mult_s             |      513|      514|  2.052 us|  2.056 us|  512|  512|  loop rewind stp(delay=0 clock cycles(s))|
        |grp_pointwise_conv_1d_cl_single_ap_fixed_ap_fixed_config17_Pipeline_Write_fu_5690            |pointwise_conv_1d_cl_single_ap_fixed_ap_fixed_config17_Pipeline_Write            |       51|       51|  0.204 us|  0.204 us|   51|   51|                                        no|
        +---------------------------------------------------------------------------------------------+---------------------------------------------------------------------------------+---------+---------+----------+----------+-----+-----+------------------------------------------+

        * Loop: 
        +------------------+---------+---------+-------------+-----------+-----------+------+----------+
        |                  |  Latency (cycles) |  Iteration  |  Initiation Interval  | Trip |          |
        |     Loop Name    |   min   |   max   |   Latency   |  achieved |   target  | Count| Pipelined|
        +------------------+---------+---------+-------------+-----------+-----------+------+----------+
        |- ReadInputWidth  |    79132|    79205|  1084 ~ 1085|          -|          -|    73|        no|
        +------------------+---------+---------+-------------+-----------+-----------+------+----------+



================================================================
== Utilization Estimates
================================================================
* Summary: 
+---------------------+---------+------+---------+---------+-----+
|         Name        | BRAM_18K|  DSP |    FF   |   LUT   | URAM|
+---------------------+---------+------+---------+---------+-----+
|DSP                  |        -|     -|        -|        -|    -|
|Expression           |        -|     -|        0|       26|    -|
|FIFO                 |        -|     -|        -|        -|    -|
|Instance             |        8|     0|    13538|    25595|    -|
|Memory               |        -|     -|        -|        -|    -|
|Multiplexer          |        -|     -|        -|       88|    -|
|Register             |        -|     -|     4507|        -|    -|
+---------------------+---------+------+---------+---------+-----+
|Total                |        8|     0|    18045|    25709|    0|
+---------------------+---------+------+---------+---------+-----+
|Available SLR        |     1344|  3008|   869120|   434560|  320|
+---------------------+---------+------+---------+---------+-----+
|Utilization SLR (%)  |       ~0|     0|        2|        5|    0|
+---------------------+---------+------+---------+---------+-----+
|Available            |     4032|  9024|  2607360|  1303680|  960|
+---------------------+---------+------+---------+---------+-----+
|Utilization (%)      |       ~0|     0|       ~0|        1|    0|
+---------------------+---------+------+---------+---------+-----+

+ Detail: 
    * Instance: 
    +---------------------------------------------------------------------------------------------+---------------------------------------------------------------------------------+---------+----+------+-------+-----+
    |                                           Instance                                          |                                      Module                                     | BRAM_18K| DSP|  FF  |  LUT  | URAM|
    +---------------------------------------------------------------------------------------------+---------------------------------------------------------------------------------+---------+----+------+-------+-----+
    |grp_dense_resource_ap_fixed_8_1_4_0_0_ap_fixed_8_1_5_3_0_config17_mult_s_fu_5172             |dense_resource_ap_fixed_8_1_4_0_0_ap_fixed_8_1_5_3_0_config17_mult_s             |        8|   0|  9403|  20623|    0|
    |grp_pointwise_conv_1d_cl_single_ap_fixed_ap_fixed_config17_Pipeline_VITIS_LOOP_97_1_fu_4142  |pointwise_conv_1d_cl_single_ap_fixed_ap_fixed_config17_Pipeline_VITIS_LOOP_97_1  |        0|   0|  4118|   4687|    0|
    |grp_pointwise_conv_1d_cl_single_ap_fixed_ap_fixed_config17_Pipeline_Write_fu_5690            |pointwise_conv_1d_cl_single_ap_fixed_ap_fixed_config17_Pipeline_Write            |        0|   0|    17|    285|    0|
    +---------------------------------------------------------------------------------------------+---------------------------------------------------------------------------------+---------+----+------+-------+-----+
    |Total                                                                                        |                                                                                 |        8|   0| 13538|  25595|    0|
    +---------------------------------------------------------------------------------------------+---------------------------------------------------------------------------------+---------+----+------+-------+-----+

    * DSP: 
    N/A

    * Memory: 
    N/A

    * FIFO: 
    N/A

    * Expression: 
    +----------------------+----------+----+---+----+------------+------------+
    |     Variable Name    | Operation| DSP| FF| LUT| Bitwidth P0| Bitwidth P1|
    +----------------------+----------+----+---+----+------------+------------+
    |i_iw_2_fu_5759_p2     |         +|   0|  0|  14|           7|           1|
    |icmp_ln91_fu_5753_p2  |      icmp|   0|  0|  10|           7|           7|
    |ap_block_state1       |        or|   0|  0|   2|           1|           1|
    +----------------------+----------+----+---+----+------------+------------+
    |Total                 |          |   0|  0|  26|          15|           9|
    +----------------------+----------+----+---+----+------------+------------+

    * Multiplexer: 
    +---------------------+----+-----------+-----+-----------+
    |         Name        | LUT| Input Size| Bits| Total Bits|
    +---------------------+----+-----------+-----+-----------+
    |ap_NS_fsm            |  43|          8|    1|          8|
    |ap_done              |   9|          2|    1|          2|
    |i_iw_fu_42           |   9|          2|    7|         14|
    |layer13_out11_read   |   9|          2|    1|          2|
    |layer17_out12_write  |   9|          2|    1|          2|
    |real_start           |   9|          2|    1|          2|
    +---------------------+----+-----------+-----+-----------+
    |Total                |  88|         18|   12|         30|
    +---------------------+----+-----------+-----+-----------+

    * Register: 
    +----------------------------------------------------------------------------------------------------------+----+----+-----+-----------+
    |                                                   Name                                                   | FF | LUT| Bits| Const Bits|
    +----------------------------------------------------------------------------------------------------------+----+----+-----+-----------+
    |ap_CS_fsm                                                                                                 |   7|   0|    7|          0|
    |ap_done_reg                                                                                               |   1|   0|    1|          0|
    |data_store_V_100_fu_446                                                                                   |   8|   0|    8|          0|
    |data_store_V_101_fu_450                                                                                   |   8|   0|    8|          0|
    |data_store_V_102_fu_454                                                                                   |   8|   0|    8|          0|
    |data_store_V_103_fu_458                                                                                   |   8|   0|    8|          0|
    |data_store_V_104_fu_462                                                                                   |   8|   0|    8|          0|
    |data_store_V_105_fu_466                                                                                   |   8|   0|    8|          0|
    |data_store_V_106_fu_470                                                                                   |   8|   0|    8|          0|
    |data_store_V_107_fu_474                                                                                   |   8|   0|    8|          0|
    |data_store_V_108_fu_478                                                                                   |   8|   0|    8|          0|
    |data_store_V_109_fu_482                                                                                   |   8|   0|    8|          0|
    |data_store_V_10_fu_86                                                                                     |   8|   0|    8|          0|
    |data_store_V_110_fu_486                                                                                   |   8|   0|    8|          0|
    |data_store_V_111_fu_490                                                                                   |   8|   0|    8|          0|
    |data_store_V_112_fu_494                                                                                   |   8|   0|    8|          0|
    |data_store_V_113_fu_498                                                                                   |   8|   0|    8|          0|
    |data_store_V_114_fu_502                                                                                   |   8|   0|    8|          0|
    |data_store_V_115_fu_506                                                                                   |   8|   0|    8|          0|
    |data_store_V_116_fu_510                                                                                   |   8|   0|    8|          0|
    |data_store_V_117_fu_514                                                                                   |   8|   0|    8|          0|
    |data_store_V_118_fu_518                                                                                   |   8|   0|    8|          0|
    |data_store_V_119_fu_522                                                                                   |   8|   0|    8|          0|
    |data_store_V_11_fu_90                                                                                     |   8|   0|    8|          0|
    |data_store_V_120_fu_526                                                                                   |   8|   0|    8|          0|
    |data_store_V_121_fu_530                                                                                   |   8|   0|    8|          0|
    |data_store_V_122_fu_534                                                                                   |   8|   0|    8|          0|
    |data_store_V_123_fu_538                                                                                   |   8|   0|    8|          0|
    |data_store_V_124_fu_542                                                                                   |   8|   0|    8|          0|
    |data_store_V_125_fu_546                                                                                   |   8|   0|    8|          0|
    |data_store_V_126_fu_550                                                                                   |   8|   0|    8|          0|
    |data_store_V_127_fu_554                                                                                   |   8|   0|    8|          0|
    |data_store_V_128_fu_558                                                                                   |   8|   0|    8|          0|
    |data_store_V_129_fu_562                                                                                   |   8|   0|    8|          0|
    |data_store_V_12_fu_94                                                                                     |   8|   0|    8|          0|
    |data_store_V_130_fu_566                                                                                   |   8|   0|    8|          0|
    |data_store_V_131_fu_570                                                                                   |   8|   0|    8|          0|
    |data_store_V_132_fu_574                                                                                   |   8|   0|    8|          0|
    |data_store_V_133_fu_578                                                                                   |   8|   0|    8|          0|
    |data_store_V_134_fu_582                                                                                   |   8|   0|    8|          0|
    |data_store_V_135_fu_586                                                                                   |   8|   0|    8|          0|
    |data_store_V_136_fu_590                                                                                   |   8|   0|    8|          0|
    |data_store_V_137_fu_594                                                                                   |   8|   0|    8|          0|
    |data_store_V_138_fu_598                                                                                   |   8|   0|    8|          0|
    |data_store_V_139_fu_602                                                                                   |   8|   0|    8|          0|
    |data_store_V_13_fu_98                                                                                     |   8|   0|    8|          0|
    |data_store_V_140_fu_606                                                                                   |   8|   0|    8|          0|
    |data_store_V_141_fu_610                                                                                   |   8|   0|    8|          0|
    |data_store_V_142_fu_614                                                                                   |   8|   0|    8|          0|
    |data_store_V_143_fu_618                                                                                   |   8|   0|    8|          0|
    |data_store_V_144_fu_622                                                                                   |   8|   0|    8|          0|
    |data_store_V_145_fu_626                                                                                   |   8|   0|    8|          0|
    |data_store_V_146_fu_630                                                                                   |   8|   0|    8|          0|
    |data_store_V_147_fu_634                                                                                   |   8|   0|    8|          0|
    |data_store_V_148_fu_638                                                                                   |   8|   0|    8|          0|
    |data_store_V_149_fu_642                                                                                   |   8|   0|    8|          0|
    |data_store_V_14_fu_102                                                                                    |   8|   0|    8|          0|
    |data_store_V_150_fu_646                                                                                   |   8|   0|    8|          0|
    |data_store_V_151_fu_650                                                                                   |   8|   0|    8|          0|
    |data_store_V_152_fu_654                                                                                   |   8|   0|    8|          0|
    |data_store_V_153_fu_658                                                                                   |   8|   0|    8|          0|
    |data_store_V_154_fu_662                                                                                   |   8|   0|    8|          0|
    |data_store_V_155_fu_666                                                                                   |   8|   0|    8|          0|
    |data_store_V_156_fu_670                                                                                   |   8|   0|    8|          0|
    |data_store_V_157_fu_674                                                                                   |   8|   0|    8|          0|
    |data_store_V_158_fu_678                                                                                   |   8|   0|    8|          0|
    |data_store_V_159_fu_682                                                                                   |   8|   0|    8|          0|
    |data_store_V_15_fu_106                                                                                    |   8|   0|    8|          0|
    |data_store_V_160_fu_686                                                                                   |   8|   0|    8|          0|
    |data_store_V_161_fu_690                                                                                   |   8|   0|    8|          0|
    |data_store_V_162_fu_694                                                                                   |   8|   0|    8|          0|
    |data_store_V_163_fu_698                                                                                   |   8|   0|    8|          0|
    |data_store_V_164_fu_702                                                                                   |   8|   0|    8|          0|
    |data_store_V_165_fu_706                                                                                   |   8|   0|    8|          0|
    |data_store_V_166_fu_710                                                                                   |   8|   0|    8|          0|
    |data_store_V_167_fu_714                                                                                   |   8|   0|    8|          0|
    |data_store_V_168_fu_718                                                                                   |   8|   0|    8|          0|
    |data_store_V_169_fu_722                                                                                   |   8|   0|    8|          0|
    |data_store_V_16_fu_110                                                                                    |   8|   0|    8|          0|
    |data_store_V_170_fu_726                                                                                   |   8|   0|    8|          0|
    |data_store_V_171_fu_730                                                                                   |   8|   0|    8|          0|
    |data_store_V_172_fu_734                                                                                   |   8|   0|    8|          0|
    |data_store_V_173_fu_738                                                                                   |   8|   0|    8|          0|
    |data_store_V_174_fu_742                                                                                   |   8|   0|    8|          0|
    |data_store_V_175_fu_746                                                                                   |   8|   0|    8|          0|
    |data_store_V_176_fu_750                                                                                   |   8|   0|    8|          0|
    |data_store_V_177_fu_754                                                                                   |   8|   0|    8|          0|
    |data_store_V_178_fu_758                                                                                   |   8|   0|    8|          0|
    |data_store_V_179_fu_762                                                                                   |   8|   0|    8|          0|
    |data_store_V_17_fu_114                                                                                    |   8|   0|    8|          0|
    |data_store_V_180_fu_766                                                                                   |   8|   0|    8|          0|
    |data_store_V_181_fu_770                                                                                   |   8|   0|    8|          0|
    |data_store_V_182_fu_774                                                                                   |   8|   0|    8|          0|
    |data_store_V_183_fu_778                                                                                   |   8|   0|    8|          0|
    |data_store_V_184_fu_782                                                                                   |   8|   0|    8|          0|
    |data_store_V_185_fu_786                                                                                   |   8|   0|    8|          0|
    |data_store_V_186_fu_790                                                                                   |   8|   0|    8|          0|
    |data_store_V_187_fu_794                                                                                   |   8|   0|    8|          0|
    |data_store_V_188_fu_798                                                                                   |   8|   0|    8|          0|
    |data_store_V_189_fu_802                                                                                   |   8|   0|    8|          0|
    |data_store_V_18_fu_118                                                                                    |   8|   0|    8|          0|
    |data_store_V_190_fu_806                                                                                   |   8|   0|    8|          0|
    |data_store_V_191_fu_810                                                                                   |   8|   0|    8|          0|
    |data_store_V_192_fu_814                                                                                   |   8|   0|    8|          0|
    |data_store_V_193_fu_818                                                                                   |   8|   0|    8|          0|
    |data_store_V_194_fu_822                                                                                   |   8|   0|    8|          0|
    |data_store_V_195_fu_826                                                                                   |   8|   0|    8|          0|
    |data_store_V_196_fu_830                                                                                   |   8|   0|    8|          0|
    |data_store_V_197_fu_834                                                                                   |   8|   0|    8|          0|
    |data_store_V_198_fu_838                                                                                   |   8|   0|    8|          0|
    |data_store_V_199_fu_842                                                                                   |   8|   0|    8|          0|
    |data_store_V_19_fu_122                                                                                    |   8|   0|    8|          0|
    |data_store_V_1_fu_50                                                                                      |   8|   0|    8|          0|
    |data_store_V_200_fu_846                                                                                   |   8|   0|    8|          0|
    |data_store_V_201_fu_850                                                                                   |   8|   0|    8|          0|
    |data_store_V_202_fu_854                                                                                   |   8|   0|    8|          0|
    |data_store_V_203_fu_858                                                                                   |   8|   0|    8|          0|
    |data_store_V_204_fu_862                                                                                   |   8|   0|    8|          0|
    |data_store_V_205_fu_866                                                                                   |   8|   0|    8|          0|
    |data_store_V_206_fu_870                                                                                   |   8|   0|    8|          0|
    |data_store_V_207_fu_874                                                                                   |   8|   0|    8|          0|
    |data_store_V_208_fu_878                                                                                   |   8|   0|    8|          0|
    |data_store_V_209_fu_882                                                                                   |   8|   0|    8|          0|
    |data_store_V_20_fu_126                                                                                    |   8|   0|    8|          0|
    |data_store_V_210_fu_886                                                                                   |   8|   0|    8|          0|
    |data_store_V_211_fu_890                                                                                   |   8|   0|    8|          0|
    |data_store_V_212_fu_894                                                                                   |   8|   0|    8|          0|
    |data_store_V_213_fu_898                                                                                   |   8|   0|    8|          0|
    |data_store_V_214_fu_902                                                                                   |   8|   0|    8|          0|
    |data_store_V_215_fu_906                                                                                   |   8|   0|    8|          0|
    |data_store_V_216_fu_910                                                                                   |   8|   0|    8|          0|
    |data_store_V_217_fu_914                                                                                   |   8|   0|    8|          0|
    |data_store_V_218_fu_918                                                                                   |   8|   0|    8|          0|
    |data_store_V_219_fu_922                                                                                   |   8|   0|    8|          0|
    |data_store_V_21_fu_130                                                                                    |   8|   0|    8|          0|
    |data_store_V_220_fu_926                                                                                   |   8|   0|    8|          0|
    |data_store_V_221_fu_930                                                                                   |   8|   0|    8|          0|
    |data_store_V_222_fu_934                                                                                   |   8|   0|    8|          0|
    |data_store_V_223_fu_938                                                                                   |   8|   0|    8|          0|
    |data_store_V_224_fu_942                                                                                   |   8|   0|    8|          0|
    |data_store_V_225_fu_946                                                                                   |   8|   0|    8|          0|
    |data_store_V_226_fu_950                                                                                   |   8|   0|    8|          0|
    |data_store_V_227_fu_954                                                                                   |   8|   0|    8|          0|
    |data_store_V_228_fu_958                                                                                   |   8|   0|    8|          0|
    |data_store_V_229_fu_962                                                                                   |   8|   0|    8|          0|
    |data_store_V_22_fu_134                                                                                    |   8|   0|    8|          0|
    |data_store_V_230_fu_966                                                                                   |   8|   0|    8|          0|
    |data_store_V_231_fu_970                                                                                   |   8|   0|    8|          0|
    |data_store_V_232_fu_974                                                                                   |   8|   0|    8|          0|
    |data_store_V_233_fu_978                                                                                   |   8|   0|    8|          0|
    |data_store_V_234_fu_982                                                                                   |   8|   0|    8|          0|
    |data_store_V_235_fu_986                                                                                   |   8|   0|    8|          0|
    |data_store_V_236_fu_990                                                                                   |   8|   0|    8|          0|
    |data_store_V_237_fu_994                                                                                   |   8|   0|    8|          0|
    |data_store_V_238_fu_998                                                                                   |   8|   0|    8|          0|
    |data_store_V_239_fu_1002                                                                                  |   8|   0|    8|          0|
    |data_store_V_23_fu_138                                                                                    |   8|   0|    8|          0|
    |data_store_V_240_fu_1006                                                                                  |   8|   0|    8|          0|
    |data_store_V_241_fu_1010                                                                                  |   8|   0|    8|          0|
    |data_store_V_242_fu_1014                                                                                  |   8|   0|    8|          0|
    |data_store_V_243_fu_1018                                                                                  |   8|   0|    8|          0|
    |data_store_V_244_fu_1022                                                                                  |   8|   0|    8|          0|
    |data_store_V_245_fu_1026                                                                                  |   8|   0|    8|          0|
    |data_store_V_246_fu_1030                                                                                  |   8|   0|    8|          0|
    |data_store_V_247_fu_1034                                                                                  |   8|   0|    8|          0|
    |data_store_V_248_fu_1038                                                                                  |   8|   0|    8|          0|
    |data_store_V_249_fu_1042                                                                                  |   8|   0|    8|          0|
    |data_store_V_24_fu_142                                                                                    |   8|   0|    8|          0|
    |data_store_V_250_fu_1046                                                                                  |   8|   0|    8|          0|
    |data_store_V_251_fu_1050                                                                                  |   8|   0|    8|          0|
    |data_store_V_252_fu_1054                                                                                  |   8|   0|    8|          0|
    |data_store_V_253_fu_1058                                                                                  |   8|   0|    8|          0|
    |data_store_V_254_fu_1062                                                                                  |   8|   0|    8|          0|
    |data_store_V_255_fu_1066                                                                                  |   8|   0|    8|          0|
    |data_store_V_256_fu_1070                                                                                  |   8|   0|    8|          0|
    |data_store_V_257_fu_1074                                                                                  |   8|   0|    8|          0|
    |data_store_V_258_fu_1078                                                                                  |   8|   0|    8|          0|
    |data_store_V_259_fu_1082                                                                                  |   8|   0|    8|          0|
    |data_store_V_25_fu_146                                                                                    |   8|   0|    8|          0|
    |data_store_V_260_fu_1086                                                                                  |   8|   0|    8|          0|
    |data_store_V_261_fu_1090                                                                                  |   8|   0|    8|          0|
    |data_store_V_262_fu_1094                                                                                  |   8|   0|    8|          0|
    |data_store_V_263_fu_1098                                                                                  |   8|   0|    8|          0|
    |data_store_V_264_fu_1102                                                                                  |   8|   0|    8|          0|
    |data_store_V_265_fu_1106                                                                                  |   8|   0|    8|          0|
    |data_store_V_266_fu_1110                                                                                  |   8|   0|    8|          0|
    |data_store_V_267_fu_1114                                                                                  |   8|   0|    8|          0|
    |data_store_V_268_fu_1118                                                                                  |   8|   0|    8|          0|
    |data_store_V_269_fu_1122                                                                                  |   8|   0|    8|          0|
    |data_store_V_26_fu_150                                                                                    |   8|   0|    8|          0|
    |data_store_V_270_fu_1126                                                                                  |   8|   0|    8|          0|
    |data_store_V_271_fu_1130                                                                                  |   8|   0|    8|          0|
    |data_store_V_272_fu_1134                                                                                  |   8|   0|    8|          0|
    |data_store_V_273_fu_1138                                                                                  |   8|   0|    8|          0|
    |data_store_V_274_fu_1142                                                                                  |   8|   0|    8|          0|
    |data_store_V_275_fu_1146                                                                                  |   8|   0|    8|          0|
    |data_store_V_276_fu_1150                                                                                  |   8|   0|    8|          0|
    |data_store_V_277_fu_1154                                                                                  |   8|   0|    8|          0|
    |data_store_V_278_fu_1158                                                                                  |   8|   0|    8|          0|
    |data_store_V_279_fu_1162                                                                                  |   8|   0|    8|          0|
    |data_store_V_27_fu_154                                                                                    |   8|   0|    8|          0|
    |data_store_V_280_fu_1166                                                                                  |   8|   0|    8|          0|
    |data_store_V_281_fu_1170                                                                                  |   8|   0|    8|          0|
    |data_store_V_282_fu_1174                                                                                  |   8|   0|    8|          0|
    |data_store_V_283_fu_1178                                                                                  |   8|   0|    8|          0|
    |data_store_V_284_fu_1182                                                                                  |   8|   0|    8|          0|
    |data_store_V_285_fu_1186                                                                                  |   8|   0|    8|          0|
    |data_store_V_286_fu_1190                                                                                  |   8|   0|    8|          0|
    |data_store_V_287_fu_1194                                                                                  |   8|   0|    8|          0|
    |data_store_V_288_fu_1198                                                                                  |   8|   0|    8|          0|
    |data_store_V_289_fu_1202                                                                                  |   8|   0|    8|          0|
    |data_store_V_28_fu_158                                                                                    |   8|   0|    8|          0|
    |data_store_V_290_fu_1206                                                                                  |   8|   0|    8|          0|
    |data_store_V_291_fu_1210                                                                                  |   8|   0|    8|          0|
    |data_store_V_292_fu_1214                                                                                  |   8|   0|    8|          0|
    |data_store_V_293_fu_1218                                                                                  |   8|   0|    8|          0|
    |data_store_V_294_fu_1222                                                                                  |   8|   0|    8|          0|
    |data_store_V_295_fu_1226                                                                                  |   8|   0|    8|          0|
    |data_store_V_296_fu_1230                                                                                  |   8|   0|    8|          0|
    |data_store_V_297_fu_1234                                                                                  |   8|   0|    8|          0|
    |data_store_V_298_fu_1238                                                                                  |   8|   0|    8|          0|
    |data_store_V_299_fu_1242                                                                                  |   8|   0|    8|          0|
    |data_store_V_29_fu_162                                                                                    |   8|   0|    8|          0|
    |data_store_V_2_fu_54                                                                                      |   8|   0|    8|          0|
    |data_store_V_300_fu_1246                                                                                  |   8|   0|    8|          0|
    |data_store_V_301_fu_1250                                                                                  |   8|   0|    8|          0|
    |data_store_V_302_fu_1254                                                                                  |   8|   0|    8|          0|
    |data_store_V_303_fu_1258                                                                                  |   8|   0|    8|          0|
    |data_store_V_304_fu_1262                                                                                  |   8|   0|    8|          0|
    |data_store_V_305_fu_1266                                                                                  |   8|   0|    8|          0|
    |data_store_V_306_fu_1270                                                                                  |   8|   0|    8|          0|
    |data_store_V_307_fu_1274                                                                                  |   8|   0|    8|          0|
    |data_store_V_308_fu_1278                                                                                  |   8|   0|    8|          0|
    |data_store_V_309_fu_1282                                                                                  |   8|   0|    8|          0|
    |data_store_V_30_fu_166                                                                                    |   8|   0|    8|          0|
    |data_store_V_310_fu_1286                                                                                  |   8|   0|    8|          0|
    |data_store_V_311_fu_1290                                                                                  |   8|   0|    8|          0|
    |data_store_V_312_fu_1294                                                                                  |   8|   0|    8|          0|
    |data_store_V_313_fu_1298                                                                                  |   8|   0|    8|          0|
    |data_store_V_314_fu_1302                                                                                  |   8|   0|    8|          0|
    |data_store_V_315_fu_1306                                                                                  |   8|   0|    8|          0|
    |data_store_V_316_fu_1310                                                                                  |   8|   0|    8|          0|
    |data_store_V_317_fu_1314                                                                                  |   8|   0|    8|          0|
    |data_store_V_318_fu_1318                                                                                  |   8|   0|    8|          0|
    |data_store_V_319_fu_1322                                                                                  |   8|   0|    8|          0|
    |data_store_V_31_fu_170                                                                                    |   8|   0|    8|          0|
    |data_store_V_320_fu_1326                                                                                  |   8|   0|    8|          0|
    |data_store_V_321_fu_1330                                                                                  |   8|   0|    8|          0|
    |data_store_V_322_fu_1334                                                                                  |   8|   0|    8|          0|
    |data_store_V_323_fu_1338                                                                                  |   8|   0|    8|          0|
    |data_store_V_324_fu_1342                                                                                  |   8|   0|    8|          0|
    |data_store_V_325_fu_1346                                                                                  |   8|   0|    8|          0|
    |data_store_V_326_fu_1350                                                                                  |   8|   0|    8|          0|
    |data_store_V_327_fu_1354                                                                                  |   8|   0|    8|          0|
    |data_store_V_328_fu_1358                                                                                  |   8|   0|    8|          0|
    |data_store_V_329_fu_1362                                                                                  |   8|   0|    8|          0|
    |data_store_V_32_fu_174                                                                                    |   8|   0|    8|          0|
    |data_store_V_330_fu_1366                                                                                  |   8|   0|    8|          0|
    |data_store_V_331_fu_1370                                                                                  |   8|   0|    8|          0|
    |data_store_V_332_fu_1374                                                                                  |   8|   0|    8|          0|
    |data_store_V_333_fu_1378                                                                                  |   8|   0|    8|          0|
    |data_store_V_334_fu_1382                                                                                  |   8|   0|    8|          0|
    |data_store_V_335_fu_1386                                                                                  |   8|   0|    8|          0|
    |data_store_V_336_fu_1390                                                                                  |   8|   0|    8|          0|
    |data_store_V_337_fu_1394                                                                                  |   8|   0|    8|          0|
    |data_store_V_338_fu_1398                                                                                  |   8|   0|    8|          0|
    |data_store_V_339_fu_1402                                                                                  |   8|   0|    8|          0|
    |data_store_V_33_fu_178                                                                                    |   8|   0|    8|          0|
    |data_store_V_340_fu_1406                                                                                  |   8|   0|    8|          0|
    |data_store_V_341_fu_1410                                                                                  |   8|   0|    8|          0|
    |data_store_V_342_fu_1414                                                                                  |   8|   0|    8|          0|
    |data_store_V_343_fu_1418                                                                                  |   8|   0|    8|          0|
    |data_store_V_344_fu_1422                                                                                  |   8|   0|    8|          0|
    |data_store_V_345_fu_1426                                                                                  |   8|   0|    8|          0|
    |data_store_V_346_fu_1430                                                                                  |   8|   0|    8|          0|
    |data_store_V_347_fu_1434                                                                                  |   8|   0|    8|          0|
    |data_store_V_348_fu_1438                                                                                  |   8|   0|    8|          0|
    |data_store_V_349_fu_1442                                                                                  |   8|   0|    8|          0|
    |data_store_V_34_fu_182                                                                                    |   8|   0|    8|          0|
    |data_store_V_350_fu_1446                                                                                  |   8|   0|    8|          0|
    |data_store_V_351_fu_1450                                                                                  |   8|   0|    8|          0|
    |data_store_V_352_fu_1454                                                                                  |   8|   0|    8|          0|
    |data_store_V_353_fu_1458                                                                                  |   8|   0|    8|          0|
    |data_store_V_354_fu_1462                                                                                  |   8|   0|    8|          0|
    |data_store_V_355_fu_1466                                                                                  |   8|   0|    8|          0|
    |data_store_V_356_fu_1470                                                                                  |   8|   0|    8|          0|
    |data_store_V_357_fu_1474                                                                                  |   8|   0|    8|          0|
    |data_store_V_358_fu_1478                                                                                  |   8|   0|    8|          0|
    |data_store_V_359_fu_1482                                                                                  |   8|   0|    8|          0|
    |data_store_V_35_fu_186                                                                                    |   8|   0|    8|          0|
    |data_store_V_360_fu_1486                                                                                  |   8|   0|    8|          0|
    |data_store_V_361_fu_1490                                                                                  |   8|   0|    8|          0|
    |data_store_V_362_fu_1494                                                                                  |   8|   0|    8|          0|
    |data_store_V_363_fu_1498                                                                                  |   8|   0|    8|          0|
    |data_store_V_364_fu_1502                                                                                  |   8|   0|    8|          0|
    |data_store_V_365_fu_1506                                                                                  |   8|   0|    8|          0|
    |data_store_V_366_fu_1510                                                                                  |   8|   0|    8|          0|
    |data_store_V_367_fu_1514                                                                                  |   8|   0|    8|          0|
    |data_store_V_368_fu_1518                                                                                  |   8|   0|    8|          0|
    |data_store_V_369_fu_1522                                                                                  |   8|   0|    8|          0|
    |data_store_V_36_fu_190                                                                                    |   8|   0|    8|          0|
    |data_store_V_370_fu_1526                                                                                  |   8|   0|    8|          0|
    |data_store_V_371_fu_1530                                                                                  |   8|   0|    8|          0|
    |data_store_V_372_fu_1534                                                                                  |   8|   0|    8|          0|
    |data_store_V_373_fu_1538                                                                                  |   8|   0|    8|          0|
    |data_store_V_374_fu_1542                                                                                  |   8|   0|    8|          0|
    |data_store_V_375_fu_1546                                                                                  |   8|   0|    8|          0|
    |data_store_V_376_fu_1550                                                                                  |   8|   0|    8|          0|
    |data_store_V_377_fu_1554                                                                                  |   8|   0|    8|          0|
    |data_store_V_378_fu_1558                                                                                  |   8|   0|    8|          0|
    |data_store_V_379_fu_1562                                                                                  |   8|   0|    8|          0|
    |data_store_V_37_fu_194                                                                                    |   8|   0|    8|          0|
    |data_store_V_380_fu_1566                                                                                  |   8|   0|    8|          0|
    |data_store_V_381_fu_1570                                                                                  |   8|   0|    8|          0|
    |data_store_V_382_fu_1574                                                                                  |   8|   0|    8|          0|
    |data_store_V_383_fu_1578                                                                                  |   8|   0|    8|          0|
    |data_store_V_384_fu_1582                                                                                  |   8|   0|    8|          0|
    |data_store_V_385_fu_1586                                                                                  |   8|   0|    8|          0|
    |data_store_V_386_fu_1590                                                                                  |   8|   0|    8|          0|
    |data_store_V_387_fu_1594                                                                                  |   8|   0|    8|          0|
    |data_store_V_388_fu_1598                                                                                  |   8|   0|    8|          0|
    |data_store_V_389_fu_1602                                                                                  |   8|   0|    8|          0|
    |data_store_V_38_fu_198                                                                                    |   8|   0|    8|          0|
    |data_store_V_390_fu_1606                                                                                  |   8|   0|    8|          0|
    |data_store_V_391_fu_1610                                                                                  |   8|   0|    8|          0|
    |data_store_V_392_fu_1614                                                                                  |   8|   0|    8|          0|
    |data_store_V_393_fu_1618                                                                                  |   8|   0|    8|          0|
    |data_store_V_394_fu_1622                                                                                  |   8|   0|    8|          0|
    |data_store_V_395_fu_1626                                                                                  |   8|   0|    8|          0|
    |data_store_V_396_fu_1630                                                                                  |   8|   0|    8|          0|
    |data_store_V_397_fu_1634                                                                                  |   8|   0|    8|          0|
    |data_store_V_398_fu_1638                                                                                  |   8|   0|    8|          0|
    |data_store_V_399_fu_1642                                                                                  |   8|   0|    8|          0|
    |data_store_V_39_fu_202                                                                                    |   8|   0|    8|          0|
    |data_store_V_3_fu_58                                                                                      |   8|   0|    8|          0|
    |data_store_V_400_fu_1646                                                                                  |   8|   0|    8|          0|
    |data_store_V_401_fu_1650                                                                                  |   8|   0|    8|          0|
    |data_store_V_402_fu_1654                                                                                  |   8|   0|    8|          0|
    |data_store_V_403_fu_1658                                                                                  |   8|   0|    8|          0|
    |data_store_V_404_fu_1662                                                                                  |   8|   0|    8|          0|
    |data_store_V_405_fu_1666                                                                                  |   8|   0|    8|          0|
    |data_store_V_406_fu_1670                                                                                  |   8|   0|    8|          0|
    |data_store_V_407_fu_1674                                                                                  |   8|   0|    8|          0|
    |data_store_V_408_fu_1678                                                                                  |   8|   0|    8|          0|
    |data_store_V_409_fu_1682                                                                                  |   8|   0|    8|          0|
    |data_store_V_40_fu_206                                                                                    |   8|   0|    8|          0|
    |data_store_V_410_fu_1686                                                                                  |   8|   0|    8|          0|
    |data_store_V_411_fu_1690                                                                                  |   8|   0|    8|          0|
    |data_store_V_412_fu_1694                                                                                  |   8|   0|    8|          0|
    |data_store_V_413_fu_1698                                                                                  |   8|   0|    8|          0|
    |data_store_V_414_fu_1702                                                                                  |   8|   0|    8|          0|
    |data_store_V_415_fu_1706                                                                                  |   8|   0|    8|          0|
    |data_store_V_416_fu_1710                                                                                  |   8|   0|    8|          0|
    |data_store_V_417_fu_1714                                                                                  |   8|   0|    8|          0|
    |data_store_V_418_fu_1718                                                                                  |   8|   0|    8|          0|
    |data_store_V_419_fu_1722                                                                                  |   8|   0|    8|          0|
    |data_store_V_41_fu_210                                                                                    |   8|   0|    8|          0|
    |data_store_V_420_fu_1726                                                                                  |   8|   0|    8|          0|
    |data_store_V_421_fu_1730                                                                                  |   8|   0|    8|          0|
    |data_store_V_422_fu_1734                                                                                  |   8|   0|    8|          0|
    |data_store_V_423_fu_1738                                                                                  |   8|   0|    8|          0|
    |data_store_V_424_fu_1742                                                                                  |   8|   0|    8|          0|
    |data_store_V_425_fu_1746                                                                                  |   8|   0|    8|          0|
    |data_store_V_426_fu_1750                                                                                  |   8|   0|    8|          0|
    |data_store_V_427_fu_1754                                                                                  |   8|   0|    8|          0|
    |data_store_V_428_fu_1758                                                                                  |   8|   0|    8|          0|
    |data_store_V_429_fu_1762                                                                                  |   8|   0|    8|          0|
    |data_store_V_42_fu_214                                                                                    |   8|   0|    8|          0|
    |data_store_V_430_fu_1766                                                                                  |   8|   0|    8|          0|
    |data_store_V_431_fu_1770                                                                                  |   8|   0|    8|          0|
    |data_store_V_432_fu_1774                                                                                  |   8|   0|    8|          0|
    |data_store_V_433_fu_1778                                                                                  |   8|   0|    8|          0|
    |data_store_V_434_fu_1782                                                                                  |   8|   0|    8|          0|
    |data_store_V_435_fu_1786                                                                                  |   8|   0|    8|          0|
    |data_store_V_436_fu_1790                                                                                  |   8|   0|    8|          0|
    |data_store_V_437_fu_1794                                                                                  |   8|   0|    8|          0|
    |data_store_V_438_fu_1798                                                                                  |   8|   0|    8|          0|
    |data_store_V_439_fu_1802                                                                                  |   8|   0|    8|          0|
    |data_store_V_43_fu_218                                                                                    |   8|   0|    8|          0|
    |data_store_V_440_fu_1806                                                                                  |   8|   0|    8|          0|
    |data_store_V_441_fu_1810                                                                                  |   8|   0|    8|          0|
    |data_store_V_442_fu_1814                                                                                  |   8|   0|    8|          0|
    |data_store_V_443_fu_1818                                                                                  |   8|   0|    8|          0|
    |data_store_V_444_fu_1822                                                                                  |   8|   0|    8|          0|
    |data_store_V_445_fu_1826                                                                                  |   8|   0|    8|          0|
    |data_store_V_446_fu_1830                                                                                  |   8|   0|    8|          0|
    |data_store_V_447_fu_1834                                                                                  |   8|   0|    8|          0|
    |data_store_V_448_fu_1838                                                                                  |   8|   0|    8|          0|
    |data_store_V_449_fu_1842                                                                                  |   8|   0|    8|          0|
    |data_store_V_44_fu_222                                                                                    |   8|   0|    8|          0|
    |data_store_V_450_fu_1846                                                                                  |   8|   0|    8|          0|
    |data_store_V_451_fu_1850                                                                                  |   8|   0|    8|          0|
    |data_store_V_452_fu_1854                                                                                  |   8|   0|    8|          0|
    |data_store_V_453_fu_1858                                                                                  |   8|   0|    8|          0|
    |data_store_V_454_fu_1862                                                                                  |   8|   0|    8|          0|
    |data_store_V_455_fu_1866                                                                                  |   8|   0|    8|          0|
    |data_store_V_456_fu_1870                                                                                  |   8|   0|    8|          0|
    |data_store_V_457_fu_1874                                                                                  |   8|   0|    8|          0|
    |data_store_V_458_fu_1878                                                                                  |   8|   0|    8|          0|
    |data_store_V_459_fu_1882                                                                                  |   8|   0|    8|          0|
    |data_store_V_45_fu_226                                                                                    |   8|   0|    8|          0|
    |data_store_V_460_fu_1886                                                                                  |   8|   0|    8|          0|
    |data_store_V_461_fu_1890                                                                                  |   8|   0|    8|          0|
    |data_store_V_462_fu_1894                                                                                  |   8|   0|    8|          0|
    |data_store_V_463_fu_1898                                                                                  |   8|   0|    8|          0|
    |data_store_V_464_fu_1902                                                                                  |   8|   0|    8|          0|
    |data_store_V_465_fu_1906                                                                                  |   8|   0|    8|          0|
    |data_store_V_466_fu_1910                                                                                  |   8|   0|    8|          0|
    |data_store_V_467_fu_1914                                                                                  |   8|   0|    8|          0|
    |data_store_V_468_fu_1918                                                                                  |   8|   0|    8|          0|
    |data_store_V_469_fu_1922                                                                                  |   8|   0|    8|          0|
    |data_store_V_46_fu_230                                                                                    |   8|   0|    8|          0|
    |data_store_V_470_fu_1926                                                                                  |   8|   0|    8|          0|
    |data_store_V_471_fu_1930                                                                                  |   8|   0|    8|          0|
    |data_store_V_472_fu_1934                                                                                  |   8|   0|    8|          0|
    |data_store_V_473_fu_1938                                                                                  |   8|   0|    8|          0|
    |data_store_V_474_fu_1942                                                                                  |   8|   0|    8|          0|
    |data_store_V_475_fu_1946                                                                                  |   8|   0|    8|          0|
    |data_store_V_476_fu_1950                                                                                  |   8|   0|    8|          0|
    |data_store_V_477_fu_1954                                                                                  |   8|   0|    8|          0|
    |data_store_V_478_fu_1958                                                                                  |   8|   0|    8|          0|
    |data_store_V_479_fu_1962                                                                                  |   8|   0|    8|          0|
    |data_store_V_47_fu_234                                                                                    |   8|   0|    8|          0|
    |data_store_V_480_fu_1966                                                                                  |   8|   0|    8|          0|
    |data_store_V_481_fu_1970                                                                                  |   8|   0|    8|          0|
    |data_store_V_482_fu_1974                                                                                  |   8|   0|    8|          0|
    |data_store_V_483_fu_1978                                                                                  |   8|   0|    8|          0|
    |data_store_V_484_fu_1982                                                                                  |   8|   0|    8|          0|
    |data_store_V_485_fu_1986                                                                                  |   8|   0|    8|          0|
    |data_store_V_486_fu_1990                                                                                  |   8|   0|    8|          0|
    |data_store_V_487_fu_1994                                                                                  |   8|   0|    8|          0|
    |data_store_V_488_fu_1998                                                                                  |   8|   0|    8|          0|
    |data_store_V_489_fu_2002                                                                                  |   8|   0|    8|          0|
    |data_store_V_48_fu_238                                                                                    |   8|   0|    8|          0|
    |data_store_V_490_fu_2006                                                                                  |   8|   0|    8|          0|
    |data_store_V_491_fu_2010                                                                                  |   8|   0|    8|          0|
    |data_store_V_492_fu_2014                                                                                  |   8|   0|    8|          0|
    |data_store_V_493_fu_2018                                                                                  |   8|   0|    8|          0|
    |data_store_V_494_fu_2022                                                                                  |   8|   0|    8|          0|
    |data_store_V_495_fu_2026                                                                                  |   8|   0|    8|          0|
    |data_store_V_496_fu_2030                                                                                  |   8|   0|    8|          0|
    |data_store_V_497_fu_2034                                                                                  |   8|   0|    8|          0|
    |data_store_V_498_fu_2038                                                                                  |   8|   0|    8|          0|
    |data_store_V_499_fu_2042                                                                                  |   8|   0|    8|          0|
    |data_store_V_49_fu_242                                                                                    |   8|   0|    8|          0|
    |data_store_V_4_fu_62                                                                                      |   8|   0|    8|          0|
    |data_store_V_500_fu_2046                                                                                  |   8|   0|    8|          0|
    |data_store_V_501_fu_2050                                                                                  |   8|   0|    8|          0|
    |data_store_V_502_fu_2054                                                                                  |   8|   0|    8|          0|
    |data_store_V_503_fu_2058                                                                                  |   8|   0|    8|          0|
    |data_store_V_504_fu_2062                                                                                  |   8|   0|    8|          0|
    |data_store_V_505_fu_2066                                                                                  |   8|   0|    8|          0|
    |data_store_V_506_fu_2070                                                                                  |   8|   0|    8|          0|
    |data_store_V_507_fu_2074                                                                                  |   8|   0|    8|          0|
    |data_store_V_508_fu_2078                                                                                  |   8|   0|    8|          0|
    |data_store_V_509_fu_2082                                                                                  |   8|   0|    8|          0|
    |data_store_V_50_fu_246                                                                                    |   8|   0|    8|          0|
    |data_store_V_510_fu_2086                                                                                  |   8|   0|    8|          0|
    |data_store_V_511_fu_2090                                                                                  |   8|   0|    8|          0|
    |data_store_V_51_fu_250                                                                                    |   8|   0|    8|          0|
    |data_store_V_52_fu_254                                                                                    |   8|   0|    8|          0|
    |data_store_V_53_fu_258                                                                                    |   8|   0|    8|          0|
    |data_store_V_54_fu_262                                                                                    |   8|   0|    8|          0|
    |data_store_V_55_fu_266                                                                                    |   8|   0|    8|          0|
    |data_store_V_56_fu_270                                                                                    |   8|   0|    8|          0|
    |data_store_V_57_fu_274                                                                                    |   8|   0|    8|          0|
    |data_store_V_58_fu_278                                                                                    |   8|   0|    8|          0|
    |data_store_V_59_fu_282                                                                                    |   8|   0|    8|          0|
    |data_store_V_5_fu_66                                                                                      |   8|   0|    8|          0|
    |data_store_V_60_fu_286                                                                                    |   8|   0|    8|          0|
    |data_store_V_61_fu_290                                                                                    |   8|   0|    8|          0|
    |data_store_V_62_fu_294                                                                                    |   8|   0|    8|          0|
    |data_store_V_63_fu_298                                                                                    |   8|   0|    8|          0|
    |data_store_V_64_fu_302                                                                                    |   8|   0|    8|          0|
    |data_store_V_65_fu_306                                                                                    |   8|   0|    8|          0|
    |data_store_V_66_fu_310                                                                                    |   8|   0|    8|          0|
    |data_store_V_67_fu_314                                                                                    |   8|   0|    8|          0|
    |data_store_V_68_fu_318                                                                                    |   8|   0|    8|          0|
    |data_store_V_69_fu_322                                                                                    |   8|   0|    8|          0|
    |data_store_V_6_fu_70                                                                                      |   8|   0|    8|          0|
    |data_store_V_70_fu_326                                                                                    |   8|   0|    8|          0|
    |data_store_V_71_fu_330                                                                                    |   8|   0|    8|          0|
    |data_store_V_72_fu_334                                                                                    |   8|   0|    8|          0|
    |data_store_V_73_fu_338                                                                                    |   8|   0|    8|          0|
    |data_store_V_74_fu_342                                                                                    |   8|   0|    8|          0|
    |data_store_V_75_fu_346                                                                                    |   8|   0|    8|          0|
    |data_store_V_76_fu_350                                                                                    |   8|   0|    8|          0|
    |data_store_V_77_fu_354                                                                                    |   8|   0|    8|          0|
    |data_store_V_78_fu_358                                                                                    |   8|   0|    8|          0|
    |data_store_V_79_fu_362                                                                                    |   8|   0|    8|          0|
    |data_store_V_7_fu_74                                                                                      |   8|   0|    8|          0|
    |data_store_V_80_fu_366                                                                                    |   8|   0|    8|          0|
    |data_store_V_81_fu_370                                                                                    |   8|   0|    8|          0|
    |data_store_V_82_fu_374                                                                                    |   8|   0|    8|          0|
    |data_store_V_83_fu_378                                                                                    |   8|   0|    8|          0|
    |data_store_V_84_fu_382                                                                                    |   8|   0|    8|          0|
    |data_store_V_85_fu_386                                                                                    |   8|   0|    8|          0|
    |data_store_V_86_fu_390                                                                                    |   8|   0|    8|          0|
    |data_store_V_87_fu_394                                                                                    |   8|   0|    8|          0|
    |data_store_V_88_fu_398                                                                                    |   8|   0|    8|          0|
    |data_store_V_89_fu_402                                                                                    |   8|   0|    8|          0|
    |data_store_V_8_fu_78                                                                                      |   8|   0|    8|          0|
    |data_store_V_90_fu_406                                                                                    |   8|   0|    8|          0|
    |data_store_V_91_fu_410                                                                                    |   8|   0|    8|          0|
    |data_store_V_92_fu_414                                                                                    |   8|   0|    8|          0|
    |data_store_V_93_fu_418                                                                                    |   8|   0|    8|          0|
    |data_store_V_94_fu_422                                                                                    |   8|   0|    8|          0|
    |data_store_V_95_fu_426                                                                                    |   8|   0|    8|          0|
    |data_store_V_96_fu_430                                                                                    |   8|   0|    8|          0|
    |data_store_V_97_fu_434                                                                                    |   8|   0|    8|          0|
    |data_store_V_98_fu_438                                                                                    |   8|   0|    8|          0|
    |data_store_V_99_fu_442                                                                                    |   8|   0|    8|          0|
    |data_store_V_9_fu_82                                                                                      |   8|   0|    8|          0|
    |data_store_V_fu_46                                                                                        |   8|   0|    8|          0|
    |grp_dense_resource_ap_fixed_8_1_4_0_0_ap_fixed_8_1_5_3_0_config17_mult_s_fu_5172_ap_start_reg             |   1|   0|    1|          0|
    |grp_pointwise_conv_1d_cl_single_ap_fixed_ap_fixed_config17_Pipeline_VITIS_LOOP_97_1_fu_4142_ap_start_reg  |   1|   0|    1|          0|
    |grp_pointwise_conv_1d_cl_single_ap_fixed_ap_fixed_config17_Pipeline_Write_fu_5690_ap_start_reg            |   1|   0|    1|          0|
    |i_iw_fu_42                                                                                                |   7|   0|    7|          0|
    |res_V_10_reg_21898                                                                                        |   8|   0|    8|          0|
    |res_V_11_reg_21903                                                                                        |   8|   0|    8|          0|
    |res_V_12_reg_21908                                                                                        |   8|   0|    8|          0|
    |res_V_13_reg_21913                                                                                        |   8|   0|    8|          0|
    |res_V_14_reg_21918                                                                                        |   8|   0|    8|          0|
    |res_V_15_reg_21923                                                                                        |   8|   0|    8|          0|
    |res_V_16_reg_21928                                                                                        |   8|   0|    8|          0|
    |res_V_17_reg_21933                                                                                        |   8|   0|    8|          0|
    |res_V_18_reg_21938                                                                                        |   8|   0|    8|          0|
    |res_V_19_reg_21943                                                                                        |   8|   0|    8|          0|
    |res_V_1_reg_21853                                                                                         |   8|   0|    8|          0|
    |res_V_20_reg_21948                                                                                        |   8|   0|    8|          0|
    |res_V_21_reg_21953                                                                                        |   8|   0|    8|          0|
    |res_V_22_reg_21958                                                                                        |   8|   0|    8|          0|
    |res_V_23_reg_21963                                                                                        |   8|   0|    8|          0|
    |res_V_24_reg_21968                                                                                        |   8|   0|    8|          0|
    |res_V_25_reg_21973                                                                                        |   8|   0|    8|          0|
    |res_V_26_reg_21978                                                                                        |   8|   0|    8|          0|
    |res_V_27_reg_21983                                                                                        |   8|   0|    8|          0|
    |res_V_28_reg_21988                                                                                        |   8|   0|    8|          0|
    |res_V_29_reg_21993                                                                                        |   8|   0|    8|          0|
    |res_V_2_reg_21858                                                                                         |   8|   0|    8|          0|
    |res_V_30_reg_21998                                                                                        |   8|   0|    8|          0|
    |res_V_31_reg_22003                                                                                        |   8|   0|    8|          0|
    |res_V_32_reg_22008                                                                                        |   8|   0|    8|          0|
    |res_V_33_reg_22013                                                                                        |   8|   0|    8|          0|
    |res_V_34_reg_22018                                                                                        |   8|   0|    8|          0|
    |res_V_35_reg_22023                                                                                        |   8|   0|    8|          0|
    |res_V_36_reg_22028                                                                                        |   8|   0|    8|          0|
    |res_V_37_reg_22033                                                                                        |   8|   0|    8|          0|
    |res_V_38_reg_22038                                                                                        |   8|   0|    8|          0|
    |res_V_39_reg_22043                                                                                        |   8|   0|    8|          0|
    |res_V_3_reg_21863                                                                                         |   8|   0|    8|          0|
    |res_V_40_reg_22048                                                                                        |   8|   0|    8|          0|
    |res_V_41_reg_22053                                                                                        |   8|   0|    8|          0|
    |res_V_42_reg_22058                                                                                        |   8|   0|    8|          0|
    |res_V_43_reg_22063                                                                                        |   8|   0|    8|          0|
    |res_V_44_reg_22068                                                                                        |   8|   0|    8|          0|
    |res_V_45_reg_22073                                                                                        |   8|   0|    8|          0|
    |res_V_46_reg_22078                                                                                        |   8|   0|    8|          0|
    |res_V_47_reg_22083                                                                                        |   8|   0|    8|          0|
    |res_V_48_reg_22088                                                                                        |   8|   0|    8|          0|
    |res_V_4_reg_21868                                                                                         |   8|   0|    8|          0|
    |res_V_5_reg_21873                                                                                         |   8|   0|    8|          0|
    |res_V_6_reg_21878                                                                                         |   8|   0|    8|          0|
    |res_V_7_reg_21883                                                                                         |   8|   0|    8|          0|
    |res_V_8_reg_21888                                                                                         |   8|   0|    8|          0|
    |res_V_9_reg_21893                                                                                         |   8|   0|    8|          0|
    |res_V_reg_21848                                                                                           |   8|   0|    8|          0|
    |start_once_reg                                                                                            |   1|   0|    1|          0|
    +----------------------------------------------------------------------------------------------------------+----+----+-----+-----------+
    |Total                                                                                                     |4507|   0| 4507|          0|
    +----------------------------------------------------------------------------------------------------------+----+----+-----+-----------+



================================================================
== Interface
================================================================
* Summary: 
+------------------------------+-----+-----+------------+--------------------------------------------------------------------+--------------+
|           RTL Ports          | Dir | Bits|  Protocol  |                            Source Object                           |    C Type    |
+------------------------------+-----+-----+------------+--------------------------------------------------------------------+--------------+
|ap_clk                        |   in|    1|  ap_ctrl_hs|  pointwise_conv_1d_cl_single<ap_fixed,ap_fixed<8,1,5,3,0>,config17>|  return value|
|ap_rst                        |   in|    1|  ap_ctrl_hs|  pointwise_conv_1d_cl_single<ap_fixed,ap_fixed<8,1,5,3,0>,config17>|  return value|
|ap_start                      |   in|    1|  ap_ctrl_hs|  pointwise_conv_1d_cl_single<ap_fixed,ap_fixed<8,1,5,3,0>,config17>|  return value|
|start_full_n                  |   in|    1|  ap_ctrl_hs|  pointwise_conv_1d_cl_single<ap_fixed,ap_fixed<8,1,5,3,0>,config17>|  return value|
|ap_done                       |  out|    1|  ap_ctrl_hs|  pointwise_conv_1d_cl_single<ap_fixed,ap_fixed<8,1,5,3,0>,config17>|  return value|
|ap_continue                   |   in|    1|  ap_ctrl_hs|  pointwise_conv_1d_cl_single<ap_fixed,ap_fixed<8,1,5,3,0>,config17>|  return value|
|ap_idle                       |  out|    1|  ap_ctrl_hs|  pointwise_conv_1d_cl_single<ap_fixed,ap_fixed<8,1,5,3,0>,config17>|  return value|
|ap_ready                      |  out|    1|  ap_ctrl_hs|  pointwise_conv_1d_cl_single<ap_fixed,ap_fixed<8,1,5,3,0>,config17>|  return value|
|start_out                     |  out|    1|  ap_ctrl_hs|  pointwise_conv_1d_cl_single<ap_fixed,ap_fixed<8,1,5,3,0>,config17>|  return value|
|start_write                   |  out|    1|  ap_ctrl_hs|  pointwise_conv_1d_cl_single<ap_fixed,ap_fixed<8,1,5,3,0>,config17>|  return value|
|layer13_out11_dout            |   in|    8|     ap_fifo|                                                       layer13_out11|       pointer|
|layer13_out11_num_data_valid  |   in|    8|     ap_fifo|                                                       layer13_out11|       pointer|
|layer13_out11_fifo_cap        |   in|    8|     ap_fifo|                                                       layer13_out11|       pointer|
|layer13_out11_empty_n         |   in|    1|     ap_fifo|                                                       layer13_out11|       pointer|
|layer13_out11_read            |  out|    1|     ap_fifo|                                                       layer13_out11|       pointer|
|layer17_out12_din             |  out|    8|     ap_fifo|                                                       layer17_out12|       pointer|
|layer17_out12_num_data_valid  |   in|    8|     ap_fifo|                                                       layer17_out12|       pointer|
|layer17_out12_fifo_cap        |   in|    8|     ap_fifo|                                                       layer17_out12|       pointer|
|layer17_out12_full_n          |   in|    1|     ap_fifo|                                                       layer17_out12|       pointer|
|layer17_out12_write           |  out|    1|     ap_fifo|                                                       layer17_out12|       pointer|
+------------------------------+-----+-----+------------+--------------------------------------------------------------------+--------------+

